[0.516s] Invoking command in '/home/t-lemmel/Aquabot_Tom/build/aquabot_ekf': CMAKE_PREFIX_PATH=${CMAKE_PREFIX_PATH}:/opt/ros/humble PS1_ori=\[\e]0;\u@\h: \w\a\]${debian_chroot:+($debian_chroot)}\[\033[01;32m\]\u@\h\[\033[00m\]:\[\033[01;34m\]\w\[\033[00m\]\$ /usr/bin/cmake /home/t-lemmel/Aquabot_Tom/src/Hippobot_Survivors/aquabot_ekf -DAMENT_CMAKE_SYMLINK_INSTALL=1 -DCMAKE_INSTALL_PREFIX=/home/t-lemmel/Aquabot_Tom/install/aquabot_ekf
[0.610s] -- The C compiler identification is GNU 11.4.0
[0.748s] -- The CXX compiler identification is GNU 11.4.0
[0.777s] -- Detecting C compiler ABI info
[0.919s] -- Detecting C compiler ABI info - done
[0.939s] -- Check for working C compiler: /usr/bin/cc - skipped
[0.939s] -- Detecting C compile features
[0.940s] -- Detecting C compile features - done
[0.946s] -- Detecting CXX compiler ABI info
[1.119s] -- Detecting CXX compiler ABI info - done
[1.140s] -- Check for working CXX compiler: /usr/bin/c++ - skipped
[1.141s] -- Detecting CXX compile features
[1.143s] -- Detecting CXX compile features - done
[1.154s] -- Found ament_cmake_auto: 1.3.6 (/opt/ros/humble/share/ament_cmake_auto/cmake)
[1.597s] -- Found Python3: /usr/bin/python3.10 (found version "3.10.12") found components: Interpreter 
[1.728s] -- Override CMake install command with custom implementation using symlinks instead of copying resources
[1.813s] -- Found rosidl_default_generators: 1.2.0 (/opt/ros/humble/share/rosidl_default_generators/cmake)
[1.819s] -- Using all available rosidl_typesupport_c: rosidl_typesupport_fastrtps_c;rosidl_typesupport_introspection_c
[1.830s] -- Found rosidl_adapter: 3.1.5 (/opt/ros/humble/share/rosidl_adapter/cmake)
[1.901s] -- Using all available rosidl_typesupport_cpp: rosidl_typesupport_fastrtps_cpp;rosidl_typesupport_introspection_cpp
[2.362s] -- Found rmw_implementation_cmake: 6.1.1 (/opt/ros/humble/share/rmw_implementation_cmake/cmake)
[2.379s] -- Found rmw_fastrtps_cpp: 6.2.5 (/opt/ros/humble/share/rmw_fastrtps_cpp/cmake)
[3.005s] -- Found OpenSSL: /usr/lib/x86_64-linux-gnu/libcrypto.so (found version "3.0.2")  
[3.096s] -- Found FastRTPS: /opt/ros/humble/include  
[3.219s] -- Using RMW implementation 'rmw_fastrtps_cpp' as default
[3.321s] -- Looking for pthread.h
[3.527s] -- Looking for pthread.h - found
[3.527s] -- Performing Test CMAKE_HAVE_LIBC_PTHREAD
[3.739s] -- Performing Test CMAKE_HAVE_LIBC_PTHREAD - Success
[3.741s] -- Found Threads: TRUE  
[8.656s] -- Found GeographicLib: /usr/lib/x86_64-linux-gnu  
[8.676s] -- Configuring done
[8.708s] -- Generating done
[8.709s] -- Build files have been written to: /home/t-lemmel/Aquabot_Tom/build/aquabot_ekf
[8.731s] Invoked command in '/home/t-lemmel/Aquabot_Tom/build/aquabot_ekf' returned '0': CMAKE_PREFIX_PATH=${CMAKE_PREFIX_PATH}:/opt/ros/humble PS1_ori=\[\e]0;\u@\h: \w\a\]${debian_chroot:+($debian_chroot)}\[\033[01;32m\]\u@\h\[\033[00m\]:\[\033[01;34m\]\w\[\033[00m\]\$ /usr/bin/cmake /home/t-lemmel/Aquabot_Tom/src/Hippobot_Survivors/aquabot_ekf -DAMENT_CMAKE_SYMLINK_INSTALL=1 -DCMAKE_INSTALL_PREFIX=/home/t-lemmel/Aquabot_Tom/install/aquabot_ekf
[8.736s] Invoking command in '/home/t-lemmel/Aquabot_Tom/build/aquabot_ekf': CMAKE_PREFIX_PATH=${CMAKE_PREFIX_PATH}:/opt/ros/humble PS1_ori=\[\e]0;\u@\h: \w\a\]${debian_chroot:+($debian_chroot)}\[\033[01;32m\]\u@\h\[\033[00m\]:\[\033[01;34m\]\w\[\033[00m\]\$ /usr/bin/cmake --build /home/t-lemmel/Aquabot_Tom/build/aquabot_ekf -- -j8 -l8
[8.817s] [ 50%] [32mBuilding CXX object CMakeFiles/gps2pose.dir/src/gps2pose.cpp.o[0m
[55.543s] [100%] [32m[1mLinking CXX executable gps2pose[0m
[58.568s] [100%] Built target gps2pose
[58.655s] Invoked command in '/home/t-lemmel/Aquabot_Tom/build/aquabot_ekf' returned '0': CMAKE_PREFIX_PATH=${CMAKE_PREFIX_PATH}:/opt/ros/humble PS1_ori=\[\e]0;\u@\h: \w\a\]${debian_chroot:+($debian_chroot)}\[\033[01;32m\]\u@\h\[\033[00m\]:\[\033[01;34m\]\w\[\033[00m\]\$ /usr/bin/cmake --build /home/t-lemmel/Aquabot_Tom/build/aquabot_ekf -- -j8 -l8
[58.718s] Invoking command in '/home/t-lemmel/Aquabot_Tom/build/aquabot_ekf': CMAKE_PREFIX_PATH=${CMAKE_PREFIX_PATH}:/opt/ros/humble PS1_ori=\[\e]0;\u@\h: \w\a\]${debian_chroot:+($debian_chroot)}\[\033[01;32m\]\u@\h\[\033[00m\]:\[\033[01;34m\]\w\[\033[00m\]\$ /usr/bin/cmake --install /home/t-lemmel/Aquabot_Tom/build/aquabot_ekf
[58.731s] -- Install configuration: ""
[58.732s] -- Execute custom install script
[58.733s] -- Symlinking: /home/t-lemmel/Aquabot_Tom/install/aquabot_ekf/share/aquabot_ekf/launch/ekf.rviz
[58.756s] -- Symlinking: /home/t-lemmel/Aquabot_Tom/install/aquabot_ekf/share/aquabot_ekf/launch/ekf_launch.py
[58.772s] -- Symlinking: /home/t-lemmel/Aquabot_Tom/install/aquabot_ekf/share/aquabot_ekf/launch/topics_launch.py
[58.787s] -- Symlinking: /home/t-lemmel/Aquabot_Tom/install/aquabot_ekf/share/aquabot_ekf/params/ekf.yaml
[58.803s] -- Symlinking: /home/t-lemmel/Aquabot_Tom/install/aquabot_ekf/share/aquabot_ekf/params/ekf_friend.yaml
[58.821s] -- Symlinking: /home/t-lemmel/Aquabot_Tom/install/aquabot_ekf/include/aquabot_ekf/ally.h
[58.844s] -- Symlinking: /home/t-lemmel/Aquabot_Tom/install/aquabot_ekf/include/aquabot_ekf/boat.h
[58.862s] -- Symlinking: /home/t-lemmel/Aquabot_Tom/install/aquabot_ekf/include/aquabot_ekf/covariances.h
[58.880s] -- Symlinking: /home/t-lemmel/Aquabot_Tom/install/aquabot_ekf/include/aquabot_ekf/gps2enu.h
[58.896s] -- Symlinking: /home/t-lemmel/Aquabot_Tom/install/aquabot_ekf/include/aquabot_ekf/tf_listener.h
[58.915s] -- Symlinking: /home/t-lemmel/Aquabot_Tom/install/aquabot_ekf/lib/aquabot_ekf/gps2pose
[58.931s] -- Symlinking: /home/t-lemmel/Aquabot_Tom/install/aquabot_ekf/share/ament_index/resource_index/package_run_dependencies/aquabot_ekf
[58.950s] -- Symlinking: /home/t-lemmel/Aquabot_Tom/install/aquabot_ekf/share/ament_index/resource_index/parent_prefix_path/aquabot_ekf
[58.970s] -- Symlinking: /home/t-lemmel/Aquabot_Tom/install/aquabot_ekf/share/aquabot_ekf/environment/ament_prefix_path.sh
[58.989s] -- Symlinking: /home/t-lemmel/Aquabot_Tom/install/aquabot_ekf/share/aquabot_ekf/environment/ament_prefix_path.dsv
[59.009s] -- Symlinking: /home/t-lemmel/Aquabot_Tom/install/aquabot_ekf/share/aquabot_ekf/environment/path.sh
[59.032s] -- Symlinking: /home/t-lemmel/Aquabot_Tom/install/aquabot_ekf/share/aquabot_ekf/environment/path.dsv
[59.050s] -- Symlinking: /home/t-lemmel/Aquabot_Tom/install/aquabot_ekf/share/aquabot_ekf/local_setup.bash
[59.076s] -- Symlinking: /home/t-lemmel/Aquabot_Tom/install/aquabot_ekf/share/aquabot_ekf/local_setup.sh
[59.095s] -- Symlinking: /home/t-lemmel/Aquabot_Tom/install/aquabot_ekf/share/aquabot_ekf/local_setup.zsh
[59.115s] -- Symlinking: /home/t-lemmel/Aquabot_Tom/install/aquabot_ekf/share/aquabot_ekf/local_setup.dsv
[59.140s] -- Symlinking: /home/t-lemmel/Aquabot_Tom/install/aquabot_ekf/share/aquabot_ekf/package.dsv
[59.153s] -- Symlinking: /home/t-lemmel/Aquabot_Tom/install/aquabot_ekf/share/ament_index/resource_index/packages/aquabot_ekf
[59.170s] -- Symlinking: /home/t-lemmel/Aquabot_Tom/install/aquabot_ekf/share/aquabot_ekf/cmake/ament_cmake_export_dependencies-extras.cmake
[59.188s] -- Symlinking: /home/t-lemmel/Aquabot_Tom/install/aquabot_ekf/share/aquabot_ekf/cmake/ament_cmake_export_include_directories-extras.cmake
[59.207s] -- Symlinking: /home/t-lemmel/Aquabot_Tom/install/aquabot_ekf/share/aquabot_ekf/cmake/aquabot_ekfConfig.cmake
[59.224s] -- Symlinking: /home/t-lemmel/Aquabot_Tom/install/aquabot_ekf/share/aquabot_ekf/cmake/aquabot_ekfConfig-version.cmake
[59.246s] -- Symlinking: /home/t-lemmel/Aquabot_Tom/install/aquabot_ekf/share/aquabot_ekf/package.xml
[59.273s] Invoked command in '/home/t-lemmel/Aquabot_Tom/build/aquabot_ekf' returned '0': CMAKE_PREFIX_PATH=${CMAKE_PREFIX_PATH}:/opt/ros/humble PS1_ori=\[\e]0;\u@\h: \w\a\]${debian_chroot:+($debian_chroot)}\[\033[01;32m\]\u@\h\[\033[00m\]:\[\033[01;34m\]\w\[\033[00m\]\$ /usr/bin/cmake --install /home/t-lemmel/Aquabot_Tom/build/aquabot_ekf
