[0.419s] Invoking command in '/home/t-lemmel/Aquabot_Tom/build/astar_path_planner': CMAKE_PREFIX_PATH=${CMAKE_PREFIX_PATH}:/opt/ros/humble PS1_ori=\[\e]0;\u@\h: \w\a\]${debian_chroot:+($debian_chroot)}\[\033[01;32m\]\u@\h\[\033[00m\]:\[\033[01;34m\]\w\[\033[00m\]\$ /usr/bin/cmake --build /home/t-lemmel/Aquabot_Tom/build/astar_path_planner -- -j8 -l8
[0.565s] [100%] Built target path_planner_cell_node
[0.617s] Invoked command in '/home/t-lemmel/Aquabot_Tom/build/astar_path_planner' returned '0': CMAKE_PREFIX_PATH=${CMAKE_PREFIX_PATH}:/opt/ros/humble PS1_ori=\[\e]0;\u@\h: \w\a\]${debian_chroot:+($debian_chroot)}\[\033[01;32m\]\u@\h\[\033[00m\]:\[\033[01;34m\]\w\[\033[00m\]\$ /usr/bin/cmake --build /home/t-lemmel/Aquabot_Tom/build/astar_path_planner -- -j8 -l8
[0.714s] Invoking command in '/home/t-lemmel/Aquabot_Tom/build/astar_path_planner': CMAKE_PREFIX_PATH=${CMAKE_PREFIX_PATH}:/opt/ros/humble PS1_ori=\[\e]0;\u@\h: \w\a\]${debian_chroot:+($debian_chroot)}\[\033[01;32m\]\u@\h\[\033[00m\]:\[\033[01;34m\]\w\[\033[00m\]\$ /usr/bin/cmake --install /home/t-lemmel/Aquabot_Tom/build/astar_path_planner
[0.753s] -- Install configuration: ""
[0.754s] -- Execute custom install script
[0.754s] -- Up-to-date symlink: /home/t-lemmel/Aquabot_Tom/install/astar_path_planner/lib/astar_path_planner/path_planner_cell_node
[0.754s] -- Up-to-date symlink: /home/t-lemmel/Aquabot_Tom/install/astar_path_planner/share/ament_index/resource_index/package_run_dependencies/astar_path_planner
[0.754s] -- Up-to-date symlink: /home/t-lemmel/Aquabot_Tom/install/astar_path_planner/share/ament_index/resource_index/parent_prefix_path/astar_path_planner
[0.755s] -- Up-to-date symlink: /home/t-lemmel/Aquabot_Tom/install/astar_path_planner/share/astar_path_planner/environment/ament_prefix_path.sh
[0.755s] -- Up-to-date symlink: /home/t-lemmel/Aquabot_Tom/install/astar_path_planner/share/astar_path_planner/environment/ament_prefix_path.dsv
[0.755s] -- Up-to-date symlink: /home/t-lemmel/Aquabot_Tom/install/astar_path_planner/share/astar_path_planner/environment/path.sh
[0.755s] -- Up-to-date symlink: /home/t-lemmel/Aquabot_Tom/install/astar_path_planner/share/astar_path_planner/environment/path.dsv
[0.755s] -- Up-to-date symlink: /home/t-lemmel/Aquabot_Tom/install/astar_path_planner/share/astar_path_planner/local_setup.bash
[0.755s] -- Up-to-date symlink: /home/t-lemmel/Aquabot_Tom/install/astar_path_planner/share/astar_path_planner/local_setup.sh
[0.755s] -- Up-to-date symlink: /home/t-lemmel/Aquabot_Tom/install/astar_path_planner/share/astar_path_planner/local_setup.zsh
[0.755s] -- Up-to-date symlink: /home/t-lemmel/Aquabot_Tom/install/astar_path_planner/share/astar_path_planner/local_setup.dsv
[0.755s] -- Symlinking: /home/t-lemmel/Aquabot_Tom/install/astar_path_planner/share/astar_path_planner/package.dsv
[0.781s] -- Up-to-date symlink: /home/t-lemmel/Aquabot_Tom/install/astar_path_planner/share/ament_index/resource_index/packages/astar_path_planner
[0.781s] -- Up-to-date symlink: /home/t-lemmel/Aquabot_Tom/install/astar_path_planner/share/astar_path_planner/cmake/astar_path_plannerConfig.cmake
[0.782s] -- Up-to-date symlink: /home/t-lemmel/Aquabot_Tom/install/astar_path_planner/share/astar_path_planner/cmake/astar_path_plannerConfig-version.cmake
[0.782s] -- Up-to-date symlink: /home/t-lemmel/Aquabot_Tom/install/astar_path_planner/share/astar_path_planner/package.xml
[0.884s] Invoked command in '/home/t-lemmel/Aquabot_Tom/build/astar_path_planner' returned '0': CMAKE_PREFIX_PATH=${CMAKE_PREFIX_PATH}:/opt/ros/humble PS1_ori=\[\e]0;\u@\h: \w\a\]${debian_chroot:+($debian_chroot)}\[\033[01;32m\]\u@\h\[\033[00m\]:\[\033[01;34m\]\w\[\033[00m\]\$ /usr/bin/cmake --install /home/t-lemmel/Aquabot_Tom/build/astar_path_planner
