[0.847s] Invoking command in '/home/t-lemmel/Aquabot_Tom/build/example_system': CMAKE_PREFIX_PATH=${CMAKE_PREFIX_PATH}:/opt/ros/humble PS1_ori=\[\e]0;\u@\h: \w\a\]${debian_chroot:+($debian_chroot)}\[\033[01;32m\]\u@\h\[\033[00m\]:\[\033[01;34m\]\w\[\033[00m\]\$ /usr/bin/cmake --build /home/t-lemmel/Aquabot_Tom/build/example_system -- -j8 -l8
[6.998s] [100%] Built target example_system
[7.016s] Invoked command in '/home/t-lemmel/Aquabot_Tom/build/example_system' returned '0': CMAKE_PREFIX_PATH=${CMAKE_PREFIX_PATH}:/opt/ros/humble PS1_ori=\[\e]0;\u@\h: \w\a\]${debian_chroot:+($debian_chroot)}\[\033[01;32m\]\u@\h\[\033[00m\]:\[\033[01;34m\]\w\[\033[00m\]\$ /usr/bin/cmake --build /home/t-lemmel/Aquabot_Tom/build/example_system -- -j8 -l8
[7.067s] Invoking command in '/home/t-lemmel/Aquabot_Tom/build/example_system': CMAKE_PREFIX_PATH=${CMAKE_PREFIX_PATH}:/opt/ros/humble PS1_ori=\[\e]0;\u@\h: \w\a\]${debian_chroot:+($debian_chroot)}\[\033[01;32m\]\u@\h\[\033[00m\]:\[\033[01;34m\]\w\[\033[00m\]\$ /usr/bin/cmake --install /home/t-lemmel/Aquabot_Tom/build/example_system
[7.129s] -- Install configuration: ""
[7.244s] -- Execute custom install script
[7.291s] -- Up-to-date symlink: /home/t-lemmel/Aquabot_Tom/install/example_system/lib/example_system/example_system
[7.324s] -- Up-to-date symlink: /home/t-lemmel/Aquabot_Tom/install/example_system/share/example_system//launch/example_sys_launch.py
[7.326s] -- Up-to-date symlink: /home/t-lemmel/Aquabot_Tom/install/example_system/share/ament_index/resource_index/package_run_dependencies/example_system
[7.328s] -- Up-to-date symlink: /home/t-lemmel/Aquabot_Tom/install/example_system/share/ament_index/resource_index/parent_prefix_path/example_system
[7.329s] -- Up-to-date symlink: /home/t-lemmel/Aquabot_Tom/install/example_system/share/example_system/environment/ament_prefix_path.sh
[7.330s] -- Up-to-date symlink: /home/t-lemmel/Aquabot_Tom/install/example_system/share/example_system/environment/ament_prefix_path.dsv
[7.331s] -- Up-to-date symlink: /home/t-lemmel/Aquabot_Tom/install/example_system/share/example_system/environment/path.sh
[7.332s] -- Up-to-date symlink: /home/t-lemmel/Aquabot_Tom/install/example_system/share/example_system/environment/path.dsv
[7.334s] -- Up-to-date symlink: /home/t-lemmel/Aquabot_Tom/install/example_system/share/example_system/local_setup.bash
[7.335s] -- Up-to-date symlink: /home/t-lemmel/Aquabot_Tom/install/example_system/share/example_system/local_setup.sh
[7.337s] -- Up-to-date symlink: /home/t-lemmel/Aquabot_Tom/install/example_system/share/example_system/local_setup.zsh
[7.337s] -- Up-to-date symlink: /home/t-lemmel/Aquabot_Tom/install/example_system/share/example_system/local_setup.dsv
[7.339s] -- Symlinking: /home/t-lemmel/Aquabot_Tom/install/example_system/share/example_system/package.dsv
[7.479s] -- Up-to-date symlink: /home/t-lemmel/Aquabot_Tom/install/example_system/share/ament_index/resource_index/packages/example_system
[7.494s] -- Up-to-date symlink: /home/t-lemmel/Aquabot_Tom/install/example_system/share/example_system/cmake/example_systemConfig.cmake
[7.496s] -- Up-to-date symlink: /home/t-lemmel/Aquabot_Tom/install/example_system/share/example_system/cmake/example_systemConfig-version.cmake
[7.497s] -- Up-to-date symlink: /home/t-lemmel/Aquabot_Tom/install/example_system/share/example_system/package.xml
[7.504s] Invoked command in '/home/t-lemmel/Aquabot_Tom/build/example_system' returned '0': CMAKE_PREFIX_PATH=${CMAKE_PREFIX_PATH}:/opt/ros/humble PS1_ori=\[\e]0;\u@\h: \w\a\]${debian_chroot:+($debian_chroot)}\[\033[01;32m\]\u@\h\[\033[00m\]:\[\033[01;34m\]\w\[\033[00m\]\$ /usr/bin/cmake --install /home/t-lemmel/Aquabot_Tom/build/example_system
