[0.340s] Invoking command in '/home/t-lemmel/Aquabot_Tom/build/move': CMAKE_PREFIX_PATH=${CMAKE_PREFIX_PATH}:/opt/ros/humble PS1_ori=\[\e]0;\u@\h: \w\a\]${debian_chroot:+($debian_chroot)}\[\033[01;32m\]\u@\h\[\033[00m\]:\[\033[01;34m\]\w\[\033[00m\]\$ /usr/bin/cmake /home/t-lemmel/Aquabot_Tom/src/move -DAMENT_CMAKE_SYMLINK_INSTALL=1 -DCMAKE_INSTALL_PREFIX=/home/t-lemmel/Aquabot_Tom/install/move
[0.378s] -- Found ament_cmake: 1.3.5 (/opt/ros/humble/share/ament_cmake/cmake)
[0.634s] -- Override CMake install command with custom implementation using symlinks instead of copying resources
[0.656s] -- Eigen found (include: /usr/include/eigen3, version: 3.4.0)
[0.711s] -- FLANN found (include: /usr/include, lib: /usr/lib/x86_64-linux-gnu/libflann_cpp.so)
[1.097s] -- OpenNI found (version: 1.5.4.0, include: /usr/include/ni, lib: /usr/lib/libOpenNI.so;libusb::libusb)
[1.106s] -- OpenNI2 found (version: 2.2.0.33, include: /usr/include/openni2, lib: /usr/lib/x86_64-linux-gnu/libOpenNI2.so;libusb::libusb)
[1.106s] [0m** WARNING ** io features related to pcap will be disabled[0m
[1.297s] -- Eigen found (include: /usr/include/eigen3, version: 3.4.0)
[1.306s] -- OpenNI found (version: 1.5.4.0, include: /usr/include/ni, lib: /usr/lib/libOpenNI.so;libusb::libusb)
[1.314s] -- OpenNI2 found (version: 2.2.0.33, include: /usr/include/openni2, lib: /usr/lib/x86_64-linux-gnu/libOpenNI2.so;libusb::libusb)
[1.494s] -- Found Qhull version 8.0.2
[1.685s] -- OpenNI found (version: 1.5.4.0, include: /usr/include/ni, lib: /usr/lib/libOpenNI.so;libusb::libusb)
[1.861s] -- looking for PCL_COMMON
[1.862s] -- looking for PCL_KDTREE
[1.862s] -- looking for PCL_OCTREE
[1.863s] -- looking for PCL_SEARCH
[1.863s] -- looking for PCL_SAMPLE_CONSENSUS
[1.864s] -- looking for PCL_FILTERS
[1.864s] -- looking for PCL_2D
[1.865s] -- looking for PCL_GEOMETRY
[1.865s] -- looking for PCL_IO
[1.866s] -- looking for PCL_FEATURES
[1.866s] -- looking for PCL_ML
[1.867s] -- looking for PCL_SEGMENTATION
[1.867s] -- looking for PCL_VISUALIZATION
[1.868s] -- looking for PCL_SURFACE
[1.868s] -- looking for PCL_REGISTRATION
[1.869s] -- looking for PCL_KEYPOINTS
[1.869s] -- looking for PCL_TRACKING
[1.870s] -- looking for PCL_RECOGNITION
[1.871s] -- looking for PCL_STEREO
[1.871s] -- looking for PCL_APPS
[1.872s] -- looking for PCL_IN_HAND_SCANNER
[1.873s] -- looking for PCL_MODELER
[1.873s] -- looking for PCL_POINT_CLOUD_EDITOR
[1.873s] -- looking for PCL_OUTOFCORE
[1.874s] -- looking for PCL_PEOPLE
[1.876s] [31mCMake Error at /opt/ros/humble/share/ament_cmake_core/cmake/symlink_install/ament_cmake_symlink_install_targets.cmake:67 (message):
[1.876s]   ament_cmake_symlink_install_targets() 'waypoint_tracker' is not a target
[1.876s] Call Stack (most recent call first):
[1.876s]   /opt/ros/humble/share/ament_cmake_core/cmake/symlink_install/install.cmake:37 (ament_cmake_symlink_install_targets)
[1.876s]   CMakeLists.txt:17 (install)
[1.877s] 
[1.877s] [0m
[1.877s] -- Configuring incomplete, errors occurred!
[1.877s] See also "/home/t-lemmel/Aquabot_Tom/build/move/CMakeFiles/CMakeOutput.log".
[1.889s] Invoked command in '/home/t-lemmel/Aquabot_Tom/build/move' returned '1': CMAKE_PREFIX_PATH=${CMAKE_PREFIX_PATH}:/opt/ros/humble PS1_ori=\[\e]0;\u@\h: \w\a\]${debian_chroot:+($debian_chroot)}\[\033[01;32m\]\u@\h\[\033[00m\]:\[\033[01;34m\]\w\[\033[00m\]\$ /usr/bin/cmake /home/t-lemmel/Aquabot_Tom/src/move -DAMENT_CMAKE_SYMLINK_INSTALL=1 -DCMAKE_INSTALL_PREFIX=/home/t-lemmel/Aquabot_Tom/install/move
