[0.863s] Invoking command in '/home/t-lemmel/Aquabot_Tom/build/example_system': CMAKE_PREFIX_PATH=${CMAKE_PREFIX_PATH}:/opt/ros/humble PS1_ori=\[\e]0;\u@\h: \w\a\]${debian_chroot:+($debian_chroot)}\[\033[01;32m\]\u@\h\[\033[00m\]:\[\033[01;34m\]\w\[\033[00m\]\$ /usr/bin/cmake --build /home/t-lemmel/Aquabot_Tom/build/example_system -- -j8 -l8
[1.077s] [100%] Built target example_system
[1.133s] Invoked command in '/home/t-lemmel/Aquabot_Tom/build/example_system' returned '0': CMAKE_PREFIX_PATH=${CMAKE_PREFIX_PATH}:/opt/ros/humble PS1_ori=\[\e]0;\u@\h: \w\a\]${debian_chroot:+($debian_chroot)}\[\033[01;32m\]\u@\h\[\033[00m\]:\[\033[01;34m\]\w\[\033[00m\]\$ /usr/bin/cmake --build /home/t-lemmel/Aquabot_Tom/build/example_system -- -j8 -l8
[1.235s] Invoking command in '/home/t-lemmel/Aquabot_Tom/build/example_system': CMAKE_PREFIX_PATH=${CMAKE_PREFIX_PATH}:/opt/ros/humble PS1_ori=\[\e]0;\u@\h: \w\a\]${debian_chroot:+($debian_chroot)}\[\033[01;32m\]\u@\h\[\033[00m\]:\[\033[01;34m\]\w\[\033[00m\]\$ /usr/bin/cmake --install /home/t-lemmel/Aquabot_Tom/build/example_system
[1.262s] -- Install configuration: ""
[1.266s] -- Execute custom install script
[1.266s] -- Up-to-date symlink: /home/t-lemmel/Aquabot_Tom/install/example_system/lib/example_system/example_system
[1.268s] -- Up-to-date symlink: /home/t-lemmel/Aquabot_Tom/install/example_system/share/example_system//launch/example_sys_launch.py
[1.269s] -- Up-to-date symlink: /home/t-lemmel/Aquabot_Tom/install/example_system/share/ament_index/resource_index/package_run_dependencies/example_system
[1.269s] -- Up-to-date symlink: /home/t-lemmel/Aquabot_Tom/install/example_system/share/ament_index/resource_index/parent_prefix_path/example_system
[1.269s] -- Up-to-date symlink: /home/t-lemmel/Aquabot_Tom/install/example_system/share/example_system/environment/ament_prefix_path.sh
[1.270s] -- Up-to-date symlink: /home/t-lemmel/Aquabot_Tom/install/example_system/share/example_system/environment/ament_prefix_path.dsv
[1.270s] -- Up-to-date symlink: /home/t-lemmel/Aquabot_Tom/install/example_system/share/example_system/environment/path.sh
[1.270s] -- Up-to-date symlink: /home/t-lemmel/Aquabot_Tom/install/example_system/share/example_system/environment/path.dsv
[1.272s] -- Up-to-date symlink: /home/t-lemmel/Aquabot_Tom/install/example_system/share/example_system/local_setup.bash
[1.272s] -- Up-to-date symlink: /home/t-lemmel/Aquabot_Tom/install/example_system/share/example_system/local_setup.sh
[1.273s] -- Up-to-date symlink: /home/t-lemmel/Aquabot_Tom/install/example_system/share/example_system/local_setup.zsh
[1.274s] -- Up-to-date symlink: /home/t-lemmel/Aquabot_Tom/install/example_system/share/example_system/local_setup.dsv
[1.275s] -- Symlinking: /home/t-lemmel/Aquabot_Tom/install/example_system/share/example_system/package.dsv
[1.352s] -- Up-to-date symlink: /home/t-lemmel/Aquabot_Tom/install/example_system/share/ament_index/resource_index/packages/example_system
[1.352s] -- Up-to-date symlink: /home/t-lemmel/Aquabot_Tom/install/example_system/share/example_system/cmake/example_systemConfig.cmake
[1.352s] -- Up-to-date symlink: /home/t-lemmel/Aquabot_Tom/install/example_system/share/example_system/cmake/example_systemConfig-version.cmake
[1.352s] -- Up-to-date symlink: /home/t-lemmel/Aquabot_Tom/install/example_system/share/example_system/package.xml
[1.964s] Invoked command in '/home/t-lemmel/Aquabot_Tom/build/example_system' returned '0': CMAKE_PREFIX_PATH=${CMAKE_PREFIX_PATH}:/opt/ros/humble PS1_ori=\[\e]0;\u@\h: \w\a\]${debian_chroot:+($debian_chroot)}\[\033[01;32m\]\u@\h\[\033[00m\]:\[\033[01;34m\]\w\[\033[00m\]\$ /usr/bin/cmake --install /home/t-lemmel/Aquabot_Tom/build/example_system
