[0.214s] Invoking command in '/home/t-lemmel/Aquabot_Tom/build/example_system': CMAKE_PREFIX_PATH=${CMAKE_PREFIX_PATH}:/opt/ros/humble PS1_ori=\[\e]0;\u@\h: \w\a\]${debian_chroot:+($debian_chroot)}\[\033[01;32m\]\u@\h\[\033[00m\]:\[\033[01;34m\]\w\[\033[00m\]\$ /usr/bin/cmake --build /home/t-lemmel/Aquabot_Tom/build/example_system -- -j8 -l8
[0.281s] [100%] Built target example_system
[0.300s] Invoked command in '/home/t-lemmel/Aquabot_Tom/build/example_system' returned '0': CMAKE_PREFIX_PATH=${CMAKE_PREFIX_PATH}:/opt/ros/humble PS1_ori=\[\e]0;\u@\h: \w\a\]${debian_chroot:+($debian_chroot)}\[\033[01;32m\]\u@\h\[\033[00m\]:\[\033[01;34m\]\w\[\033[00m\]\$ /usr/bin/cmake --build /home/t-lemmel/Aquabot_Tom/build/example_system -- -j8 -l8
[0.353s] Invoking command in '/home/t-lemmel/Aquabot_Tom/build/example_system': CMAKE_PREFIX_PATH=${CMAKE_PREFIX_PATH}:/opt/ros/humble PS1_ori=\[\e]0;\u@\h: \w\a\]${debian_chroot:+($debian_chroot)}\[\033[01;32m\]\u@\h\[\033[00m\]:\[\033[01;34m\]\w\[\033[00m\]\$ /usr/bin/cmake --install /home/t-lemmel/Aquabot_Tom/build/example_system
[0.365s] -- Install configuration: ""
[0.365s] -- Execute custom install script
[0.366s] -- Up-to-date symlink: /home/t-lemmel/Aquabot_Tom/install/example_system/lib/example_system/example_system
[0.366s] -- Up-to-date symlink: /home/t-lemmel/Aquabot_Tom/install/example_system/share/example_system//launch/example_sys_launch.py
[0.367s] -- Up-to-date symlink: /home/t-lemmel/Aquabot_Tom/install/example_system/share/ament_index/resource_index/package_run_dependencies/example_system
[0.367s] -- Up-to-date symlink: /home/t-lemmel/Aquabot_Tom/install/example_system/share/ament_index/resource_index/parent_prefix_path/example_system
[0.368s] -- Up-to-date symlink: /home/t-lemmel/Aquabot_Tom/install/example_system/share/example_system/environment/ament_prefix_path.sh
[0.368s] -- Up-to-date symlink: /home/t-lemmel/Aquabot_Tom/install/example_system/share/example_system/environment/ament_prefix_path.dsv
[0.368s] -- Up-to-date symlink: /home/t-lemmel/Aquabot_Tom/install/example_system/share/example_system/environment/path.sh
[0.369s] -- Up-to-date symlink: /home/t-lemmel/Aquabot_Tom/install/example_system/share/example_system/environment/path.dsv
[0.369s] -- Up-to-date symlink: /home/t-lemmel/Aquabot_Tom/install/example_system/share/example_system/local_setup.bash
[0.369s] -- Up-to-date symlink: /home/t-lemmel/Aquabot_Tom/install/example_system/share/example_system/local_setup.sh
[0.370s] -- Up-to-date symlink: /home/t-lemmel/Aquabot_Tom/install/example_system/share/example_system/local_setup.zsh
[0.370s] -- Up-to-date symlink: /home/t-lemmel/Aquabot_Tom/install/example_system/share/example_system/local_setup.dsv
[0.370s] -- Symlinking: /home/t-lemmel/Aquabot_Tom/install/example_system/share/example_system/package.dsv
[0.380s] -- Up-to-date symlink: /home/t-lemmel/Aquabot_Tom/install/example_system/share/ament_index/resource_index/packages/example_system
[0.384s] -- Up-to-date symlink: /home/t-lemmel/Aquabot_Tom/install/example_system/share/example_system/cmake/example_systemConfig.cmake
[0.384s] -- Up-to-date symlink: /home/t-lemmel/Aquabot_Tom/install/example_system/share/example_system/cmake/example_systemConfig-version.cmake
[0.385s] -- Up-to-date symlink: /home/t-lemmel/Aquabot_Tom/install/example_system/share/example_system/package.xml
[0.391s] Invoked command in '/home/t-lemmel/Aquabot_Tom/build/example_system' returned '0': CMAKE_PREFIX_PATH=${CMAKE_PREFIX_PATH}:/opt/ros/humble PS1_ori=\[\e]0;\u@\h: \w\a\]${debian_chroot:+($debian_chroot)}\[\033[01;32m\]\u@\h\[\033[00m\]:\[\033[01;34m\]\w\[\033[00m\]\$ /usr/bin/cmake --install /home/t-lemmel/Aquabot_Tom/build/example_system
