[0.818s] Invoking command in '/home/t-lemmel/Aquabot_Tom/build/use_library': AMENT_PREFIX_PATH=/home/t-lemmel/Aquabot_Tom/install/pid_library:${AMENT_PREFIX_PATH} CMAKE_PREFIX_PATH=/home/t-lemmel/Aquabot_Tom/install/pid_library:/home/t-lemmel/Aquabot_Tom/install/use_library:/home/t-lemmel/Aquabot_Tom/install/test_float:/home/t-lemmel/Aquabot_Tom/install/package_thruster_activation:/home/t-lemmel/Aquabot_Tom/install/example_system:/home/t-lemmel/Aquabot_Tom/install/aquabot_common:/home/t-lemmel/vrx_ws/install:/opt/ros/humble PS1_ori=\[\e]0;\u@\h: \w\a\]${debian_chroot:+($debian_chroot)}\[\033[01;32m\]\u@\h\[\033[00m\]:\[\033[01;34m\]\w\[\033[00m\]\$ /usr/bin/cmake --build /home/t-lemmel/Aquabot_Tom/build/use_library -- -j8 -l8
[0.985s] [100%] Built target use_library
[1.026s] Invoked command in '/home/t-lemmel/Aquabot_Tom/build/use_library' returned '0': AMENT_PREFIX_PATH=/home/t-lemmel/Aquabot_Tom/install/pid_library:${AMENT_PREFIX_PATH} CMAKE_PREFIX_PATH=/home/t-lemmel/Aquabot_Tom/install/pid_library:/home/t-lemmel/Aquabot_Tom/install/use_library:/home/t-lemmel/Aquabot_Tom/install/test_float:/home/t-lemmel/Aquabot_Tom/install/package_thruster_activation:/home/t-lemmel/Aquabot_Tom/install/example_system:/home/t-lemmel/Aquabot_Tom/install/aquabot_common:/home/t-lemmel/vrx_ws/install:/opt/ros/humble PS1_ori=\[\e]0;\u@\h: \w\a\]${debian_chroot:+($debian_chroot)}\[\033[01;32m\]\u@\h\[\033[00m\]:\[\033[01;34m\]\w\[\033[00m\]\$ /usr/bin/cmake --build /home/t-lemmel/Aquabot_Tom/build/use_library -- -j8 -l8
[1.120s] Invoking command in '/home/t-lemmel/Aquabot_Tom/build/use_library': AMENT_PREFIX_PATH=/home/t-lemmel/Aquabot_Tom/install/pid_library:${AMENT_PREFIX_PATH} CMAKE_PREFIX_PATH=/home/t-lemmel/Aquabot_Tom/install/pid_library:/home/t-lemmel/Aquabot_Tom/install/use_library:/home/t-lemmel/Aquabot_Tom/install/test_float:/home/t-lemmel/Aquabot_Tom/install/package_thruster_activation:/home/t-lemmel/Aquabot_Tom/install/example_system:/home/t-lemmel/Aquabot_Tom/install/aquabot_common:/home/t-lemmel/vrx_ws/install:/opt/ros/humble PS1_ori=\[\e]0;\u@\h: \w\a\]${debian_chroot:+($debian_chroot)}\[\033[01;32m\]\u@\h\[\033[00m\]:\[\033[01;34m\]\w\[\033[00m\]\$ /usr/bin/cmake --install /home/t-lemmel/Aquabot_Tom/build/use_library
[1.145s] -- Install configuration: ""
[1.147s] -- Execute custom install script
[1.148s] -- Up-to-date symlink: /home/t-lemmel/Aquabot_Tom/install/use_library/lib/use_library/use_library
[1.150s] -- Up-to-date symlink: /home/t-lemmel/Aquabot_Tom/install/use_library/share/ament_index/resource_index/package_run_dependencies/use_library
[1.152s] -- Up-to-date symlink: /home/t-lemmel/Aquabot_Tom/install/use_library/share/ament_index/resource_index/parent_prefix_path/use_library
[1.154s] -- Up-to-date symlink: /home/t-lemmel/Aquabot_Tom/install/use_library/share/use_library/environment/ament_prefix_path.sh
[1.155s] -- Up-to-date symlink: /home/t-lemmel/Aquabot_Tom/install/use_library/share/use_library/environment/ament_prefix_path.dsv
[1.155s] -- Up-to-date symlink: /home/t-lemmel/Aquabot_Tom/install/use_library/share/use_library/environment/path.sh
[1.156s] -- Up-to-date symlink: /home/t-lemmel/Aquabot_Tom/install/use_library/share/use_library/environment/path.dsv
[1.156s] -- Up-to-date symlink: /home/t-lemmel/Aquabot_Tom/install/use_library/share/use_library/local_setup.bash
[1.157s] -- Up-to-date symlink: /home/t-lemmel/Aquabot_Tom/install/use_library/share/use_library/local_setup.sh
[1.157s] -- Up-to-date symlink: /home/t-lemmel/Aquabot_Tom/install/use_library/share/use_library/local_setup.zsh
[1.158s] -- Up-to-date symlink: /home/t-lemmel/Aquabot_Tom/install/use_library/share/use_library/local_setup.dsv
[1.158s] -- Symlinking: /home/t-lemmel/Aquabot_Tom/install/use_library/share/use_library/package.dsv
[1.190s] -- Up-to-date symlink: /home/t-lemmel/Aquabot_Tom/install/use_library/share/ament_index/resource_index/packages/use_library
[1.191s] -- Up-to-date symlink: /home/t-lemmel/Aquabot_Tom/install/use_library/share/use_library/cmake/use_libraryConfig.cmake
[1.192s] -- Up-to-date symlink: /home/t-lemmel/Aquabot_Tom/install/use_library/share/use_library/cmake/use_libraryConfig-version.cmake
[1.193s] -- Up-to-date symlink: /home/t-lemmel/Aquabot_Tom/install/use_library/share/use_library/package.xml
[1.200s] Invoked command in '/home/t-lemmel/Aquabot_Tom/build/use_library' returned '0': AMENT_PREFIX_PATH=/home/t-lemmel/Aquabot_Tom/install/pid_library:${AMENT_PREFIX_PATH} CMAKE_PREFIX_PATH=/home/t-lemmel/Aquabot_Tom/install/pid_library:/home/t-lemmel/Aquabot_Tom/install/use_library:/home/t-lemmel/Aquabot_Tom/install/test_float:/home/t-lemmel/Aquabot_Tom/install/package_thruster_activation:/home/t-lemmel/Aquabot_Tom/install/example_system:/home/t-lemmel/Aquabot_Tom/install/aquabot_common:/home/t-lemmel/vrx_ws/install:/opt/ros/humble PS1_ori=\[\e]0;\u@\h: \w\a\]${debian_chroot:+($debian_chroot)}\[\033[01;32m\]\u@\h\[\033[00m\]:\[\033[01;34m\]\w\[\033[00m\]\$ /usr/bin/cmake --install /home/t-lemmel/Aquabot_Tom/build/use_library
