[1.582s] Invoking command in '/home/t-lemmel/Aquabot_Tom/build/package_thruster_activation': CMAKE_PREFIX_PATH=${CMAKE_PREFIX_PATH}:/opt/ros/humble PS1_ori=\[\e]0;\u@\h: \w\a\]${debian_chroot:+($debian_chroot)}\[\033[01;32m\]\u@\h\[\033[00m\]:\[\033[01;34m\]\w\[\033[00m\]\$ /usr/bin/cmake --build /home/t-lemmel/Aquabot_Tom/build/package_thruster_activation -- -j8 -l8
[1.643s] [100%] Built target thruster_activation
[1.727s] Invoked command in '/home/t-lemmel/Aquabot_Tom/build/package_thruster_activation' returned '0': CMAKE_PREFIX_PATH=${CMAKE_PREFIX_PATH}:/opt/ros/humble PS1_ori=\[\e]0;\u@\h: \w\a\]${debian_chroot:+($debian_chroot)}\[\033[01;32m\]\u@\h\[\033[00m\]:\[\033[01;34m\]\w\[\033[00m\]\$ /usr/bin/cmake --build /home/t-lemmel/Aquabot_Tom/build/package_thruster_activation -- -j8 -l8
[1.789s] Invoking command in '/home/t-lemmel/Aquabot_Tom/build/package_thruster_activation': CMAKE_PREFIX_PATH=${CMAKE_PREFIX_PATH}:/opt/ros/humble PS1_ori=\[\e]0;\u@\h: \w\a\]${debian_chroot:+($debian_chroot)}\[\033[01;32m\]\u@\h\[\033[00m\]:\[\033[01;34m\]\w\[\033[00m\]\$ /usr/bin/cmake --install /home/t-lemmel/Aquabot_Tom/build/package_thruster_activation
[1.803s] -- Install configuration: ""
[1.804s] -- Execute custom install script
[1.806s] -- Up-to-date symlink: /home/t-lemmel/Aquabot_Tom/install/package_thruster_activation/lib/package_thruster_activation/thruster_activation
[1.806s] -- Up-to-date symlink: /home/t-lemmel/Aquabot_Tom/install/package_thruster_activation/share/ament_index/resource_index/package_run_dependencies/package_thruster_activation
[1.806s] -- Up-to-date symlink: /home/t-lemmel/Aquabot_Tom/install/package_thruster_activation/share/ament_index/resource_index/parent_prefix_path/package_thruster_activation
[1.806s] -- Up-to-date symlink: /home/t-lemmel/Aquabot_Tom/install/package_thruster_activation/share/package_thruster_activation/environment/ament_prefix_path.sh
[1.806s] -- Up-to-date symlink: /home/t-lemmel/Aquabot_Tom/install/package_thruster_activation/share/package_thruster_activation/environment/ament_prefix_path.dsv
[1.807s] -- Up-to-date symlink: /home/t-lemmel/Aquabot_Tom/install/package_thruster_activation/share/package_thruster_activation/environment/path.sh
[1.807s] -- Up-to-date symlink: /home/t-lemmel/Aquabot_Tom/install/package_thruster_activation/share/package_thruster_activation/environment/path.dsv
[1.808s] -- Up-to-date symlink: /home/t-lemmel/Aquabot_Tom/install/package_thruster_activation/share/package_thruster_activation/local_setup.bash
[1.809s] -- Up-to-date symlink: /home/t-lemmel/Aquabot_Tom/install/package_thruster_activation/share/package_thruster_activation/local_setup.sh
[1.809s] -- Up-to-date symlink: /home/t-lemmel/Aquabot_Tom/install/package_thruster_activation/share/package_thruster_activation/local_setup.zsh
[1.809s] -- Up-to-date symlink: /home/t-lemmel/Aquabot_Tom/install/package_thruster_activation/share/package_thruster_activation/local_setup.dsv
[1.809s] -- Symlinking: /home/t-lemmel/Aquabot_Tom/install/package_thruster_activation/share/package_thruster_activation/package.dsv
[1.823s] -- Up-to-date symlink: /home/t-lemmel/Aquabot_Tom/install/package_thruster_activation/share/ament_index/resource_index/packages/package_thruster_activation
[1.824s] -- Up-to-date symlink: /home/t-lemmel/Aquabot_Tom/install/package_thruster_activation/share/package_thruster_activation/cmake/package_thruster_activationConfig.cmake
[1.826s] -- Up-to-date symlink: /home/t-lemmel/Aquabot_Tom/install/package_thruster_activation/share/package_thruster_activation/cmake/package_thruster_activationConfig-version.cmake
[1.829s] -- Up-to-date symlink: /home/t-lemmel/Aquabot_Tom/install/package_thruster_activation/share/package_thruster_activation/package.xml
[1.831s] Invoked command in '/home/t-lemmel/Aquabot_Tom/build/package_thruster_activation' returned '0': CMAKE_PREFIX_PATH=${CMAKE_PREFIX_PATH}:/opt/ros/humble PS1_ori=\[\e]0;\u@\h: \w\a\]${debian_chroot:+($debian_chroot)}\[\033[01;32m\]\u@\h\[\033[00m\]:\[\033[01;34m\]\w\[\033[00m\]\$ /usr/bin/cmake --install /home/t-lemmel/Aquabot_Tom/build/package_thruster_activation
