[0.801s] Invoking command in '/home/t-lemmel/Aquabot_Tom/build/use_library': AMENT_PREFIX_PATH=/home/t-lemmel/Aquabot_Tom/install/pid_library:${AMENT_PREFIX_PATH} CMAKE_PREFIX_PATH=/home/t-lemmel/Aquabot_Tom/install/pid_library:/home/t-lemmel/Aquabot_Tom/install/use_library:/home/t-lemmel/Aquabot_Tom/install/test_float:/home/t-lemmel/Aquabot_Tom/install/package_thruster_activation:/home/t-lemmel/Aquabot_Tom/install/example_system:/home/t-lemmel/Aquabot_Tom/install/aquabot_common:/home/t-lemmel/vrx_ws/install:/opt/ros/humble PS1_ori=\[\e]0;\u@\h: \w\a\]${debian_chroot:+($debian_chroot)}\[\033[01;32m\]\u@\h\[\033[00m\]:\[\033[01;34m\]\w\[\033[00m\]\$ /usr/bin/cmake --build /home/t-lemmel/Aquabot_Tom/build/use_library -- -j8 -l8
[1.042s] [100%] Built target use_library
[1.105s] Invoked command in '/home/t-lemmel/Aquabot_Tom/build/use_library' returned '0': AMENT_PREFIX_PATH=/home/t-lemmel/Aquabot_Tom/install/pid_library:${AMENT_PREFIX_PATH} CMAKE_PREFIX_PATH=/home/t-lemmel/Aquabot_Tom/install/pid_library:/home/t-lemmel/Aquabot_Tom/install/use_library:/home/t-lemmel/Aquabot_Tom/install/test_float:/home/t-lemmel/Aquabot_Tom/install/package_thruster_activation:/home/t-lemmel/Aquabot_Tom/install/example_system:/home/t-lemmel/Aquabot_Tom/install/aquabot_common:/home/t-lemmel/vrx_ws/install:/opt/ros/humble PS1_ori=\[\e]0;\u@\h: \w\a\]${debian_chroot:+($debian_chroot)}\[\033[01;32m\]\u@\h\[\033[00m\]:\[\033[01;34m\]\w\[\033[00m\]\$ /usr/bin/cmake --build /home/t-lemmel/Aquabot_Tom/build/use_library -- -j8 -l8
[1.202s] Invoking command in '/home/t-lemmel/Aquabot_Tom/build/use_library': AMENT_PREFIX_PATH=/home/t-lemmel/Aquabot_Tom/install/pid_library:${AMENT_PREFIX_PATH} CMAKE_PREFIX_PATH=/home/t-lemmel/Aquabot_Tom/install/pid_library:/home/t-lemmel/Aquabot_Tom/install/use_library:/home/t-lemmel/Aquabot_Tom/install/test_float:/home/t-lemmel/Aquabot_Tom/install/package_thruster_activation:/home/t-lemmel/Aquabot_Tom/install/example_system:/home/t-lemmel/Aquabot_Tom/install/aquabot_common:/home/t-lemmel/vrx_ws/install:/opt/ros/humble PS1_ori=\[\e]0;\u@\h: \w\a\]${debian_chroot:+($debian_chroot)}\[\033[01;32m\]\u@\h\[\033[00m\]:\[\033[01;34m\]\w\[\033[00m\]\$ /usr/bin/cmake --install /home/t-lemmel/Aquabot_Tom/build/use_library
[1.228s] -- Install configuration: ""
[1.230s] -- Execute custom install script
[1.231s] -- Up-to-date symlink: /home/t-lemmel/Aquabot_Tom/install/use_library/lib/use_library/use_library
[1.233s] -- Up-to-date symlink: /home/t-lemmel/Aquabot_Tom/install/use_library/share/ament_index/resource_index/package_run_dependencies/use_library
[1.236s] -- Up-to-date symlink: /home/t-lemmel/Aquabot_Tom/install/use_library/share/ament_index/resource_index/parent_prefix_path/use_library
[1.239s] -- Up-to-date symlink: /home/t-lemmel/Aquabot_Tom/install/use_library/share/use_library/environment/ament_prefix_path.sh
[1.240s] -- Up-to-date symlink: /home/t-lemmel/Aquabot_Tom/install/use_library/share/use_library/environment/ament_prefix_path.dsv
[1.241s] -- Up-to-date symlink: /home/t-lemmel/Aquabot_Tom/install/use_library/share/use_library/environment/path.sh
[1.243s] -- Up-to-date symlink: /home/t-lemmel/Aquabot_Tom/install/use_library/share/use_library/environment/path.dsv
[1.245s] -- Up-to-date symlink: /home/t-lemmel/Aquabot_Tom/install/use_library/share/use_library/local_setup.bash
[1.246s] -- Up-to-date symlink: /home/t-lemmel/Aquabot_Tom/install/use_library/share/use_library/local_setup.sh
[1.247s] -- Up-to-date symlink: /home/t-lemmel/Aquabot_Tom/install/use_library/share/use_library/local_setup.zsh
[1.248s] -- Up-to-date symlink: /home/t-lemmel/Aquabot_Tom/install/use_library/share/use_library/local_setup.dsv
[1.250s] -- Symlinking: /home/t-lemmel/Aquabot_Tom/install/use_library/share/use_library/package.dsv
[1.288s] -- Up-to-date symlink: /home/t-lemmel/Aquabot_Tom/install/use_library/share/ament_index/resource_index/packages/use_library
[1.288s] -- Up-to-date symlink: /home/t-lemmel/Aquabot_Tom/install/use_library/share/use_library/cmake/use_libraryConfig.cmake
[1.290s] -- Up-to-date symlink: /home/t-lemmel/Aquabot_Tom/install/use_library/share/use_library/cmake/use_libraryConfig-version.cmake
[1.291s] -- Up-to-date symlink: /home/t-lemmel/Aquabot_Tom/install/use_library/share/use_library/package.xml
[1.644s] Invoked command in '/home/t-lemmel/Aquabot_Tom/build/use_library' returned '0': AMENT_PREFIX_PATH=/home/t-lemmel/Aquabot_Tom/install/pid_library:${AMENT_PREFIX_PATH} CMAKE_PREFIX_PATH=/home/t-lemmel/Aquabot_Tom/install/pid_library:/home/t-lemmel/Aquabot_Tom/install/use_library:/home/t-lemmel/Aquabot_Tom/install/test_float:/home/t-lemmel/Aquabot_Tom/install/package_thruster_activation:/home/t-lemmel/Aquabot_Tom/install/example_system:/home/t-lemmel/Aquabot_Tom/install/aquabot_common:/home/t-lemmel/vrx_ws/install:/opt/ros/humble PS1_ori=\[\e]0;\u@\h: \w\a\]${debian_chroot:+($debian_chroot)}\[\033[01;32m\]\u@\h\[\033[00m\]:\[\033[01;34m\]\w\[\033[00m\]\$ /usr/bin/cmake --install /home/t-lemmel/Aquabot_Tom/build/use_library
