[0.850s] Invoking command in '/home/t-lemmel/Aquabot_Tom/build/Pid': PS1_ori=\[\e]0;\u@\h: \w\a\]${debian_chroot:+($debian_chroot)}\[\033[01;32m\]\u@\h\[\033[00m\]:\[\033[01;34m\]\w\[\033[00m\]\$ /usr/bin/cmake /home/t-lemmel/Aquabot_Tom/src/Pid performance test -DCMAKE_INSTALL_PREFIX=/home/t-lemmel/Aquabot_Tom/install/Pid
[0.892s] -- Configuring incomplete, errors occurred!
[0.892s] See also "/home/t-lemmel/Aquabot_Tom/build/Pid/CMakeFiles/CMakeOutput.log".
[0.893s] [0mCMake Error: Could not find cmake module file: CMakeDetermineperformanceCompiler.cmake[0m
[0.893s] [0mCMake Error: Error required internal CMake variable not set, cmake may not be built correctly.
[0.893s] Missing variable is:
[0.893s] CMAKE_performance_COMPILER_ENV_VAR[0m
[0.894s] [0mCMake Error: Error required internal CMake variable not set, cmake may not be built correctly.
[0.894s] Missing variable is:
[0.894s] CMAKE_performance_COMPILER[0m
[0.894s] [0mCMake Error: Could not find cmake module file: /home/t-lemmel/Aquabot_Tom/build/Pid/CMakeFiles/3.22.1/CMakeperformanceCompiler.cmake[0m
[0.894s] [0mCMake Error: Could not find cmake module file: CMakeDeterminetestCompiler.cmake[0m
[0.894s] [0mCMake Error: Error required internal CMake variable not set, cmake may not be built correctly.
[0.896s] Missing variable is:
[0.896s] CMAKE_test_COMPILER_ENV_VAR[0m
[0.896s] [0mCMake Error: Error required internal CMake variable not set, cmake may not be built correctly.
[0.896s] Missing variable is:
[0.897s] CMAKE_test_COMPILER[0m
[0.898s] [0mCMake Error: Could not find cmake module file: /home/t-lemmel/Aquabot_Tom/build/Pid/CMakeFiles/3.22.1/CMaketestCompiler.cmake[0m
[0.899s] [31mCMake Error at CMakeLists.txt:2 (project):
[0.901s]   No CMAKE_performance_COMPILER could be found.
[0.901s] 
[0.902s]   Tell CMake where to find the compiler by setting the CMake cache entry
[0.903s]   CMAKE_performance_COMPILER to the full path to the compiler, or to the
[0.904s]   compiler name if it is in the PATH.
[0.904s] 
[0.904s] [0m
[0.905s] [0mCMake Error: Could not find cmake module file: CMakeperformanceInformation.cmake[0m
[0.905s] [31mCMake Error at CMakeLists.txt:2 (project):
[0.906s]   No CMAKE_test_COMPILER could be found.
[0.907s] 
[0.910s]   Tell CMake where to find the compiler by setting the CMake cache entry
[0.910s]   CMAKE_test_COMPILER to the full path to the compiler, or to the compiler
[0.910s]   name if it is in the PATH.
[0.910s] 
[0.910s] [0m
[0.911s] [0mCMake Error: Could not find cmake module file: CMaketestInformation.cmake[0m
[0.911s] [0mCMake Error: CMAKE_performance_COMPILER not set, after EnableLanguage[0m
[0.911s] [0mCMake Error: CMAKE_test_COMPILER not set, after EnableLanguage[0m
[0.931s] Invoked command in '/home/t-lemmel/Aquabot_Tom/build/Pid' returned '1': PS1_ori=\[\e]0;\u@\h: \w\a\]${debian_chroot:+($debian_chroot)}\[\033[01;32m\]\u@\h\[\033[00m\]:\[\033[01;34m\]\w\[\033[00m\]\$ /usr/bin/cmake /home/t-lemmel/Aquabot_Tom/src/Pid performance test -DCMAKE_INSTALL_PREFIX=/home/t-lemmel/Aquabot_Tom/install/Pid
