[0.682s] Invoking command in '/home/t-lemmel/Aquabot_Tom/build/aquabot_common': CMAKE_PREFIX_PATH=${CMAKE_PREFIX_PATH}:/opt/ros/humble PS1_ori=\[\e]0;\u@\h: \w\a\]${debian_chroot:+($debian_chroot)}\[\033[01;32m\]\u@\h\[\033[00m\]:\[\033[01;34m\]\w\[\033[00m\]\$ /usr/bin/cmake --build /home/t-lemmel/Aquabot_Tom/build/aquabot_common -- -j8 -l8
[0.898s] [100%] Built target cloud_reader
[0.939s] Invoked command in '/home/t-lemmel/Aquabot_Tom/build/aquabot_common' returned '0': CMAKE_PREFIX_PATH=${CMAKE_PREFIX_PATH}:/opt/ros/humble PS1_ori=\[\e]0;\u@\h: \w\a\]${debian_chroot:+($debian_chroot)}\[\033[01;32m\]\u@\h\[\033[00m\]:\[\033[01;34m\]\w\[\033[00m\]\$ /usr/bin/cmake --build /home/t-lemmel/Aquabot_Tom/build/aquabot_common -- -j8 -l8
[1.025s] Invoking command in '/home/t-lemmel/Aquabot_Tom/build/aquabot_common': CMAKE_PREFIX_PATH=${CMAKE_PREFIX_PATH}:/opt/ros/humble PS1_ori=\[\e]0;\u@\h: \w\a\]${debian_chroot:+($debian_chroot)}\[\033[01;32m\]\u@\h\[\033[00m\]:\[\033[01;34m\]\w\[\033[00m\]\$ /usr/bin/cmake --install /home/t-lemmel/Aquabot_Tom/build/aquabot_common
[1.049s] -- Install configuration: ""
[1.051s] -- Execute custom install script
[1.056s] -- Up-to-date symlink: /home/t-lemmel/Aquabot_Tom/install/aquabot_common/lib/aquabot_common/gps2pose.py
[1.056s] -- Up-to-date symlink: /home/t-lemmel/Aquabot_Tom/install/aquabot_common/lib/aquabot_common/waypoint_tracker.py
[1.056s] -- Up-to-date symlink: /home/t-lemmel/Aquabot_Tom/install/aquabot_common/lib/aquabot_common/utm/CHANGELOG.rst
[1.056s] -- Up-to-date symlink: /home/t-lemmel/Aquabot_Tom/install/aquabot_common/lib/aquabot_common/utm/LICENSE
[1.056s] -- Up-to-date symlink: /home/t-lemmel/Aquabot_Tom/install/aquabot_common/lib/aquabot_common/utm/MANIFEST.in
[1.061s] -- Up-to-date symlink: /home/t-lemmel/Aquabot_Tom/install/aquabot_common/lib/aquabot_common/utm/__init__.py
[1.062s] -- Up-to-date symlink: /home/t-lemmel/Aquabot_Tom/install/aquabot_common/lib/aquabot_common/utm/__pycache__/__init__.cpython-310.pyc
[1.062s] -- Up-to-date symlink: /home/t-lemmel/Aquabot_Tom/install/aquabot_common/lib/aquabot_common/utm/__pycache__/_version.cpython-310.pyc
[1.063s] -- Up-to-date symlink: /home/t-lemmel/Aquabot_Tom/install/aquabot_common/lib/aquabot_common/utm/__pycache__/conversion.cpython-310.pyc
[1.063s] -- Up-to-date symlink: /home/t-lemmel/Aquabot_Tom/install/aquabot_common/lib/aquabot_common/utm/__pycache__/error.cpython-310.pyc
[1.063s] -- Up-to-date symlink: /home/t-lemmel/Aquabot_Tom/install/aquabot_common/lib/aquabot_common/utm/_version.py
[1.064s] -- Up-to-date symlink: /home/t-lemmel/Aquabot_Tom/install/aquabot_common/lib/aquabot_common/utm/conversion.py
[1.064s] -- Up-to-date symlink: /home/t-lemmel/Aquabot_Tom/install/aquabot_common/lib/aquabot_common/utm/error.py
[1.065s] -- Up-to-date symlink: /home/t-lemmel/Aquabot_Tom/install/aquabot_common/share/aquabot_common/launch/Cmd.yaml
[1.067s] -- Up-to-date symlink: /home/t-lemmel/Aquabot_Tom/install/aquabot_common/share/aquabot_common/launch/cloud.rviz
[1.068s] -- Up-to-date symlink: /home/t-lemmel/Aquabot_Tom/install/aquabot_common/share/aquabot_common/launch/cloud_launch.py
[1.069s] -- Up-to-date symlink: /home/t-lemmel/Aquabot_Tom/install/aquabot_common/share/aquabot_common/launch/cmd_launch.py
[1.069s] -- Up-to-date symlink: /home/t-lemmel/Aquabot_Tom/install/aquabot_common/share/aquabot_common/launch/config.rviz
[1.070s] -- Up-to-date symlink: /home/t-lemmel/Aquabot_Tom/install/aquabot_common/lib/aquabot_common/cloud_reader
[1.071s] -- Up-to-date symlink: /home/t-lemmel/Aquabot_Tom/install/aquabot_common/share/ament_index/resource_index/package_run_dependencies/aquabot_common
[1.073s] -- Up-to-date symlink: /home/t-lemmel/Aquabot_Tom/install/aquabot_common/share/ament_index/resource_index/parent_prefix_path/aquabot_common
[1.076s] -- Up-to-date symlink: /home/t-lemmel/Aquabot_Tom/install/aquabot_common/share/aquabot_common/environment/ament_prefix_path.sh
[1.077s] -- Up-to-date symlink: /home/t-lemmel/Aquabot_Tom/install/aquabot_common/share/aquabot_common/environment/ament_prefix_path.dsv
[1.081s] -- Up-to-date symlink: /home/t-lemmel/Aquabot_Tom/install/aquabot_common/share/aquabot_common/environment/path.sh
[1.082s] -- Up-to-date symlink: /home/t-lemmel/Aquabot_Tom/install/aquabot_common/share/aquabot_common/environment/path.dsv
[1.082s] -- Up-to-date symlink: /home/t-lemmel/Aquabot_Tom/install/aquabot_common/share/aquabot_common/local_setup.bash
[1.086s] -- Up-to-date symlink: /home/t-lemmel/Aquabot_Tom/install/aquabot_common/share/aquabot_common/local_setup.sh
[1.090s] -- Up-to-date symlink: /home/t-lemmel/Aquabot_Tom/install/aquabot_common/share/aquabot_common/local_setup.zsh
[1.093s] -- Up-to-date symlink: /home/t-lemmel/Aquabot_Tom/install/aquabot_common/share/aquabot_common/local_setup.dsv
[1.093s] -- Symlinking: /home/t-lemmel/Aquabot_Tom/install/aquabot_common/share/aquabot_common/package.dsv
[1.096s] -- Up-to-date symlink: /home/t-lemmel/Aquabot_Tom/install/aquabot_common/share/ament_index/resource_index/packages/aquabot_common
[1.096s] -- Up-to-date symlink: /home/t-lemmel/Aquabot_Tom/install/aquabot_common/share/aquabot_common/cmake/ament_cmake_export_dependencies-extras.cmake
[1.096s] -- Up-to-date symlink: /home/t-lemmel/Aquabot_Tom/install/aquabot_common/share/aquabot_common/cmake/aquabot_commonConfig.cmake
[1.098s] -- Up-to-date symlink: /home/t-lemmel/Aquabot_Tom/install/aquabot_common/share/aquabot_common/cmake/aquabot_commonConfig-version.cmake
[1.098s] -- Up-to-date symlink: /home/t-lemmel/Aquabot_Tom/install/aquabot_common/share/aquabot_common/package.xml
[1.375s] Invoked command in '/home/t-lemmel/Aquabot_Tom/build/aquabot_common' returned '0': CMAKE_PREFIX_PATH=${CMAKE_PREFIX_PATH}:/opt/ros/humble PS1_ori=\[\e]0;\u@\h: \w\a\]${debian_chroot:+($debian_chroot)}\[\033[01;32m\]\u@\h\[\033[00m\]:\[\033[01;34m\]\w\[\033[00m\]\$ /usr/bin/cmake --install /home/t-lemmel/Aquabot_Tom/build/aquabot_common
