[0.321s] Invoking command in '/home/t-lemmel/Aquabot_Tom/build/package_thruster_activation': CMAKE_PREFIX_PATH=${CMAKE_PREFIX_PATH}:/opt/ros/humble PS1_ori=\[\e]0;\u@\h: \w\a\]${debian_chroot:+($debian_chroot)}\[\033[01;32m\]\u@\h\[\033[00m\]:\[\033[01;34m\]\w\[\033[00m\]\$ /usr/bin/cmake --build /home/t-lemmel/Aquabot_Tom/build/package_thruster_activation -- -j8 -l8
[0.480s] [100%] Built target thruster_activation
[0.516s] Invoked command in '/home/t-lemmel/Aquabot_Tom/build/package_thruster_activation' returned '0': CMAKE_PREFIX_PATH=${CMAKE_PREFIX_PATH}:/opt/ros/humble PS1_ori=\[\e]0;\u@\h: \w\a\]${debian_chroot:+($debian_chroot)}\[\033[01;32m\]\u@\h\[\033[00m\]:\[\033[01;34m\]\w\[\033[00m\]\$ /usr/bin/cmake --build /home/t-lemmel/Aquabot_Tom/build/package_thruster_activation -- -j8 -l8
[0.594s] Invoking command in '/home/t-lemmel/Aquabot_Tom/build/package_thruster_activation': CMAKE_PREFIX_PATH=${CMAKE_PREFIX_PATH}:/opt/ros/humble PS1_ori=\[\e]0;\u@\h: \w\a\]${debian_chroot:+($debian_chroot)}\[\033[01;32m\]\u@\h\[\033[00m\]:\[\033[01;34m\]\w\[\033[00m\]\$ /usr/bin/cmake --install /home/t-lemmel/Aquabot_Tom/build/package_thruster_activation
[0.618s] -- Install configuration: ""
[0.619s] -- Execute custom install script
[0.620s] -- Up-to-date symlink: /home/t-lemmel/Aquabot_Tom/install/package_thruster_activation/lib/package_thruster_activation/thruster_activation
[0.622s] -- Up-to-date symlink: /home/t-lemmel/Aquabot_Tom/install/package_thruster_activation/share/ament_index/resource_index/package_run_dependencies/package_thruster_activation
[0.627s] -- Up-to-date symlink: /home/t-lemmel/Aquabot_Tom/install/package_thruster_activation/share/ament_index/resource_index/parent_prefix_path/package_thruster_activation
[0.628s] -- Up-to-date symlink: /home/t-lemmel/Aquabot_Tom/install/package_thruster_activation/share/package_thruster_activation/environment/ament_prefix_path.sh
[0.631s] -- Up-to-date symlink: /home/t-lemmel/Aquabot_Tom/install/package_thruster_activation/share/package_thruster_activation/environment/ament_prefix_path.dsv
[0.631s] -- Up-to-date symlink: /home/t-lemmel/Aquabot_Tom/install/package_thruster_activation/share/package_thruster_activation/environment/path.sh
[0.631s] -- Up-to-date symlink: /home/t-lemmel/Aquabot_Tom/install/package_thruster_activation/share/package_thruster_activation/environment/path.dsv
[0.631s] -- Up-to-date symlink: /home/t-lemmel/Aquabot_Tom/install/package_thruster_activation/share/package_thruster_activation/local_setup.bash
[0.631s] -- Up-to-date symlink: /home/t-lemmel/Aquabot_Tom/install/package_thruster_activation/share/package_thruster_activation/local_setup.sh
[0.631s] -- Up-to-date symlink: /home/t-lemmel/Aquabot_Tom/install/package_thruster_activation/share/package_thruster_activation/local_setup.zsh
[0.632s] -- Up-to-date symlink: /home/t-lemmel/Aquabot_Tom/install/package_thruster_activation/share/package_thruster_activation/local_setup.dsv
[0.633s] -- Symlinking: /home/t-lemmel/Aquabot_Tom/install/package_thruster_activation/share/package_thruster_activation/package.dsv
[0.653s] -- Up-to-date symlink: /home/t-lemmel/Aquabot_Tom/install/package_thruster_activation/share/ament_index/resource_index/packages/package_thruster_activation
[0.653s] -- Up-to-date symlink: /home/t-lemmel/Aquabot_Tom/install/package_thruster_activation/share/package_thruster_activation/cmake/package_thruster_activationConfig.cmake
[0.653s] -- Up-to-date symlink: /home/t-lemmel/Aquabot_Tom/install/package_thruster_activation/share/package_thruster_activation/cmake/package_thruster_activationConfig-version.cmake
[0.655s] -- Up-to-date symlink: /home/t-lemmel/Aquabot_Tom/install/package_thruster_activation/share/package_thruster_activation/package.xml
[0.794s] Invoked command in '/home/t-lemmel/Aquabot_Tom/build/package_thruster_activation' returned '0': CMAKE_PREFIX_PATH=${CMAKE_PREFIX_PATH}:/opt/ros/humble PS1_ori=\[\e]0;\u@\h: \w\a\]${debian_chroot:+($debian_chroot)}\[\033[01;32m\]\u@\h\[\033[00m\]:\[\033[01;34m\]\w\[\033[00m\]\$ /usr/bin/cmake --install /home/t-lemmel/Aquabot_Tom/build/package_thruster_activation
