[0.714s] Invoking command in '/home/t-lemmel/Aquabot_Tom/build/my_robot_interfaces': CMAKE_PREFIX_PATH=${CMAKE_PREFIX_PATH}:/opt/ros/humble PS1_ori=\[\e]0;\u@\h: \w\a\]${debian_chroot:+($debian_chroot)}\[\033[01;32m\]\u@\h\[\033[00m\]:\[\033[01;34m\]\w\[\033[00m\]\$ /usr/bin/cmake --build /home/t-lemmel/Aquabot_Tom/build/my_robot_interfaces -- -j8 -l8
[0.837s] [  2%] Built target my_robot_interfaces__cpp
[0.842s] [ 12%] Built target my_robot_interfaces__rosidl_generator_c
[0.848s] [ 12%] Built target ament_cmake_python_symlink_my_robot_interfaces
[0.912s] [ 23%] Built target my_robot_interfaces__rosidl_typesupport_cpp
[0.929s] [ 33%] Built target my_robot_interfaces__rosidl_typesupport_fastrtps_cpp
[0.937s] [ 43%] Built target my_robot_interfaces__rosidl_typesupport_fastrtps_c
[0.943s] [ 53%] Built target my_robot_interfaces__rosidl_typesupport_introspection_cpp
[0.966s] [ 64%] Built target my_robot_interfaces__rosidl_typesupport_introspection_c
[0.987s] [ 74%] Built target my_robot_interfaces__rosidl_typesupport_c
[1.043s] [ 74%] Built target my_robot_interfaces
[1.113s] [ 76%] Built target my_robot_interfaces__py
[1.141s] [ 84%] Built target my_robot_interfaces__rosidl_generator_py
[1.181s] [ 89%] Built target my_robot_interfaces__rosidl_typesupport_introspection_c__pyext
[1.187s] [ 94%] Built target my_robot_interfaces__rosidl_typesupport_c__pyext
[1.189s] [100%] Built target my_robot_interfaces__rosidl_typesupport_fastrtps_c__pyext
[1.427s] running egg_info
[1.428s] writing my_robot_interfaces.egg-info/PKG-INFO
[1.428s] writing dependency_links to my_robot_interfaces.egg-info/dependency_links.txt
[1.429s] writing top-level names to my_robot_interfaces.egg-info/top_level.txt
[1.432s] reading manifest file 'my_robot_interfaces.egg-info/SOURCES.txt'
[1.432s] writing manifest file 'my_robot_interfaces.egg-info/SOURCES.txt'
[1.485s] [100%] Built target ament_cmake_python_build_my_robot_interfaces_egg
[1.827s] Invoked command in '/home/t-lemmel/Aquabot_Tom/build/my_robot_interfaces' returned '0': CMAKE_PREFIX_PATH=${CMAKE_PREFIX_PATH}:/opt/ros/humble PS1_ori=\[\e]0;\u@\h: \w\a\]${debian_chroot:+($debian_chroot)}\[\033[01;32m\]\u@\h\[\033[00m\]:\[\033[01;34m\]\w\[\033[00m\]\$ /usr/bin/cmake --build /home/t-lemmel/Aquabot_Tom/build/my_robot_interfaces -- -j8 -l8
[2.038s] Invoking command in '/home/t-lemmel/Aquabot_Tom/build/my_robot_interfaces': CMAKE_PREFIX_PATH=${CMAKE_PREFIX_PATH}:/opt/ros/humble PS1_ori=\[\e]0;\u@\h: \w\a\]${debian_chroot:+($debian_chroot)}\[\033[01;32m\]\u@\h\[\033[00m\]:\[\033[01;34m\]\w\[\033[00m\]\$ /usr/bin/cmake --install /home/t-lemmel/Aquabot_Tom/build/my_robot_interfaces
[2.157s] -- Install configuration: ""
[2.157s] -- Execute custom install script
[2.158s] -- Up-to-date symlink: /home/t-lemmel/Aquabot_Tom/install/my_robot_interfaces/share/ament_index/resource_index/rosidl_interfaces/my_robot_interfaces
[2.158s] -- Up-to-date symlink: /home/t-lemmel/Aquabot_Tom/install/my_robot_interfaces/include/my_robot_interfaces/my_robot_interfaces/msg/centroid_array_with_radius.h
[2.158s] -- Up-to-date symlink: /home/t-lemmel/Aquabot_Tom/install/my_robot_interfaces/include/my_robot_interfaces/my_robot_interfaces/msg/centroid_with_radius.h
[2.159s] -- Up-to-date symlink: /home/t-lemmel/Aquabot_Tom/install/my_robot_interfaces/include/my_robot_interfaces/my_robot_interfaces/msg/detail/centroid_array_with_radius__functions.h
[2.159s] -- Up-to-date symlink: /home/t-lemmel/Aquabot_Tom/install/my_robot_interfaces/include/my_robot_interfaces/my_robot_interfaces/msg/detail/centroid_array_with_radius__struct.h
[2.159s] -- Up-to-date symlink: /home/t-lemmel/Aquabot_Tom/install/my_robot_interfaces/include/my_robot_interfaces/my_robot_interfaces/msg/detail/centroid_array_with_radius__type_support.h
[2.159s] -- Up-to-date symlink: /home/t-lemmel/Aquabot_Tom/install/my_robot_interfaces/include/my_robot_interfaces/my_robot_interfaces/msg/detail/centroid_with_radius__functions.h
[2.159s] -- Up-to-date symlink: /home/t-lemmel/Aquabot_Tom/install/my_robot_interfaces/include/my_robot_interfaces/my_robot_interfaces/msg/detail/centroid_with_radius__struct.h
[2.160s] -- Up-to-date symlink: /home/t-lemmel/Aquabot_Tom/install/my_robot_interfaces/include/my_robot_interfaces/my_robot_interfaces/msg/detail/centroid_with_radius__type_support.h
[2.160s] -- Up-to-date symlink: /home/t-lemmel/Aquabot_Tom/install/my_robot_interfaces/include/my_robot_interfaces/my_robot_interfaces/msg/rosidl_generator_c__visibility_control.h
[2.160s] -- Up-to-date symlink: /home/t-lemmel/Aquabot_Tom/install/my_robot_interfaces/share/my_robot_interfaces/environment/library_path.sh
[2.160s] -- Up-to-date symlink: /home/t-lemmel/Aquabot_Tom/install/my_robot_interfaces/share/my_robot_interfaces/environment/library_path.dsv
[2.161s] -- Up-to-date symlink: /home/t-lemmel/Aquabot_Tom/install/my_robot_interfaces/include/my_robot_interfaces/my_robot_interfaces/msg/detail/centroid_array_with_radius__rosidl_typesupport_fastrtps_c.h
[2.161s] -- Up-to-date symlink: /home/t-lemmel/Aquabot_Tom/install/my_robot_interfaces/include/my_robot_interfaces/my_robot_interfaces/msg/detail/centroid_with_radius__rosidl_typesupport_fastrtps_c.h
[2.161s] -- Up-to-date symlink: /home/t-lemmel/Aquabot_Tom/install/my_robot_interfaces/include/my_robot_interfaces/my_robot_interfaces/msg/rosidl_typesupport_fastrtps_c__visibility_control.h
[2.161s] -- Up-to-date symlink: /home/t-lemmel/Aquabot_Tom/install/my_robot_interfaces/include/my_robot_interfaces/my_robot_interfaces/msg/detail/centroid_array_with_radius__rosidl_typesupport_introspection_c.h
[2.162s] -- Up-to-date symlink: /home/t-lemmel/Aquabot_Tom/install/my_robot_interfaces/include/my_robot_interfaces/my_robot_interfaces/msg/detail/centroid_with_radius__rosidl_typesupport_introspection_c.h
[2.162s] -- Up-to-date symlink: /home/t-lemmel/Aquabot_Tom/install/my_robot_interfaces/include/my_robot_interfaces/my_robot_interfaces/msg/rosidl_typesupport_introspection_c__visibility_control.h
[2.162s] -- Up-to-date symlink: /home/t-lemmel/Aquabot_Tom/install/my_robot_interfaces/include/my_robot_interfaces/my_robot_interfaces/msg/centroid_array_with_radius.hpp
[2.162s] -- Up-to-date symlink: /home/t-lemmel/Aquabot_Tom/install/my_robot_interfaces/include/my_robot_interfaces/my_robot_interfaces/msg/centroid_with_radius.hpp
[2.163s] -- Up-to-date symlink: /home/t-lemmel/Aquabot_Tom/install/my_robot_interfaces/include/my_robot_interfaces/my_robot_interfaces/msg/detail/centroid_array_with_radius__builder.hpp
[2.163s] -- Up-to-date symlink: /home/t-lemmel/Aquabot_Tom/install/my_robot_interfaces/include/my_robot_interfaces/my_robot_interfaces/msg/detail/centroid_array_with_radius__struct.hpp
[2.163s] -- Up-to-date symlink: /home/t-lemmel/Aquabot_Tom/install/my_robot_interfaces/include/my_robot_interfaces/my_robot_interfaces/msg/detail/centroid_array_with_radius__traits.hpp
[2.163s] -- Up-to-date symlink: /home/t-lemmel/Aquabot_Tom/install/my_robot_interfaces/include/my_robot_interfaces/my_robot_interfaces/msg/detail/centroid_with_radius__builder.hpp
[2.164s] -- Up-to-date symlink: /home/t-lemmel/Aquabot_Tom/install/my_robot_interfaces/include/my_robot_interfaces/my_robot_interfaces/msg/detail/centroid_with_radius__struct.hpp
[2.164s] -- Up-to-date symlink: /home/t-lemmel/Aquabot_Tom/install/my_robot_interfaces/include/my_robot_interfaces/my_robot_interfaces/msg/detail/centroid_with_radius__traits.hpp
[2.164s] -- Up-to-date symlink: /home/t-lemmel/Aquabot_Tom/install/my_robot_interfaces/include/my_robot_interfaces/my_robot_interfaces/msg/detail/centroid_array_with_radius__rosidl_typesupport_fastrtps_cpp.hpp
[2.165s] -- Up-to-date symlink: /home/t-lemmel/Aquabot_Tom/install/my_robot_interfaces/include/my_robot_interfaces/my_robot_interfaces/msg/detail/centroid_with_radius__rosidl_typesupport_fastrtps_cpp.hpp
[2.165s] -- Up-to-date symlink: /home/t-lemmel/Aquabot_Tom/install/my_robot_interfaces/include/my_robot_interfaces/my_robot_interfaces/msg/rosidl_typesupport_fastrtps_cpp__visibility_control.h
[2.165s] -- Up-to-date symlink: /home/t-lemmel/Aquabot_Tom/install/my_robot_interfaces/include/my_robot_interfaces/my_robot_interfaces/msg/detail/centroid_array_with_radius__rosidl_typesupport_introspection_cpp.hpp
[2.166s] -- Up-to-date symlink: /home/t-lemmel/Aquabot_Tom/install/my_robot_interfaces/include/my_robot_interfaces/my_robot_interfaces/msg/detail/centroid_with_radius__rosidl_typesupport_introspection_cpp.hpp
[2.166s] -- Up-to-date symlink: /home/t-lemmel/Aquabot_Tom/install/my_robot_interfaces/share/my_robot_interfaces/environment/pythonpath.sh
[2.166s] -- Up-to-date symlink: /home/t-lemmel/Aquabot_Tom/install/my_robot_interfaces/share/my_robot_interfaces/environment/pythonpath.dsv
[2.167s] -- Up-to-date symlink: /home/t-lemmel/Aquabot_Tom/install/my_robot_interfaces/local/lib/python3.10/dist-packages/my_robot_interfaces-0.0.0-py3.10.egg-info/PKG-INFO
[2.167s] -- Up-to-date symlink: /home/t-lemmel/Aquabot_Tom/install/my_robot_interfaces/local/lib/python3.10/dist-packages/my_robot_interfaces-0.0.0-py3.10.egg-info/SOURCES.txt
[2.168s] -- Up-to-date symlink: /home/t-lemmel/Aquabot_Tom/install/my_robot_interfaces/local/lib/python3.10/dist-packages/my_robot_interfaces-0.0.0-py3.10.egg-info/dependency_links.txt
[2.168s] -- Up-to-date symlink: /home/t-lemmel/Aquabot_Tom/install/my_robot_interfaces/local/lib/python3.10/dist-packages/my_robot_interfaces-0.0.0-py3.10.egg-info/top_level.txt
[2.169s] -- Up-to-date symlink: /home/t-lemmel/Aquabot_Tom/install/my_robot_interfaces/local/lib/python3.10/dist-packages/my_robot_interfaces/__init__.py
[2.170s] -- Up-to-date symlink: /home/t-lemmel/Aquabot_Tom/install/my_robot_interfaces/local/lib/python3.10/dist-packages/my_robot_interfaces/_my_robot_interfaces_s.ep.rosidl_typesupport_c.c
[2.170s] -- Up-to-date symlink: /home/t-lemmel/Aquabot_Tom/install/my_robot_interfaces/local/lib/python3.10/dist-packages/my_robot_interfaces/_my_robot_interfaces_s.ep.rosidl_typesupport_fastrtps_c.c
[2.170s] -- Up-to-date symlink: /home/t-lemmel/Aquabot_Tom/install/my_robot_interfaces/local/lib/python3.10/dist-packages/my_robot_interfaces/_my_robot_interfaces_s.ep.rosidl_typesupport_introspection_c.c
[2.171s] -- Up-to-date symlink: /home/t-lemmel/Aquabot_Tom/install/my_robot_interfaces/local/lib/python3.10/dist-packages/my_robot_interfaces/libmy_robot_interfaces__rosidl_generator_py.so
[2.171s] -- Up-to-date symlink: /home/t-lemmel/Aquabot_Tom/install/my_robot_interfaces/local/lib/python3.10/dist-packages/my_robot_interfaces/msg/__init__.py
[2.172s] -- Up-to-date symlink: /home/t-lemmel/Aquabot_Tom/install/my_robot_interfaces/local/lib/python3.10/dist-packages/my_robot_interfaces/msg/_centroid_array_with_radius.py
[2.172s] -- Up-to-date symlink: /home/t-lemmel/Aquabot_Tom/install/my_robot_interfaces/local/lib/python3.10/dist-packages/my_robot_interfaces/msg/_centroid_array_with_radius_s.c
[2.172s] -- Up-to-date symlink: /home/t-lemmel/Aquabot_Tom/install/my_robot_interfaces/local/lib/python3.10/dist-packages/my_robot_interfaces/msg/_centroid_with_radius.py
[2.173s] -- Up-to-date symlink: /home/t-lemmel/Aquabot_Tom/install/my_robot_interfaces/local/lib/python3.10/dist-packages/my_robot_interfaces/msg/_centroid_with_radius_s.c
[2.173s] -- Up-to-date symlink: /home/t-lemmel/Aquabot_Tom/install/my_robot_interfaces/local/lib/python3.10/dist-packages/my_robot_interfaces/my_robot_interfaces_s__rosidl_typesupport_c.cpython-310-x86_64-linux-gnu.so
[2.174s] -- Up-to-date symlink: /home/t-lemmel/Aquabot_Tom/install/my_robot_interfaces/local/lib/python3.10/dist-packages/my_robot_interfaces/my_robot_interfaces_s__rosidl_typesupport_fastrtps_c.cpython-310-x86_64-linux-gnu.so
[2.174s] -- Up-to-date symlink: /home/t-lemmel/Aquabot_Tom/install/my_robot_interfaces/local/lib/python3.10/dist-packages/my_robot_interfaces/my_robot_interfaces_s__rosidl_typesupport_introspection_c.cpython-310-x86_64-linux-gnu.so
[2.174s] -- Up-to-date symlink: /home/t-lemmel/Aquabot_Tom/install/my_robot_interfaces/local/lib/python3.10/dist-packages/my_robot_interfaces/my_robot_interfaces_s__rosidl_typesupport_fastrtps_c.cpython-310-x86_64-linux-gnu.so
[2.175s] -- Up-to-date symlink: /home/t-lemmel/Aquabot_Tom/install/my_robot_interfaces/local/lib/python3.10/dist-packages/my_robot_interfaces/my_robot_interfaces_s__rosidl_typesupport_introspection_c.cpython-310-x86_64-linux-gnu.so
[2.175s] -- Up-to-date symlink: /home/t-lemmel/Aquabot_Tom/install/my_robot_interfaces/local/lib/python3.10/dist-packages/my_robot_interfaces/my_robot_interfaces_s__rosidl_typesupport_c.cpython-310-x86_64-linux-gnu.so
[2.176s] -- Up-to-date symlink: /home/t-lemmel/Aquabot_Tom/install/my_robot_interfaces/share/my_robot_interfaces/msg/CentroidWithRadius.idl
[2.176s] -- Up-to-date symlink: /home/t-lemmel/Aquabot_Tom/install/my_robot_interfaces/share/my_robot_interfaces/msg/CentroidArrayWithRadius.idl
[2.176s] -- Up-to-date symlink: /home/t-lemmel/Aquabot_Tom/install/my_robot_interfaces/share/my_robot_interfaces/msg/CentroidWithRadius.msg
[2.176s] -- Up-to-date symlink: /home/t-lemmel/Aquabot_Tom/install/my_robot_interfaces/share/my_robot_interfaces/msg/CentroidArrayWithRadius.msg
[2.177s] -- Up-to-date symlink: /home/t-lemmel/Aquabot_Tom/install/my_robot_interfaces/share/ament_index/resource_index/package_run_dependencies/my_robot_interfaces
[2.177s] -- Up-to-date symlink: /home/t-lemmel/Aquabot_Tom/install/my_robot_interfaces/share/ament_index/resource_index/parent_prefix_path/my_robot_interfaces
[2.177s] -- Up-to-date symlink: /home/t-lemmel/Aquabot_Tom/install/my_robot_interfaces/share/my_robot_interfaces/environment/ament_prefix_path.sh
[2.178s] -- Up-to-date symlink: /home/t-lemmel/Aquabot_Tom/install/my_robot_interfaces/share/my_robot_interfaces/environment/ament_prefix_path.dsv
[2.178s] -- Up-to-date symlink: /home/t-lemmel/Aquabot_Tom/install/my_robot_interfaces/share/my_robot_interfaces/environment/path.sh
[2.179s] -- Up-to-date symlink: /home/t-lemmel/Aquabot_Tom/install/my_robot_interfaces/share/my_robot_interfaces/environment/path.dsv
[2.179s] -- Up-to-date symlink: /home/t-lemmel/Aquabot_Tom/install/my_robot_interfaces/share/my_robot_interfaces/local_setup.bash
[2.179s] -- Up-to-date symlink: /home/t-lemmel/Aquabot_Tom/install/my_robot_interfaces/share/my_robot_interfaces/local_setup.sh
[2.180s] -- Up-to-date symlink: /home/t-lemmel/Aquabot_Tom/install/my_robot_interfaces/share/my_robot_interfaces/local_setup.zsh
[2.180s] -- Up-to-date symlink: /home/t-lemmel/Aquabot_Tom/install/my_robot_interfaces/share/my_robot_interfaces/local_setup.dsv
[2.180s] -- Symlinking: /home/t-lemmel/Aquabot_Tom/install/my_robot_interfaces/share/my_robot_interfaces/package.dsv
[2.180s] -- Up-to-date symlink: /home/t-lemmel/Aquabot_Tom/install/my_robot_interfaces/share/ament_index/resource_index/packages/my_robot_interfaces
[2.180s] -- Up-to-date symlink: /home/t-lemmel/Aquabot_Tom/install/my_robot_interfaces/share/my_robot_interfaces/cmake/rosidl_cmake-extras.cmake
[2.181s] -- Up-to-date symlink: /home/t-lemmel/Aquabot_Tom/install/my_robot_interfaces/share/my_robot_interfaces/cmake/ament_cmake_export_dependencies-extras.cmake
[2.181s] -- Up-to-date symlink: /home/t-lemmel/Aquabot_Tom/install/my_robot_interfaces/share/my_robot_interfaces/cmake/ament_cmake_export_include_directories-extras.cmake
[2.181s] -- Up-to-date symlink: /home/t-lemmel/Aquabot_Tom/install/my_robot_interfaces/share/my_robot_interfaces/cmake/ament_cmake_export_libraries-extras.cmake
[2.181s] -- Up-to-date symlink: /home/t-lemmel/Aquabot_Tom/install/my_robot_interfaces/share/my_robot_interfaces/cmake/ament_cmake_export_targets-extras.cmake
[2.182s] -- Up-to-date symlink: /home/t-lemmel/Aquabot_Tom/install/my_robot_interfaces/share/my_robot_interfaces/cmake/rosidl_cmake_export_typesupport_targets-extras.cmake
[2.182s] -- Up-to-date symlink: /home/t-lemmel/Aquabot_Tom/install/my_robot_interfaces/share/my_robot_interfaces/cmake/rosidl_cmake_export_typesupport_libraries-extras.cmake
[2.183s] -- Up-to-date symlink: /home/t-lemmel/Aquabot_Tom/install/my_robot_interfaces/share/my_robot_interfaces/cmake/my_robot_interfacesConfig.cmake
[2.183s] -- Up-to-date symlink: /home/t-lemmel/Aquabot_Tom/install/my_robot_interfaces/share/my_robot_interfaces/cmake/my_robot_interfacesConfig-version.cmake
[2.184s] -- Up-to-date symlink: /home/t-lemmel/Aquabot_Tom/install/my_robot_interfaces/share/my_robot_interfaces/package.xml
[2.184s] -- Up-to-date: /home/t-lemmel/Aquabot_Tom/install/my_robot_interfaces/lib/libmy_robot_interfaces__rosidl_generator_c.so
[2.185s] -- Up-to-date: /home/t-lemmel/Aquabot_Tom/install/my_robot_interfaces/lib/libmy_robot_interfaces__rosidl_typesupport_fastrtps_c.so
[2.185s] -- Up-to-date: /home/t-lemmel/Aquabot_Tom/install/my_robot_interfaces/lib/libmy_robot_interfaces__rosidl_typesupport_introspection_c.so
[2.185s] -- Up-to-date: /home/t-lemmel/Aquabot_Tom/install/my_robot_interfaces/lib/libmy_robot_interfaces__rosidl_typesupport_c.so
[2.185s] -- Up-to-date: /home/t-lemmel/Aquabot_Tom/install/my_robot_interfaces/lib/libmy_robot_interfaces__rosidl_typesupport_fastrtps_cpp.so
[2.186s] -- Up-to-date: /home/t-lemmel/Aquabot_Tom/install/my_robot_interfaces/lib/libmy_robot_interfaces__rosidl_typesupport_introspection_cpp.so
[2.186s] -- Up-to-date: /home/t-lemmel/Aquabot_Tom/install/my_robot_interfaces/lib/libmy_robot_interfaces__rosidl_typesupport_cpp.so
[2.186s] Listing '/home/t-lemmel/Aquabot_Tom/install/my_robot_interfaces/local/lib/python3.10/dist-packages/my_robot_interfaces'...
[2.186s] Listing '/home/t-lemmel/Aquabot_Tom/install/my_robot_interfaces/local/lib/python3.10/dist-packages/my_robot_interfaces/msg'...
[2.187s] -- Up-to-date: /home/t-lemmel/Aquabot_Tom/install/my_robot_interfaces/lib/libmy_robot_interfaces__rosidl_generator_py.so
[2.188s] -- Up-to-date: /home/t-lemmel/Aquabot_Tom/install/my_robot_interfaces/share/my_robot_interfaces/cmake/export_my_robot_interfaces__rosidl_generator_cExport.cmake
[2.188s] -- Up-to-date: /home/t-lemmel/Aquabot_Tom/install/my_robot_interfaces/share/my_robot_interfaces/cmake/export_my_robot_interfaces__rosidl_generator_cExport-noconfig.cmake
[2.189s] -- Up-to-date: /home/t-lemmel/Aquabot_Tom/install/my_robot_interfaces/share/my_robot_interfaces/cmake/export_my_robot_interfaces__rosidl_typesupport_fastrtps_cExport.cmake
[2.189s] -- Up-to-date: /home/t-lemmel/Aquabot_Tom/install/my_robot_interfaces/share/my_robot_interfaces/cmake/export_my_robot_interfaces__rosidl_typesupport_fastrtps_cExport-noconfig.cmake
[2.190s] -- Up-to-date: /home/t-lemmel/Aquabot_Tom/install/my_robot_interfaces/share/my_robot_interfaces/cmake/my_robot_interfaces__rosidl_typesupport_introspection_cExport.cmake
[2.190s] -- Up-to-date: /home/t-lemmel/Aquabot_Tom/install/my_robot_interfaces/share/my_robot_interfaces/cmake/my_robot_interfaces__rosidl_typesupport_introspection_cExport-noconfig.cmake
[2.191s] -- Up-to-date: /home/t-lemmel/Aquabot_Tom/install/my_robot_interfaces/share/my_robot_interfaces/cmake/my_robot_interfaces__rosidl_typesupport_cExport.cmake
[2.191s] -- Up-to-date: /home/t-lemmel/Aquabot_Tom/install/my_robot_interfaces/share/my_robot_interfaces/cmake/my_robot_interfaces__rosidl_typesupport_cExport-noconfig.cmake
[2.191s] -- Up-to-date: /home/t-lemmel/Aquabot_Tom/install/my_robot_interfaces/share/my_robot_interfaces/cmake/export_my_robot_interfaces__rosidl_generator_cppExport.cmake
[2.191s] -- Up-to-date: /home/t-lemmel/Aquabot_Tom/install/my_robot_interfaces/share/my_robot_interfaces/cmake/export_my_robot_interfaces__rosidl_typesupport_fastrtps_cppExport.cmake
[2.192s] -- Up-to-date: /home/t-lemmel/Aquabot_Tom/install/my_robot_interfaces/share/my_robot_interfaces/cmake/export_my_robot_interfaces__rosidl_typesupport_fastrtps_cppExport-noconfig.cmake
[2.193s] -- Up-to-date: /home/t-lemmel/Aquabot_Tom/install/my_robot_interfaces/share/my_robot_interfaces/cmake/my_robot_interfaces__rosidl_typesupport_introspection_cppExport.cmake
[2.194s] -- Up-to-date: /home/t-lemmel/Aquabot_Tom/install/my_robot_interfaces/share/my_robot_interfaces/cmake/my_robot_interfaces__rosidl_typesupport_introspection_cppExport-noconfig.cmake
[2.194s] -- Up-to-date: /home/t-lemmel/Aquabot_Tom/install/my_robot_interfaces/share/my_robot_interfaces/cmake/my_robot_interfaces__rosidl_typesupport_cppExport.cmake
[2.194s] -- Up-to-date: /home/t-lemmel/Aquabot_Tom/install/my_robot_interfaces/share/my_robot_interfaces/cmake/my_robot_interfaces__rosidl_typesupport_cppExport-noconfig.cmake
[2.195s] -- Up-to-date: /home/t-lemmel/Aquabot_Tom/install/my_robot_interfaces/share/my_robot_interfaces/cmake/export_my_robot_interfaces__rosidl_generator_pyExport.cmake
[2.195s] -- Up-to-date: /home/t-lemmel/Aquabot_Tom/install/my_robot_interfaces/share/my_robot_interfaces/cmake/export_my_robot_interfaces__rosidl_generator_pyExport-noconfig.cmake
[2.196s] Invoked command in '/home/t-lemmel/Aquabot_Tom/build/my_robot_interfaces' returned '0': CMAKE_PREFIX_PATH=${CMAKE_PREFIX_PATH}:/opt/ros/humble PS1_ori=\[\e]0;\u@\h: \w\a\]${debian_chroot:+($debian_chroot)}\[\033[01;32m\]\u@\h\[\033[00m\]:\[\033[01;34m\]\w\[\033[00m\]\$ /usr/bin/cmake --install /home/t-lemmel/Aquabot_Tom/build/my_robot_interfaces
