[0.622s] Invoking command in '/home/t-lemmel/Aquabot_Tom/build/example_system': CMAKE_PREFIX_PATH=${CMAKE_PREFIX_PATH}:/opt/ros/humble PS1_ori=\[\e]0;\u@\h: \w\a\]${debian_chroot:+($debian_chroot)}\[\033[01;32m\]\u@\h\[\033[00m\]:\[\033[01;34m\]\w\[\033[00m\]\$ /usr/bin/cmake --build /home/t-lemmel/Aquabot_Tom/build/example_system -- -j8 -l8
[0.798s] [100%] Built target example_system
[0.837s] Invoked command in '/home/t-lemmel/Aquabot_Tom/build/example_system' returned '0': CMAKE_PREFIX_PATH=${CMAKE_PREFIX_PATH}:/opt/ros/humble PS1_ori=\[\e]0;\u@\h: \w\a\]${debian_chroot:+($debian_chroot)}\[\033[01;32m\]\u@\h\[\033[00m\]:\[\033[01;34m\]\w\[\033[00m\]\$ /usr/bin/cmake --build /home/t-lemmel/Aquabot_Tom/build/example_system -- -j8 -l8
[0.951s] Invoking command in '/home/t-lemmel/Aquabot_Tom/build/example_system': CMAKE_PREFIX_PATH=${CMAKE_PREFIX_PATH}:/opt/ros/humble PS1_ori=\[\e]0;\u@\h: \w\a\]${debian_chroot:+($debian_chroot)}\[\033[01;32m\]\u@\h\[\033[00m\]:\[\033[01;34m\]\w\[\033[00m\]\$ /usr/bin/cmake --install /home/t-lemmel/Aquabot_Tom/build/example_system
[0.982s] -- Install configuration: ""
[0.983s] -- Execute custom install script
[0.983s] -- Up-to-date symlink: /home/t-lemmel/Aquabot_Tom/install/example_system/lib/example_system/example_system
[0.983s] -- Up-to-date symlink: /home/t-lemmel/Aquabot_Tom/install/example_system/share/example_system//launch/example_sys_launch.py
[0.983s] -- Up-to-date symlink: /home/t-lemmel/Aquabot_Tom/install/example_system/share/ament_index/resource_index/package_run_dependencies/example_system
[0.984s] -- Up-to-date symlink: /home/t-lemmel/Aquabot_Tom/install/example_system/share/ament_index/resource_index/parent_prefix_path/example_system
[0.984s] -- Up-to-date symlink: /home/t-lemmel/Aquabot_Tom/install/example_system/share/example_system/environment/ament_prefix_path.sh
[0.985s] -- Up-to-date symlink: /home/t-lemmel/Aquabot_Tom/install/example_system/share/example_system/environment/ament_prefix_path.dsv
[0.985s] -- Up-to-date symlink: /home/t-lemmel/Aquabot_Tom/install/example_system/share/example_system/environment/path.sh
[0.985s] -- Up-to-date symlink: /home/t-lemmel/Aquabot_Tom/install/example_system/share/example_system/environment/path.dsv
[0.986s] -- Up-to-date symlink: /home/t-lemmel/Aquabot_Tom/install/example_system/share/example_system/local_setup.bash
[0.986s] -- Up-to-date symlink: /home/t-lemmel/Aquabot_Tom/install/example_system/share/example_system/local_setup.sh
[0.988s] -- Up-to-date symlink: /home/t-lemmel/Aquabot_Tom/install/example_system/share/example_system/local_setup.zsh
[0.988s] -- Up-to-date symlink: /home/t-lemmel/Aquabot_Tom/install/example_system/share/example_system/local_setup.dsv
[0.988s] -- Symlinking: /home/t-lemmel/Aquabot_Tom/install/example_system/share/example_system/package.dsv
[1.032s] -- Up-to-date symlink: /home/t-lemmel/Aquabot_Tom/install/example_system/share/ament_index/resource_index/packages/example_system
[1.033s] -- Up-to-date symlink: /home/t-lemmel/Aquabot_Tom/install/example_system/share/example_system/cmake/example_systemConfig.cmake
[1.034s] -- Up-to-date symlink: /home/t-lemmel/Aquabot_Tom/install/example_system/share/example_system/cmake/example_systemConfig-version.cmake
[1.035s] -- Up-to-date symlink: /home/t-lemmel/Aquabot_Tom/install/example_system/share/example_system/package.xml
[1.183s] Invoked command in '/home/t-lemmel/Aquabot_Tom/build/example_system' returned '0': CMAKE_PREFIX_PATH=${CMAKE_PREFIX_PATH}:/opt/ros/humble PS1_ori=\[\e]0;\u@\h: \w\a\]${debian_chroot:+($debian_chroot)}\[\033[01;32m\]\u@\h\[\033[00m\]:\[\033[01;34m\]\w\[\033[00m\]\$ /usr/bin/cmake --install /home/t-lemmel/Aquabot_Tom/build/example_system
