[1.315s] DEBUG:colcon:Command line arguments: ['/usr/bin/colcon', 'build', '--symlink-install', '--continue-on-error']
[1.315s] DEBUG:colcon:Parsed command line arguments: Namespace(log_base=None, log_level=None, verb_name='build', build_base='build', install_base='install', merge_install=False, symlink_install=True, test_result_base=None, continue_on_error=True, executor='parallel', parallel_workers=8, event_handlers=None, ignore_user_meta=False, metas=['./colcon.meta'], base_paths=['.'], packages_ignore=None, packages_ignore_regex=None, paths=None, packages_up_to=None, packages_up_to_regex=None, packages_above=None, packages_above_and_dependencies=None, packages_above_depth=None, packages_select_by_dep=None, packages_skip_by_dep=None, packages_skip_up_to=None, packages_select_build_failed=False, packages_skip_build_finished=False, packages_select_test_failures=False, packages_skip_test_passed=False, packages_select=None, packages_skip=None, packages_select_regex=None, packages_skip_regex=None, packages_start=None, packages_end=None, allow_overriding=[], cmake_args=None, cmake_target=None, cmake_target_skip_unavailable=False, cmake_clean_cache=False, cmake_clean_first=False, cmake_force_configure=False, ament_cmake_args=None, catkin_cmake_args=None, catkin_skip_building_tests=False, verb_parser=<colcon_defaults.argument_parser.defaults.DefaultArgumentsDecorator object at 0x7f3eb4cb3190>, verb_extension=<colcon_core.verb.build.BuildVerb object at 0x7f3eb4cb3dc0>, main=<bound method BuildVerb.main of <colcon_core.verb.build.BuildVerb object at 0x7f3eb4cb3dc0>>)
[1.375s] Level 1:colcon.colcon_core.package_discovery:discover_packages(colcon_meta) check parameters
[1.375s] Level 1:colcon.colcon_core.package_discovery:discover_packages(recursive) check parameters
[1.375s] Level 1:colcon.colcon_core.package_discovery:discover_packages(ignore) check parameters
[1.375s] Level 1:colcon.colcon_core.package_discovery:discover_packages(path) check parameters
[1.375s] Level 1:colcon.colcon_core.package_discovery:discover_packages(colcon_meta) discover
[1.375s] Level 1:colcon.colcon_core.package_discovery:discover_packages(recursive) discover
[1.375s] INFO:colcon.colcon_core.package_discovery:Crawling recursively for packages in '/home/t-lemmel/Aquabot_Tom'
[1.375s] Level 1:colcon.colcon_core.package_identification:_identify(.) by extensions ['ignore', 'ignore_ament_install']
[1.375s] Level 1:colcon.colcon_core.package_identification:_identify(.) by extension 'ignore'
[1.375s] Level 1:colcon.colcon_core.package_identification:_identify(.) by extension 'ignore_ament_install'
[1.375s] Level 1:colcon.colcon_core.package_identification:_identify(.) by extensions ['colcon_pkg']
[1.375s] Level 1:colcon.colcon_core.package_identification:_identify(.) by extension 'colcon_pkg'
[1.375s] Level 1:colcon.colcon_core.package_identification:_identify(.) by extensions ['colcon_meta']
[1.376s] Level 1:colcon.colcon_core.package_identification:_identify(.) by extension 'colcon_meta'
[1.376s] Level 1:colcon.colcon_core.package_identification:_identify(.) by extensions ['ros']
[1.376s] Level 1:colcon.colcon_core.package_identification:_identify(.) by extension 'ros'
[1.390s] Level 1:colcon.colcon_core.package_identification:_identify(.) by extensions ['cmake', 'python']
[1.390s] Level 1:colcon.colcon_core.package_identification:_identify(.) by extension 'cmake'
[1.390s] Level 1:colcon.colcon_core.package_identification:_identify(.) by extension 'python'
[1.390s] Level 1:colcon.colcon_core.package_identification:_identify(.) by extensions ['python_setup_py']
[1.390s] Level 1:colcon.colcon_core.package_identification:_identify(.) by extension 'python_setup_py'
[1.390s] Level 1:colcon.colcon_core.package_identification:_identify(build) by extensions ['ignore', 'ignore_ament_install']
[1.390s] Level 1:colcon.colcon_core.package_identification:_identify(build) by extension 'ignore'
[1.390s] Level 1:colcon.colcon_core.package_identification:_identify(build) ignored
[1.390s] Level 1:colcon.colcon_core.package_identification:_identify(install) by extensions ['ignore', 'ignore_ament_install']
[1.390s] Level 1:colcon.colcon_core.package_identification:_identify(install) by extension 'ignore'
[1.390s] Level 1:colcon.colcon_core.package_identification:_identify(install) ignored
[1.391s] Level 1:colcon.colcon_core.package_identification:_identify(log) by extensions ['ignore', 'ignore_ament_install']
[1.391s] Level 1:colcon.colcon_core.package_identification:_identify(log) by extension 'ignore'
[1.391s] Level 1:colcon.colcon_core.package_identification:_identify(log) ignored
[1.391s] Level 1:colcon.colcon_core.package_identification:_identify(ros_management_tools) by extensions ['ignore', 'ignore_ament_install']
[1.391s] Level 1:colcon.colcon_core.package_identification:_identify(ros_management_tools) by extension 'ignore'
[1.391s] Level 1:colcon.colcon_core.package_identification:_identify(ros_management_tools) by extension 'ignore_ament_install'
[1.391s] Level 1:colcon.colcon_core.package_identification:_identify(ros_management_tools) by extensions ['colcon_pkg']
[1.391s] Level 1:colcon.colcon_core.package_identification:_identify(ros_management_tools) by extension 'colcon_pkg'
[1.391s] Level 1:colcon.colcon_core.package_identification:_identify(ros_management_tools) by extensions ['colcon_meta']
[1.392s] Level 1:colcon.colcon_core.package_identification:_identify(ros_management_tools) by extension 'colcon_meta'
[1.392s] Level 1:colcon.colcon_core.package_identification:_identify(ros_management_tools) by extensions ['ros']
[1.392s] Level 1:colcon.colcon_core.package_identification:_identify(ros_management_tools) by extension 'ros'
[1.392s] Level 1:colcon.colcon_core.package_identification:_identify(ros_management_tools) by extensions ['cmake', 'python']
[1.392s] Level 1:colcon.colcon_core.package_identification:_identify(ros_management_tools) by extension 'cmake'
[1.392s] Level 1:colcon.colcon_core.package_identification:_identify(ros_management_tools) by extension 'python'
[1.392s] Level 1:colcon.colcon_core.package_identification:_identify(ros_management_tools) by extensions ['python_setup_py']
[1.392s] Level 1:colcon.colcon_core.package_identification:_identify(ros_management_tools) by extension 'python_setup_py'
[1.392s] Level 1:colcon.colcon_core.package_identification:_identify(ros_management_tools/qtcreator) by extensions ['ignore', 'ignore_ament_install']
[1.392s] Level 1:colcon.colcon_core.package_identification:_identify(ros_management_tools/qtcreator) by extension 'ignore'
[1.392s] Level 1:colcon.colcon_core.package_identification:_identify(ros_management_tools/qtcreator) by extension 'ignore_ament_install'
[1.392s] Level 1:colcon.colcon_core.package_identification:_identify(ros_management_tools/qtcreator) by extensions ['colcon_pkg']
[1.392s] Level 1:colcon.colcon_core.package_identification:_identify(ros_management_tools/qtcreator) by extension 'colcon_pkg'
[1.392s] Level 1:colcon.colcon_core.package_identification:_identify(ros_management_tools/qtcreator) by extensions ['colcon_meta']
[1.392s] Level 1:colcon.colcon_core.package_identification:_identify(ros_management_tools/qtcreator) by extension 'colcon_meta'
[1.392s] Level 1:colcon.colcon_core.package_identification:_identify(ros_management_tools/qtcreator) by extensions ['ros']
[1.392s] Level 1:colcon.colcon_core.package_identification:_identify(ros_management_tools/qtcreator) by extension 'ros'
[1.393s] Level 1:colcon.colcon_core.package_identification:_identify(ros_management_tools/qtcreator) by extensions ['cmake', 'python']
[1.393s] Level 1:colcon.colcon_core.package_identification:_identify(ros_management_tools/qtcreator) by extension 'cmake'
[1.393s] Level 1:colcon.colcon_core.package_identification:_identify(ros_management_tools/qtcreator) by extension 'python'
[1.393s] Level 1:colcon.colcon_core.package_identification:_identify(ros_management_tools/qtcreator) by extensions ['python_setup_py']
[1.393s] Level 1:colcon.colcon_core.package_identification:_identify(ros_management_tools/qtcreator) by extension 'python_setup_py'
[1.393s] Level 1:colcon.colcon_core.package_identification:_identify(src) by extensions ['ignore', 'ignore_ament_install']
[1.393s] Level 1:colcon.colcon_core.package_identification:_identify(src) by extension 'ignore'
[1.393s] Level 1:colcon.colcon_core.package_identification:_identify(src) by extension 'ignore_ament_install'
[1.393s] Level 1:colcon.colcon_core.package_identification:_identify(src) by extensions ['colcon_pkg']
[1.393s] Level 1:colcon.colcon_core.package_identification:_identify(src) by extension 'colcon_pkg'
[1.393s] Level 1:colcon.colcon_core.package_identification:_identify(src) by extensions ['colcon_meta']
[1.393s] Level 1:colcon.colcon_core.package_identification:_identify(src) by extension 'colcon_meta'
[1.393s] Level 1:colcon.colcon_core.package_identification:_identify(src) by extensions ['ros']
[1.393s] Level 1:colcon.colcon_core.package_identification:_identify(src) by extension 'ros'
[1.393s] Level 1:colcon.colcon_core.package_identification:_identify(src) by extensions ['cmake', 'python']
[1.393s] Level 1:colcon.colcon_core.package_identification:_identify(src) by extension 'cmake'
[1.394s] Level 1:colcon.colcon_core.package_identification:_identify(src) by extension 'python'
[1.394s] Level 1:colcon.colcon_core.package_identification:_identify(src) by extensions ['python_setup_py']
[1.394s] Level 1:colcon.colcon_core.package_identification:_identify(src) by extension 'python_setup_py'
[1.394s] Level 1:colcon.colcon_core.package_identification:_identify(src/aquabot_common) by extensions ['ignore', 'ignore_ament_install']
[1.394s] Level 1:colcon.colcon_core.package_identification:_identify(src/aquabot_common) by extension 'ignore'
[1.394s] Level 1:colcon.colcon_core.package_identification:_identify(src/aquabot_common) by extension 'ignore_ament_install'
[1.394s] Level 1:colcon.colcon_core.package_identification:_identify(src/aquabot_common) by extensions ['colcon_pkg']
[1.394s] Level 1:colcon.colcon_core.package_identification:_identify(src/aquabot_common) by extension 'colcon_pkg'
[1.394s] Level 1:colcon.colcon_core.package_identification:_identify(src/aquabot_common) by extensions ['colcon_meta']
[1.394s] Level 1:colcon.colcon_core.package_identification:_identify(src/aquabot_common) by extension 'colcon_meta'
[1.394s] Level 1:colcon.colcon_core.package_identification:_identify(src/aquabot_common) by extensions ['ros']
[1.394s] Level 1:colcon.colcon_core.package_identification:_identify(src/aquabot_common) by extension 'ros'
[1.397s] DEBUG:colcon.colcon_core.package_identification:Package 'src/aquabot_common' with type 'ros.ament_cmake' and name 'aquabot_common'
[1.397s] Level 1:colcon.colcon_core.package_identification:_identify(src/package_thruster_activation) by extensions ['ignore', 'ignore_ament_install']
[1.398s] Level 1:colcon.colcon_core.package_identification:_identify(src/package_thruster_activation) by extension 'ignore'
[1.398s] Level 1:colcon.colcon_core.package_identification:_identify(src/package_thruster_activation) by extension 'ignore_ament_install'
[1.398s] Level 1:colcon.colcon_core.package_identification:_identify(src/package_thruster_activation) by extensions ['colcon_pkg']
[1.398s] Level 1:colcon.colcon_core.package_identification:_identify(src/package_thruster_activation) by extension 'colcon_pkg'
[1.398s] Level 1:colcon.colcon_core.package_identification:_identify(src/package_thruster_activation) by extensions ['colcon_meta']
[1.398s] Level 1:colcon.colcon_core.package_identification:_identify(src/package_thruster_activation) by extension 'colcon_meta'
[1.398s] Level 1:colcon.colcon_core.package_identification:_identify(src/package_thruster_activation) by extensions ['ros']
[1.398s] Level 1:colcon.colcon_core.package_identification:_identify(src/package_thruster_activation) by extension 'ros'
[1.398s] DEBUG:colcon.colcon_core.package_identification:Package 'src/package_thruster_activation' with type 'ros.ament_cmake' and name 'package_thruster_activation'
[1.399s] Level 1:colcon.colcon_core.package_identification:_identify(src/ros2_pid_library) by extensions ['ignore', 'ignore_ament_install']
[1.399s] Level 1:colcon.colcon_core.package_identification:_identify(src/ros2_pid_library) by extension 'ignore'
[1.399s] Level 1:colcon.colcon_core.package_identification:_identify(src/ros2_pid_library) by extension 'ignore_ament_install'
[1.399s] Level 1:colcon.colcon_core.package_identification:_identify(src/ros2_pid_library) by extensions ['colcon_pkg']
[1.399s] Level 1:colcon.colcon_core.package_identification:_identify(src/ros2_pid_library) by extension 'colcon_pkg'
[1.399s] Level 1:colcon.colcon_core.package_identification:_identify(src/ros2_pid_library) by extensions ['colcon_meta']
[1.399s] Level 1:colcon.colcon_core.package_identification:_identify(src/ros2_pid_library) by extension 'colcon_meta'
[1.399s] Level 1:colcon.colcon_core.package_identification:_identify(src/ros2_pid_library) by extensions ['ros']
[1.399s] Level 1:colcon.colcon_core.package_identification:_identify(src/ros2_pid_library) by extension 'ros'
[1.399s] Level 1:colcon.colcon_core.package_identification:_identify(src/ros2_pid_library) by extensions ['cmake', 'python']
[1.399s] Level 1:colcon.colcon_core.package_identification:_identify(src/ros2_pid_library) by extension 'cmake'
[1.399s] Level 1:colcon.colcon_core.package_identification:_identify(src/ros2_pid_library) by extension 'python'
[1.399s] Level 1:colcon.colcon_core.package_identification:_identify(src/ros2_pid_library) by extensions ['python_setup_py']
[1.399s] Level 1:colcon.colcon_core.package_identification:_identify(src/ros2_pid_library) by extension 'python_setup_py'
[1.399s] Level 1:colcon.colcon_core.package_identification:_identify(src/ros2_pid_library/build) by extensions ['ignore', 'ignore_ament_install']
[1.400s] Level 1:colcon.colcon_core.package_identification:_identify(src/ros2_pid_library/build) by extension 'ignore'
[1.400s] Level 1:colcon.colcon_core.package_identification:_identify(src/ros2_pid_library/build) ignored
[1.400s] Level 1:colcon.colcon_core.package_identification:_identify(src/ros2_pid_library/example_system) by extensions ['ignore', 'ignore_ament_install']
[1.400s] Level 1:colcon.colcon_core.package_identification:_identify(src/ros2_pid_library/example_system) by extension 'ignore'
[1.400s] Level 1:colcon.colcon_core.package_identification:_identify(src/ros2_pid_library/example_system) by extension 'ignore_ament_install'
[1.400s] Level 1:colcon.colcon_core.package_identification:_identify(src/ros2_pid_library/example_system) by extensions ['colcon_pkg']
[1.400s] Level 1:colcon.colcon_core.package_identification:_identify(src/ros2_pid_library/example_system) by extension 'colcon_pkg'
[1.400s] Level 1:colcon.colcon_core.package_identification:_identify(src/ros2_pid_library/example_system) by extensions ['colcon_meta']
[1.400s] Level 1:colcon.colcon_core.package_identification:_identify(src/ros2_pid_library/example_system) by extension 'colcon_meta'
[1.400s] Level 1:colcon.colcon_core.package_identification:_identify(src/ros2_pid_library/example_system) by extensions ['ros']
[1.400s] Level 1:colcon.colcon_core.package_identification:_identify(src/ros2_pid_library/example_system) by extension 'ros'
[1.401s] DEBUG:colcon.colcon_core.package_identification:Package 'src/ros2_pid_library/example_system' with type 'ros.ament_cmake' and name 'example_system'
[1.401s] Level 1:colcon.colcon_core.package_identification:_identify(src/ros2_pid_library/install) by extensions ['ignore', 'ignore_ament_install']
[1.401s] Level 1:colcon.colcon_core.package_identification:_identify(src/ros2_pid_library/install) by extension 'ignore'
[1.401s] Level 1:colcon.colcon_core.package_identification:_identify(src/ros2_pid_library/install) ignored
[1.401s] Level 1:colcon.colcon_core.package_identification:_identify(src/ros2_pid_library/log) by extensions ['ignore', 'ignore_ament_install']
[1.402s] Level 1:colcon.colcon_core.package_identification:_identify(src/ros2_pid_library/log) by extension 'ignore'
[1.402s] Level 1:colcon.colcon_core.package_identification:_identify(src/ros2_pid_library/log) ignored
[1.402s] Level 1:colcon.colcon_core.package_identification:_identify(src/ros2_pid_library/pid_library) by extensions ['ignore', 'ignore_ament_install']
[1.402s] Level 1:colcon.colcon_core.package_identification:_identify(src/ros2_pid_library/pid_library) by extension 'ignore'
[1.402s] Level 1:colcon.colcon_core.package_identification:_identify(src/ros2_pid_library/pid_library) by extension 'ignore_ament_install'
[1.402s] Level 1:colcon.colcon_core.package_identification:_identify(src/ros2_pid_library/pid_library) by extensions ['colcon_pkg']
[1.402s] Level 1:colcon.colcon_core.package_identification:_identify(src/ros2_pid_library/pid_library) by extension 'colcon_pkg'
[1.402s] Level 1:colcon.colcon_core.package_identification:_identify(src/ros2_pid_library/pid_library) by extensions ['colcon_meta']
[1.402s] Level 1:colcon.colcon_core.package_identification:_identify(src/ros2_pid_library/pid_library) by extension 'colcon_meta'
[1.402s] Level 1:colcon.colcon_core.package_identification:_identify(src/ros2_pid_library/pid_library) by extensions ['ros']
[1.402s] Level 1:colcon.colcon_core.package_identification:_identify(src/ros2_pid_library/pid_library) by extension 'ros'
[1.403s] DEBUG:colcon.colcon_core.package_identification:Package 'src/ros2_pid_library/pid_library' with type 'ros.ament_cmake' and name 'pid_library'
[1.403s] Level 1:colcon.colcon_core.package_identification:_identify(src/ros2_pid_library/use_library) by extensions ['ignore', 'ignore_ament_install']
[1.403s] Level 1:colcon.colcon_core.package_identification:_identify(src/ros2_pid_library/use_library) by extension 'ignore'
[1.403s] Level 1:colcon.colcon_core.package_identification:_identify(src/ros2_pid_library/use_library) by extension 'ignore_ament_install'
[1.403s] Level 1:colcon.colcon_core.package_identification:_identify(src/ros2_pid_library/use_library) by extensions ['colcon_pkg']
[1.403s] Level 1:colcon.colcon_core.package_identification:_identify(src/ros2_pid_library/use_library) by extension 'colcon_pkg'
[1.403s] Level 1:colcon.colcon_core.package_identification:_identify(src/ros2_pid_library/use_library) by extensions ['colcon_meta']
[1.403s] Level 1:colcon.colcon_core.package_identification:_identify(src/ros2_pid_library/use_library) by extension 'colcon_meta'
[1.403s] Level 1:colcon.colcon_core.package_identification:_identify(src/ros2_pid_library/use_library) by extensions ['ros']
[1.403s] Level 1:colcon.colcon_core.package_identification:_identify(src/ros2_pid_library/use_library) by extension 'ros'
[1.404s] DEBUG:colcon.colcon_core.package_identification:Package 'src/ros2_pid_library/use_library' with type 'ros.ament_cmake' and name 'use_library'
[1.404s] Level 1:colcon.colcon_core.package_identification:_identify(src/test_float) by extensions ['ignore', 'ignore_ament_install']
[1.404s] Level 1:colcon.colcon_core.package_identification:_identify(src/test_float) by extension 'ignore'
[1.404s] Level 1:colcon.colcon_core.package_identification:_identify(src/test_float) by extension 'ignore_ament_install'
[1.404s] Level 1:colcon.colcon_core.package_identification:_identify(src/test_float) by extensions ['colcon_pkg']
[1.404s] Level 1:colcon.colcon_core.package_identification:_identify(src/test_float) by extension 'colcon_pkg'
[1.405s] Level 1:colcon.colcon_core.package_identification:_identify(src/test_float) by extensions ['colcon_meta']
[1.405s] Level 1:colcon.colcon_core.package_identification:_identify(src/test_float) by extension 'colcon_meta'
[1.405s] Level 1:colcon.colcon_core.package_identification:_identify(src/test_float) by extensions ['ros']
[1.405s] Level 1:colcon.colcon_core.package_identification:_identify(src/test_float) by extension 'ros'
[1.405s] DEBUG:colcon.colcon_core.package_identification:Package 'src/test_float' with type 'ros.ament_cmake' and name 'test_float'
[1.405s] Level 1:colcon.colcon_core.package_discovery:discover_packages(recursive) using defaults
[1.406s] Level 1:colcon.colcon_core.package_discovery:discover_packages(ignore) discover
[1.406s] Level 1:colcon.colcon_core.package_discovery:discover_packages(ignore) using defaults
[1.406s] Level 1:colcon.colcon_core.package_discovery:discover_packages(path) discover
[1.406s] Level 1:colcon.colcon_core.package_discovery:discover_packages(path) using defaults
[1.521s] Level 1:colcon.colcon_core.package_discovery:discover_packages(prefix_path) check parameters
[1.521s] Level 1:colcon.colcon_core.package_discovery:discover_packages(prefix_path) discover
[1.560s] DEBUG:colcon.colcon_installed_package_information.package_discovery:Found 8 installed packages in /home/t-lemmel/vrx_ws/install
[1.580s] DEBUG:colcon.colcon_installed_package_information.package_discovery:Found 287 installed packages in /opt/ros/humble
[1.582s] Level 1:colcon.colcon_core.package_discovery:discover_packages(prefix_path) using defaults
[1.699s] Level 5:colcon.colcon_core.verb:set package 'aquabot_common' build argument 'cmake_args' from command line to 'None'
[1.699s] Level 5:colcon.colcon_core.verb:set package 'aquabot_common' build argument 'cmake_target' from command line to 'None'
[1.699s] Level 5:colcon.colcon_core.verb:set package 'aquabot_common' build argument 'cmake_target_skip_unavailable' from command line to 'False'
[1.699s] Level 5:colcon.colcon_core.verb:set package 'aquabot_common' build argument 'cmake_clean_cache' from command line to 'False'
[1.699s] Level 5:colcon.colcon_core.verb:set package 'aquabot_common' build argument 'cmake_clean_first' from command line to 'False'
[1.699s] Level 5:colcon.colcon_core.verb:set package 'aquabot_common' build argument 'cmake_force_configure' from command line to 'False'
[1.700s] Level 5:colcon.colcon_core.verb:set package 'aquabot_common' build argument 'ament_cmake_args' from command line to 'None'
[1.700s] Level 5:colcon.colcon_core.verb:set package 'aquabot_common' build argument 'catkin_cmake_args' from command line to 'None'
[1.700s] Level 5:colcon.colcon_core.verb:set package 'aquabot_common' build argument 'catkin_skip_building_tests' from command line to 'False'
[1.700s] DEBUG:colcon.colcon_core.verb:Building package 'aquabot_common' with the following arguments: {'ament_cmake_args': None, 'build_base': '/home/t-lemmel/Aquabot_Tom/build/aquabot_common', 'catkin_cmake_args': None, 'catkin_skip_building_tests': False, 'cmake_args': None, 'cmake_clean_cache': False, 'cmake_clean_first': False, 'cmake_force_configure': False, 'cmake_target': None, 'cmake_target_skip_unavailable': False, 'install_base': '/home/t-lemmel/Aquabot_Tom/install/aquabot_common', 'merge_install': False, 'path': '/home/t-lemmel/Aquabot_Tom/src/aquabot_common', 'symlink_install': True, 'test_result_base': None}
[1.718s] Level 5:colcon.colcon_core.verb:set package 'example_system' build argument 'cmake_args' from command line to 'None'
[1.718s] Level 5:colcon.colcon_core.verb:set package 'example_system' build argument 'cmake_target' from command line to 'None'
[1.718s] Level 5:colcon.colcon_core.verb:set package 'example_system' build argument 'cmake_target_skip_unavailable' from command line to 'False'
[1.718s] Level 5:colcon.colcon_core.verb:set package 'example_system' build argument 'cmake_clean_cache' from command line to 'False'
[1.718s] Level 5:colcon.colcon_core.verb:set package 'example_system' build argument 'cmake_clean_first' from command line to 'False'
[1.718s] Level 5:colcon.colcon_core.verb:set package 'example_system' build argument 'cmake_force_configure' from command line to 'False'
[1.718s] Level 5:colcon.colcon_core.verb:set package 'example_system' build argument 'ament_cmake_args' from command line to 'None'
[1.718s] Level 5:colcon.colcon_core.verb:set package 'example_system' build argument 'catkin_cmake_args' from command line to 'None'
[1.718s] Level 5:colcon.colcon_core.verb:set package 'example_system' build argument 'catkin_skip_building_tests' from command line to 'False'
[1.718s] DEBUG:colcon.colcon_core.verb:Building package 'example_system' with the following arguments: {'ament_cmake_args': None, 'build_base': '/home/t-lemmel/Aquabot_Tom/build/example_system', 'catkin_cmake_args': None, 'catkin_skip_building_tests': False, 'cmake_args': None, 'cmake_clean_cache': False, 'cmake_clean_first': False, 'cmake_force_configure': False, 'cmake_target': None, 'cmake_target_skip_unavailable': False, 'install_base': '/home/t-lemmel/Aquabot_Tom/install/example_system', 'merge_install': False, 'path': '/home/t-lemmel/Aquabot_Tom/src/ros2_pid_library/example_system', 'symlink_install': True, 'test_result_base': None}
[1.737s] Level 5:colcon.colcon_core.verb:set package 'package_thruster_activation' build argument 'cmake_args' from command line to 'None'
[1.737s] Level 5:colcon.colcon_core.verb:set package 'package_thruster_activation' build argument 'cmake_target' from command line to 'None'
[1.737s] Level 5:colcon.colcon_core.verb:set package 'package_thruster_activation' build argument 'cmake_target_skip_unavailable' from command line to 'False'
[1.737s] Level 5:colcon.colcon_core.verb:set package 'package_thruster_activation' build argument 'cmake_clean_cache' from command line to 'False'
[1.737s] Level 5:colcon.colcon_core.verb:set package 'package_thruster_activation' build argument 'cmake_clean_first' from command line to 'False'
[1.737s] Level 5:colcon.colcon_core.verb:set package 'package_thruster_activation' build argument 'cmake_force_configure' from command line to 'False'
[1.737s] Level 5:colcon.colcon_core.verb:set package 'package_thruster_activation' build argument 'ament_cmake_args' from command line to 'None'
[1.737s] Level 5:colcon.colcon_core.verb:set package 'package_thruster_activation' build argument 'catkin_cmake_args' from command line to 'None'
[1.737s] Level 5:colcon.colcon_core.verb:set package 'package_thruster_activation' build argument 'catkin_skip_building_tests' from command line to 'False'
[1.737s] DEBUG:colcon.colcon_core.verb:Building package 'package_thruster_activation' with the following arguments: {'ament_cmake_args': None, 'build_base': '/home/t-lemmel/Aquabot_Tom/build/package_thruster_activation', 'catkin_cmake_args': None, 'catkin_skip_building_tests': False, 'cmake_args': None, 'cmake_clean_cache': False, 'cmake_clean_first': False, 'cmake_force_configure': False, 'cmake_target': None, 'cmake_target_skip_unavailable': False, 'install_base': '/home/t-lemmel/Aquabot_Tom/install/package_thruster_activation', 'merge_install': False, 'path': '/home/t-lemmel/Aquabot_Tom/src/package_thruster_activation', 'symlink_install': True, 'test_result_base': None}
[1.756s] Level 5:colcon.colcon_core.verb:set package 'pid_library' build argument 'cmake_args' from command line to 'None'
[1.756s] Level 5:colcon.colcon_core.verb:set package 'pid_library' build argument 'cmake_target' from command line to 'None'
[1.756s] Level 5:colcon.colcon_core.verb:set package 'pid_library' build argument 'cmake_target_skip_unavailable' from command line to 'False'
[1.756s] Level 5:colcon.colcon_core.verb:set package 'pid_library' build argument 'cmake_clean_cache' from command line to 'False'
[1.756s] Level 5:colcon.colcon_core.verb:set package 'pid_library' build argument 'cmake_clean_first' from command line to 'False'
[1.756s] Level 5:colcon.colcon_core.verb:set package 'pid_library' build argument 'cmake_force_configure' from command line to 'False'
[1.756s] Level 5:colcon.colcon_core.verb:set package 'pid_library' build argument 'ament_cmake_args' from command line to 'None'
[1.756s] Level 5:colcon.colcon_core.verb:set package 'pid_library' build argument 'catkin_cmake_args' from command line to 'None'
[1.756s] Level 5:colcon.colcon_core.verb:set package 'pid_library' build argument 'catkin_skip_building_tests' from command line to 'False'
[1.756s] DEBUG:colcon.colcon_core.verb:Building package 'pid_library' with the following arguments: {'ament_cmake_args': None, 'build_base': '/home/t-lemmel/Aquabot_Tom/build/pid_library', 'catkin_cmake_args': None, 'catkin_skip_building_tests': False, 'cmake_args': None, 'cmake_clean_cache': False, 'cmake_clean_first': False, 'cmake_force_configure': False, 'cmake_target': None, 'cmake_target_skip_unavailable': False, 'install_base': '/home/t-lemmel/Aquabot_Tom/install/pid_library', 'merge_install': False, 'path': '/home/t-lemmel/Aquabot_Tom/src/ros2_pid_library/pid_library', 'symlink_install': True, 'test_result_base': None}
[1.775s] Level 5:colcon.colcon_core.verb:set package 'test_float' build argument 'cmake_args' from command line to 'None'
[1.775s] Level 5:colcon.colcon_core.verb:set package 'test_float' build argument 'cmake_target' from command line to 'None'
[1.775s] Level 5:colcon.colcon_core.verb:set package 'test_float' build argument 'cmake_target_skip_unavailable' from command line to 'False'
[1.775s] Level 5:colcon.colcon_core.verb:set package 'test_float' build argument 'cmake_clean_cache' from command line to 'False'
[1.775s] Level 5:colcon.colcon_core.verb:set package 'test_float' build argument 'cmake_clean_first' from command line to 'False'
[1.775s] Level 5:colcon.colcon_core.verb:set package 'test_float' build argument 'cmake_force_configure' from command line to 'False'
[1.775s] Level 5:colcon.colcon_core.verb:set package 'test_float' build argument 'ament_cmake_args' from command line to 'None'
[1.775s] Level 5:colcon.colcon_core.verb:set package 'test_float' build argument 'catkin_cmake_args' from command line to 'None'
[1.775s] Level 5:colcon.colcon_core.verb:set package 'test_float' build argument 'catkin_skip_building_tests' from command line to 'False'
[1.775s] DEBUG:colcon.colcon_core.verb:Building package 'test_float' with the following arguments: {'ament_cmake_args': None, 'build_base': '/home/t-lemmel/Aquabot_Tom/build/test_float', 'catkin_cmake_args': None, 'catkin_skip_building_tests': False, 'cmake_args': None, 'cmake_clean_cache': False, 'cmake_clean_first': False, 'cmake_force_configure': False, 'cmake_target': None, 'cmake_target_skip_unavailable': False, 'install_base': '/home/t-lemmel/Aquabot_Tom/install/test_float', 'merge_install': False, 'path': '/home/t-lemmel/Aquabot_Tom/src/test_float', 'symlink_install': True, 'test_result_base': None}
[1.793s] Level 5:colcon.colcon_core.verb:set package 'use_library' build argument 'cmake_args' from command line to 'None'
[1.793s] Level 5:colcon.colcon_core.verb:set package 'use_library' build argument 'cmake_target' from command line to 'None'
[1.794s] Level 5:colcon.colcon_core.verb:set package 'use_library' build argument 'cmake_target_skip_unavailable' from command line to 'False'
[1.794s] Level 5:colcon.colcon_core.verb:set package 'use_library' build argument 'cmake_clean_cache' from command line to 'False'
[1.794s] Level 5:colcon.colcon_core.verb:set package 'use_library' build argument 'cmake_clean_first' from command line to 'False'
[1.794s] Level 5:colcon.colcon_core.verb:set package 'use_library' build argument 'cmake_force_configure' from command line to 'False'
[1.794s] Level 5:colcon.colcon_core.verb:set package 'use_library' build argument 'ament_cmake_args' from command line to 'None'
[1.794s] Level 5:colcon.colcon_core.verb:set package 'use_library' build argument 'catkin_cmake_args' from command line to 'None'
[1.794s] Level 5:colcon.colcon_core.verb:set package 'use_library' build argument 'catkin_skip_building_tests' from command line to 'False'
[1.794s] DEBUG:colcon.colcon_core.verb:Building package 'use_library' with the following arguments: {'ament_cmake_args': None, 'build_base': '/home/t-lemmel/Aquabot_Tom/build/use_library', 'catkin_cmake_args': None, 'catkin_skip_building_tests': False, 'cmake_args': None, 'cmake_clean_cache': False, 'cmake_clean_first': False, 'cmake_force_configure': False, 'cmake_target': None, 'cmake_target_skip_unavailable': False, 'install_base': '/home/t-lemmel/Aquabot_Tom/install/use_library', 'merge_install': False, 'path': '/home/t-lemmel/Aquabot_Tom/src/ros2_pid_library/use_library', 'symlink_install': True, 'test_result_base': None}
[1.812s] INFO:colcon.colcon_core.executor:Executing jobs using 'parallel' executor
[1.832s] DEBUG:colcon.colcon_parallel_executor.executor.parallel:run_until_complete
[1.832s] INFO:colcon.colcon_ros.task.ament_cmake.build:Building ROS package in '/home/t-lemmel/Aquabot_Tom/src/ros2_pid_library/pid_library' with build type 'ament_cmake'
[1.832s] INFO:colcon.colcon_cmake.task.cmake.build:Building CMake package in '/home/t-lemmel/Aquabot_Tom/src/ros2_pid_library/pid_library'
[1.853s] INFO:colcon.colcon_core.plugin_system:Skipping extension 'colcon_core.shell.bat': Not used on non-Windows systems
[1.853s] INFO:colcon.colcon_core.shell:Skip shell extension 'powershell' for command environment: Not usable outside of PowerShell
[1.853s] DEBUG:colcon.colcon_core.shell:Skip shell extension 'dsv' for command environment
[1.912s] INFO:colcon.colcon_ros.task.ament_cmake.build:Building ROS package in '/home/t-lemmel/Aquabot_Tom/src/aquabot_common' with build type 'ament_cmake'
[1.913s] INFO:colcon.colcon_cmake.task.cmake.build:Building CMake package in '/home/t-lemmel/Aquabot_Tom/src/aquabot_common'
[1.934s] INFO:colcon.colcon_core.shell:Skip shell extension 'powershell' for command environment: Not usable outside of PowerShell
[1.934s] DEBUG:colcon.colcon_core.shell:Skip shell extension 'dsv' for command environment
[1.997s] INFO:colcon.colcon_ros.task.ament_cmake.build:Building ROS package in '/home/t-lemmel/Aquabot_Tom/src/ros2_pid_library/example_system' with build type 'ament_cmake'
[1.998s] INFO:colcon.colcon_cmake.task.cmake.build:Building CMake package in '/home/t-lemmel/Aquabot_Tom/src/ros2_pid_library/example_system'
[2.030s] INFO:colcon.colcon_core.shell:Skip shell extension 'powershell' for command environment: Not usable outside of PowerShell
[2.030s] DEBUG:colcon.colcon_core.shell:Skip shell extension 'dsv' for command environment
[2.110s] INFO:colcon.colcon_ros.task.ament_cmake.build:Building ROS package in '/home/t-lemmel/Aquabot_Tom/src/package_thruster_activation' with build type 'ament_cmake'
[2.111s] INFO:colcon.colcon_cmake.task.cmake.build:Building CMake package in '/home/t-lemmel/Aquabot_Tom/src/package_thruster_activation'
[2.133s] INFO:colcon.colcon_core.shell:Skip shell extension 'powershell' for command environment: Not usable outside of PowerShell
[2.134s] DEBUG:colcon.colcon_core.shell:Skip shell extension 'dsv' for command environment
[2.203s] INFO:colcon.colcon_ros.task.ament_cmake.build:Building ROS package in '/home/t-lemmel/Aquabot_Tom/src/test_float' with build type 'ament_cmake'
[2.203s] INFO:colcon.colcon_cmake.task.cmake.build:Building CMake package in '/home/t-lemmel/Aquabot_Tom/src/test_float'
[2.225s] INFO:colcon.colcon_core.shell:Skip shell extension 'powershell' for command environment: Not usable outside of PowerShell
[2.225s] DEBUG:colcon.colcon_core.shell:Skip shell extension 'dsv' for command environment
[2.304s] DEBUG:colcon.colcon_core.event_handler.log_command:Invoking command in '/home/t-lemmel/Aquabot_Tom/build/pid_library': CMAKE_PREFIX_PATH=${CMAKE_PREFIX_PATH}:/opt/ros/humble PS1_ori=\[\e]0;\u@\h: \w\a\]${debian_chroot:+($debian_chroot)}\[\033[01;32m\]\u@\h\[\033[00m\]:\[\033[01;34m\]\w\[\033[00m\]\$ /usr/bin/cmake --build /home/t-lemmel/Aquabot_Tom/build/pid_library -- -j8 -l8
[2.308s] DEBUG:colcon.colcon_core.event_handler.log_command:Invoking command in '/home/t-lemmel/Aquabot_Tom/build/aquabot_common': CMAKE_PREFIX_PATH=${CMAKE_PREFIX_PATH}:/opt/ros/humble PS1_ori=\[\e]0;\u@\h: \w\a\]${debian_chroot:+($debian_chroot)}\[\033[01;32m\]\u@\h\[\033[00m\]:\[\033[01;34m\]\w\[\033[00m\]\$ /usr/bin/cmake --build /home/t-lemmel/Aquabot_Tom/build/aquabot_common -- -j8 -l8
[2.312s] DEBUG:colcon.colcon_core.event_handler.log_command:Invoking command in '/home/t-lemmel/Aquabot_Tom/build/example_system': CMAKE_PREFIX_PATH=${CMAKE_PREFIX_PATH}:/opt/ros/humble PS1_ori=\[\e]0;\u@\h: \w\a\]${debian_chroot:+($debian_chroot)}\[\033[01;32m\]\u@\h\[\033[00m\]:\[\033[01;34m\]\w\[\033[00m\]\$ /usr/bin/cmake --build /home/t-lemmel/Aquabot_Tom/build/example_system -- -j8 -l8
[2.318s] DEBUG:colcon.colcon_core.event_handler.log_command:Invoking command in '/home/t-lemmel/Aquabot_Tom/build/package_thruster_activation': CMAKE_PREFIX_PATH=${CMAKE_PREFIX_PATH}:/opt/ros/humble PS1_ori=\[\e]0;\u@\h: \w\a\]${debian_chroot:+($debian_chroot)}\[\033[01;32m\]\u@\h\[\033[00m\]:\[\033[01;34m\]\w\[\033[00m\]\$ /usr/bin/cmake --build /home/t-lemmel/Aquabot_Tom/build/package_thruster_activation -- -j8 -l8
[2.327s] DEBUG:colcon.colcon_core.event_handler.log_command:Invoking command in '/home/t-lemmel/Aquabot_Tom/build/test_float': CMAKE_PREFIX_PATH=${CMAKE_PREFIX_PATH}:/opt/ros/humble PS1_ori=\[\e]0;\u@\h: \w\a\]${debian_chroot:+($debian_chroot)}\[\033[01;32m\]\u@\h\[\033[00m\]:\[\033[01;34m\]\w\[\033[00m\]\$ /usr/bin/cmake --build /home/t-lemmel/Aquabot_Tom/build/test_float -- -j8 -l8
[2.410s] DEBUG:colcon.colcon_core.event_handler.log_command:Invoked command in '/home/t-lemmel/Aquabot_Tom/build/pid_library' returned '0': CMAKE_PREFIX_PATH=${CMAKE_PREFIX_PATH}:/opt/ros/humble PS1_ori=\[\e]0;\u@\h: \w\a\]${debian_chroot:+($debian_chroot)}\[\033[01;32m\]\u@\h\[\033[00m\]:\[\033[01;34m\]\w\[\033[00m\]\$ /usr/bin/cmake --build /home/t-lemmel/Aquabot_Tom/build/pid_library -- -j8 -l8
[2.428s] DEBUG:colcon.colcon_core.event_handler.log_command:Invoked command in '/home/t-lemmel/Aquabot_Tom/build/example_system' returned '0': CMAKE_PREFIX_PATH=${CMAKE_PREFIX_PATH}:/opt/ros/humble PS1_ori=\[\e]0;\u@\h: \w\a\]${debian_chroot:+($debian_chroot)}\[\033[01;32m\]\u@\h\[\033[00m\]:\[\033[01;34m\]\w\[\033[00m\]\$ /usr/bin/cmake --build /home/t-lemmel/Aquabot_Tom/build/example_system -- -j8 -l8
[2.446s] DEBUG:colcon.colcon_core.event_handler.log_command:Invoked command in '/home/t-lemmel/Aquabot_Tom/build/package_thruster_activation' returned '0': CMAKE_PREFIX_PATH=${CMAKE_PREFIX_PATH}:/opt/ros/humble PS1_ori=\[\e]0;\u@\h: \w\a\]${debian_chroot:+($debian_chroot)}\[\033[01;32m\]\u@\h\[\033[00m\]:\[\033[01;34m\]\w\[\033[00m\]\$ /usr/bin/cmake --build /home/t-lemmel/Aquabot_Tom/build/package_thruster_activation -- -j8 -l8
[2.448s] DEBUG:colcon.colcon_core.event_handler.log_command:Invoked command in '/home/t-lemmel/Aquabot_Tom/build/aquabot_common' returned '0': CMAKE_PREFIX_PATH=${CMAKE_PREFIX_PATH}:/opt/ros/humble PS1_ori=\[\e]0;\u@\h: \w\a\]${debian_chroot:+($debian_chroot)}\[\033[01;32m\]\u@\h\[\033[00m\]:\[\033[01;34m\]\w\[\033[00m\]\$ /usr/bin/cmake --build /home/t-lemmel/Aquabot_Tom/build/aquabot_common -- -j8 -l8
[2.460s] DEBUG:colcon.colcon_core.event_handler.log_command:Invoked command in '/home/t-lemmel/Aquabot_Tom/build/test_float' returned '0': CMAKE_PREFIX_PATH=${CMAKE_PREFIX_PATH}:/opt/ros/humble PS1_ori=\[\e]0;\u@\h: \w\a\]${debian_chroot:+($debian_chroot)}\[\033[01;32m\]\u@\h\[\033[00m\]:\[\033[01;34m\]\w\[\033[00m\]\$ /usr/bin/cmake --build /home/t-lemmel/Aquabot_Tom/build/test_float -- -j8 -l8
[2.476s] DEBUG:colcon.colcon_core.event_handler.log_command:Invoking command in '/home/t-lemmel/Aquabot_Tom/build/pid_library': CMAKE_PREFIX_PATH=${CMAKE_PREFIX_PATH}:/opt/ros/humble PS1_ori=\[\e]0;\u@\h: \w\a\]${debian_chroot:+($debian_chroot)}\[\033[01;32m\]\u@\h\[\033[00m\]:\[\033[01;34m\]\w\[\033[00m\]\$ /usr/bin/cmake --install /home/t-lemmel/Aquabot_Tom/build/pid_library
[2.482s] DEBUG:colcon.colcon_core.event_handler.log_command:Invoking command in '/home/t-lemmel/Aquabot_Tom/build/example_system': CMAKE_PREFIX_PATH=${CMAKE_PREFIX_PATH}:/opt/ros/humble PS1_ori=\[\e]0;\u@\h: \w\a\]${debian_chroot:+($debian_chroot)}\[\033[01;32m\]\u@\h\[\033[00m\]:\[\033[01;34m\]\w\[\033[00m\]\$ /usr/bin/cmake --install /home/t-lemmel/Aquabot_Tom/build/example_system
[2.486s] DEBUG:colcon.colcon_core.event_handler.log_command:Invoking command in '/home/t-lemmel/Aquabot_Tom/build/package_thruster_activation': CMAKE_PREFIX_PATH=${CMAKE_PREFIX_PATH}:/opt/ros/humble PS1_ori=\[\e]0;\u@\h: \w\a\]${debian_chroot:+($debian_chroot)}\[\033[01;32m\]\u@\h\[\033[00m\]:\[\033[01;34m\]\w\[\033[00m\]\$ /usr/bin/cmake --install /home/t-lemmel/Aquabot_Tom/build/package_thruster_activation
[2.498s] DEBUG:colcon.colcon_core.event_handler.log_command:Invoking command in '/home/t-lemmel/Aquabot_Tom/build/aquabot_common': CMAKE_PREFIX_PATH=${CMAKE_PREFIX_PATH}:/opt/ros/humble PS1_ori=\[\e]0;\u@\h: \w\a\]${debian_chroot:+($debian_chroot)}\[\033[01;32m\]\u@\h\[\033[00m\]:\[\033[01;34m\]\w\[\033[00m\]\$ /usr/bin/cmake --install /home/t-lemmel/Aquabot_Tom/build/aquabot_common
[2.521s] Level 1:colcon.colcon_core.environment:create_environment_scripts_only(example_system)
[2.525s] DEBUG:colcon.colcon_core.event_handler.log_command:Invoking command in '/home/t-lemmel/Aquabot_Tom/build/test_float': CMAKE_PREFIX_PATH=${CMAKE_PREFIX_PATH}:/opt/ros/humble PS1_ori=\[\e]0;\u@\h: \w\a\]${debian_chroot:+($debian_chroot)}\[\033[01;32m\]\u@\h\[\033[00m\]:\[\033[01;34m\]\w\[\033[00m\]\$ /usr/bin/cmake --install /home/t-lemmel/Aquabot_Tom/build/test_float
[2.532s] DEBUG:colcon.colcon_core.event_handler.log_command:Invoked command in '/home/t-lemmel/Aquabot_Tom/build/example_system' returned '0': CMAKE_PREFIX_PATH=${CMAKE_PREFIX_PATH}:/opt/ros/humble PS1_ori=\[\e]0;\u@\h: \w\a\]${debian_chroot:+($debian_chroot)}\[\033[01;32m\]\u@\h\[\033[00m\]:\[\033[01;34m\]\w\[\033[00m\]\$ /usr/bin/cmake --install /home/t-lemmel/Aquabot_Tom/build/example_system
[2.560s] Level 1:colcon.colcon_core.environment:checking '/home/t-lemmel/Aquabot_Tom/install/example_system' for CMake module files
[2.560s] Level 1:colcon.colcon_core.environment:checking '/home/t-lemmel/Aquabot_Tom/install/example_system' for CMake config files
[2.561s] Level 1:colcon.colcon_core.shell:create_environment_hook('example_system', 'cmake_prefix_path')
[2.581s] INFO:colcon.colcon_core.shell:Creating environment hook '/home/t-lemmel/Aquabot_Tom/install/example_system/share/example_system/hook/cmake_prefix_path.ps1'
[2.582s] INFO:colcon.colcon_core.shell:Creating environment descriptor '/home/t-lemmel/Aquabot_Tom/install/example_system/share/example_system/hook/cmake_prefix_path.dsv'
[2.582s] INFO:colcon.colcon_core.shell:Creating environment hook '/home/t-lemmel/Aquabot_Tom/install/example_system/share/example_system/hook/cmake_prefix_path.sh'
[2.583s] Level 1:colcon.colcon_core.environment:checking '/home/t-lemmel/Aquabot_Tom/install/example_system/lib'
[2.584s] Level 1:colcon.colcon_core.environment:checking '/home/t-lemmel/Aquabot_Tom/install/example_system/bin'
[2.584s] Level 1:colcon.colcon_core.environment:checking '/home/t-lemmel/Aquabot_Tom/install/example_system/lib/pkgconfig/example_system.pc'
[2.584s] Level 1:colcon.colcon_core.environment:checking '/home/t-lemmel/Aquabot_Tom/install/example_system/lib/python3.10/site-packages'
[2.584s] Level 1:colcon.colcon_core.environment:checking '/home/t-lemmel/Aquabot_Tom/install/example_system/bin'
[2.603s] INFO:colcon.colcon_core.shell:Creating package script '/home/t-lemmel/Aquabot_Tom/install/example_system/share/example_system/package.ps1'
[2.604s] INFO:colcon.colcon_core.shell:Creating package descriptor '/home/t-lemmel/Aquabot_Tom/install/example_system/share/example_system/package.dsv'
[2.605s] INFO:colcon.colcon_core.shell:Creating package script '/home/t-lemmel/Aquabot_Tom/install/example_system/share/example_system/package.sh'
[2.606s] INFO:colcon.colcon_core.shell:Creating package script '/home/t-lemmel/Aquabot_Tom/install/example_system/share/example_system/package.bash'
[2.606s] INFO:colcon.colcon_core.shell:Creating package script '/home/t-lemmel/Aquabot_Tom/install/example_system/share/example_system/package.zsh'
[2.607s] Level 1:colcon.colcon_core.environment:create_file_with_runtime_dependencies(/home/t-lemmel/Aquabot_Tom/install/example_system/share/colcon-core/packages/example_system)
[2.608s] Level 1:colcon.colcon_core.environment:create_environment_scripts_only(pid_library)
[2.609s] DEBUG:colcon.colcon_core.event_handler.log_command:Invoked command in '/home/t-lemmel/Aquabot_Tom/build/pid_library' returned '0': CMAKE_PREFIX_PATH=${CMAKE_PREFIX_PATH}:/opt/ros/humble PS1_ori=\[\e]0;\u@\h: \w\a\]${debian_chroot:+($debian_chroot)}\[\033[01;32m\]\u@\h\[\033[00m\]:\[\033[01;34m\]\w\[\033[00m\]\$ /usr/bin/cmake --install /home/t-lemmel/Aquabot_Tom/build/pid_library
[2.628s] Level 1:colcon.colcon_core.environment:checking '/home/t-lemmel/Aquabot_Tom/install/pid_library' for CMake module files
[2.628s] Level 1:colcon.colcon_core.environment:checking '/home/t-lemmel/Aquabot_Tom/install/pid_library' for CMake config files
[2.629s] Level 1:colcon.colcon_core.shell:create_environment_hook('pid_library', 'cmake_prefix_path')
[2.648s] INFO:colcon.colcon_core.shell:Creating environment hook '/home/t-lemmel/Aquabot_Tom/install/pid_library/share/pid_library/hook/cmake_prefix_path.ps1'
[2.649s] INFO:colcon.colcon_core.shell:Creating environment descriptor '/home/t-lemmel/Aquabot_Tom/install/pid_library/share/pid_library/hook/cmake_prefix_path.dsv'
[2.649s] INFO:colcon.colcon_core.shell:Creating environment hook '/home/t-lemmel/Aquabot_Tom/install/pid_library/share/pid_library/hook/cmake_prefix_path.sh'
[2.650s] Level 1:colcon.colcon_core.environment:checking '/home/t-lemmel/Aquabot_Tom/install/pid_library/lib'
[2.650s] Level 1:colcon.colcon_core.environment:checking '/home/t-lemmel/Aquabot_Tom/install/pid_library/bin'
[2.650s] Level 1:colcon.colcon_core.environment:checking '/home/t-lemmel/Aquabot_Tom/install/pid_library/lib/pkgconfig/pid_library.pc'
[2.650s] Level 1:colcon.colcon_core.environment:checking '/home/t-lemmel/Aquabot_Tom/install/pid_library/lib/python3.10/site-packages'
[2.651s] Level 1:colcon.colcon_core.environment:checking '/home/t-lemmel/Aquabot_Tom/install/pid_library/bin'
[2.670s] INFO:colcon.colcon_core.shell:Creating package script '/home/t-lemmel/Aquabot_Tom/install/pid_library/share/pid_library/package.ps1'
[2.671s] INFO:colcon.colcon_core.shell:Creating package descriptor '/home/t-lemmel/Aquabot_Tom/install/pid_library/share/pid_library/package.dsv'
[2.671s] INFO:colcon.colcon_core.shell:Creating package script '/home/t-lemmel/Aquabot_Tom/install/pid_library/share/pid_library/package.sh'
[2.672s] INFO:colcon.colcon_core.shell:Creating package script '/home/t-lemmel/Aquabot_Tom/install/pid_library/share/pid_library/package.bash'
[2.672s] INFO:colcon.colcon_core.shell:Creating package script '/home/t-lemmel/Aquabot_Tom/install/pid_library/share/pid_library/package.zsh'
[2.672s] Level 1:colcon.colcon_core.environment:create_file_with_runtime_dependencies(/home/t-lemmel/Aquabot_Tom/install/pid_library/share/colcon-core/packages/pid_library)
[2.674s] Level 1:colcon.colcon_core.environment:create_environment_scripts_only(package_thruster_activation)
[2.675s] DEBUG:colcon.colcon_core.event_handler.log_command:Invoked command in '/home/t-lemmel/Aquabot_Tom/build/package_thruster_activation' returned '0': CMAKE_PREFIX_PATH=${CMAKE_PREFIX_PATH}:/opt/ros/humble PS1_ori=\[\e]0;\u@\h: \w\a\]${debian_chroot:+($debian_chroot)}\[\033[01;32m\]\u@\h\[\033[00m\]:\[\033[01;34m\]\w\[\033[00m\]\$ /usr/bin/cmake --install /home/t-lemmel/Aquabot_Tom/build/package_thruster_activation
[2.694s] Level 1:colcon.colcon_core.environment:checking '/home/t-lemmel/Aquabot_Tom/install/package_thruster_activation' for CMake module files
[2.694s] Level 1:colcon.colcon_core.environment:checking '/home/t-lemmel/Aquabot_Tom/install/package_thruster_activation' for CMake config files
[2.694s] Level 1:colcon.colcon_core.shell:create_environment_hook('package_thruster_activation', 'cmake_prefix_path')
[2.713s] INFO:colcon.colcon_core.shell:Creating environment hook '/home/t-lemmel/Aquabot_Tom/install/package_thruster_activation/share/package_thruster_activation/hook/cmake_prefix_path.ps1'
[2.714s] INFO:colcon.colcon_core.shell:Creating environment descriptor '/home/t-lemmel/Aquabot_Tom/install/package_thruster_activation/share/package_thruster_activation/hook/cmake_prefix_path.dsv'
[2.714s] INFO:colcon.colcon_core.shell:Creating environment hook '/home/t-lemmel/Aquabot_Tom/install/package_thruster_activation/share/package_thruster_activation/hook/cmake_prefix_path.sh'
[2.715s] Level 1:colcon.colcon_core.environment:checking '/home/t-lemmel/Aquabot_Tom/install/package_thruster_activation/lib'
[2.715s] Level 1:colcon.colcon_core.environment:checking '/home/t-lemmel/Aquabot_Tom/install/package_thruster_activation/bin'
[2.715s] Level 1:colcon.colcon_core.environment:checking '/home/t-lemmel/Aquabot_Tom/install/package_thruster_activation/lib/pkgconfig/package_thruster_activation.pc'
[2.715s] Level 1:colcon.colcon_core.environment:checking '/home/t-lemmel/Aquabot_Tom/install/package_thruster_activation/lib/python3.10/site-packages'
[2.715s] Level 1:colcon.colcon_core.environment:checking '/home/t-lemmel/Aquabot_Tom/install/package_thruster_activation/bin'
[2.734s] INFO:colcon.colcon_core.shell:Creating package script '/home/t-lemmel/Aquabot_Tom/install/package_thruster_activation/share/package_thruster_activation/package.ps1'
[2.735s] INFO:colcon.colcon_core.shell:Creating package descriptor '/home/t-lemmel/Aquabot_Tom/install/package_thruster_activation/share/package_thruster_activation/package.dsv'
[2.735s] INFO:colcon.colcon_core.shell:Creating package script '/home/t-lemmel/Aquabot_Tom/install/package_thruster_activation/share/package_thruster_activation/package.sh'
[2.736s] INFO:colcon.colcon_core.shell:Creating package script '/home/t-lemmel/Aquabot_Tom/install/package_thruster_activation/share/package_thruster_activation/package.bash'
[2.736s] INFO:colcon.colcon_core.shell:Creating package script '/home/t-lemmel/Aquabot_Tom/install/package_thruster_activation/share/package_thruster_activation/package.zsh'
[2.737s] Level 1:colcon.colcon_core.environment:create_file_with_runtime_dependencies(/home/t-lemmel/Aquabot_Tom/install/package_thruster_activation/share/colcon-core/packages/package_thruster_activation)
[2.740s] Level 1:colcon.colcon_core.environment:create_environment_scripts_only(aquabot_common)
[2.740s] DEBUG:colcon.colcon_core.event_handler.log_command:Invoked command in '/home/t-lemmel/Aquabot_Tom/build/aquabot_common' returned '0': CMAKE_PREFIX_PATH=${CMAKE_PREFIX_PATH}:/opt/ros/humble PS1_ori=\[\e]0;\u@\h: \w\a\]${debian_chroot:+($debian_chroot)}\[\033[01;32m\]\u@\h\[\033[00m\]:\[\033[01;34m\]\w\[\033[00m\]\$ /usr/bin/cmake --install /home/t-lemmel/Aquabot_Tom/build/aquabot_common
[2.760s] Level 1:colcon.colcon_core.environment:checking '/home/t-lemmel/Aquabot_Tom/install/aquabot_common' for CMake module files
[2.761s] Level 1:colcon.colcon_core.environment:checking '/home/t-lemmel/Aquabot_Tom/install/aquabot_common' for CMake config files
[2.761s] Level 1:colcon.colcon_core.shell:create_environment_hook('aquabot_common', 'cmake_prefix_path')
[2.781s] INFO:colcon.colcon_core.shell:Creating environment hook '/home/t-lemmel/Aquabot_Tom/install/aquabot_common/share/aquabot_common/hook/cmake_prefix_path.ps1'
[2.781s] INFO:colcon.colcon_core.shell:Creating environment descriptor '/home/t-lemmel/Aquabot_Tom/install/aquabot_common/share/aquabot_common/hook/cmake_prefix_path.dsv'
[2.781s] INFO:colcon.colcon_core.shell:Creating environment hook '/home/t-lemmel/Aquabot_Tom/install/aquabot_common/share/aquabot_common/hook/cmake_prefix_path.sh'
[2.782s] Level 1:colcon.colcon_core.environment:checking '/home/t-lemmel/Aquabot_Tom/install/aquabot_common/lib'
[2.782s] Level 1:colcon.colcon_core.environment:checking '/home/t-lemmel/Aquabot_Tom/install/aquabot_common/bin'
[2.782s] Level 1:colcon.colcon_core.environment:checking '/home/t-lemmel/Aquabot_Tom/install/aquabot_common/lib/pkgconfig/aquabot_common.pc'
[2.782s] Level 1:colcon.colcon_core.environment:checking '/home/t-lemmel/Aquabot_Tom/install/aquabot_common/lib/python3.10/site-packages'
[2.783s] Level 1:colcon.colcon_core.environment:checking '/home/t-lemmel/Aquabot_Tom/install/aquabot_common/bin'
[2.802s] INFO:colcon.colcon_core.shell:Creating package script '/home/t-lemmel/Aquabot_Tom/install/aquabot_common/share/aquabot_common/package.ps1'
[2.802s] INFO:colcon.colcon_core.shell:Creating package descriptor '/home/t-lemmel/Aquabot_Tom/install/aquabot_common/share/aquabot_common/package.dsv'
[2.803s] INFO:colcon.colcon_core.shell:Creating package script '/home/t-lemmel/Aquabot_Tom/install/aquabot_common/share/aquabot_common/package.sh'
[2.803s] INFO:colcon.colcon_core.shell:Creating package script '/home/t-lemmel/Aquabot_Tom/install/aquabot_common/share/aquabot_common/package.bash'
[2.804s] INFO:colcon.colcon_core.shell:Creating package script '/home/t-lemmel/Aquabot_Tom/install/aquabot_common/share/aquabot_common/package.zsh'
[2.804s] Level 1:colcon.colcon_core.environment:create_file_with_runtime_dependencies(/home/t-lemmel/Aquabot_Tom/install/aquabot_common/share/colcon-core/packages/aquabot_common)
[2.805s] Level 1:colcon.colcon_core.environment:create_environment_scripts_only(test_float)
[2.806s] DEBUG:colcon.colcon_core.event_handler.log_command:Invoked command in '/home/t-lemmel/Aquabot_Tom/build/test_float' returned '0': CMAKE_PREFIX_PATH=${CMAKE_PREFIX_PATH}:/opt/ros/humble PS1_ori=\[\e]0;\u@\h: \w\a\]${debian_chroot:+($debian_chroot)}\[\033[01;32m\]\u@\h\[\033[00m\]:\[\033[01;34m\]\w\[\033[00m\]\$ /usr/bin/cmake --install /home/t-lemmel/Aquabot_Tom/build/test_float
[2.825s] Level 1:colcon.colcon_core.environment:checking '/home/t-lemmel/Aquabot_Tom/install/test_float' for CMake module files
[2.826s] Level 1:colcon.colcon_core.environment:checking '/home/t-lemmel/Aquabot_Tom/install/test_float' for CMake config files
[2.826s] Level 1:colcon.colcon_core.shell:create_environment_hook('test_float', 'cmake_prefix_path')
[2.845s] INFO:colcon.colcon_core.shell:Creating environment hook '/home/t-lemmel/Aquabot_Tom/install/test_float/share/test_float/hook/cmake_prefix_path.ps1'
[2.846s] INFO:colcon.colcon_core.shell:Creating environment descriptor '/home/t-lemmel/Aquabot_Tom/install/test_float/share/test_float/hook/cmake_prefix_path.dsv'
[2.846s] INFO:colcon.colcon_core.shell:Creating environment hook '/home/t-lemmel/Aquabot_Tom/install/test_float/share/test_float/hook/cmake_prefix_path.sh'
[2.847s] Level 1:colcon.colcon_core.environment:checking '/home/t-lemmel/Aquabot_Tom/install/test_float/lib'
[2.847s] Level 1:colcon.colcon_core.environment:checking '/home/t-lemmel/Aquabot_Tom/install/test_float/bin'
[2.847s] Level 1:colcon.colcon_core.environment:checking '/home/t-lemmel/Aquabot_Tom/install/test_float/lib/pkgconfig/test_float.pc'
[2.847s] Level 1:colcon.colcon_core.environment:checking '/home/t-lemmel/Aquabot_Tom/install/test_float/lib/python3.10/site-packages'
[2.848s] Level 1:colcon.colcon_core.environment:checking '/home/t-lemmel/Aquabot_Tom/install/test_float/bin'
[2.867s] INFO:colcon.colcon_core.shell:Creating package script '/home/t-lemmel/Aquabot_Tom/install/test_float/share/test_float/package.ps1'
[2.867s] INFO:colcon.colcon_core.shell:Creating package descriptor '/home/t-lemmel/Aquabot_Tom/install/test_float/share/test_float/package.dsv'
[2.868s] INFO:colcon.colcon_core.shell:Creating package script '/home/t-lemmel/Aquabot_Tom/install/test_float/share/test_float/package.sh'
[2.868s] INFO:colcon.colcon_core.shell:Creating package script '/home/t-lemmel/Aquabot_Tom/install/test_float/share/test_float/package.bash'
[2.869s] INFO:colcon.colcon_core.shell:Creating package script '/home/t-lemmel/Aquabot_Tom/install/test_float/share/test_float/package.zsh'
[2.869s] Level 1:colcon.colcon_core.environment:create_file_with_runtime_dependencies(/home/t-lemmel/Aquabot_Tom/install/test_float/share/colcon-core/packages/test_float)
[2.889s] Level 1:colcon.colcon_core.environment:create_environment_scripts_only(example_system)
[2.908s] Level 1:colcon.colcon_core.environment:checking '/home/t-lemmel/Aquabot_Tom/install/example_system' for CMake module files
[2.909s] Level 1:colcon.colcon_core.environment:checking '/home/t-lemmel/Aquabot_Tom/install/example_system' for CMake config files
[2.909s] Level 1:colcon.colcon_core.shell:create_environment_hook('example_system', 'cmake_prefix_path')
[2.928s] INFO:colcon.colcon_core.shell:Creating environment hook '/home/t-lemmel/Aquabot_Tom/install/example_system/share/example_system/hook/cmake_prefix_path.ps1'
[2.929s] INFO:colcon.colcon_core.shell:Creating environment descriptor '/home/t-lemmel/Aquabot_Tom/install/example_system/share/example_system/hook/cmake_prefix_path.dsv'
[2.929s] INFO:colcon.colcon_core.shell:Creating environment hook '/home/t-lemmel/Aquabot_Tom/install/example_system/share/example_system/hook/cmake_prefix_path.sh'
[2.930s] Level 1:colcon.colcon_core.environment:checking '/home/t-lemmel/Aquabot_Tom/install/example_system/lib'
[2.930s] Level 1:colcon.colcon_core.environment:checking '/home/t-lemmel/Aquabot_Tom/install/example_system/bin'
[2.930s] Level 1:colcon.colcon_core.environment:checking '/home/t-lemmel/Aquabot_Tom/install/example_system/lib/pkgconfig/example_system.pc'
[2.930s] Level 1:colcon.colcon_core.environment:checking '/home/t-lemmel/Aquabot_Tom/install/example_system/lib/python3.10/site-packages'
[2.930s] Level 1:colcon.colcon_core.environment:checking '/home/t-lemmel/Aquabot_Tom/install/example_system/bin'
[2.949s] INFO:colcon.colcon_core.shell:Creating package script '/home/t-lemmel/Aquabot_Tom/install/example_system/share/example_system/package.ps1'
[2.950s] INFO:colcon.colcon_core.shell:Creating package descriptor '/home/t-lemmel/Aquabot_Tom/install/example_system/share/example_system/package.dsv'
[2.951s] INFO:colcon.colcon_core.shell:Creating package script '/home/t-lemmel/Aquabot_Tom/install/example_system/share/example_system/package.sh'
[2.951s] INFO:colcon.colcon_core.shell:Creating package script '/home/t-lemmel/Aquabot_Tom/install/example_system/share/example_system/package.bash'
[2.951s] INFO:colcon.colcon_core.shell:Creating package script '/home/t-lemmel/Aquabot_Tom/install/example_system/share/example_system/package.zsh'
[2.952s] Level 1:colcon.colcon_core.environment:create_file_with_runtime_dependencies(/home/t-lemmel/Aquabot_Tom/install/example_system/share/colcon-core/packages/example_system)
[2.972s] Level 1:colcon.colcon_core.environment:create_environment_scripts_only(pid_library)
[2.991s] Level 1:colcon.colcon_core.environment:checking '/home/t-lemmel/Aquabot_Tom/install/pid_library' for CMake module files
[2.991s] Level 1:colcon.colcon_core.environment:checking '/home/t-lemmel/Aquabot_Tom/install/pid_library' for CMake config files
[2.992s] Level 1:colcon.colcon_core.shell:create_environment_hook('pid_library', 'cmake_prefix_path')
[3.010s] INFO:colcon.colcon_core.shell:Creating environment hook '/home/t-lemmel/Aquabot_Tom/install/pid_library/share/pid_library/hook/cmake_prefix_path.ps1'
[3.011s] INFO:colcon.colcon_core.shell:Creating environment descriptor '/home/t-lemmel/Aquabot_Tom/install/pid_library/share/pid_library/hook/cmake_prefix_path.dsv'
[3.011s] INFO:colcon.colcon_core.shell:Creating environment hook '/home/t-lemmel/Aquabot_Tom/install/pid_library/share/pid_library/hook/cmake_prefix_path.sh'
[3.012s] Level 1:colcon.colcon_core.environment:checking '/home/t-lemmel/Aquabot_Tom/install/pid_library/lib'
[3.012s] Level 1:colcon.colcon_core.environment:checking '/home/t-lemmel/Aquabot_Tom/install/pid_library/bin'
[3.012s] Level 1:colcon.colcon_core.environment:checking '/home/t-lemmel/Aquabot_Tom/install/pid_library/lib/pkgconfig/pid_library.pc'
[3.012s] Level 1:colcon.colcon_core.environment:checking '/home/t-lemmel/Aquabot_Tom/install/pid_library/lib/python3.10/site-packages'
[3.012s] Level 1:colcon.colcon_core.environment:checking '/home/t-lemmel/Aquabot_Tom/install/pid_library/bin'
[3.031s] INFO:colcon.colcon_core.shell:Creating package script '/home/t-lemmel/Aquabot_Tom/install/pid_library/share/pid_library/package.ps1'
[3.032s] INFO:colcon.colcon_core.shell:Creating package descriptor '/home/t-lemmel/Aquabot_Tom/install/pid_library/share/pid_library/package.dsv'
[3.032s] INFO:colcon.colcon_core.shell:Creating package script '/home/t-lemmel/Aquabot_Tom/install/pid_library/share/pid_library/package.sh'
[3.033s] INFO:colcon.colcon_core.shell:Creating package script '/home/t-lemmel/Aquabot_Tom/install/pid_library/share/pid_library/package.bash'
[3.033s] INFO:colcon.colcon_core.shell:Creating package script '/home/t-lemmel/Aquabot_Tom/install/pid_library/share/pid_library/package.zsh'
[3.033s] Level 1:colcon.colcon_core.environment:create_file_with_runtime_dependencies(/home/t-lemmel/Aquabot_Tom/install/pid_library/share/colcon-core/packages/pid_library)
[3.034s] INFO:colcon.colcon_ros.task.ament_cmake.build:Building ROS package in '/home/t-lemmel/Aquabot_Tom/src/ros2_pid_library/use_library' with build type 'ament_cmake'
[3.034s] INFO:colcon.colcon_cmake.task.cmake.build:Building CMake package in '/home/t-lemmel/Aquabot_Tom/src/ros2_pid_library/use_library'
[3.055s] INFO:colcon.colcon_core.shell:Skip shell extension 'powershell' for command environment: Not usable outside of PowerShell
[3.055s] DEBUG:colcon.colcon_core.shell:Skip shell extension 'dsv' for command environment
[3.135s] Level 1:colcon.colcon_core.environment:create_environment_scripts_only(package_thruster_activation)
[3.154s] Level 1:colcon.colcon_core.environment:checking '/home/t-lemmel/Aquabot_Tom/install/package_thruster_activation' for CMake module files
[3.155s] Level 1:colcon.colcon_core.environment:checking '/home/t-lemmel/Aquabot_Tom/install/package_thruster_activation' for CMake config files
[3.155s] Level 1:colcon.colcon_core.shell:create_environment_hook('package_thruster_activation', 'cmake_prefix_path')
[3.174s] INFO:colcon.colcon_core.shell:Creating environment hook '/home/t-lemmel/Aquabot_Tom/install/package_thruster_activation/share/package_thruster_activation/hook/cmake_prefix_path.ps1'
[3.174s] INFO:colcon.colcon_core.shell:Creating environment descriptor '/home/t-lemmel/Aquabot_Tom/install/package_thruster_activation/share/package_thruster_activation/hook/cmake_prefix_path.dsv'
[3.175s] INFO:colcon.colcon_core.shell:Creating environment hook '/home/t-lemmel/Aquabot_Tom/install/package_thruster_activation/share/package_thruster_activation/hook/cmake_prefix_path.sh'
[3.175s] Level 1:colcon.colcon_core.environment:checking '/home/t-lemmel/Aquabot_Tom/install/package_thruster_activation/lib'
[3.176s] Level 1:colcon.colcon_core.environment:checking '/home/t-lemmel/Aquabot_Tom/install/package_thruster_activation/bin'
[3.176s] Level 1:colcon.colcon_core.environment:checking '/home/t-lemmel/Aquabot_Tom/install/package_thruster_activation/lib/pkgconfig/package_thruster_activation.pc'
[3.176s] Level 1:colcon.colcon_core.environment:checking '/home/t-lemmel/Aquabot_Tom/install/package_thruster_activation/lib/python3.10/site-packages'
[3.176s] Level 1:colcon.colcon_core.environment:checking '/home/t-lemmel/Aquabot_Tom/install/package_thruster_activation/bin'
[3.195s] INFO:colcon.colcon_core.shell:Creating package script '/home/t-lemmel/Aquabot_Tom/install/package_thruster_activation/share/package_thruster_activation/package.ps1'
[3.196s] INFO:colcon.colcon_core.shell:Creating package descriptor '/home/t-lemmel/Aquabot_Tom/install/package_thruster_activation/share/package_thruster_activation/package.dsv'
[3.196s] INFO:colcon.colcon_core.shell:Creating package script '/home/t-lemmel/Aquabot_Tom/install/package_thruster_activation/share/package_thruster_activation/package.sh'
[3.197s] INFO:colcon.colcon_core.shell:Creating package script '/home/t-lemmel/Aquabot_Tom/install/package_thruster_activation/share/package_thruster_activation/package.bash'
[3.197s] INFO:colcon.colcon_core.shell:Creating package script '/home/t-lemmel/Aquabot_Tom/install/package_thruster_activation/share/package_thruster_activation/package.zsh'
[3.197s] Level 1:colcon.colcon_core.environment:create_file_with_runtime_dependencies(/home/t-lemmel/Aquabot_Tom/install/package_thruster_activation/share/colcon-core/packages/package_thruster_activation)
[3.217s] Level 1:colcon.colcon_core.environment:create_environment_scripts_only(aquabot_common)
[3.236s] Level 1:colcon.colcon_core.environment:checking '/home/t-lemmel/Aquabot_Tom/install/aquabot_common' for CMake module files
[3.237s] Level 1:colcon.colcon_core.environment:checking '/home/t-lemmel/Aquabot_Tom/install/aquabot_common' for CMake config files
[3.238s] Level 1:colcon.colcon_core.shell:create_environment_hook('aquabot_common', 'cmake_prefix_path')
[3.256s] INFO:colcon.colcon_core.shell:Creating environment hook '/home/t-lemmel/Aquabot_Tom/install/aquabot_common/share/aquabot_common/hook/cmake_prefix_path.ps1'
[3.257s] INFO:colcon.colcon_core.shell:Creating environment descriptor '/home/t-lemmel/Aquabot_Tom/install/aquabot_common/share/aquabot_common/hook/cmake_prefix_path.dsv'
[3.257s] INFO:colcon.colcon_core.shell:Creating environment hook '/home/t-lemmel/Aquabot_Tom/install/aquabot_common/share/aquabot_common/hook/cmake_prefix_path.sh'
[3.258s] Level 1:colcon.colcon_core.environment:checking '/home/t-lemmel/Aquabot_Tom/install/aquabot_common/lib'
[3.258s] Level 1:colcon.colcon_core.environment:checking '/home/t-lemmel/Aquabot_Tom/install/aquabot_common/bin'
[3.258s] Level 1:colcon.colcon_core.environment:checking '/home/t-lemmel/Aquabot_Tom/install/aquabot_common/lib/pkgconfig/aquabot_common.pc'
[3.258s] Level 1:colcon.colcon_core.environment:checking '/home/t-lemmel/Aquabot_Tom/install/aquabot_common/lib/python3.10/site-packages'
[3.259s] Level 1:colcon.colcon_core.environment:checking '/home/t-lemmel/Aquabot_Tom/install/aquabot_common/bin'
[3.278s] INFO:colcon.colcon_core.shell:Creating package script '/home/t-lemmel/Aquabot_Tom/install/aquabot_common/share/aquabot_common/package.ps1'
[3.279s] INFO:colcon.colcon_core.shell:Creating package descriptor '/home/t-lemmel/Aquabot_Tom/install/aquabot_common/share/aquabot_common/package.dsv'
[3.279s] INFO:colcon.colcon_core.shell:Creating package script '/home/t-lemmel/Aquabot_Tom/install/aquabot_common/share/aquabot_common/package.sh'
[3.280s] INFO:colcon.colcon_core.shell:Creating package script '/home/t-lemmel/Aquabot_Tom/install/aquabot_common/share/aquabot_common/package.bash'
[3.280s] INFO:colcon.colcon_core.shell:Creating package script '/home/t-lemmel/Aquabot_Tom/install/aquabot_common/share/aquabot_common/package.zsh'
[3.281s] Level 1:colcon.colcon_core.environment:create_file_with_runtime_dependencies(/home/t-lemmel/Aquabot_Tom/install/aquabot_common/share/colcon-core/packages/aquabot_common)
[3.301s] Level 1:colcon.colcon_core.environment:create_environment_scripts_only(test_float)
[3.320s] Level 1:colcon.colcon_core.environment:checking '/home/t-lemmel/Aquabot_Tom/install/test_float' for CMake module files
[3.320s] Level 1:colcon.colcon_core.environment:checking '/home/t-lemmel/Aquabot_Tom/install/test_float' for CMake config files
[3.320s] Level 1:colcon.colcon_core.shell:create_environment_hook('test_float', 'cmake_prefix_path')
[3.339s] INFO:colcon.colcon_core.shell:Creating environment hook '/home/t-lemmel/Aquabot_Tom/install/test_float/share/test_float/hook/cmake_prefix_path.ps1'
[3.340s] INFO:colcon.colcon_core.shell:Creating environment descriptor '/home/t-lemmel/Aquabot_Tom/install/test_float/share/test_float/hook/cmake_prefix_path.dsv'
[3.340s] INFO:colcon.colcon_core.shell:Creating environment hook '/home/t-lemmel/Aquabot_Tom/install/test_float/share/test_float/hook/cmake_prefix_path.sh'
[3.341s] Level 1:colcon.colcon_core.environment:checking '/home/t-lemmel/Aquabot_Tom/install/test_float/lib'
[3.341s] Level 1:colcon.colcon_core.environment:checking '/home/t-lemmel/Aquabot_Tom/install/test_float/bin'
[3.341s] Level 1:colcon.colcon_core.environment:checking '/home/t-lemmel/Aquabot_Tom/install/test_float/lib/pkgconfig/test_float.pc'
[3.341s] Level 1:colcon.colcon_core.environment:checking '/home/t-lemmel/Aquabot_Tom/install/test_float/lib/python3.10/site-packages'
[3.341s] Level 1:colcon.colcon_core.environment:checking '/home/t-lemmel/Aquabot_Tom/install/test_float/bin'
[3.362s] INFO:colcon.colcon_core.shell:Creating package script '/home/t-lemmel/Aquabot_Tom/install/test_float/share/test_float/package.ps1'
[3.363s] INFO:colcon.colcon_core.shell:Creating package descriptor '/home/t-lemmel/Aquabot_Tom/install/test_float/share/test_float/package.dsv'
[3.364s] INFO:colcon.colcon_core.shell:Creating package script '/home/t-lemmel/Aquabot_Tom/install/test_float/share/test_float/package.sh'
[3.364s] INFO:colcon.colcon_core.shell:Creating package script '/home/t-lemmel/Aquabot_Tom/install/test_float/share/test_float/package.bash'
[3.365s] INFO:colcon.colcon_core.shell:Creating package script '/home/t-lemmel/Aquabot_Tom/install/test_float/share/test_float/package.zsh'
[3.365s] Level 1:colcon.colcon_core.environment:create_file_with_runtime_dependencies(/home/t-lemmel/Aquabot_Tom/install/test_float/share/colcon-core/packages/test_float)
[3.370s] DEBUG:colcon.colcon_core.event_handler.log_command:Invoking command in '/home/t-lemmel/Aquabot_Tom/build/use_library': AMENT_PREFIX_PATH=/home/t-lemmel/Aquabot_Tom/install/pid_library:${AMENT_PREFIX_PATH} CMAKE_PREFIX_PATH=/home/t-lemmel/Aquabot_Tom/install/pid_library:/home/t-lemmel/Aquabot_Tom/install/use_library:/home/t-lemmel/Aquabot_Tom/install/test_float:/home/t-lemmel/Aquabot_Tom/install/package_thruster_activation:/home/t-lemmel/Aquabot_Tom/install/example_system:/home/t-lemmel/Aquabot_Tom/install/aquabot_common:/home/t-lemmel/vrx_ws/install:/opt/ros/humble PS1_ori=\[\e]0;\u@\h: \w\a\]${debian_chroot:+($debian_chroot)}\[\033[01;32m\]\u@\h\[\033[00m\]:\[\033[01;34m\]\w\[\033[00m\]\$ /usr/bin/cmake --build /home/t-lemmel/Aquabot_Tom/build/use_library -- -j8 -l8
[3.459s] DEBUG:colcon.colcon_core.event_handler.log_command:Invoked command in '/home/t-lemmel/Aquabot_Tom/build/use_library' returned '0': AMENT_PREFIX_PATH=/home/t-lemmel/Aquabot_Tom/install/pid_library:${AMENT_PREFIX_PATH} CMAKE_PREFIX_PATH=/home/t-lemmel/Aquabot_Tom/install/pid_library:/home/t-lemmel/Aquabot_Tom/install/use_library:/home/t-lemmel/Aquabot_Tom/install/test_float:/home/t-lemmel/Aquabot_Tom/install/package_thruster_activation:/home/t-lemmel/Aquabot_Tom/install/example_system:/home/t-lemmel/Aquabot_Tom/install/aquabot_common:/home/t-lemmel/vrx_ws/install:/opt/ros/humble PS1_ori=\[\e]0;\u@\h: \w\a\]${debian_chroot:+($debian_chroot)}\[\033[01;32m\]\u@\h\[\033[00m\]:\[\033[01;34m\]\w\[\033[00m\]\$ /usr/bin/cmake --build /home/t-lemmel/Aquabot_Tom/build/use_library -- -j8 -l8
[3.494s] DEBUG:colcon.colcon_core.event_handler.log_command:Invoking command in '/home/t-lemmel/Aquabot_Tom/build/use_library': AMENT_PREFIX_PATH=/home/t-lemmel/Aquabot_Tom/install/pid_library:${AMENT_PREFIX_PATH} CMAKE_PREFIX_PATH=/home/t-lemmel/Aquabot_Tom/install/pid_library:/home/t-lemmel/Aquabot_Tom/install/use_library:/home/t-lemmel/Aquabot_Tom/install/test_float:/home/t-lemmel/Aquabot_Tom/install/package_thruster_activation:/home/t-lemmel/Aquabot_Tom/install/example_system:/home/t-lemmel/Aquabot_Tom/install/aquabot_common:/home/t-lemmel/vrx_ws/install:/opt/ros/humble PS1_ori=\[\e]0;\u@\h: \w\a\]${debian_chroot:+($debian_chroot)}\[\033[01;32m\]\u@\h\[\033[00m\]:\[\033[01;34m\]\w\[\033[00m\]\$ /usr/bin/cmake --install /home/t-lemmel/Aquabot_Tom/build/use_library
[3.521s] Level 1:colcon.colcon_core.environment:create_environment_scripts_only(use_library)
[3.522s] DEBUG:colcon.colcon_core.event_handler.log_command:Invoked command in '/home/t-lemmel/Aquabot_Tom/build/use_library' returned '0': AMENT_PREFIX_PATH=/home/t-lemmel/Aquabot_Tom/install/pid_library:${AMENT_PREFIX_PATH} CMAKE_PREFIX_PATH=/home/t-lemmel/Aquabot_Tom/install/pid_library:/home/t-lemmel/Aquabot_Tom/install/use_library:/home/t-lemmel/Aquabot_Tom/install/test_float:/home/t-lemmel/Aquabot_Tom/install/package_thruster_activation:/home/t-lemmel/Aquabot_Tom/install/example_system:/home/t-lemmel/Aquabot_Tom/install/aquabot_common:/home/t-lemmel/vrx_ws/install:/opt/ros/humble PS1_ori=\[\e]0;\u@\h: \w\a\]${debian_chroot:+($debian_chroot)}\[\033[01;32m\]\u@\h\[\033[00m\]:\[\033[01;34m\]\w\[\033[00m\]\$ /usr/bin/cmake --install /home/t-lemmel/Aquabot_Tom/build/use_library
[3.543s] Level 1:colcon.colcon_core.environment:checking '/home/t-lemmel/Aquabot_Tom/install/use_library' for CMake module files
[3.544s] Level 1:colcon.colcon_core.environment:checking '/home/t-lemmel/Aquabot_Tom/install/use_library' for CMake config files
[3.544s] Level 1:colcon.colcon_core.shell:create_environment_hook('use_library', 'cmake_prefix_path')
[3.563s] INFO:colcon.colcon_core.shell:Creating environment hook '/home/t-lemmel/Aquabot_Tom/install/use_library/share/use_library/hook/cmake_prefix_path.ps1'
[3.563s] INFO:colcon.colcon_core.shell:Creating environment descriptor '/home/t-lemmel/Aquabot_Tom/install/use_library/share/use_library/hook/cmake_prefix_path.dsv'
[3.563s] INFO:colcon.colcon_core.shell:Creating environment hook '/home/t-lemmel/Aquabot_Tom/install/use_library/share/use_library/hook/cmake_prefix_path.sh'
[3.564s] Level 1:colcon.colcon_core.environment:checking '/home/t-lemmel/Aquabot_Tom/install/use_library/lib'
[3.564s] Level 1:colcon.colcon_core.environment:checking '/home/t-lemmel/Aquabot_Tom/install/use_library/bin'
[3.564s] Level 1:colcon.colcon_core.environment:checking '/home/t-lemmel/Aquabot_Tom/install/use_library/lib/pkgconfig/use_library.pc'
[3.564s] Level 1:colcon.colcon_core.environment:checking '/home/t-lemmel/Aquabot_Tom/install/use_library/lib/python3.10/site-packages'
[3.565s] Level 1:colcon.colcon_core.environment:checking '/home/t-lemmel/Aquabot_Tom/install/use_library/bin'
[3.585s] INFO:colcon.colcon_core.shell:Creating package script '/home/t-lemmel/Aquabot_Tom/install/use_library/share/use_library/package.ps1'
[3.586s] INFO:colcon.colcon_core.shell:Creating package descriptor '/home/t-lemmel/Aquabot_Tom/install/use_library/share/use_library/package.dsv'
[3.586s] INFO:colcon.colcon_core.shell:Creating package script '/home/t-lemmel/Aquabot_Tom/install/use_library/share/use_library/package.sh'
[3.586s] INFO:colcon.colcon_core.shell:Creating package script '/home/t-lemmel/Aquabot_Tom/install/use_library/share/use_library/package.bash'
[3.587s] INFO:colcon.colcon_core.shell:Creating package script '/home/t-lemmel/Aquabot_Tom/install/use_library/share/use_library/package.zsh'
[3.587s] Level 1:colcon.colcon_core.environment:create_file_with_runtime_dependencies(/home/t-lemmel/Aquabot_Tom/install/use_library/share/colcon-core/packages/use_library)
[3.644s] Level 1:colcon.colcon_core.environment:create_environment_scripts_only(use_library)
[3.663s] Level 1:colcon.colcon_core.environment:checking '/home/t-lemmel/Aquabot_Tom/install/use_library' for CMake module files
[3.664s] Level 1:colcon.colcon_core.environment:checking '/home/t-lemmel/Aquabot_Tom/install/use_library' for CMake config files
[3.664s] Level 1:colcon.colcon_core.shell:create_environment_hook('use_library', 'cmake_prefix_path')
[3.683s] INFO:colcon.colcon_core.shell:Creating environment hook '/home/t-lemmel/Aquabot_Tom/install/use_library/share/use_library/hook/cmake_prefix_path.ps1'
[3.684s] INFO:colcon.colcon_core.shell:Creating environment descriptor '/home/t-lemmel/Aquabot_Tom/install/use_library/share/use_library/hook/cmake_prefix_path.dsv'
[3.684s] INFO:colcon.colcon_core.shell:Creating environment hook '/home/t-lemmel/Aquabot_Tom/install/use_library/share/use_library/hook/cmake_prefix_path.sh'
[3.684s] Level 1:colcon.colcon_core.environment:checking '/home/t-lemmel/Aquabot_Tom/install/use_library/lib'
[3.685s] Level 1:colcon.colcon_core.environment:checking '/home/t-lemmel/Aquabot_Tom/install/use_library/bin'
[3.685s] Level 1:colcon.colcon_core.environment:checking '/home/t-lemmel/Aquabot_Tom/install/use_library/lib/pkgconfig/use_library.pc'
[3.685s] Level 1:colcon.colcon_core.environment:checking '/home/t-lemmel/Aquabot_Tom/install/use_library/lib/python3.10/site-packages'
[3.685s] Level 1:colcon.colcon_core.environment:checking '/home/t-lemmel/Aquabot_Tom/install/use_library/bin'
[3.705s] INFO:colcon.colcon_core.shell:Creating package script '/home/t-lemmel/Aquabot_Tom/install/use_library/share/use_library/package.ps1'
[3.705s] INFO:colcon.colcon_core.shell:Creating package descriptor '/home/t-lemmel/Aquabot_Tom/install/use_library/share/use_library/package.dsv'
[3.706s] INFO:colcon.colcon_core.shell:Creating package script '/home/t-lemmel/Aquabot_Tom/install/use_library/share/use_library/package.sh'
[3.706s] INFO:colcon.colcon_core.shell:Creating package script '/home/t-lemmel/Aquabot_Tom/install/use_library/share/use_library/package.bash'
[3.707s] INFO:colcon.colcon_core.shell:Creating package script '/home/t-lemmel/Aquabot_Tom/install/use_library/share/use_library/package.zsh'
[3.707s] Level 1:colcon.colcon_core.environment:create_file_with_runtime_dependencies(/home/t-lemmel/Aquabot_Tom/install/use_library/share/colcon-core/packages/use_library)
[3.708s] DEBUG:colcon.colcon_parallel_executor.executor.parallel:closing loop
[3.708s] DEBUG:colcon.colcon_parallel_executor.executor.parallel:loop closed
[3.708s] DEBUG:colcon.colcon_parallel_executor.executor.parallel:run_until_complete finished with '0'
[3.708s] DEBUG:colcon.colcon_core.event_reactor:joining thread
[3.737s] INFO:colcon.colcon_core.plugin_system:Skipping extension 'colcon_notification.desktop_notification.terminal_notifier': Not used on non-Darwin systems
[3.737s] INFO:colcon.colcon_core.plugin_system:Skipping extension 'colcon_notification.desktop_notification.win32': Not used on non-Windows systems
[3.737s] INFO:colcon.colcon_notification.desktop_notification:Sending desktop notification using 'notify2'
[3.749s] DEBUG:colcon.colcon_core.event_reactor:joined thread
[3.769s] INFO:colcon.colcon_core.shell:Creating prefix script '/home/t-lemmel/Aquabot_Tom/install/local_setup.ps1'
[3.770s] INFO:colcon.colcon_core.shell:Creating prefix util module '/home/t-lemmel/Aquabot_Tom/install/_local_setup_util_ps1.py'
[3.771s] INFO:colcon.colcon_core.shell:Creating prefix chain script '/home/t-lemmel/Aquabot_Tom/install/setup.ps1'
[3.791s] INFO:colcon.colcon_core.shell:Creating prefix script '/home/t-lemmel/Aquabot_Tom/install/local_setup.sh'
[3.792s] INFO:colcon.colcon_core.shell:Creating prefix util module '/home/t-lemmel/Aquabot_Tom/install/_local_setup_util_sh.py'
[3.793s] INFO:colcon.colcon_core.shell:Creating prefix chain script '/home/t-lemmel/Aquabot_Tom/install/setup.sh'
[3.813s] INFO:colcon.colcon_core.shell:Creating prefix script '/home/t-lemmel/Aquabot_Tom/install/local_setup.bash'
[3.814s] INFO:colcon.colcon_core.shell:Creating prefix chain script '/home/t-lemmel/Aquabot_Tom/install/setup.bash'
[3.833s] INFO:colcon.colcon_core.shell:Creating prefix script '/home/t-lemmel/Aquabot_Tom/install/local_setup.zsh'
[3.834s] INFO:colcon.colcon_core.shell:Creating prefix chain script '/home/t-lemmel/Aquabot_Tom/install/setup.zsh'
