[0.177s] Invoking command in '/home/t-lemmel/Aquabot_Tom/build/package_thruster_activation_save': CMAKE_PREFIX_PATH=${CMAKE_PREFIX_PATH}:/opt/ros/humble PS1_ori=\[\e]0;\u@\h: \w\a\]${debian_chroot:+($debian_chroot)}\[\033[01;32m\]\u@\h\[\033[00m\]:\[\033[01;34m\]\w\[\033[00m\]\$ /usr/bin/cmake --build /home/t-lemmel/Aquabot_Tom/build/package_thruster_activation_save -- -j8 -l8
[0.261s] [100%] Built target thruster_activation
[0.287s] Invoked command in '/home/t-lemmel/Aquabot_Tom/build/package_thruster_activation_save' returned '0': CMAKE_PREFIX_PATH=${CMAKE_PREFIX_PATH}:/opt/ros/humble PS1_ori=\[\e]0;\u@\h: \w\a\]${debian_chroot:+($debian_chroot)}\[\033[01;32m\]\u@\h\[\033[00m\]:\[\033[01;34m\]\w\[\033[00m\]\$ /usr/bin/cmake --build /home/t-lemmel/Aquabot_Tom/build/package_thruster_activation_save -- -j8 -l8
[0.331s] Invoking command in '/home/t-lemmel/Aquabot_Tom/build/package_thruster_activation_save': CMAKE_PREFIX_PATH=${CMAKE_PREFIX_PATH}:/opt/ros/humble PS1_ori=\[\e]0;\u@\h: \w\a\]${debian_chroot:+($debian_chroot)}\[\033[01;32m\]\u@\h\[\033[00m\]:\[\033[01;34m\]\w\[\033[00m\]\$ /usr/bin/cmake --install /home/t-lemmel/Aquabot_Tom/build/package_thruster_activation_save
[0.343s] -- Install configuration: ""
[0.344s] -- Execute custom install script
[0.344s] -- Up-to-date symlink: /home/t-lemmel/Aquabot_Tom/install/package_thruster_activation_save/lib/package_thruster_activation_save/thruster_activation
[0.345s] -- Up-to-date symlink: /home/t-lemmel/Aquabot_Tom/install/package_thruster_activation_save/share/ament_index/resource_index/package_run_dependencies/package_thruster_activation_save
[0.345s] -- Up-to-date symlink: /home/t-lemmel/Aquabot_Tom/install/package_thruster_activation_save/share/ament_index/resource_index/parent_prefix_path/package_thruster_activation_save
[0.346s] -- Up-to-date symlink: /home/t-lemmel/Aquabot_Tom/install/package_thruster_activation_save/share/package_thruster_activation_save/environment/ament_prefix_path.sh
[0.346s] -- Up-to-date symlink: /home/t-lemmel/Aquabot_Tom/install/package_thruster_activation_save/share/package_thruster_activation_save/environment/ament_prefix_path.dsv
[0.347s] -- Up-to-date symlink: /home/t-lemmel/Aquabot_Tom/install/package_thruster_activation_save/share/package_thruster_activation_save/environment/path.sh
[0.348s] -- Up-to-date symlink: /home/t-lemmel/Aquabot_Tom/install/package_thruster_activation_save/share/package_thruster_activation_save/environment/path.dsv
[0.348s] -- Up-to-date symlink: /home/t-lemmel/Aquabot_Tom/install/package_thruster_activation_save/share/package_thruster_activation_save/local_setup.bash
[0.349s] -- Up-to-date symlink: /home/t-lemmel/Aquabot_Tom/install/package_thruster_activation_save/share/package_thruster_activation_save/local_setup.sh
[0.349s] -- Up-to-date symlink: /home/t-lemmel/Aquabot_Tom/install/package_thruster_activation_save/share/package_thruster_activation_save/local_setup.zsh
[0.350s] -- Up-to-date symlink: /home/t-lemmel/Aquabot_Tom/install/package_thruster_activation_save/share/package_thruster_activation_save/local_setup.dsv
[0.350s] -- Symlinking: /home/t-lemmel/Aquabot_Tom/install/package_thruster_activation_save/share/package_thruster_activation_save/package.dsv
[0.361s] -- Up-to-date symlink: /home/t-lemmel/Aquabot_Tom/install/package_thruster_activation_save/share/ament_index/resource_index/packages/package_thruster_activation_save
[0.361s] -- Up-to-date symlink: /home/t-lemmel/Aquabot_Tom/install/package_thruster_activation_save/share/package_thruster_activation_save/cmake/package_thruster_activation_saveConfig.cmake
[0.362s] -- Up-to-date symlink: /home/t-lemmel/Aquabot_Tom/install/package_thruster_activation_save/share/package_thruster_activation_save/cmake/package_thruster_activation_saveConfig-version.cmake
[0.362s] -- Up-to-date symlink: /home/t-lemmel/Aquabot_Tom/install/package_thruster_activation_save/share/package_thruster_activation_save/package.xml
[0.366s] Invoked command in '/home/t-lemmel/Aquabot_Tom/build/package_thruster_activation_save' returned '0': CMAKE_PREFIX_PATH=${CMAKE_PREFIX_PATH}:/opt/ros/humble PS1_ori=\[\e]0;\u@\h: \w\a\]${debian_chroot:+($debian_chroot)}\[\033[01;32m\]\u@\h\[\033[00m\]:\[\033[01;34m\]\w\[\033[00m\]\$ /usr/bin/cmake --install /home/t-lemmel/Aquabot_Tom/build/package_thruster_activation_save
