[0.365s] Invoking command in '/home/t-lemmel/Aquabot_Tom/build/move': CMAKE_PREFIX_PATH=${CMAKE_PREFIX_PATH}:/opt/ros/humble PS1_ori=\[\e]0;\u@\h: \w\a\]${debian_chroot:+($debian_chroot)}\[\033[01;32m\]\u@\h\[\033[00m\]:\[\033[01;34m\]\w\[\033[00m\]\$ /usr/bin/cmake --build /home/t-lemmel/Aquabot_Tom/build/move -- -j8 -l8
[0.489s] [100%] Built target waypoint_publisher
[0.526s] Invoked command in '/home/t-lemmel/Aquabot_Tom/build/move' returned '0': CMAKE_PREFIX_PATH=${CMAKE_PREFIX_PATH}:/opt/ros/humble PS1_ori=\[\e]0;\u@\h: \w\a\]${debian_chroot:+($debian_chroot)}\[\033[01;32m\]\u@\h\[\033[00m\]:\[\033[01;34m\]\w\[\033[00m\]\$ /usr/bin/cmake --build /home/t-lemmel/Aquabot_Tom/build/move -- -j8 -l8
[0.589s] Invoking command in '/home/t-lemmel/Aquabot_Tom/build/move': CMAKE_PREFIX_PATH=${CMAKE_PREFIX_PATH}:/opt/ros/humble PS1_ori=\[\e]0;\u@\h: \w\a\]${debian_chroot:+($debian_chroot)}\[\033[01;32m\]\u@\h\[\033[00m\]:\[\033[01;34m\]\w\[\033[00m\]\$ /usr/bin/cmake --install /home/t-lemmel/Aquabot_Tom/build/move
[0.602s] -- Install configuration: ""
[0.607s] -- Execute custom install script
[0.609s] -- Up-to-date symlink: /home/t-lemmel/Aquabot_Tom/install/move/lib/move/move.py
[0.613s] -- Up-to-date symlink: /home/t-lemmel/Aquabot_Tom/install/move/lib/move/utm/CHANGELOG.rst
[0.614s] -- Up-to-date symlink: /home/t-lemmel/Aquabot_Tom/install/move/lib/move/utm/LICENSE
[0.616s] -- Up-to-date symlink: /home/t-lemmel/Aquabot_Tom/install/move/lib/move/utm/MANIFEST.in
[0.617s] -- Up-to-date symlink: /home/t-lemmel/Aquabot_Tom/install/move/lib/move/utm/__init__.py
[0.619s] -- Up-to-date symlink: /home/t-lemmel/Aquabot_Tom/install/move/lib/move/utm/__pycache__/__init__.cpython-310.pyc
[0.620s] -- Up-to-date symlink: /home/t-lemmel/Aquabot_Tom/install/move/lib/move/utm/__pycache__/_version.cpython-310.pyc
[0.620s] -- Up-to-date symlink: /home/t-lemmel/Aquabot_Tom/install/move/lib/move/utm/__pycache__/conversion.cpython-310.pyc
[0.621s] -- Up-to-date symlink: /home/t-lemmel/Aquabot_Tom/install/move/lib/move/utm/__pycache__/error.cpython-310.pyc
[0.621s] -- Up-to-date symlink: /home/t-lemmel/Aquabot_Tom/install/move/lib/move/utm/_version.py
[0.622s] -- Up-to-date symlink: /home/t-lemmel/Aquabot_Tom/install/move/lib/move/utm/conversion.py
[0.622s] -- Up-to-date symlink: /home/t-lemmel/Aquabot_Tom/install/move/lib/move/utm/error.py
[0.625s] -- Up-to-date symlink: /home/t-lemmel/Aquabot_Tom/install/move/lib/move/waypoint_publisher
[0.626s] -- Up-to-date symlink: /home/t-lemmel/Aquabot_Tom/install/move/share/ament_index/resource_index/package_run_dependencies/move
[0.630s] -- Up-to-date symlink: /home/t-lemmel/Aquabot_Tom/install/move/share/ament_index/resource_index/parent_prefix_path/move
[0.630s] -- Up-to-date symlink: /home/t-lemmel/Aquabot_Tom/install/move/share/move/environment/ament_prefix_path.sh
[0.630s] -- Up-to-date symlink: /home/t-lemmel/Aquabot_Tom/install/move/share/move/environment/ament_prefix_path.dsv
[0.630s] -- Up-to-date symlink: /home/t-lemmel/Aquabot_Tom/install/move/share/move/environment/path.sh
[0.630s] -- Up-to-date symlink: /home/t-lemmel/Aquabot_Tom/install/move/share/move/environment/path.dsv
[0.631s] -- Up-to-date symlink: /home/t-lemmel/Aquabot_Tom/install/move/share/move/local_setup.bash
[0.631s] -- Up-to-date symlink: /home/t-lemmel/Aquabot_Tom/install/move/share/move/local_setup.sh
[0.631s] -- Up-to-date symlink: /home/t-lemmel/Aquabot_Tom/install/move/share/move/local_setup.zsh
[0.633s] -- Up-to-date symlink: /home/t-lemmel/Aquabot_Tom/install/move/share/move/local_setup.dsv
[0.633s] -- Symlinking: /home/t-lemmel/Aquabot_Tom/install/move/share/move/package.dsv
[0.635s] -- Up-to-date symlink: /home/t-lemmel/Aquabot_Tom/install/move/share/ament_index/resource_index/packages/move
[0.635s] -- Up-to-date symlink: /home/t-lemmel/Aquabot_Tom/install/move/share/move/cmake/ament_cmake_export_dependencies-extras.cmake
[0.636s] -- Up-to-date symlink: /home/t-lemmel/Aquabot_Tom/install/move/share/move/cmake/moveConfig.cmake
[0.637s] -- Up-to-date symlink: /home/t-lemmel/Aquabot_Tom/install/move/share/move/cmake/moveConfig-version.cmake
[0.637s] -- Up-to-date symlink: /home/t-lemmel/Aquabot_Tom/install/move/share/move/package.xml
[0.767s] Invoked command in '/home/t-lemmel/Aquabot_Tom/build/move' returned '0': CMAKE_PREFIX_PATH=${CMAKE_PREFIX_PATH}:/opt/ros/humble PS1_ori=\[\e]0;\u@\h: \w\a\]${debian_chroot:+($debian_chroot)}\[\033[01;32m\]\u@\h\[\033[00m\]:\[\033[01;34m\]\w\[\033[00m\]\$ /usr/bin/cmake --install /home/t-lemmel/Aquabot_Tom/build/move
