[0.331s] Invoking command in '/home/t-lemmel/Aquabot_Tom/build/example_system': CMAKE_PREFIX_PATH=${CMAKE_PREFIX_PATH}:/opt/ros/humble PS1_ori=\[\e]0;\u@\h: \w\a\]${debian_chroot:+($debian_chroot)}\[\033[01;32m\]\u@\h\[\033[00m\]:\[\033[01;34m\]\w\[\033[00m\]\$ /usr/bin/cmake --build /home/t-lemmel/Aquabot_Tom/build/example_system -- -j8 -l8
[0.398s] [35m[1mConsolidate compiler generated dependencies of target state_publisher[0m
[0.428s] [ 50%] Built target example_system
[0.437s] [ 75%] [32mBuilding CXX object CMakeFiles/state_publisher.dir/src/state_publisher.cpp.o[0m
[0.773s] [01m[K/home/t-lemmel/Aquabot_Tom/src/ros2_pid_library/example_system/src/state_publisher.cpp:32:1:[m[K [01;31m[Kerror: [m[Kunterminated argument list invoking macro "RCLCPP_INFO"
[0.773s]    32 | 
[0.774s]       | [01;31m[K^[m[K
[3.229s] [01m[K/home/t-lemmel/Aquabot_Tom/src/ros2_pid_library/example_system/src/state_publisher.cpp:[m[K In function ‘[01m[Kvoid isolate_bearing(std_msgs::msg::Float64_<std::allocator<void> >::SharedPtr)[m[K’:
[3.229s] [01m[K/home/t-lemmel/Aquabot_Tom/src/ros2_pid_library/example_system/src/state_publisher.cpp:5:5:[m[K [01;31m[Kerror: [m[K‘[01m[KRCLCPP_INFO[m[K’ was not declared in this scope
[3.229s]     5 |     [01;31m[KRCLCPP_INFO[m[K(rclcpp::get_logger("rclcpp"), "Received: %.2f", msg;
[3.229s]       |     [01;31m[K^~~~~~~~~~~[m[K
[3.229s] [01m[K/home/t-lemmel/Aquabot_Tom/src/ros2_pid_library/example_system/src/state_publisher.cpp:5:16:[m[K [01;31m[Kerror: [m[Kexpected ‘[01m[K}[m[K’ at end of input
[3.229s]     5 |     RCLCPP_INFO[01;31m[K([m[Krclcpp::get_logger("rclcpp"), "Received: %.2f", msg;
[3.230s]       |                [01;31m[K^[m[K
[3.230s] [01m[K/home/t-lemmel/Aquabot_Tom/src/ros2_pid_library/example_system/src/state_publisher.cpp:4:67:[m[K [01;36m[Knote: [m[Kto match this ‘[01m[K{[m[K’
[3.230s]     4 | void isolate_bearing(const std_msgs::msg::Float64::SharedPtr msg) [01;36m[K{[m[K
[3.230s]       |                                                                   [01;36m[K^[m[K
[3.230s] [01m[K/home/t-lemmel/Aquabot_Tom/src/ros2_pid_library/example_system/src/state_publisher.cpp:4:62:[m[K [01;35m[Kwarning: [m[Kunused parameter ‘[01m[Kmsg[m[K’ [[01;35m[K]8;;https://gcc.gnu.org/onlinedocs/gcc/Warning-Options.html#index-Wunused-parameter-Wunused-parameter]8;;[m[K]
[3.230s]     4 | void isolate_bearing([01;35m[Kconst std_msgs::msg::Float64::SharedPtr msg[m[K) {
[3.230s]       |                      [01;35m[K~~~~~~~~~~~~~~~~~~~~~~~~~~~~~~~~~~~~~~~~^~~[m[K
[3.732s] gmake[2]: *** [CMakeFiles/state_publisher.dir/build.make:76: CMakeFiles/state_publisher.dir/src/state_publisher.cpp.o] Error 1
[3.733s] gmake[1]: *** [CMakeFiles/Makefile2:165: CMakeFiles/state_publisher.dir/all] Error 2
[3.733s] gmake: *** [Makefile:146: all] Error 2
[3.735s] Invoked command in '/home/t-lemmel/Aquabot_Tom/build/example_system' returned '2': CMAKE_PREFIX_PATH=${CMAKE_PREFIX_PATH}:/opt/ros/humble PS1_ori=\[\e]0;\u@\h: \w\a\]${debian_chroot:+($debian_chroot)}\[\033[01;32m\]\u@\h\[\033[00m\]:\[\033[01;34m\]\w\[\033[00m\]\$ /usr/bin/cmake --build /home/t-lemmel/Aquabot_Tom/build/example_system -- -j8 -l8
