[0.185s] Invoking command in '/home/t-lemmel/Aquabot_Tom/build/package_thruster_activation': CMAKE_PREFIX_PATH=${CMAKE_PREFIX_PATH}:/opt/ros/humble PS1_ori=\[\e]0;\u@\h: \w\a\]${debian_chroot:+($debian_chroot)}\[\033[01;32m\]\u@\h\[\033[00m\]:\[\033[01;34m\]\w\[\033[00m\]\$ /usr/bin/cmake --build /home/t-lemmel/Aquabot_Tom/build/package_thruster_activation -- -j8 -l8
[0.285s] [100%] Built target thruster_activation
[0.317s] Invoked command in '/home/t-lemmel/Aquabot_Tom/build/package_thruster_activation' returned '0': CMAKE_PREFIX_PATH=${CMAKE_PREFIX_PATH}:/opt/ros/humble PS1_ori=\[\e]0;\u@\h: \w\a\]${debian_chroot:+($debian_chroot)}\[\033[01;32m\]\u@\h\[\033[00m\]:\[\033[01;34m\]\w\[\033[00m\]\$ /usr/bin/cmake --build /home/t-lemmel/Aquabot_Tom/build/package_thruster_activation -- -j8 -l8
[0.372s] Invoking command in '/home/t-lemmel/Aquabot_Tom/build/package_thruster_activation': CMAKE_PREFIX_PATH=${CMAKE_PREFIX_PATH}:/opt/ros/humble PS1_ori=\[\e]0;\u@\h: \w\a\]${debian_chroot:+($debian_chroot)}\[\033[01;32m\]\u@\h\[\033[00m\]:\[\033[01;34m\]\w\[\033[00m\]\$ /usr/bin/cmake --install /home/t-lemmel/Aquabot_Tom/build/package_thruster_activation
[0.389s] -- Install configuration: ""
[0.390s] -- Execute custom install script
[0.390s] -- Up-to-date symlink: /home/t-lemmel/Aquabot_Tom/install/package_thruster_activation/lib/package_thruster_activation/thruster_activation
[0.392s] -- Up-to-date symlink: /home/t-lemmel/Aquabot_Tom/install/package_thruster_activation/share/ament_index/resource_index/package_run_dependencies/package_thruster_activation
[0.392s] -- Up-to-date symlink: /home/t-lemmel/Aquabot_Tom/install/package_thruster_activation/share/ament_index/resource_index/parent_prefix_path/package_thruster_activation
[0.393s] -- Up-to-date symlink: /home/t-lemmel/Aquabot_Tom/install/package_thruster_activation/share/package_thruster_activation/environment/ament_prefix_path.sh
[0.394s] -- Up-to-date symlink: /home/t-lemmel/Aquabot_Tom/install/package_thruster_activation/share/package_thruster_activation/environment/ament_prefix_path.dsv
[0.394s] -- Up-to-date symlink: /home/t-lemmel/Aquabot_Tom/install/package_thruster_activation/share/package_thruster_activation/environment/path.sh
[0.395s] -- Up-to-date symlink: /home/t-lemmel/Aquabot_Tom/install/package_thruster_activation/share/package_thruster_activation/environment/path.dsv
[0.399s] -- Up-to-date symlink: /home/t-lemmel/Aquabot_Tom/install/package_thruster_activation/share/package_thruster_activation/local_setup.bash
[0.399s] -- Up-to-date symlink: /home/t-lemmel/Aquabot_Tom/install/package_thruster_activation/share/package_thruster_activation/local_setup.sh
[0.401s] -- Up-to-date symlink: /home/t-lemmel/Aquabot_Tom/install/package_thruster_activation/share/package_thruster_activation/local_setup.zsh
[0.402s] -- Up-to-date symlink: /home/t-lemmel/Aquabot_Tom/install/package_thruster_activation/share/package_thruster_activation/local_setup.dsv
[0.402s] -- Symlinking: /home/t-lemmel/Aquabot_Tom/install/package_thruster_activation/share/package_thruster_activation/package.dsv
[0.419s] -- Up-to-date symlink: /home/t-lemmel/Aquabot_Tom/install/package_thruster_activation/share/ament_index/resource_index/packages/package_thruster_activation
[0.419s] -- Up-to-date symlink: /home/t-lemmel/Aquabot_Tom/install/package_thruster_activation/share/package_thruster_activation/cmake/package_thruster_activationConfig.cmake
[0.419s] -- Up-to-date symlink: /home/t-lemmel/Aquabot_Tom/install/package_thruster_activation/share/package_thruster_activation/cmake/package_thruster_activationConfig-version.cmake
[0.420s] -- Up-to-date symlink: /home/t-lemmel/Aquabot_Tom/install/package_thruster_activation/share/package_thruster_activation/package.xml
[0.689s] Invoked command in '/home/t-lemmel/Aquabot_Tom/build/package_thruster_activation' returned '0': CMAKE_PREFIX_PATH=${CMAKE_PREFIX_PATH}:/opt/ros/humble PS1_ori=\[\e]0;\u@\h: \w\a\]${debian_chroot:+($debian_chroot)}\[\033[01;32m\]\u@\h\[\033[00m\]:\[\033[01;34m\]\w\[\033[00m\]\$ /usr/bin/cmake --install /home/t-lemmel/Aquabot_Tom/build/package_thruster_activation
