[0.482s] Invoking command in '/home/t-lemmel/Aquabot_Tom/build/aquabot_common_tom': CMAKE_PREFIX_PATH=${CMAKE_PREFIX_PATH}:/opt/ros/humble PS1_ori=\[\e]0;\u@\h: \w\a\]${debian_chroot:+($debian_chroot)}\[\033[01;32m\]\u@\h\[\033[00m\]:\[\033[01;34m\]\w\[\033[00m\]\$ /usr/bin/cmake /home/t-lemmel/Aquabot_Tom/src/aquabot_common_tom -DAMENT_CMAKE_SYMLINK_INSTALL=1 -DCMAKE_INSTALL_PREFIX=/home/t-lemmel/Aquabot_Tom/install/aquabot_common_tom
[5.898s] -- The C compiler identification is GNU 11.4.0
[7.936s] -- The CXX compiler identification is GNU 11.4.0
[8.110s] -- Detecting C compiler ABI info
[8.452s] -- Detecting C compiler ABI info - done
[8.461s] -- Check for working C compiler: /usr/bin/cc - skipped
[8.487s] -- Detecting C compile features
[8.498s] -- Detecting C compile features - done
[8.534s] -- Detecting CXX compiler ABI info
[8.805s] -- Detecting CXX compiler ABI info - done
[8.815s] -- Check for working CXX compiler: /usr/bin/c++ - skipped
[8.816s] -- Detecting CXX compile features
[8.816s] -- Detecting CXX compile features - done
[8.820s] -- Found ament_cmake_auto: 1.3.5 (/opt/ros/humble/share/ament_cmake_auto/cmake)
[9.126s] -- Found Python3: /usr/bin/python3.10 (found version "3.10.12") found components: Interpreter 
[9.202s] -- Override CMake install command with custom implementation using symlinks instead of copying resources
[9.498s] -- Found rosidl_generator_c: 3.1.5 (/opt/ros/humble/share/rosidl_generator_c/cmake)
[9.519s] -- Found rosidl_adapter: 3.1.5 (/opt/ros/humble/share/rosidl_adapter/cmake)
[9.538s] -- Found rosidl_generator_cpp: 3.1.5 (/opt/ros/humble/share/rosidl_generator_cpp/cmake)
[9.565s] -- Using all available rosidl_typesupport_c: rosidl_typesupport_fastrtps_c;rosidl_typesupport_introspection_c
[9.612s] -- Using all available rosidl_typesupport_cpp: rosidl_typesupport_fastrtps_cpp;rosidl_typesupport_introspection_cpp
[9.788s] -- Found rmw_implementation_cmake: 6.1.1 (/opt/ros/humble/share/rmw_implementation_cmake/cmake)
[9.795s] -- Found rmw_fastrtps_cpp: 6.2.4 (/opt/ros/humble/share/rmw_fastrtps_cpp/cmake)
[10.026s] -- Found OpenSSL: /usr/lib/x86_64-linux-gnu/libcrypto.so (found version "3.0.2")  
[10.063s] -- Found FastRTPS: /opt/ros/humble/include  
[10.126s] -- Using RMW implementation 'rmw_fastrtps_cpp' as default
[10.156s] -- Looking for pthread.h
[10.385s] -- Looking for pthread.h - found
[10.385s] -- Performing Test CMAKE_HAVE_LIBC_PTHREAD
[10.591s] -- Performing Test CMAKE_HAVE_LIBC_PTHREAD - Success
[10.593s] -- Found Threads: TRUE  
[11.221s] -- Checking for module 'eigen3'
[11.256s] --   Found eigen3, version 3.4.0
[11.297s] -- Found Eigen: /usr/include/eigen3 (Required is at least version "3.1") 
[11.297s] -- Eigen found (include: /usr/include/eigen3, version: 3.4.0)
[11.487s] -- Found Boost: /usr/lib/x86_64-linux-gnu/cmake/Boost-1.74.0/BoostConfig.cmake (found suitable version "1.74.0", minimum required is "1.65.0") found components: system filesystem date_time iostreams serialization 
[11.509s] -- Checking for module 'flann'
[11.560s] --   Found flann, version 1.9.1
[11.623s] -- Found FLANN: /usr/lib/x86_64-linux-gnu/libflann_cpp.so  
[11.623s] -- FLANN found (include: /usr/include, lib: /usr/lib/x86_64-linux-gnu/libflann_cpp.so)
[11.673s] -- Found GLEW: /usr/lib/x86_64-linux-gnu/libGLEW.so  
[11.719s] -- Found OpenGL: /usr/lib/x86_64-linux-gnu/libOpenGL.so  found components: OpenGL GLX 
[12.110s] -- Found MPI_C: /usr/lib/x86_64-linux-gnu/libmpi.so (found version "3.1") 
[12.110s] -- Found MPI: TRUE (found version "3.1") found components: C 
[12.113s] -- Found JsonCpp: /usr/lib/x86_64-linux-gnu/libjsoncpp.so (found suitable version "1.9.5", minimum required is "0.7.0") 
[12.124s] -- Found ZLIB: /usr/lib/x86_64-linux-gnu/libz.so (found version "1.2.11") 
[12.146s] -- Found PNG: /usr/lib/x86_64-linux-gnu/libpng.so (found version "1.6.37") 
[12.286s] -- Found Eigen3: /usr/include/eigen3 (found version "3.4.0") 
[12.742s] -- Found X11: /usr/include   
[12.742s] -- Looking for XOpenDisplay in /usr/lib/x86_64-linux-gnu/libX11.so;/usr/lib/x86_64-linux-gnu/libXext.so
[13.160s] -- Looking for XOpenDisplay in /usr/lib/x86_64-linux-gnu/libX11.so;/usr/lib/x86_64-linux-gnu/libXext.so - found
[13.161s] -- Looking for gethostbyname
[13.258s] -- Looking for gethostbyname - found
[13.258s] -- Looking for connect
[13.350s] -- Looking for connect - found
[13.350s] -- Looking for remove
[13.436s] -- Looking for remove - found
[13.437s] -- Looking for shmat
[13.525s] -- Looking for shmat - found
[13.525s] -- Looking for IceConnectionNumber in ICE
[13.613s] -- Looking for IceConnectionNumber in ICE - found
[13.710s] -- Found EXPAT: /usr/lib/x86_64-linux-gnu/libexpat.so (found version "2.4.7") 
[13.712s] -- Found double-conversion: /usr/lib/x86_64-linux-gnu/libdouble-conversion.so  
[13.714s] -- Found LZ4: /usr/lib/x86_64-linux-gnu/liblz4.so (found version "1.9.3") 
[13.716s] -- Found LZMA: /usr/lib/x86_64-linux-gnu/liblzma.so (found version "5.2.5") 
[13.732s] -- Found JPEG: /usr/lib/x86_64-linux-gnu/libjpeg.so (found version "80") 
[13.748s] -- Found TIFF: /usr/lib/x86_64-linux-gnu/libtiff.so (found version "4.3.0")  
[13.765s] -- Found Freetype: /usr/lib/x86_64-linux-gnu/libfreetype.so (found version "2.11.1") 
[13.781s] -- Found utf8cpp: /usr/include/utf8cpp  
[14.081s] -- Checking for module 'libusb-1.0'
[14.111s] --   Found libusb-1.0, version 1.0.25
[14.159s] -- Found libusb: /usr/lib/x86_64-linux-gnu/libusb-1.0.so  
[14.160s] -- Found OpenNI: /usr/lib/libOpenNI.so;libusb::libusb (found version "1.5.4.0") 
[14.160s] -- OpenNI found (version: 1.5.4.0, include: /usr/include/ni, lib: /usr/lib/libOpenNI.so;libusb::libusb)
[14.234s] -- Found OpenNI2: /usr/lib/x86_64-linux-gnu/libOpenNI2.so;libusb::libusb (found version "2.2.0.33") 
[14.234s] -- OpenNI2 found (version: 2.2.0.33, include: /usr/include/openni2, lib: /usr/lib/x86_64-linux-gnu/libOpenNI2.so;libusb::libusb)
[14.234s] [0m** WARNING ** io features related to pcap will be disabled[0m
[14.422s] -- Eigen found (include: /usr/include/eigen3, version: 3.4.0)
[14.430s] -- OpenNI found (version: 1.5.4.0, include: /usr/include/ni, lib: /usr/lib/libOpenNI.so;libusb::libusb)
[14.438s] -- OpenNI2 found (version: 2.2.0.33, include: /usr/include/openni2, lib: /usr/lib/x86_64-linux-gnu/libOpenNI2.so;libusb::libusb)
[14.613s] -- Found Qhull version 8.0.2
[14.793s] -- OpenNI found (version: 1.5.4.0, include: /usr/include/ni, lib: /usr/lib/libOpenNI.so;libusb::libusb)
[14.965s] -- looking for PCL_COMMON
[14.966s] -- Found PCL_COMMON: /usr/lib/x86_64-linux-gnu/libpcl_common.so  
[14.966s] -- looking for PCL_KDTREE
[15.031s] -- Found PCL_KDTREE: /usr/lib/x86_64-linux-gnu/libpcl_kdtree.so  
[15.031s] -- looking for PCL_OCTREE
[15.033s] -- Found PCL_OCTREE: /usr/lib/x86_64-linux-gnu/libpcl_octree.so  
[15.034s] -- looking for PCL_SEARCH
[15.036s] -- Found PCL_SEARCH: /usr/lib/x86_64-linux-gnu/libpcl_search.so  
[15.037s] -- looking for PCL_SAMPLE_CONSENSUS
[15.040s] -- Found PCL_SAMPLE_CONSENSUS: /usr/lib/x86_64-linux-gnu/libpcl_sample_consensus.so  
[15.041s] -- looking for PCL_FILTERS
[15.044s] -- Found PCL_FILTERS: /usr/lib/x86_64-linux-gnu/libpcl_filters.so  
[15.045s] -- looking for PCL_2D
[15.046s] -- Found PCL_2D: /usr/include/pcl-1.12  
[15.047s] -- looking for PCL_GEOMETRY
[15.048s] -- Found PCL_GEOMETRY: /usr/include/pcl-1.12  
[15.049s] -- looking for PCL_IO
[15.051s] -- Found PCL_IO: /usr/lib/x86_64-linux-gnu/libpcl_io.so  
[15.052s] -- looking for PCL_FEATURES
[15.055s] -- Found PCL_FEATURES: /usr/lib/x86_64-linux-gnu/libpcl_features.so  
[15.056s] -- looking for PCL_ML
[15.058s] -- Found PCL_ML: /usr/lib/x86_64-linux-gnu/libpcl_ml.so  
[15.059s] -- looking for PCL_SEGMENTATION
[15.061s] -- Found PCL_SEGMENTATION: /usr/lib/x86_64-linux-gnu/libpcl_segmentation.so  
[15.062s] -- looking for PCL_VISUALIZATION
[15.063s] -- Found PCL_VISUALIZATION: /usr/lib/x86_64-linux-gnu/libpcl_visualization.so  
[15.064s] -- looking for PCL_SURFACE
[15.066s] -- Found PCL_SURFACE: /usr/lib/x86_64-linux-gnu/libpcl_surface.so  
[15.066s] -- looking for PCL_REGISTRATION
[15.068s] -- Found PCL_REGISTRATION: /usr/lib/x86_64-linux-gnu/libpcl_registration.so  
[15.068s] -- looking for PCL_KEYPOINTS
[15.069s] -- Found PCL_KEYPOINTS: /usr/lib/x86_64-linux-gnu/libpcl_keypoints.so  
[15.070s] -- looking for PCL_TRACKING
[15.071s] -- Found PCL_TRACKING: /usr/lib/x86_64-linux-gnu/libpcl_tracking.so  
[15.071s] -- looking for PCL_RECOGNITION
[15.073s] -- Found PCL_RECOGNITION: /usr/lib/x86_64-linux-gnu/libpcl_recognition.so  
[15.073s] -- looking for PCL_STEREO
[15.074s] -- Found PCL_STEREO: /usr/lib/x86_64-linux-gnu/libpcl_stereo.so  
[15.074s] -- looking for PCL_APPS
[15.075s] -- Found PCL_APPS: /usr/lib/x86_64-linux-gnu/libpcl_apps.so  
[15.076s] -- looking for PCL_IN_HAND_SCANNER
[15.077s] -- Found PCL_IN_HAND_SCANNER: /usr/include/pcl-1.12  
[15.077s] -- looking for PCL_MODELER
[15.077s] -- Found PCL_MODELER: /usr/include/pcl-1.12  
[15.077s] -- looking for PCL_POINT_CLOUD_EDITOR
[15.084s] -- Found PCL_POINT_CLOUD_EDITOR: /usr/include/pcl-1.12  
[15.085s] -- looking for PCL_OUTOFCORE
[15.086s] -- Found PCL_OUTOFCORE: /usr/lib/x86_64-linux-gnu/libpcl_outofcore.so  
[15.086s] -- looking for PCL_PEOPLE
[15.087s] -- Found PCL_PEOPLE: /usr/lib/x86_64-linux-gnu/libpcl_people.so  
[15.088s] -- Found PCL: pcl_common;pcl_kdtree;pcl_octree;pcl_search;pcl_sample_consensus;pcl_filters;pcl_io;pcl_features;pcl_ml;pcl_segmentation;pcl_visualization;pcl_surface;pcl_registration;pcl_keypoints;pcl_tracking;pcl_recognition;pcl_stereo;pcl_apps;pcl_outofcore;pcl_people;Boost::system;Boost::filesystem;Boost::date_time;Boost::iostreams;Boost::serialization;/usr/lib/libOpenNI.so;libusb::libusb;/usr/lib/x86_64-linux-gnu/libOpenNI2.so;libusb::libusb;VTK::ChartsCore;VTK::CommonColor;VTK::CommonComputationalGeometry;VTK::CommonCore;VTK::CommonDataModel;VTK::CommonExecutionModel;VTK::CommonMath;VTK::CommonMisc;VTK::CommonTransforms;VTK::FiltersCore;VTK::FiltersExtraction;VTK::FiltersGeneral;VTK::FiltersGeometry;VTK::FiltersModeling;VTK::FiltersSources;VTK::ImagingCore;VTK::ImagingSources;VTK::InteractionImage;VTK::InteractionStyle;VTK::InteractionWidgets;VTK::IOCore;VTK::IOGeometry;VTK::IOImage;VTK::IOLegacy;VTK::IOPLY;VTK::RenderingAnnotation;VTK::RenderingCore;VTK::RenderingContext2D;VTK::RenderingLOD;VTK::RenderingFreeType;VTK::ViewsCore;VTK::ViewsContext2D;VTK::RenderingOpenGL2;VTK::GUISupportQt;FLANN::FLANN;QHULL::QHULL  
[15.190s] -- Configuring done
[16.219s] -- Generating done
[16.228s] -- Build files have been written to: /home/t-lemmel/Aquabot_Tom/build/aquabot_common_tom
[16.257s] Invoked command in '/home/t-lemmel/Aquabot_Tom/build/aquabot_common_tom' returned '0': CMAKE_PREFIX_PATH=${CMAKE_PREFIX_PATH}:/opt/ros/humble PS1_ori=\[\e]0;\u@\h: \w\a\]${debian_chroot:+($debian_chroot)}\[\033[01;32m\]\u@\h\[\033[00m\]:\[\033[01;34m\]\w\[\033[00m\]\$ /usr/bin/cmake /home/t-lemmel/Aquabot_Tom/src/aquabot_common_tom -DAMENT_CMAKE_SYMLINK_INSTALL=1 -DCMAKE_INSTALL_PREFIX=/home/t-lemmel/Aquabot_Tom/install/aquabot_common_tom
[16.260s] Invoking command in '/home/t-lemmel/Aquabot_Tom/build/aquabot_common_tom': CMAKE_PREFIX_PATH=${CMAKE_PREFIX_PATH}:/opt/ros/humble PS1_ori=\[\e]0;\u@\h: \w\a\]${debian_chroot:+($debian_chroot)}\[\033[01;32m\]\u@\h\[\033[00m\]:\[\033[01;34m\]\w\[\033[00m\]\$ /usr/bin/cmake --build /home/t-lemmel/Aquabot_Tom/build/aquabot_common_tom -- -j8 -l8
[16.329s] [ 50%] [32mBuilding CXX object CMakeFiles/cloud_reader.dir/src/cloud_reader.cpp.o[0m
[50.362s] [100%] [32m[1mLinking CXX executable cloud_reader[0m
[55.418s] [100%] Built target cloud_reader
[55.439s] Invoked command in '/home/t-lemmel/Aquabot_Tom/build/aquabot_common_tom' returned '0': CMAKE_PREFIX_PATH=${CMAKE_PREFIX_PATH}:/opt/ros/humble PS1_ori=\[\e]0;\u@\h: \w\a\]${debian_chroot:+($debian_chroot)}\[\033[01;32m\]\u@\h\[\033[00m\]:\[\033[01;34m\]\w\[\033[00m\]\$ /usr/bin/cmake --build /home/t-lemmel/Aquabot_Tom/build/aquabot_common_tom -- -j8 -l8
[55.489s] Invoking command in '/home/t-lemmel/Aquabot_Tom/build/aquabot_common_tom': CMAKE_PREFIX_PATH=${CMAKE_PREFIX_PATH}:/opt/ros/humble PS1_ori=\[\e]0;\u@\h: \w\a\]${debian_chroot:+($debian_chroot)}\[\033[01;32m\]\u@\h\[\033[00m\]:\[\033[01;34m\]\w\[\033[00m\]\$ /usr/bin/cmake --install /home/t-lemmel/Aquabot_Tom/build/aquabot_common_tom
[55.502s] -- Install configuration: ""
[55.503s] -- Execute custom install script
[55.504s] -- Symlinking: /home/t-lemmel/Aquabot_Tom/install/aquabot_common_tom/lib/aquabot_common_tom/gps2pose.py
[55.518s] -- Symlinking: /home/t-lemmel/Aquabot_Tom/install/aquabot_common_tom/lib/aquabot_common_tom/waypoint_tracker.py
[55.531s] -- Symlinking: /home/t-lemmel/Aquabot_Tom/install/aquabot_common_tom/lib/aquabot_common_tom/utm/CHANGELOG.rst
[55.547s] -- Symlinking: /home/t-lemmel/Aquabot_Tom/install/aquabot_common_tom/lib/aquabot_common_tom/utm/LICENSE
[55.565s] -- Symlinking: /home/t-lemmel/Aquabot_Tom/install/aquabot_common_tom/lib/aquabot_common_tom/utm/MANIFEST.in
[55.577s] -- Symlinking: /home/t-lemmel/Aquabot_Tom/install/aquabot_common_tom/lib/aquabot_common_tom/utm/__init__.py
[55.592s] -- Symlinking: /home/t-lemmel/Aquabot_Tom/install/aquabot_common_tom/lib/aquabot_common_tom/utm/__pycache__/__init__.cpython-310.pyc
[55.607s] -- Symlinking: /home/t-lemmel/Aquabot_Tom/install/aquabot_common_tom/lib/aquabot_common_tom/utm/__pycache__/_version.cpython-310.pyc
[55.622s] -- Symlinking: /home/t-lemmel/Aquabot_Tom/install/aquabot_common_tom/lib/aquabot_common_tom/utm/__pycache__/conversion.cpython-310.pyc
[55.635s] -- Symlinking: /home/t-lemmel/Aquabot_Tom/install/aquabot_common_tom/lib/aquabot_common_tom/utm/__pycache__/error.cpython-310.pyc
[55.651s] -- Symlinking: /home/t-lemmel/Aquabot_Tom/install/aquabot_common_tom/lib/aquabot_common_tom/utm/_version.py
[55.667s] -- Symlinking: /home/t-lemmel/Aquabot_Tom/install/aquabot_common_tom/lib/aquabot_common_tom/utm/conversion.py
[55.682s] -- Symlinking: /home/t-lemmel/Aquabot_Tom/install/aquabot_common_tom/lib/aquabot_common_tom/utm/error.py
[55.696s] -- Symlinking: /home/t-lemmel/Aquabot_Tom/install/aquabot_common_tom/share/aquabot_common_tom/launch/Cmd.yaml
[55.712s] -- Symlinking: /home/t-lemmel/Aquabot_Tom/install/aquabot_common_tom/share/aquabot_common_tom/launch/cloud.rviz
[55.728s] -- Symlinking: /home/t-lemmel/Aquabot_Tom/install/aquabot_common_tom/share/aquabot_common_tom/launch/cloud_launch.py
[55.740s] -- Symlinking: /home/t-lemmel/Aquabot_Tom/install/aquabot_common_tom/share/aquabot_common_tom/launch/cmd_launch.py
[55.755s] -- Symlinking: /home/t-lemmel/Aquabot_Tom/install/aquabot_common_tom/share/aquabot_common_tom/launch/config.rviz
[55.772s] -- Symlinking: /home/t-lemmel/Aquabot_Tom/install/aquabot_common_tom/lib/aquabot_common_tom/cloud_reader
[55.789s] -- Symlinking: /home/t-lemmel/Aquabot_Tom/install/aquabot_common_tom/share/ament_index/resource_index/package_run_dependencies/aquabot_common_tom
[55.812s] -- Symlinking: /home/t-lemmel/Aquabot_Tom/install/aquabot_common_tom/share/ament_index/resource_index/parent_prefix_path/aquabot_common_tom
[55.827s] -- Symlinking: /home/t-lemmel/Aquabot_Tom/install/aquabot_common_tom/share/aquabot_common_tom/environment/ament_prefix_path.sh
[55.841s] -- Symlinking: /home/t-lemmel/Aquabot_Tom/install/aquabot_common_tom/share/aquabot_common_tom/environment/ament_prefix_path.dsv
[55.855s] -- Symlinking: /home/t-lemmel/Aquabot_Tom/install/aquabot_common_tom/share/aquabot_common_tom/environment/path.sh
[55.870s] -- Symlinking: /home/t-lemmel/Aquabot_Tom/install/aquabot_common_tom/share/aquabot_common_tom/environment/path.dsv
[55.884s] -- Symlinking: /home/t-lemmel/Aquabot_Tom/install/aquabot_common_tom/share/aquabot_common_tom/local_setup.bash
[55.896s] -- Symlinking: /home/t-lemmel/Aquabot_Tom/install/aquabot_common_tom/share/aquabot_common_tom/local_setup.sh
[55.911s] -- Symlinking: /home/t-lemmel/Aquabot_Tom/install/aquabot_common_tom/share/aquabot_common_tom/local_setup.zsh
[55.927s] -- Symlinking: /home/t-lemmel/Aquabot_Tom/install/aquabot_common_tom/share/aquabot_common_tom/local_setup.dsv
[55.940s] -- Symlinking: /home/t-lemmel/Aquabot_Tom/install/aquabot_common_tom/share/aquabot_common_tom/package.dsv
[55.953s] -- Symlinking: /home/t-lemmel/Aquabot_Tom/install/aquabot_common_tom/share/ament_index/resource_index/packages/aquabot_common_tom
[55.974s] -- Symlinking: /home/t-lemmel/Aquabot_Tom/install/aquabot_common_tom/share/aquabot_common_tom/cmake/ament_cmake_export_dependencies-extras.cmake
[55.989s] -- Symlinking: /home/t-lemmel/Aquabot_Tom/install/aquabot_common_tom/share/aquabot_common_tom/cmake/aquabot_common_tomConfig.cmake
[56.003s] -- Symlinking: /home/t-lemmel/Aquabot_Tom/install/aquabot_common_tom/share/aquabot_common_tom/cmake/aquabot_common_tomConfig-version.cmake
[56.018s] -- Symlinking: /home/t-lemmel/Aquabot_Tom/install/aquabot_common_tom/share/aquabot_common_tom/package.xml
[56.038s] Invoked command in '/home/t-lemmel/Aquabot_Tom/build/aquabot_common_tom' returned '0': CMAKE_PREFIX_PATH=${CMAKE_PREFIX_PATH}:/opt/ros/humble PS1_ori=\[\e]0;\u@\h: \w\a\]${debian_chroot:+($debian_chroot)}\[\033[01;32m\]\u@\h\[\033[00m\]:\[\033[01;34m\]\w\[\033[00m\]\$ /usr/bin/cmake --install /home/t-lemmel/Aquabot_Tom/build/aquabot_common_tom
