[0.974s] Invoking command in '/home/t-lemmel/Aquabot_Tom/build/pid_library': CMAKE_PREFIX_PATH=${CMAKE_PREFIX_PATH}:/opt/ros/humble PS1_ori=\[\e]0;\u@\h: \w\a\]${debian_chroot:+($debian_chroot)}\[\033[01;32m\]\u@\h\[\033[00m\]:\[\033[01;34m\]\w\[\033[00m\]\$ /usr/bin/cmake --build /home/t-lemmel/Aquabot_Tom/build/pid_library -- -j8 -l8
[1.141s] [100%] Built target pid_library
[1.187s] Invoked command in '/home/t-lemmel/Aquabot_Tom/build/pid_library' returned '0': CMAKE_PREFIX_PATH=${CMAKE_PREFIX_PATH}:/opt/ros/humble PS1_ori=\[\e]0;\u@\h: \w\a\]${debian_chroot:+($debian_chroot)}\[\033[01;32m\]\u@\h\[\033[00m\]:\[\033[01;34m\]\w\[\033[00m\]\$ /usr/bin/cmake --build /home/t-lemmel/Aquabot_Tom/build/pid_library -- -j8 -l8
[1.332s] Invoking command in '/home/t-lemmel/Aquabot_Tom/build/pid_library': CMAKE_PREFIX_PATH=${CMAKE_PREFIX_PATH}:/opt/ros/humble PS1_ori=\[\e]0;\u@\h: \w\a\]${debian_chroot:+($debian_chroot)}\[\033[01;32m\]\u@\h\[\033[00m\]:\[\033[01;34m\]\w\[\033[00m\]\$ /usr/bin/cmake --install /home/t-lemmel/Aquabot_Tom/build/pid_library
[1.358s] -- Install configuration: ""
[1.358s] -- Execute custom install script
[1.359s] -- Up-to-date symlink: /home/t-lemmel/Aquabot_Tom/install/pid_library/share/pid_library/environment/library_path.sh
[1.359s] -- Up-to-date symlink: /home/t-lemmel/Aquabot_Tom/install/pid_library/share/pid_library/environment/library_path.dsv
[1.359s] -- Up-to-date symlink: /home/t-lemmel/Aquabot_Tom/install/pid_library/include/pid_library//pid_library.h
[1.359s] -- Up-to-date symlink: /home/t-lemmel/Aquabot_Tom/install/pid_library/share/ament_index/resource_index/package_run_dependencies/pid_library
[1.360s] -- Up-to-date symlink: /home/t-lemmel/Aquabot_Tom/install/pid_library/share/ament_index/resource_index/parent_prefix_path/pid_library
[1.362s] -- Up-to-date symlink: /home/t-lemmel/Aquabot_Tom/install/pid_library/share/pid_library/environment/ament_prefix_path.sh
[1.362s] -- Up-to-date symlink: /home/t-lemmel/Aquabot_Tom/install/pid_library/share/pid_library/environment/ament_prefix_path.dsv
[1.363s] -- Up-to-date symlink: /home/t-lemmel/Aquabot_Tom/install/pid_library/share/pid_library/environment/path.sh
[1.363s] -- Up-to-date symlink: /home/t-lemmel/Aquabot_Tom/install/pid_library/share/pid_library/environment/path.dsv
[1.363s] -- Up-to-date symlink: /home/t-lemmel/Aquabot_Tom/install/pid_library/share/pid_library/local_setup.bash
[1.364s] -- Up-to-date symlink: /home/t-lemmel/Aquabot_Tom/install/pid_library/share/pid_library/local_setup.sh
[1.365s] -- Up-to-date symlink: /home/t-lemmel/Aquabot_Tom/install/pid_library/share/pid_library/local_setup.zsh
[1.365s] -- Up-to-date symlink: /home/t-lemmel/Aquabot_Tom/install/pid_library/share/pid_library/local_setup.dsv
[1.365s] -- Symlinking: /home/t-lemmel/Aquabot_Tom/install/pid_library/share/pid_library/package.dsv
[1.408s] -- Up-to-date symlink: /home/t-lemmel/Aquabot_Tom/install/pid_library/share/ament_index/resource_index/packages/pid_library
[1.414s] -- Up-to-date symlink: /home/t-lemmel/Aquabot_Tom/install/pid_library/share/pid_library/cmake/ament_cmake_export_dependencies-extras.cmake
[1.415s] -- Up-to-date symlink: /home/t-lemmel/Aquabot_Tom/install/pid_library/share/pid_library/cmake/ament_cmake_export_targets-extras.cmake
[1.415s] -- Up-to-date symlink: /home/t-lemmel/Aquabot_Tom/install/pid_library/share/pid_library/cmake/pid_libraryConfig.cmake
[1.415s] -- Up-to-date symlink: /home/t-lemmel/Aquabot_Tom/install/pid_library/share/pid_library/cmake/pid_libraryConfig-version.cmake
[1.416s] -- Up-to-date symlink: /home/t-lemmel/Aquabot_Tom/install/pid_library/share/pid_library/package.xml
[1.417s] -- Up-to-date: /home/t-lemmel/Aquabot_Tom/install/pid_library/lib/libpid_library.a
[1.417s] -- Up-to-date: /home/t-lemmel/Aquabot_Tom/install/pid_library/share/pid_library/cmake/export_pid_libraryExport.cmake
[1.417s] -- Up-to-date: /home/t-lemmel/Aquabot_Tom/install/pid_library/share/pid_library/cmake/export_pid_libraryExport-noconfig.cmake
[1.420s] Invoked command in '/home/t-lemmel/Aquabot_Tom/build/pid_library' returned '0': CMAKE_PREFIX_PATH=${CMAKE_PREFIX_PATH}:/opt/ros/humble PS1_ori=\[\e]0;\u@\h: \w\a\]${debian_chroot:+($debian_chroot)}\[\033[01;32m\]\u@\h\[\033[00m\]:\[\033[01;34m\]\w\[\033[00m\]\$ /usr/bin/cmake --install /home/t-lemmel/Aquabot_Tom/build/pid_library
