[3.378s] DEBUG:colcon:Command line arguments: ['/usr/bin/colcon', 'build', '--symlink-install', '--continue-on-error']
[3.378s] DEBUG:colcon:Parsed command line arguments: Namespace(log_base=None, log_level=None, verb_name='build', build_base='build', install_base='install', merge_install=False, symlink_install=True, test_result_base=None, continue_on_error=True, executor='parallel', parallel_workers=8, event_handlers=None, ignore_user_meta=False, metas=['./colcon.meta'], base_paths=['.'], packages_ignore=None, packages_ignore_regex=None, paths=None, packages_up_to=None, packages_up_to_regex=None, packages_above=None, packages_above_and_dependencies=None, packages_above_depth=None, packages_select_by_dep=None, packages_skip_by_dep=None, packages_skip_up_to=None, packages_select_build_failed=False, packages_skip_build_finished=False, packages_select_test_failures=False, packages_skip_test_passed=False, packages_select=None, packages_skip=None, packages_select_regex=None, packages_skip_regex=None, packages_start=None, packages_end=None, allow_overriding=[], cmake_args=None, cmake_target=None, cmake_target_skip_unavailable=False, cmake_clean_cache=False, cmake_clean_first=False, cmake_force_configure=False, ament_cmake_args=None, catkin_cmake_args=None, catkin_skip_building_tests=False, verb_parser=<colcon_defaults.argument_parser.defaults.DefaultArgumentsDecorator object at 0x7f0a3baa5660>, verb_extension=<colcon_core.verb.build.BuildVerb object at 0x7f0a3baa73d0>, main=<bound method BuildVerb.main of <colcon_core.verb.build.BuildVerb object at 0x7f0a3baa73d0>>)
[3.529s] Level 1:colcon.colcon_core.package_discovery:discover_packages(colcon_meta) check parameters
[3.529s] Level 1:colcon.colcon_core.package_discovery:discover_packages(recursive) check parameters
[3.529s] Level 1:colcon.colcon_core.package_discovery:discover_packages(ignore) check parameters
[3.529s] Level 1:colcon.colcon_core.package_discovery:discover_packages(path) check parameters
[3.529s] Level 1:colcon.colcon_core.package_discovery:discover_packages(colcon_meta) discover
[3.529s] Level 1:colcon.colcon_core.package_discovery:discover_packages(recursive) discover
[3.530s] INFO:colcon.colcon_core.package_discovery:Crawling recursively for packages in '/home/t-lemmel/Aquabot_Tom'
[3.530s] Level 1:colcon.colcon_core.package_identification:_identify(.) by extensions ['ignore', 'ignore_ament_install']
[3.530s] Level 1:colcon.colcon_core.package_identification:_identify(.) by extension 'ignore'
[3.530s] Level 1:colcon.colcon_core.package_identification:_identify(.) by extension 'ignore_ament_install'
[3.530s] Level 1:colcon.colcon_core.package_identification:_identify(.) by extensions ['colcon_pkg']
[3.530s] Level 1:colcon.colcon_core.package_identification:_identify(.) by extension 'colcon_pkg'
[3.530s] Level 1:colcon.colcon_core.package_identification:_identify(.) by extensions ['colcon_meta']
[3.530s] Level 1:colcon.colcon_core.package_identification:_identify(.) by extension 'colcon_meta'
[3.530s] Level 1:colcon.colcon_core.package_identification:_identify(.) by extensions ['ros']
[3.531s] Level 1:colcon.colcon_core.package_identification:_identify(.) by extension 'ros'
[3.573s] Level 1:colcon.colcon_core.package_identification:_identify(.) by extensions ['cmake', 'python']
[3.573s] Level 1:colcon.colcon_core.package_identification:_identify(.) by extension 'cmake'
[3.573s] Level 1:colcon.colcon_core.package_identification:_identify(.) by extension 'python'
[3.573s] Level 1:colcon.colcon_core.package_identification:_identify(.) by extensions ['python_setup_py']
[3.573s] Level 1:colcon.colcon_core.package_identification:_identify(.) by extension 'python_setup_py'
[3.574s] Level 1:colcon.colcon_core.package_identification:_identify(build) by extensions ['ignore', 'ignore_ament_install']
[3.574s] Level 1:colcon.colcon_core.package_identification:_identify(build) by extension 'ignore'
[3.575s] Level 1:colcon.colcon_core.package_identification:_identify(build) ignored
[3.576s] Level 1:colcon.colcon_core.package_identification:_identify(install) by extensions ['ignore', 'ignore_ament_install']
[3.576s] Level 1:colcon.colcon_core.package_identification:_identify(install) by extension 'ignore'
[3.576s] Level 1:colcon.colcon_core.package_identification:_identify(install) ignored
[3.577s] Level 1:colcon.colcon_core.package_identification:_identify(log) by extensions ['ignore', 'ignore_ament_install']
[3.577s] Level 1:colcon.colcon_core.package_identification:_identify(log) by extension 'ignore'
[3.577s] Level 1:colcon.colcon_core.package_identification:_identify(log) ignored
[3.577s] Level 1:colcon.colcon_core.package_identification:_identify(ros_management_tools) by extensions ['ignore', 'ignore_ament_install']
[3.578s] Level 1:colcon.colcon_core.package_identification:_identify(ros_management_tools) by extension 'ignore'
[3.578s] Level 1:colcon.colcon_core.package_identification:_identify(ros_management_tools) by extension 'ignore_ament_install'
[3.578s] Level 1:colcon.colcon_core.package_identification:_identify(ros_management_tools) by extensions ['colcon_pkg']
[3.578s] Level 1:colcon.colcon_core.package_identification:_identify(ros_management_tools) by extension 'colcon_pkg'
[3.578s] Level 1:colcon.colcon_core.package_identification:_identify(ros_management_tools) by extensions ['colcon_meta']
[3.578s] Level 1:colcon.colcon_core.package_identification:_identify(ros_management_tools) by extension 'colcon_meta'
[3.578s] Level 1:colcon.colcon_core.package_identification:_identify(ros_management_tools) by extensions ['ros']
[3.578s] Level 1:colcon.colcon_core.package_identification:_identify(ros_management_tools) by extension 'ros'
[3.578s] Level 1:colcon.colcon_core.package_identification:_identify(ros_management_tools) by extensions ['cmake', 'python']
[3.578s] Level 1:colcon.colcon_core.package_identification:_identify(ros_management_tools) by extension 'cmake'
[3.578s] Level 1:colcon.colcon_core.package_identification:_identify(ros_management_tools) by extension 'python'
[3.579s] Level 1:colcon.colcon_core.package_identification:_identify(ros_management_tools) by extensions ['python_setup_py']
[3.579s] Level 1:colcon.colcon_core.package_identification:_identify(ros_management_tools) by extension 'python_setup_py'
[3.579s] Level 1:colcon.colcon_core.package_identification:_identify(ros_management_tools/qtcreator) by extensions ['ignore', 'ignore_ament_install']
[3.579s] Level 1:colcon.colcon_core.package_identification:_identify(ros_management_tools/qtcreator) by extension 'ignore'
[3.579s] Level 1:colcon.colcon_core.package_identification:_identify(ros_management_tools/qtcreator) by extension 'ignore_ament_install'
[3.579s] Level 1:colcon.colcon_core.package_identification:_identify(ros_management_tools/qtcreator) by extensions ['colcon_pkg']
[3.579s] Level 1:colcon.colcon_core.package_identification:_identify(ros_management_tools/qtcreator) by extension 'colcon_pkg'
[3.579s] Level 1:colcon.colcon_core.package_identification:_identify(ros_management_tools/qtcreator) by extensions ['colcon_meta']
[3.579s] Level 1:colcon.colcon_core.package_identification:_identify(ros_management_tools/qtcreator) by extension 'colcon_meta'
[3.580s] Level 1:colcon.colcon_core.package_identification:_identify(ros_management_tools/qtcreator) by extensions ['ros']
[3.580s] Level 1:colcon.colcon_core.package_identification:_identify(ros_management_tools/qtcreator) by extension 'ros'
[3.580s] Level 1:colcon.colcon_core.package_identification:_identify(ros_management_tools/qtcreator) by extensions ['cmake', 'python']
[3.580s] Level 1:colcon.colcon_core.package_identification:_identify(ros_management_tools/qtcreator) by extension 'cmake'
[3.580s] Level 1:colcon.colcon_core.package_identification:_identify(ros_management_tools/qtcreator) by extension 'python'
[3.580s] Level 1:colcon.colcon_core.package_identification:_identify(ros_management_tools/qtcreator) by extensions ['python_setup_py']
[3.580s] Level 1:colcon.colcon_core.package_identification:_identify(ros_management_tools/qtcreator) by extension 'python_setup_py'
[3.580s] Level 1:colcon.colcon_core.package_identification:_identify(src) by extensions ['ignore', 'ignore_ament_install']
[3.580s] Level 1:colcon.colcon_core.package_identification:_identify(src) by extension 'ignore'
[3.581s] Level 1:colcon.colcon_core.package_identification:_identify(src) by extension 'ignore_ament_install'
[3.581s] Level 1:colcon.colcon_core.package_identification:_identify(src) by extensions ['colcon_pkg']
[3.581s] Level 1:colcon.colcon_core.package_identification:_identify(src) by extension 'colcon_pkg'
[3.581s] Level 1:colcon.colcon_core.package_identification:_identify(src) by extensions ['colcon_meta']
[3.581s] Level 1:colcon.colcon_core.package_identification:_identify(src) by extension 'colcon_meta'
[3.581s] Level 1:colcon.colcon_core.package_identification:_identify(src) by extensions ['ros']
[3.581s] Level 1:colcon.colcon_core.package_identification:_identify(src) by extension 'ros'
[3.581s] Level 1:colcon.colcon_core.package_identification:_identify(src) by extensions ['cmake', 'python']
[3.581s] Level 1:colcon.colcon_core.package_identification:_identify(src) by extension 'cmake'
[3.581s] Level 1:colcon.colcon_core.package_identification:_identify(src) by extension 'python'
[3.581s] Level 1:colcon.colcon_core.package_identification:_identify(src) by extensions ['python_setup_py']
[3.582s] Level 1:colcon.colcon_core.package_identification:_identify(src) by extension 'python_setup_py'
[3.582s] Level 1:colcon.colcon_core.package_identification:_identify(src/aquabot_common) by extensions ['ignore', 'ignore_ament_install']
[3.583s] Level 1:colcon.colcon_core.package_identification:_identify(src/aquabot_common) by extension 'ignore'
[3.583s] Level 1:colcon.colcon_core.package_identification:_identify(src/aquabot_common) by extension 'ignore_ament_install'
[3.583s] Level 1:colcon.colcon_core.package_identification:_identify(src/aquabot_common) by extensions ['colcon_pkg']
[3.583s] Level 1:colcon.colcon_core.package_identification:_identify(src/aquabot_common) by extension 'colcon_pkg'
[3.583s] Level 1:colcon.colcon_core.package_identification:_identify(src/aquabot_common) by extensions ['colcon_meta']
[3.583s] Level 1:colcon.colcon_core.package_identification:_identify(src/aquabot_common) by extension 'colcon_meta'
[3.583s] Level 1:colcon.colcon_core.package_identification:_identify(src/aquabot_common) by extensions ['ros']
[3.583s] Level 1:colcon.colcon_core.package_identification:_identify(src/aquabot_common) by extension 'ros'
[3.588s] DEBUG:colcon.colcon_core.package_identification:Package 'src/aquabot_common' with type 'ros.ament_cmake' and name 'aquabot_common'
[3.588s] Level 1:colcon.colcon_core.package_identification:_identify(src/package_thruster_activation) by extensions ['ignore', 'ignore_ament_install']
[3.589s] Level 1:colcon.colcon_core.package_identification:_identify(src/package_thruster_activation) by extension 'ignore'
[3.589s] Level 1:colcon.colcon_core.package_identification:_identify(src/package_thruster_activation) by extension 'ignore_ament_install'
[3.589s] Level 1:colcon.colcon_core.package_identification:_identify(src/package_thruster_activation) by extensions ['colcon_pkg']
[3.589s] Level 1:colcon.colcon_core.package_identification:_identify(src/package_thruster_activation) by extension 'colcon_pkg'
[3.589s] Level 1:colcon.colcon_core.package_identification:_identify(src/package_thruster_activation) by extensions ['colcon_meta']
[3.589s] Level 1:colcon.colcon_core.package_identification:_identify(src/package_thruster_activation) by extension 'colcon_meta'
[3.589s] Level 1:colcon.colcon_core.package_identification:_identify(src/package_thruster_activation) by extensions ['ros']
[3.589s] Level 1:colcon.colcon_core.package_identification:_identify(src/package_thruster_activation) by extension 'ros'
[3.590s] DEBUG:colcon.colcon_core.package_identification:Package 'src/package_thruster_activation' with type 'ros.ament_cmake' and name 'package_thruster_activation'
[3.590s] Level 1:colcon.colcon_core.package_identification:_identify(src/ros2_pid_library) by extensions ['ignore', 'ignore_ament_install']
[3.590s] Level 1:colcon.colcon_core.package_identification:_identify(src/ros2_pid_library) by extension 'ignore'
[3.590s] Level 1:colcon.colcon_core.package_identification:_identify(src/ros2_pid_library) by extension 'ignore_ament_install'
[3.591s] Level 1:colcon.colcon_core.package_identification:_identify(src/ros2_pid_library) by extensions ['colcon_pkg']
[3.591s] Level 1:colcon.colcon_core.package_identification:_identify(src/ros2_pid_library) by extension 'colcon_pkg'
[3.591s] Level 1:colcon.colcon_core.package_identification:_identify(src/ros2_pid_library) by extensions ['colcon_meta']
[3.591s] Level 1:colcon.colcon_core.package_identification:_identify(src/ros2_pid_library) by extension 'colcon_meta'
[3.591s] Level 1:colcon.colcon_core.package_identification:_identify(src/ros2_pid_library) by extensions ['ros']
[3.591s] Level 1:colcon.colcon_core.package_identification:_identify(src/ros2_pid_library) by extension 'ros'
[3.591s] Level 1:colcon.colcon_core.package_identification:_identify(src/ros2_pid_library) by extensions ['cmake', 'python']
[3.591s] Level 1:colcon.colcon_core.package_identification:_identify(src/ros2_pid_library) by extension 'cmake'
[3.591s] Level 1:colcon.colcon_core.package_identification:_identify(src/ros2_pid_library) by extension 'python'
[3.591s] Level 1:colcon.colcon_core.package_identification:_identify(src/ros2_pid_library) by extensions ['python_setup_py']
[3.591s] Level 1:colcon.colcon_core.package_identification:_identify(src/ros2_pid_library) by extension 'python_setup_py'
[3.591s] Level 1:colcon.colcon_core.package_identification:_identify(src/ros2_pid_library/build) by extensions ['ignore', 'ignore_ament_install']
[3.591s] Level 1:colcon.colcon_core.package_identification:_identify(src/ros2_pid_library/build) by extension 'ignore'
[3.592s] Level 1:colcon.colcon_core.package_identification:_identify(src/ros2_pid_library/build) ignored
[3.592s] Level 1:colcon.colcon_core.package_identification:_identify(src/ros2_pid_library/example_system) by extensions ['ignore', 'ignore_ament_install']
[3.592s] Level 1:colcon.colcon_core.package_identification:_identify(src/ros2_pid_library/example_system) by extension 'ignore'
[3.592s] Level 1:colcon.colcon_core.package_identification:_identify(src/ros2_pid_library/example_system) by extension 'ignore_ament_install'
[3.592s] Level 1:colcon.colcon_core.package_identification:_identify(src/ros2_pid_library/example_system) by extensions ['colcon_pkg']
[3.592s] Level 1:colcon.colcon_core.package_identification:_identify(src/ros2_pid_library/example_system) by extension 'colcon_pkg'
[3.592s] Level 1:colcon.colcon_core.package_identification:_identify(src/ros2_pid_library/example_system) by extensions ['colcon_meta']
[3.592s] Level 1:colcon.colcon_core.package_identification:_identify(src/ros2_pid_library/example_system) by extension 'colcon_meta'
[3.592s] Level 1:colcon.colcon_core.package_identification:_identify(src/ros2_pid_library/example_system) by extensions ['ros']
[3.592s] Level 1:colcon.colcon_core.package_identification:_identify(src/ros2_pid_library/example_system) by extension 'ros'
[3.593s] DEBUG:colcon.colcon_core.package_identification:Package 'src/ros2_pid_library/example_system' with type 'ros.ament_cmake' and name 'example_system'
[3.593s] Level 1:colcon.colcon_core.package_identification:_identify(src/ros2_pid_library/install) by extensions ['ignore', 'ignore_ament_install']
[3.593s] Level 1:colcon.colcon_core.package_identification:_identify(src/ros2_pid_library/install) by extension 'ignore'
[3.593s] Level 1:colcon.colcon_core.package_identification:_identify(src/ros2_pid_library/install) ignored
[3.594s] Level 1:colcon.colcon_core.package_identification:_identify(src/ros2_pid_library/log) by extensions ['ignore', 'ignore_ament_install']
[3.594s] Level 1:colcon.colcon_core.package_identification:_identify(src/ros2_pid_library/log) by extension 'ignore'
[3.594s] Level 1:colcon.colcon_core.package_identification:_identify(src/ros2_pid_library/log) ignored
[3.594s] Level 1:colcon.colcon_core.package_identification:_identify(src/ros2_pid_library/pid_library) by extensions ['ignore', 'ignore_ament_install']
[3.594s] Level 1:colcon.colcon_core.package_identification:_identify(src/ros2_pid_library/pid_library) by extension 'ignore'
[3.594s] Level 1:colcon.colcon_core.package_identification:_identify(src/ros2_pid_library/pid_library) by extension 'ignore_ament_install'
[3.594s] Level 1:colcon.colcon_core.package_identification:_identify(src/ros2_pid_library/pid_library) by extensions ['colcon_pkg']
[3.594s] Level 1:colcon.colcon_core.package_identification:_identify(src/ros2_pid_library/pid_library) by extension 'colcon_pkg'
[3.594s] Level 1:colcon.colcon_core.package_identification:_identify(src/ros2_pid_library/pid_library) by extensions ['colcon_meta']
[3.594s] Level 1:colcon.colcon_core.package_identification:_identify(src/ros2_pid_library/pid_library) by extension 'colcon_meta'
[3.594s] Level 1:colcon.colcon_core.package_identification:_identify(src/ros2_pid_library/pid_library) by extensions ['ros']
[3.594s] Level 1:colcon.colcon_core.package_identification:_identify(src/ros2_pid_library/pid_library) by extension 'ros'
[3.595s] DEBUG:colcon.colcon_core.package_identification:Package 'src/ros2_pid_library/pid_library' with type 'ros.ament_cmake' and name 'pid_library'
[3.596s] Level 1:colcon.colcon_core.package_identification:_identify(src/ros2_pid_library/use_library) by extensions ['ignore', 'ignore_ament_install']
[3.596s] Level 1:colcon.colcon_core.package_identification:_identify(src/ros2_pid_library/use_library) by extension 'ignore'
[3.596s] Level 1:colcon.colcon_core.package_identification:_identify(src/ros2_pid_library/use_library) by extension 'ignore_ament_install'
[3.597s] Level 1:colcon.colcon_core.package_identification:_identify(src/ros2_pid_library/use_library) by extensions ['colcon_pkg']
[3.597s] Level 1:colcon.colcon_core.package_identification:_identify(src/ros2_pid_library/use_library) by extension 'colcon_pkg'
[3.597s] Level 1:colcon.colcon_core.package_identification:_identify(src/ros2_pid_library/use_library) by extensions ['colcon_meta']
[3.597s] Level 1:colcon.colcon_core.package_identification:_identify(src/ros2_pid_library/use_library) by extension 'colcon_meta'
[3.597s] Level 1:colcon.colcon_core.package_identification:_identify(src/ros2_pid_library/use_library) by extensions ['ros']
[3.597s] Level 1:colcon.colcon_core.package_identification:_identify(src/ros2_pid_library/use_library) by extension 'ros'
[3.599s] DEBUG:colcon.colcon_core.package_identification:Package 'src/ros2_pid_library/use_library' with type 'ros.ament_cmake' and name 'use_library'
[3.599s] Level 1:colcon.colcon_core.package_identification:_identify(src/test_float) by extensions ['ignore', 'ignore_ament_install']
[3.599s] Level 1:colcon.colcon_core.package_identification:_identify(src/test_float) by extension 'ignore'
[3.599s] Level 1:colcon.colcon_core.package_identification:_identify(src/test_float) by extension 'ignore_ament_install'
[3.599s] Level 1:colcon.colcon_core.package_identification:_identify(src/test_float) by extensions ['colcon_pkg']
[3.599s] Level 1:colcon.colcon_core.package_identification:_identify(src/test_float) by extension 'colcon_pkg'
[3.599s] Level 1:colcon.colcon_core.package_identification:_identify(src/test_float) by extensions ['colcon_meta']
[3.599s] Level 1:colcon.colcon_core.package_identification:_identify(src/test_float) by extension 'colcon_meta'
[3.599s] Level 1:colcon.colcon_core.package_identification:_identify(src/test_float) by extensions ['ros']
[3.599s] Level 1:colcon.colcon_core.package_identification:_identify(src/test_float) by extension 'ros'
[3.601s] DEBUG:colcon.colcon_core.package_identification:Package 'src/test_float' with type 'ros.ament_cmake' and name 'test_float'
[3.601s] Level 1:colcon.colcon_core.package_discovery:discover_packages(recursive) using defaults
[3.601s] Level 1:colcon.colcon_core.package_discovery:discover_packages(ignore) discover
[3.601s] Level 1:colcon.colcon_core.package_discovery:discover_packages(ignore) using defaults
[3.601s] Level 1:colcon.colcon_core.package_discovery:discover_packages(path) discover
[3.601s] Level 1:colcon.colcon_core.package_discovery:discover_packages(path) using defaults
[3.802s] Level 1:colcon.colcon_core.package_discovery:discover_packages(prefix_path) check parameters
[3.802s] Level 1:colcon.colcon_core.package_discovery:discover_packages(prefix_path) discover
[3.863s] DEBUG:colcon.colcon_installed_package_information.package_discovery:Found 8 installed packages in /home/t-lemmel/vrx_ws/install
[3.910s] DEBUG:colcon.colcon_installed_package_information.package_discovery:Found 285 installed packages in /opt/ros/humble
[3.914s] Level 1:colcon.colcon_core.package_discovery:discover_packages(prefix_path) using defaults
[4.296s] Level 5:colcon.colcon_core.verb:set package 'aquabot_common' build argument 'cmake_args' from command line to 'None'
[4.296s] Level 5:colcon.colcon_core.verb:set package 'aquabot_common' build argument 'cmake_target' from command line to 'None'
[4.296s] Level 5:colcon.colcon_core.verb:set package 'aquabot_common' build argument 'cmake_target_skip_unavailable' from command line to 'False'
[4.296s] Level 5:colcon.colcon_core.verb:set package 'aquabot_common' build argument 'cmake_clean_cache' from command line to 'False'
[4.296s] Level 5:colcon.colcon_core.verb:set package 'aquabot_common' build argument 'cmake_clean_first' from command line to 'False'
[4.296s] Level 5:colcon.colcon_core.verb:set package 'aquabot_common' build argument 'cmake_force_configure' from command line to 'False'
[4.296s] Level 5:colcon.colcon_core.verb:set package 'aquabot_common' build argument 'ament_cmake_args' from command line to 'None'
[4.296s] Level 5:colcon.colcon_core.verb:set package 'aquabot_common' build argument 'catkin_cmake_args' from command line to 'None'
[4.296s] Level 5:colcon.colcon_core.verb:set package 'aquabot_common' build argument 'catkin_skip_building_tests' from command line to 'False'
[4.296s] DEBUG:colcon.colcon_core.verb:Building package 'aquabot_common' with the following arguments: {'ament_cmake_args': None, 'build_base': '/home/t-lemmel/Aquabot_Tom/build/aquabot_common', 'catkin_cmake_args': None, 'catkin_skip_building_tests': False, 'cmake_args': None, 'cmake_clean_cache': False, 'cmake_clean_first': False, 'cmake_force_configure': False, 'cmake_target': None, 'cmake_target_skip_unavailable': False, 'install_base': '/home/t-lemmel/Aquabot_Tom/install/aquabot_common', 'merge_install': False, 'path': '/home/t-lemmel/Aquabot_Tom/src/aquabot_common', 'symlink_install': True, 'test_result_base': None}
[4.338s] Level 5:colcon.colcon_core.verb:set package 'example_system' build argument 'cmake_args' from command line to 'None'
[4.339s] Level 5:colcon.colcon_core.verb:set package 'example_system' build argument 'cmake_target' from command line to 'None'
[4.339s] Level 5:colcon.colcon_core.verb:set package 'example_system' build argument 'cmake_target_skip_unavailable' from command line to 'False'
[4.339s] Level 5:colcon.colcon_core.verb:set package 'example_system' build argument 'cmake_clean_cache' from command line to 'False'
[4.339s] Level 5:colcon.colcon_core.verb:set package 'example_system' build argument 'cmake_clean_first' from command line to 'False'
[4.339s] Level 5:colcon.colcon_core.verb:set package 'example_system' build argument 'cmake_force_configure' from command line to 'False'
[4.339s] Level 5:colcon.colcon_core.verb:set package 'example_system' build argument 'ament_cmake_args' from command line to 'None'
[4.339s] Level 5:colcon.colcon_core.verb:set package 'example_system' build argument 'catkin_cmake_args' from command line to 'None'
[4.339s] Level 5:colcon.colcon_core.verb:set package 'example_system' build argument 'catkin_skip_building_tests' from command line to 'False'
[4.339s] DEBUG:colcon.colcon_core.verb:Building package 'example_system' with the following arguments: {'ament_cmake_args': None, 'build_base': '/home/t-lemmel/Aquabot_Tom/build/example_system', 'catkin_cmake_args': None, 'catkin_skip_building_tests': False, 'cmake_args': None, 'cmake_clean_cache': False, 'cmake_clean_first': False, 'cmake_force_configure': False, 'cmake_target': None, 'cmake_target_skip_unavailable': False, 'install_base': '/home/t-lemmel/Aquabot_Tom/install/example_system', 'merge_install': False, 'path': '/home/t-lemmel/Aquabot_Tom/src/ros2_pid_library/example_system', 'symlink_install': True, 'test_result_base': None}
[4.384s] Level 5:colcon.colcon_core.verb:set package 'package_thruster_activation' build argument 'cmake_args' from command line to 'None'
[4.384s] Level 5:colcon.colcon_core.verb:set package 'package_thruster_activation' build argument 'cmake_target' from command line to 'None'
[4.384s] Level 5:colcon.colcon_core.verb:set package 'package_thruster_activation' build argument 'cmake_target_skip_unavailable' from command line to 'False'
[4.384s] Level 5:colcon.colcon_core.verb:set package 'package_thruster_activation' build argument 'cmake_clean_cache' from command line to 'False'
[4.384s] Level 5:colcon.colcon_core.verb:set package 'package_thruster_activation' build argument 'cmake_clean_first' from command line to 'False'
[4.384s] Level 5:colcon.colcon_core.verb:set package 'package_thruster_activation' build argument 'cmake_force_configure' from command line to 'False'
[4.384s] Level 5:colcon.colcon_core.verb:set package 'package_thruster_activation' build argument 'ament_cmake_args' from command line to 'None'
[4.384s] Level 5:colcon.colcon_core.verb:set package 'package_thruster_activation' build argument 'catkin_cmake_args' from command line to 'None'
[4.384s] Level 5:colcon.colcon_core.verb:set package 'package_thruster_activation' build argument 'catkin_skip_building_tests' from command line to 'False'
[4.385s] DEBUG:colcon.colcon_core.verb:Building package 'package_thruster_activation' with the following arguments: {'ament_cmake_args': None, 'build_base': '/home/t-lemmel/Aquabot_Tom/build/package_thruster_activation', 'catkin_cmake_args': None, 'catkin_skip_building_tests': False, 'cmake_args': None, 'cmake_clean_cache': False, 'cmake_clean_first': False, 'cmake_force_configure': False, 'cmake_target': None, 'cmake_target_skip_unavailable': False, 'install_base': '/home/t-lemmel/Aquabot_Tom/install/package_thruster_activation', 'merge_install': False, 'path': '/home/t-lemmel/Aquabot_Tom/src/package_thruster_activation', 'symlink_install': True, 'test_result_base': None}
[4.439s] Level 5:colcon.colcon_core.verb:set package 'pid_library' build argument 'cmake_args' from command line to 'None'
[4.440s] Level 5:colcon.colcon_core.verb:set package 'pid_library' build argument 'cmake_target' from command line to 'None'
[4.440s] Level 5:colcon.colcon_core.verb:set package 'pid_library' build argument 'cmake_target_skip_unavailable' from command line to 'False'
[4.440s] Level 5:colcon.colcon_core.verb:set package 'pid_library' build argument 'cmake_clean_cache' from command line to 'False'
[4.440s] Level 5:colcon.colcon_core.verb:set package 'pid_library' build argument 'cmake_clean_first' from command line to 'False'
[4.440s] Level 5:colcon.colcon_core.verb:set package 'pid_library' build argument 'cmake_force_configure' from command line to 'False'
[4.440s] Level 5:colcon.colcon_core.verb:set package 'pid_library' build argument 'ament_cmake_args' from command line to 'None'
[4.440s] Level 5:colcon.colcon_core.verb:set package 'pid_library' build argument 'catkin_cmake_args' from command line to 'None'
[4.440s] Level 5:colcon.colcon_core.verb:set package 'pid_library' build argument 'catkin_skip_building_tests' from command line to 'False'
[4.440s] DEBUG:colcon.colcon_core.verb:Building package 'pid_library' with the following arguments: {'ament_cmake_args': None, 'build_base': '/home/t-lemmel/Aquabot_Tom/build/pid_library', 'catkin_cmake_args': None, 'catkin_skip_building_tests': False, 'cmake_args': None, 'cmake_clean_cache': False, 'cmake_clean_first': False, 'cmake_force_configure': False, 'cmake_target': None, 'cmake_target_skip_unavailable': False, 'install_base': '/home/t-lemmel/Aquabot_Tom/install/pid_library', 'merge_install': False, 'path': '/home/t-lemmel/Aquabot_Tom/src/ros2_pid_library/pid_library', 'symlink_install': True, 'test_result_base': None}
[4.484s] Level 5:colcon.colcon_core.verb:set package 'test_float' build argument 'cmake_args' from command line to 'None'
[4.485s] Level 5:colcon.colcon_core.verb:set package 'test_float' build argument 'cmake_target' from command line to 'None'
[4.485s] Level 5:colcon.colcon_core.verb:set package 'test_float' build argument 'cmake_target_skip_unavailable' from command line to 'False'
[4.485s] Level 5:colcon.colcon_core.verb:set package 'test_float' build argument 'cmake_clean_cache' from command line to 'False'
[4.485s] Level 5:colcon.colcon_core.verb:set package 'test_float' build argument 'cmake_clean_first' from command line to 'False'
[4.485s] Level 5:colcon.colcon_core.verb:set package 'test_float' build argument 'cmake_force_configure' from command line to 'False'
[4.485s] Level 5:colcon.colcon_core.verb:set package 'test_float' build argument 'ament_cmake_args' from command line to 'None'
[4.485s] Level 5:colcon.colcon_core.verb:set package 'test_float' build argument 'catkin_cmake_args' from command line to 'None'
[4.485s] Level 5:colcon.colcon_core.verb:set package 'test_float' build argument 'catkin_skip_building_tests' from command line to 'False'
[4.485s] DEBUG:colcon.colcon_core.verb:Building package 'test_float' with the following arguments: {'ament_cmake_args': None, 'build_base': '/home/t-lemmel/Aquabot_Tom/build/test_float', 'catkin_cmake_args': None, 'catkin_skip_building_tests': False, 'cmake_args': None, 'cmake_clean_cache': False, 'cmake_clean_first': False, 'cmake_force_configure': False, 'cmake_target': None, 'cmake_target_skip_unavailable': False, 'install_base': '/home/t-lemmel/Aquabot_Tom/install/test_float', 'merge_install': False, 'path': '/home/t-lemmel/Aquabot_Tom/src/test_float', 'symlink_install': True, 'test_result_base': None}
[4.524s] Level 5:colcon.colcon_core.verb:set package 'use_library' build argument 'cmake_args' from command line to 'None'
[4.525s] Level 5:colcon.colcon_core.verb:set package 'use_library' build argument 'cmake_target' from command line to 'None'
[4.525s] Level 5:colcon.colcon_core.verb:set package 'use_library' build argument 'cmake_target_skip_unavailable' from command line to 'False'
[4.526s] Level 5:colcon.colcon_core.verb:set package 'use_library' build argument 'cmake_clean_cache' from command line to 'False'
[4.526s] Level 5:colcon.colcon_core.verb:set package 'use_library' build argument 'cmake_clean_first' from command line to 'False'
[4.526s] Level 5:colcon.colcon_core.verb:set package 'use_library' build argument 'cmake_force_configure' from command line to 'False'
[4.527s] Level 5:colcon.colcon_core.verb:set package 'use_library' build argument 'ament_cmake_args' from command line to 'None'
[4.527s] Level 5:colcon.colcon_core.verb:set package 'use_library' build argument 'catkin_cmake_args' from command line to 'None'
[4.527s] Level 5:colcon.colcon_core.verb:set package 'use_library' build argument 'catkin_skip_building_tests' from command line to 'False'
[4.527s] DEBUG:colcon.colcon_core.verb:Building package 'use_library' with the following arguments: {'ament_cmake_args': None, 'build_base': '/home/t-lemmel/Aquabot_Tom/build/use_library', 'catkin_cmake_args': None, 'catkin_skip_building_tests': False, 'cmake_args': None, 'cmake_clean_cache': False, 'cmake_clean_first': False, 'cmake_force_configure': False, 'cmake_target': None, 'cmake_target_skip_unavailable': False, 'install_base': '/home/t-lemmel/Aquabot_Tom/install/use_library', 'merge_install': False, 'path': '/home/t-lemmel/Aquabot_Tom/src/ros2_pid_library/use_library', 'symlink_install': True, 'test_result_base': None}
[4.568s] INFO:colcon.colcon_core.executor:Executing jobs using 'parallel' executor
[4.616s] DEBUG:colcon.colcon_parallel_executor.executor.parallel:run_until_complete
[4.616s] INFO:colcon.colcon_ros.task.ament_cmake.build:Building ROS package in '/home/t-lemmel/Aquabot_Tom/src/ros2_pid_library/pid_library' with build type 'ament_cmake'
[4.617s] INFO:colcon.colcon_cmake.task.cmake.build:Building CMake package in '/home/t-lemmel/Aquabot_Tom/src/ros2_pid_library/pid_library'
[4.677s] INFO:colcon.colcon_core.plugin_system:Skipping extension 'colcon_core.shell.bat': Not used on non-Windows systems
[4.677s] INFO:colcon.colcon_core.shell:Skip shell extension 'powershell' for command environment: Not usable outside of PowerShell
[4.677s] DEBUG:colcon.colcon_core.shell:Skip shell extension 'dsv' for command environment
[4.836s] INFO:colcon.colcon_ros.task.ament_cmake.build:Building ROS package in '/home/t-lemmel/Aquabot_Tom/src/aquabot_common' with build type 'ament_cmake'
[4.837s] INFO:colcon.colcon_cmake.task.cmake.build:Building CMake package in '/home/t-lemmel/Aquabot_Tom/src/aquabot_common'
[4.887s] INFO:colcon.colcon_core.shell:Skip shell extension 'powershell' for command environment: Not usable outside of PowerShell
[4.887s] DEBUG:colcon.colcon_core.shell:Skip shell extension 'dsv' for command environment
[5.022s] INFO:colcon.colcon_ros.task.ament_cmake.build:Building ROS package in '/home/t-lemmel/Aquabot_Tom/src/ros2_pid_library/example_system' with build type 'ament_cmake'
[5.023s] INFO:colcon.colcon_cmake.task.cmake.build:Building CMake package in '/home/t-lemmel/Aquabot_Tom/src/ros2_pid_library/example_system'
[5.083s] INFO:colcon.colcon_core.shell:Skip shell extension 'powershell' for command environment: Not usable outside of PowerShell
[5.083s] DEBUG:colcon.colcon_core.shell:Skip shell extension 'dsv' for command environment
[5.283s] INFO:colcon.colcon_ros.task.ament_cmake.build:Building ROS package in '/home/t-lemmel/Aquabot_Tom/src/package_thruster_activation' with build type 'ament_cmake'
[5.284s] INFO:colcon.colcon_cmake.task.cmake.build:Building CMake package in '/home/t-lemmel/Aquabot_Tom/src/package_thruster_activation'
[5.339s] INFO:colcon.colcon_core.shell:Skip shell extension 'powershell' for command environment: Not usable outside of PowerShell
[5.339s] DEBUG:colcon.colcon_core.shell:Skip shell extension 'dsv' for command environment
[5.483s] INFO:colcon.colcon_ros.task.ament_cmake.build:Building ROS package in '/home/t-lemmel/Aquabot_Tom/src/test_float' with build type 'ament_cmake'
[5.485s] INFO:colcon.colcon_cmake.task.cmake.build:Building CMake package in '/home/t-lemmel/Aquabot_Tom/src/test_float'
[5.552s] INFO:colcon.colcon_core.shell:Skip shell extension 'powershell' for command environment: Not usable outside of PowerShell
[5.552s] DEBUG:colcon.colcon_core.shell:Skip shell extension 'dsv' for command environment
[5.746s] DEBUG:colcon.colcon_core.event_handler.log_command:Invoking command in '/home/t-lemmel/Aquabot_Tom/build/pid_library': CMAKE_PREFIX_PATH=${CMAKE_PREFIX_PATH}:/opt/ros/humble PS1_ori=\[\e]0;\u@\h: \w\a\]${debian_chroot:+($debian_chroot)}\[\033[01;32m\]\u@\h\[\033[00m\]:\[\033[01;34m\]\w\[\033[00m\]\$ /usr/bin/cmake --build /home/t-lemmel/Aquabot_Tom/build/pid_library -- -j8 -l8
[5.761s] DEBUG:colcon.colcon_core.event_handler.log_command:Invoking command in '/home/t-lemmel/Aquabot_Tom/build/aquabot_common': CMAKE_PREFIX_PATH=${CMAKE_PREFIX_PATH}:/opt/ros/humble PS1_ori=\[\e]0;\u@\h: \w\a\]${debian_chroot:+($debian_chroot)}\[\033[01;32m\]\u@\h\[\033[00m\]:\[\033[01;34m\]\w\[\033[00m\]\$ /usr/bin/cmake --build /home/t-lemmel/Aquabot_Tom/build/aquabot_common -- -j8 -l8
[5.769s] DEBUG:colcon.colcon_core.event_handler.log_command:Invoking command in '/home/t-lemmel/Aquabot_Tom/build/example_system': CMAKE_PREFIX_PATH=${CMAKE_PREFIX_PATH}:/opt/ros/humble PS1_ori=\[\e]0;\u@\h: \w\a\]${debian_chroot:+($debian_chroot)}\[\033[01;32m\]\u@\h\[\033[00m\]:\[\033[01;34m\]\w\[\033[00m\]\$ /usr/bin/cmake --build /home/t-lemmel/Aquabot_Tom/build/example_system -- -j8 -l8
[5.786s] DEBUG:colcon.colcon_core.event_handler.log_command:Invoking command in '/home/t-lemmel/Aquabot_Tom/build/package_thruster_activation': CMAKE_PREFIX_PATH=${CMAKE_PREFIX_PATH}:/opt/ros/humble PS1_ori=\[\e]0;\u@\h: \w\a\]${debian_chroot:+($debian_chroot)}\[\033[01;32m\]\u@\h\[\033[00m\]:\[\033[01;34m\]\w\[\033[00m\]\$ /usr/bin/cmake --build /home/t-lemmel/Aquabot_Tom/build/package_thruster_activation -- -j8 -l8
[5.809s] DEBUG:colcon.colcon_core.event_handler.log_command:Invoking command in '/home/t-lemmel/Aquabot_Tom/build/test_float': CMAKE_PREFIX_PATH=${CMAKE_PREFIX_PATH}:/opt/ros/humble PS1_ori=\[\e]0;\u@\h: \w\a\]${debian_chroot:+($debian_chroot)}\[\033[01;32m\]\u@\h\[\033[00m\]:\[\033[01;34m\]\w\[\033[00m\]\$ /usr/bin/cmake --build /home/t-lemmel/Aquabot_Tom/build/test_float -- -j8 -l8
[5.975s] DEBUG:colcon.colcon_core.event_handler.log_command:Invoked command in '/home/t-lemmel/Aquabot_Tom/build/pid_library' returned '0': CMAKE_PREFIX_PATH=${CMAKE_PREFIX_PATH}:/opt/ros/humble PS1_ori=\[\e]0;\u@\h: \w\a\]${debian_chroot:+($debian_chroot)}\[\033[01;32m\]\u@\h\[\033[00m\]:\[\033[01;34m\]\w\[\033[00m\]\$ /usr/bin/cmake --build /home/t-lemmel/Aquabot_Tom/build/pid_library -- -j8 -l8
[6.012s] DEBUG:colcon.colcon_core.event_handler.log_command:Invoked command in '/home/t-lemmel/Aquabot_Tom/build/example_system' returned '0': CMAKE_PREFIX_PATH=${CMAKE_PREFIX_PATH}:/opt/ros/humble PS1_ori=\[\e]0;\u@\h: \w\a\]${debian_chroot:+($debian_chroot)}\[\033[01;32m\]\u@\h\[\033[00m\]:\[\033[01;34m\]\w\[\033[00m\]\$ /usr/bin/cmake --build /home/t-lemmel/Aquabot_Tom/build/example_system -- -j8 -l8
[6.030s] DEBUG:colcon.colcon_core.event_handler.log_command:Invoked command in '/home/t-lemmel/Aquabot_Tom/build/package_thruster_activation' returned '0': CMAKE_PREFIX_PATH=${CMAKE_PREFIX_PATH}:/opt/ros/humble PS1_ori=\[\e]0;\u@\h: \w\a\]${debian_chroot:+($debian_chroot)}\[\033[01;32m\]\u@\h\[\033[00m\]:\[\033[01;34m\]\w\[\033[00m\]\$ /usr/bin/cmake --build /home/t-lemmel/Aquabot_Tom/build/package_thruster_activation -- -j8 -l8
[6.038s] DEBUG:colcon.colcon_core.event_handler.log_command:Invoked command in '/home/t-lemmel/Aquabot_Tom/build/aquabot_common' returned '0': CMAKE_PREFIX_PATH=${CMAKE_PREFIX_PATH}:/opt/ros/humble PS1_ori=\[\e]0;\u@\h: \w\a\]${debian_chroot:+($debian_chroot)}\[\033[01;32m\]\u@\h\[\033[00m\]:\[\033[01;34m\]\w\[\033[00m\]\$ /usr/bin/cmake --build /home/t-lemmel/Aquabot_Tom/build/aquabot_common -- -j8 -l8
[6.069s] DEBUG:colcon.colcon_core.event_handler.log_command:Invoked command in '/home/t-lemmel/Aquabot_Tom/build/test_float' returned '0': CMAKE_PREFIX_PATH=${CMAKE_PREFIX_PATH}:/opt/ros/humble PS1_ori=\[\e]0;\u@\h: \w\a\]${debian_chroot:+($debian_chroot)}\[\033[01;32m\]\u@\h\[\033[00m\]:\[\033[01;34m\]\w\[\033[00m\]\$ /usr/bin/cmake --build /home/t-lemmel/Aquabot_Tom/build/test_float -- -j8 -l8
[6.102s] DEBUG:colcon.colcon_core.event_handler.log_command:Invoking command in '/home/t-lemmel/Aquabot_Tom/build/pid_library': CMAKE_PREFIX_PATH=${CMAKE_PREFIX_PATH}:/opt/ros/humble PS1_ori=\[\e]0;\u@\h: \w\a\]${debian_chroot:+($debian_chroot)}\[\033[01;32m\]\u@\h\[\033[00m\]:\[\033[01;34m\]\w\[\033[00m\]\$ /usr/bin/cmake --install /home/t-lemmel/Aquabot_Tom/build/pid_library
[6.111s] DEBUG:colcon.colcon_core.event_handler.log_command:Invoking command in '/home/t-lemmel/Aquabot_Tom/build/example_system': CMAKE_PREFIX_PATH=${CMAKE_PREFIX_PATH}:/opt/ros/humble PS1_ori=\[\e]0;\u@\h: \w\a\]${debian_chroot:+($debian_chroot)}\[\033[01;32m\]\u@\h\[\033[00m\]:\[\033[01;34m\]\w\[\033[00m\]\$ /usr/bin/cmake --install /home/t-lemmel/Aquabot_Tom/build/example_system
[6.120s] DEBUG:colcon.colcon_core.event_handler.log_command:Invoking command in '/home/t-lemmel/Aquabot_Tom/build/package_thruster_activation': CMAKE_PREFIX_PATH=${CMAKE_PREFIX_PATH}:/opt/ros/humble PS1_ori=\[\e]0;\u@\h: \w\a\]${debian_chroot:+($debian_chroot)}\[\033[01;32m\]\u@\h\[\033[00m\]:\[\033[01;34m\]\w\[\033[00m\]\$ /usr/bin/cmake --install /home/t-lemmel/Aquabot_Tom/build/package_thruster_activation
[6.133s] DEBUG:colcon.colcon_core.event_handler.log_command:Invoking command in '/home/t-lemmel/Aquabot_Tom/build/aquabot_common': CMAKE_PREFIX_PATH=${CMAKE_PREFIX_PATH}:/opt/ros/humble PS1_ori=\[\e]0;\u@\h: \w\a\]${debian_chroot:+($debian_chroot)}\[\033[01;32m\]\u@\h\[\033[00m\]:\[\033[01;34m\]\w\[\033[00m\]\$ /usr/bin/cmake --install /home/t-lemmel/Aquabot_Tom/build/aquabot_common
[6.172s] Level 1:colcon.colcon_core.environment:create_environment_scripts_only(pid_library)
[6.184s] DEBUG:colcon.colcon_core.event_handler.log_command:Invoked command in '/home/t-lemmel/Aquabot_Tom/build/pid_library' returned '0': CMAKE_PREFIX_PATH=${CMAKE_PREFIX_PATH}:/opt/ros/humble PS1_ori=\[\e]0;\u@\h: \w\a\]${debian_chroot:+($debian_chroot)}\[\033[01;32m\]\u@\h\[\033[00m\]:\[\033[01;34m\]\w\[\033[00m\]\$ /usr/bin/cmake --install /home/t-lemmel/Aquabot_Tom/build/pid_library
[6.254s] Level 1:colcon.colcon_core.environment:checking '/home/t-lemmel/Aquabot_Tom/install/pid_library' for CMake module files
[6.256s] Level 1:colcon.colcon_core.environment:checking '/home/t-lemmel/Aquabot_Tom/install/pid_library' for CMake config files
[6.257s] Level 1:colcon.colcon_core.shell:create_environment_hook('pid_library', 'cmake_prefix_path')
[6.312s] INFO:colcon.colcon_core.shell:Creating environment hook '/home/t-lemmel/Aquabot_Tom/install/pid_library/share/pid_library/hook/cmake_prefix_path.ps1'
[6.316s] INFO:colcon.colcon_core.shell:Creating environment descriptor '/home/t-lemmel/Aquabot_Tom/install/pid_library/share/pid_library/hook/cmake_prefix_path.dsv'
[6.317s] INFO:colcon.colcon_core.shell:Creating environment hook '/home/t-lemmel/Aquabot_Tom/install/pid_library/share/pid_library/hook/cmake_prefix_path.sh'
[6.320s] Level 1:colcon.colcon_core.environment:checking '/home/t-lemmel/Aquabot_Tom/install/pid_library/lib'
[6.321s] Level 1:colcon.colcon_core.environment:checking '/home/t-lemmel/Aquabot_Tom/install/pid_library/bin'
[6.322s] Level 1:colcon.colcon_core.environment:checking '/home/t-lemmel/Aquabot_Tom/install/pid_library/lib/pkgconfig/pid_library.pc'
[6.323s] Level 1:colcon.colcon_core.environment:checking '/home/t-lemmel/Aquabot_Tom/install/pid_library/lib/python3.10/site-packages'
[6.324s] Level 1:colcon.colcon_core.environment:checking '/home/t-lemmel/Aquabot_Tom/install/pid_library/bin'
[6.383s] INFO:colcon.colcon_core.shell:Creating package script '/home/t-lemmel/Aquabot_Tom/install/pid_library/share/pid_library/package.ps1'
[6.384s] INFO:colcon.colcon_core.shell:Creating package descriptor '/home/t-lemmel/Aquabot_Tom/install/pid_library/share/pid_library/package.dsv'
[6.385s] INFO:colcon.colcon_core.shell:Creating package script '/home/t-lemmel/Aquabot_Tom/install/pid_library/share/pid_library/package.sh'
[6.387s] INFO:colcon.colcon_core.shell:Creating package script '/home/t-lemmel/Aquabot_Tom/install/pid_library/share/pid_library/package.bash'
[6.389s] INFO:colcon.colcon_core.shell:Creating package script '/home/t-lemmel/Aquabot_Tom/install/pid_library/share/pid_library/package.zsh'
[6.392s] Level 1:colcon.colcon_core.environment:create_file_with_runtime_dependencies(/home/t-lemmel/Aquabot_Tom/install/pid_library/share/colcon-core/packages/pid_library)
[6.402s] Level 1:colcon.colcon_core.environment:create_environment_scripts_only(package_thruster_activation)
[6.404s] DEBUG:colcon.colcon_core.event_handler.log_command:Invoked command in '/home/t-lemmel/Aquabot_Tom/build/package_thruster_activation' returned '0': CMAKE_PREFIX_PATH=${CMAKE_PREFIX_PATH}:/opt/ros/humble PS1_ori=\[\e]0;\u@\h: \w\a\]${debian_chroot:+($debian_chroot)}\[\033[01;32m\]\u@\h\[\033[00m\]:\[\033[01;34m\]\w\[\033[00m\]\$ /usr/bin/cmake --install /home/t-lemmel/Aquabot_Tom/build/package_thruster_activation
[6.474s] Level 1:colcon.colcon_core.environment:checking '/home/t-lemmel/Aquabot_Tom/install/package_thruster_activation' for CMake module files
[6.476s] Level 1:colcon.colcon_core.environment:checking '/home/t-lemmel/Aquabot_Tom/install/package_thruster_activation' for CMake config files
[6.477s] Level 1:colcon.colcon_core.shell:create_environment_hook('package_thruster_activation', 'cmake_prefix_path')
[6.537s] INFO:colcon.colcon_core.shell:Creating environment hook '/home/t-lemmel/Aquabot_Tom/install/package_thruster_activation/share/package_thruster_activation/hook/cmake_prefix_path.ps1'
[6.538s] INFO:colcon.colcon_core.shell:Creating environment descriptor '/home/t-lemmel/Aquabot_Tom/install/package_thruster_activation/share/package_thruster_activation/hook/cmake_prefix_path.dsv'
[6.539s] INFO:colcon.colcon_core.shell:Creating environment hook '/home/t-lemmel/Aquabot_Tom/install/package_thruster_activation/share/package_thruster_activation/hook/cmake_prefix_path.sh'
[6.542s] Level 1:colcon.colcon_core.environment:checking '/home/t-lemmel/Aquabot_Tom/install/package_thruster_activation/lib'
[6.542s] Level 1:colcon.colcon_core.environment:checking '/home/t-lemmel/Aquabot_Tom/install/package_thruster_activation/bin'
[6.543s] Level 1:colcon.colcon_core.environment:checking '/home/t-lemmel/Aquabot_Tom/install/package_thruster_activation/lib/pkgconfig/package_thruster_activation.pc'
[6.544s] Level 1:colcon.colcon_core.environment:checking '/home/t-lemmel/Aquabot_Tom/install/package_thruster_activation/lib/python3.10/site-packages'
[6.545s] Level 1:colcon.colcon_core.environment:checking '/home/t-lemmel/Aquabot_Tom/install/package_thruster_activation/bin'
[6.602s] INFO:colcon.colcon_core.shell:Creating package script '/home/t-lemmel/Aquabot_Tom/install/package_thruster_activation/share/package_thruster_activation/package.ps1'
[6.604s] INFO:colcon.colcon_core.shell:Creating package descriptor '/home/t-lemmel/Aquabot_Tom/install/package_thruster_activation/share/package_thruster_activation/package.dsv'
[6.605s] INFO:colcon.colcon_core.shell:Creating package script '/home/t-lemmel/Aquabot_Tom/install/package_thruster_activation/share/package_thruster_activation/package.sh'
[6.606s] INFO:colcon.colcon_core.shell:Creating package script '/home/t-lemmel/Aquabot_Tom/install/package_thruster_activation/share/package_thruster_activation/package.bash'
[6.607s] INFO:colcon.colcon_core.shell:Creating package script '/home/t-lemmel/Aquabot_Tom/install/package_thruster_activation/share/package_thruster_activation/package.zsh'
[6.608s] Level 1:colcon.colcon_core.environment:create_file_with_runtime_dependencies(/home/t-lemmel/Aquabot_Tom/install/package_thruster_activation/share/colcon-core/packages/package_thruster_activation)
[6.613s] DEBUG:colcon.colcon_core.event_handler.log_command:Invoking command in '/home/t-lemmel/Aquabot_Tom/build/test_float': CMAKE_PREFIX_PATH=${CMAKE_PREFIX_PATH}:/opt/ros/humble PS1_ori=\[\e]0;\u@\h: \w\a\]${debian_chroot:+($debian_chroot)}\[\033[01;32m\]\u@\h\[\033[00m\]:\[\033[01;34m\]\w\[\033[00m\]\$ /usr/bin/cmake --install /home/t-lemmel/Aquabot_Tom/build/test_float
[6.618s] Level 1:colcon.colcon_core.environment:create_environment_scripts_only(aquabot_common)
[6.621s] DEBUG:colcon.colcon_core.event_handler.log_command:Invoked command in '/home/t-lemmel/Aquabot_Tom/build/aquabot_common' returned '0': CMAKE_PREFIX_PATH=${CMAKE_PREFIX_PATH}:/opt/ros/humble PS1_ori=\[\e]0;\u@\h: \w\a\]${debian_chroot:+($debian_chroot)}\[\033[01;32m\]\u@\h\[\033[00m\]:\[\033[01;34m\]\w\[\033[00m\]\$ /usr/bin/cmake --install /home/t-lemmel/Aquabot_Tom/build/aquabot_common
[6.689s] Level 1:colcon.colcon_core.environment:checking '/home/t-lemmel/Aquabot_Tom/install/aquabot_common' for CMake module files
[6.691s] Level 1:colcon.colcon_core.environment:checking '/home/t-lemmel/Aquabot_Tom/install/aquabot_common' for CMake config files
[6.691s] Level 1:colcon.colcon_core.shell:create_environment_hook('aquabot_common', 'cmake_prefix_path')
[6.750s] INFO:colcon.colcon_core.shell:Creating environment hook '/home/t-lemmel/Aquabot_Tom/install/aquabot_common/share/aquabot_common/hook/cmake_prefix_path.ps1'
[6.751s] INFO:colcon.colcon_core.shell:Creating environment descriptor '/home/t-lemmel/Aquabot_Tom/install/aquabot_common/share/aquabot_common/hook/cmake_prefix_path.dsv'
[6.752s] INFO:colcon.colcon_core.shell:Creating environment hook '/home/t-lemmel/Aquabot_Tom/install/aquabot_common/share/aquabot_common/hook/cmake_prefix_path.sh'
[6.755s] Level 1:colcon.colcon_core.environment:checking '/home/t-lemmel/Aquabot_Tom/install/aquabot_common/lib'
[6.756s] Level 1:colcon.colcon_core.environment:checking '/home/t-lemmel/Aquabot_Tom/install/aquabot_common/bin'
[6.756s] Level 1:colcon.colcon_core.environment:checking '/home/t-lemmel/Aquabot_Tom/install/aquabot_common/lib/pkgconfig/aquabot_common.pc'
[6.757s] Level 1:colcon.colcon_core.environment:checking '/home/t-lemmel/Aquabot_Tom/install/aquabot_common/lib/python3.10/site-packages'
[6.757s] Level 1:colcon.colcon_core.environment:checking '/home/t-lemmel/Aquabot_Tom/install/aquabot_common/bin'
[6.818s] INFO:colcon.colcon_core.shell:Creating package script '/home/t-lemmel/Aquabot_Tom/install/aquabot_common/share/aquabot_common/package.ps1'
[6.822s] INFO:colcon.colcon_core.shell:Creating package descriptor '/home/t-lemmel/Aquabot_Tom/install/aquabot_common/share/aquabot_common/package.dsv'
[6.825s] INFO:colcon.colcon_core.shell:Creating package script '/home/t-lemmel/Aquabot_Tom/install/aquabot_common/share/aquabot_common/package.sh'
[6.826s] INFO:colcon.colcon_core.shell:Creating package script '/home/t-lemmel/Aquabot_Tom/install/aquabot_common/share/aquabot_common/package.bash'
[6.827s] INFO:colcon.colcon_core.shell:Creating package script '/home/t-lemmel/Aquabot_Tom/install/aquabot_common/share/aquabot_common/package.zsh'
[6.827s] Level 1:colcon.colcon_core.environment:create_file_with_runtime_dependencies(/home/t-lemmel/Aquabot_Tom/install/aquabot_common/share/colcon-core/packages/aquabot_common)
[6.829s] Level 1:colcon.colcon_core.environment:create_environment_scripts_only(example_system)
[6.830s] DEBUG:colcon.colcon_core.event_handler.log_command:Invoked command in '/home/t-lemmel/Aquabot_Tom/build/example_system' returned '0': CMAKE_PREFIX_PATH=${CMAKE_PREFIX_PATH}:/opt/ros/humble PS1_ori=\[\e]0;\u@\h: \w\a\]${debian_chroot:+($debian_chroot)}\[\033[01;32m\]\u@\h\[\033[00m\]:\[\033[01;34m\]\w\[\033[00m\]\$ /usr/bin/cmake --install /home/t-lemmel/Aquabot_Tom/build/example_system
[6.903s] Level 1:colcon.colcon_core.environment:checking '/home/t-lemmel/Aquabot_Tom/install/example_system' for CMake module files
[6.908s] Level 1:colcon.colcon_core.environment:checking '/home/t-lemmel/Aquabot_Tom/install/example_system' for CMake config files
[6.909s] Level 1:colcon.colcon_core.shell:create_environment_hook('example_system', 'cmake_prefix_path')
[6.957s] INFO:colcon.colcon_core.shell:Creating environment hook '/home/t-lemmel/Aquabot_Tom/install/example_system/share/example_system/hook/cmake_prefix_path.ps1'
[6.958s] INFO:colcon.colcon_core.shell:Creating environment descriptor '/home/t-lemmel/Aquabot_Tom/install/example_system/share/example_system/hook/cmake_prefix_path.dsv'
[6.959s] INFO:colcon.colcon_core.shell:Creating environment hook '/home/t-lemmel/Aquabot_Tom/install/example_system/share/example_system/hook/cmake_prefix_path.sh'
[6.960s] Level 1:colcon.colcon_core.environment:checking '/home/t-lemmel/Aquabot_Tom/install/example_system/lib'
[6.961s] Level 1:colcon.colcon_core.environment:checking '/home/t-lemmel/Aquabot_Tom/install/example_system/bin'
[6.961s] Level 1:colcon.colcon_core.environment:checking '/home/t-lemmel/Aquabot_Tom/install/example_system/lib/pkgconfig/example_system.pc'
[6.962s] Level 1:colcon.colcon_core.environment:checking '/home/t-lemmel/Aquabot_Tom/install/example_system/lib/python3.10/site-packages'
[6.963s] Level 1:colcon.colcon_core.environment:checking '/home/t-lemmel/Aquabot_Tom/install/example_system/bin'
[7.026s] INFO:colcon.colcon_core.shell:Creating package script '/home/t-lemmel/Aquabot_Tom/install/example_system/share/example_system/package.ps1'
[7.028s] INFO:colcon.colcon_core.shell:Creating package descriptor '/home/t-lemmel/Aquabot_Tom/install/example_system/share/example_system/package.dsv'
[7.029s] INFO:colcon.colcon_core.shell:Creating package script '/home/t-lemmel/Aquabot_Tom/install/example_system/share/example_system/package.sh'
[7.031s] INFO:colcon.colcon_core.shell:Creating package script '/home/t-lemmel/Aquabot_Tom/install/example_system/share/example_system/package.bash'
[7.034s] INFO:colcon.colcon_core.shell:Creating package script '/home/t-lemmel/Aquabot_Tom/install/example_system/share/example_system/package.zsh'
[7.039s] Level 1:colcon.colcon_core.environment:create_file_with_runtime_dependencies(/home/t-lemmel/Aquabot_Tom/install/example_system/share/colcon-core/packages/example_system)
[7.116s] Level 1:colcon.colcon_core.environment:create_environment_scripts_only(pid_library)
[7.162s] Level 1:colcon.colcon_core.environment:checking '/home/t-lemmel/Aquabot_Tom/install/pid_library' for CMake module files
[7.163s] Level 1:colcon.colcon_core.environment:checking '/home/t-lemmel/Aquabot_Tom/install/pid_library' for CMake config files
[7.166s] Level 1:colcon.colcon_core.shell:create_environment_hook('pid_library', 'cmake_prefix_path')
[7.206s] INFO:colcon.colcon_core.shell:Creating environment hook '/home/t-lemmel/Aquabot_Tom/install/pid_library/share/pid_library/hook/cmake_prefix_path.ps1'
[7.207s] INFO:colcon.colcon_core.shell:Creating environment descriptor '/home/t-lemmel/Aquabot_Tom/install/pid_library/share/pid_library/hook/cmake_prefix_path.dsv'
[7.208s] INFO:colcon.colcon_core.shell:Creating environment hook '/home/t-lemmel/Aquabot_Tom/install/pid_library/share/pid_library/hook/cmake_prefix_path.sh'
[7.209s] Level 1:colcon.colcon_core.environment:checking '/home/t-lemmel/Aquabot_Tom/install/pid_library/lib'
[7.210s] Level 1:colcon.colcon_core.environment:checking '/home/t-lemmel/Aquabot_Tom/install/pid_library/bin'
[7.210s] Level 1:colcon.colcon_core.environment:checking '/home/t-lemmel/Aquabot_Tom/install/pid_library/lib/pkgconfig/pid_library.pc'
[7.211s] Level 1:colcon.colcon_core.environment:checking '/home/t-lemmel/Aquabot_Tom/install/pid_library/lib/python3.10/site-packages'
[7.212s] Level 1:colcon.colcon_core.environment:checking '/home/t-lemmel/Aquabot_Tom/install/pid_library/bin'
[7.257s] INFO:colcon.colcon_core.shell:Creating package script '/home/t-lemmel/Aquabot_Tom/install/pid_library/share/pid_library/package.ps1'
[7.259s] INFO:colcon.colcon_core.shell:Creating package descriptor '/home/t-lemmel/Aquabot_Tom/install/pid_library/share/pid_library/package.dsv'
[7.261s] INFO:colcon.colcon_core.shell:Creating package script '/home/t-lemmel/Aquabot_Tom/install/pid_library/share/pid_library/package.sh'
[7.265s] INFO:colcon.colcon_core.shell:Creating package script '/home/t-lemmel/Aquabot_Tom/install/pid_library/share/pid_library/package.bash'
[7.268s] INFO:colcon.colcon_core.shell:Creating package script '/home/t-lemmel/Aquabot_Tom/install/pid_library/share/pid_library/package.zsh'
[7.268s] Level 1:colcon.colcon_core.environment:create_file_with_runtime_dependencies(/home/t-lemmel/Aquabot_Tom/install/pid_library/share/colcon-core/packages/pid_library)
[7.274s] INFO:colcon.colcon_ros.task.ament_cmake.build:Building ROS package in '/home/t-lemmel/Aquabot_Tom/src/ros2_pid_library/use_library' with build type 'ament_cmake'
[7.274s] INFO:colcon.colcon_cmake.task.cmake.build:Building CMake package in '/home/t-lemmel/Aquabot_Tom/src/ros2_pid_library/use_library'
[7.318s] INFO:colcon.colcon_core.shell:Skip shell extension 'powershell' for command environment: Not usable outside of PowerShell
[7.318s] DEBUG:colcon.colcon_core.shell:Skip shell extension 'dsv' for command environment
[7.528s] Level 1:colcon.colcon_core.environment:create_environment_scripts_only(test_float)
[7.529s] DEBUG:colcon.colcon_core.event_handler.log_command:Invoked command in '/home/t-lemmel/Aquabot_Tom/build/test_float' returned '0': CMAKE_PREFIX_PATH=${CMAKE_PREFIX_PATH}:/opt/ros/humble PS1_ori=\[\e]0;\u@\h: \w\a\]${debian_chroot:+($debian_chroot)}\[\033[01;32m\]\u@\h\[\033[00m\]:\[\033[01;34m\]\w\[\033[00m\]\$ /usr/bin/cmake --install /home/t-lemmel/Aquabot_Tom/build/test_float
[7.597s] Level 1:colcon.colcon_core.environment:checking '/home/t-lemmel/Aquabot_Tom/install/test_float' for CMake module files
[7.598s] Level 1:colcon.colcon_core.environment:checking '/home/t-lemmel/Aquabot_Tom/install/test_float' for CMake config files
[7.599s] Level 1:colcon.colcon_core.shell:create_environment_hook('test_float', 'cmake_prefix_path')
[7.639s] INFO:colcon.colcon_core.shell:Creating environment hook '/home/t-lemmel/Aquabot_Tom/install/test_float/share/test_float/hook/cmake_prefix_path.ps1'
[7.642s] INFO:colcon.colcon_core.shell:Creating environment descriptor '/home/t-lemmel/Aquabot_Tom/install/test_float/share/test_float/hook/cmake_prefix_path.dsv'
[7.646s] INFO:colcon.colcon_core.shell:Creating environment hook '/home/t-lemmel/Aquabot_Tom/install/test_float/share/test_float/hook/cmake_prefix_path.sh'
[7.649s] Level 1:colcon.colcon_core.environment:checking '/home/t-lemmel/Aquabot_Tom/install/test_float/lib'
[7.649s] Level 1:colcon.colcon_core.environment:checking '/home/t-lemmel/Aquabot_Tom/install/test_float/bin'
[7.650s] Level 1:colcon.colcon_core.environment:checking '/home/t-lemmel/Aquabot_Tom/install/test_float/lib/pkgconfig/test_float.pc'
[7.650s] Level 1:colcon.colcon_core.environment:checking '/home/t-lemmel/Aquabot_Tom/install/test_float/lib/python3.10/site-packages'
[7.650s] Level 1:colcon.colcon_core.environment:checking '/home/t-lemmel/Aquabot_Tom/install/test_float/bin'
[7.699s] INFO:colcon.colcon_core.shell:Creating package script '/home/t-lemmel/Aquabot_Tom/install/test_float/share/test_float/package.ps1'
[7.700s] INFO:colcon.colcon_core.shell:Creating package descriptor '/home/t-lemmel/Aquabot_Tom/install/test_float/share/test_float/package.dsv'
[7.700s] INFO:colcon.colcon_core.shell:Creating package script '/home/t-lemmel/Aquabot_Tom/install/test_float/share/test_float/package.sh'
[7.701s] INFO:colcon.colcon_core.shell:Creating package script '/home/t-lemmel/Aquabot_Tom/install/test_float/share/test_float/package.bash'
[7.702s] INFO:colcon.colcon_core.shell:Creating package script '/home/t-lemmel/Aquabot_Tom/install/test_float/share/test_float/package.zsh'
[7.703s] Level 1:colcon.colcon_core.environment:create_file_with_runtime_dependencies(/home/t-lemmel/Aquabot_Tom/install/test_float/share/colcon-core/packages/test_float)
[7.772s] Level 1:colcon.colcon_core.environment:create_environment_scripts_only(package_thruster_activation)
[7.835s] Level 1:colcon.colcon_core.environment:checking '/home/t-lemmel/Aquabot_Tom/install/package_thruster_activation' for CMake module files
[7.837s] Level 1:colcon.colcon_core.environment:checking '/home/t-lemmel/Aquabot_Tom/install/package_thruster_activation' for CMake config files
[7.838s] Level 1:colcon.colcon_core.shell:create_environment_hook('package_thruster_activation', 'cmake_prefix_path')
[7.896s] INFO:colcon.colcon_core.shell:Creating environment hook '/home/t-lemmel/Aquabot_Tom/install/package_thruster_activation/share/package_thruster_activation/hook/cmake_prefix_path.ps1'
[7.897s] INFO:colcon.colcon_core.shell:Creating environment descriptor '/home/t-lemmel/Aquabot_Tom/install/package_thruster_activation/share/package_thruster_activation/hook/cmake_prefix_path.dsv'
[7.898s] INFO:colcon.colcon_core.shell:Creating environment hook '/home/t-lemmel/Aquabot_Tom/install/package_thruster_activation/share/package_thruster_activation/hook/cmake_prefix_path.sh'
[7.899s] Level 1:colcon.colcon_core.environment:checking '/home/t-lemmel/Aquabot_Tom/install/package_thruster_activation/lib'
[7.899s] Level 1:colcon.colcon_core.environment:checking '/home/t-lemmel/Aquabot_Tom/install/package_thruster_activation/bin'
[7.899s] Level 1:colcon.colcon_core.environment:checking '/home/t-lemmel/Aquabot_Tom/install/package_thruster_activation/lib/pkgconfig/package_thruster_activation.pc'
[7.900s] Level 1:colcon.colcon_core.environment:checking '/home/t-lemmel/Aquabot_Tom/install/package_thruster_activation/lib/python3.10/site-packages'
[7.900s] Level 1:colcon.colcon_core.environment:checking '/home/t-lemmel/Aquabot_Tom/install/package_thruster_activation/bin'
[7.966s] INFO:colcon.colcon_core.shell:Creating package script '/home/t-lemmel/Aquabot_Tom/install/package_thruster_activation/share/package_thruster_activation/package.ps1'
[7.967s] INFO:colcon.colcon_core.shell:Creating package descriptor '/home/t-lemmel/Aquabot_Tom/install/package_thruster_activation/share/package_thruster_activation/package.dsv'
[7.970s] INFO:colcon.colcon_core.shell:Creating package script '/home/t-lemmel/Aquabot_Tom/install/package_thruster_activation/share/package_thruster_activation/package.sh'
[7.973s] INFO:colcon.colcon_core.shell:Creating package script '/home/t-lemmel/Aquabot_Tom/install/package_thruster_activation/share/package_thruster_activation/package.bash'
[7.976s] INFO:colcon.colcon_core.shell:Creating package script '/home/t-lemmel/Aquabot_Tom/install/package_thruster_activation/share/package_thruster_activation/package.zsh'
[7.978s] Level 1:colcon.colcon_core.environment:create_file_with_runtime_dependencies(/home/t-lemmel/Aquabot_Tom/install/package_thruster_activation/share/colcon-core/packages/package_thruster_activation)
[8.030s] Level 1:colcon.colcon_core.environment:create_environment_scripts_only(aquabot_common)
[8.084s] Level 1:colcon.colcon_core.environment:checking '/home/t-lemmel/Aquabot_Tom/install/aquabot_common' for CMake module files
[8.085s] Level 1:colcon.colcon_core.environment:checking '/home/t-lemmel/Aquabot_Tom/install/aquabot_common' for CMake config files
[8.086s] Level 1:colcon.colcon_core.shell:create_environment_hook('aquabot_common', 'cmake_prefix_path')
[8.129s] INFO:colcon.colcon_core.shell:Creating environment hook '/home/t-lemmel/Aquabot_Tom/install/aquabot_common/share/aquabot_common/hook/cmake_prefix_path.ps1'
[8.130s] INFO:colcon.colcon_core.shell:Creating environment descriptor '/home/t-lemmel/Aquabot_Tom/install/aquabot_common/share/aquabot_common/hook/cmake_prefix_path.dsv'
[8.131s] INFO:colcon.colcon_core.shell:Creating environment hook '/home/t-lemmel/Aquabot_Tom/install/aquabot_common/share/aquabot_common/hook/cmake_prefix_path.sh'
[8.132s] Level 1:colcon.colcon_core.environment:checking '/home/t-lemmel/Aquabot_Tom/install/aquabot_common/lib'
[8.132s] Level 1:colcon.colcon_core.environment:checking '/home/t-lemmel/Aquabot_Tom/install/aquabot_common/bin'
[8.132s] Level 1:colcon.colcon_core.environment:checking '/home/t-lemmel/Aquabot_Tom/install/aquabot_common/lib/pkgconfig/aquabot_common.pc'
[8.133s] Level 1:colcon.colcon_core.environment:checking '/home/t-lemmel/Aquabot_Tom/install/aquabot_common/lib/python3.10/site-packages'
[8.134s] Level 1:colcon.colcon_core.environment:checking '/home/t-lemmel/Aquabot_Tom/install/aquabot_common/bin'
[8.200s] INFO:colcon.colcon_core.shell:Creating package script '/home/t-lemmel/Aquabot_Tom/install/aquabot_common/share/aquabot_common/package.ps1'
[8.201s] INFO:colcon.colcon_core.shell:Creating package descriptor '/home/t-lemmel/Aquabot_Tom/install/aquabot_common/share/aquabot_common/package.dsv'
[8.202s] INFO:colcon.colcon_core.shell:Creating package script '/home/t-lemmel/Aquabot_Tom/install/aquabot_common/share/aquabot_common/package.sh'
[8.206s] INFO:colcon.colcon_core.shell:Creating package script '/home/t-lemmel/Aquabot_Tom/install/aquabot_common/share/aquabot_common/package.bash'
[8.210s] INFO:colcon.colcon_core.shell:Creating package script '/home/t-lemmel/Aquabot_Tom/install/aquabot_common/share/aquabot_common/package.zsh'
[8.212s] Level 1:colcon.colcon_core.environment:create_file_with_runtime_dependencies(/home/t-lemmel/Aquabot_Tom/install/aquabot_common/share/colcon-core/packages/aquabot_common)
[8.254s] Level 1:colcon.colcon_core.environment:create_environment_scripts_only(example_system)
[8.314s] Level 1:colcon.colcon_core.environment:checking '/home/t-lemmel/Aquabot_Tom/install/example_system' for CMake module files
[8.315s] Level 1:colcon.colcon_core.environment:checking '/home/t-lemmel/Aquabot_Tom/install/example_system' for CMake config files
[8.316s] Level 1:colcon.colcon_core.shell:create_environment_hook('example_system', 'cmake_prefix_path')
[8.382s] INFO:colcon.colcon_core.shell:Creating environment hook '/home/t-lemmel/Aquabot_Tom/install/example_system/share/example_system/hook/cmake_prefix_path.ps1'
[8.384s] INFO:colcon.colcon_core.shell:Creating environment descriptor '/home/t-lemmel/Aquabot_Tom/install/example_system/share/example_system/hook/cmake_prefix_path.dsv'
[8.385s] INFO:colcon.colcon_core.shell:Creating environment hook '/home/t-lemmel/Aquabot_Tom/install/example_system/share/example_system/hook/cmake_prefix_path.sh'
[8.388s] Level 1:colcon.colcon_core.environment:checking '/home/t-lemmel/Aquabot_Tom/install/example_system/lib'
[8.389s] Level 1:colcon.colcon_core.environment:checking '/home/t-lemmel/Aquabot_Tom/install/example_system/bin'
[8.389s] Level 1:colcon.colcon_core.environment:checking '/home/t-lemmel/Aquabot_Tom/install/example_system/lib/pkgconfig/example_system.pc'
[8.389s] Level 1:colcon.colcon_core.environment:checking '/home/t-lemmel/Aquabot_Tom/install/example_system/lib/python3.10/site-packages'
[8.390s] Level 1:colcon.colcon_core.environment:checking '/home/t-lemmel/Aquabot_Tom/install/example_system/bin'
[8.450s] INFO:colcon.colcon_core.shell:Creating package script '/home/t-lemmel/Aquabot_Tom/install/example_system/share/example_system/package.ps1'
[8.452s] INFO:colcon.colcon_core.shell:Creating package descriptor '/home/t-lemmel/Aquabot_Tom/install/example_system/share/example_system/package.dsv'
[8.453s] INFO:colcon.colcon_core.shell:Creating package script '/home/t-lemmel/Aquabot_Tom/install/example_system/share/example_system/package.sh'
[8.454s] INFO:colcon.colcon_core.shell:Creating package script '/home/t-lemmel/Aquabot_Tom/install/example_system/share/example_system/package.bash'
[8.455s] INFO:colcon.colcon_core.shell:Creating package script '/home/t-lemmel/Aquabot_Tom/install/example_system/share/example_system/package.zsh'
[8.456s] Level 1:colcon.colcon_core.environment:create_file_with_runtime_dependencies(/home/t-lemmel/Aquabot_Tom/install/example_system/share/colcon-core/packages/example_system)
[8.472s] DEBUG:colcon.colcon_core.event_handler.log_command:Invoking command in '/home/t-lemmel/Aquabot_Tom/build/use_library': AMENT_PREFIX_PATH=/home/t-lemmel/Aquabot_Tom/install/pid_library:${AMENT_PREFIX_PATH} CMAKE_PREFIX_PATH=/home/t-lemmel/Aquabot_Tom/install/pid_library:/home/t-lemmel/Aquabot_Tom/install/use_library:/home/t-lemmel/Aquabot_Tom/install/test_float:/home/t-lemmel/Aquabot_Tom/install/package_thruster_activation:/home/t-lemmel/Aquabot_Tom/install/example_system:/home/t-lemmel/Aquabot_Tom/install/aquabot_common:/home/t-lemmel/vrx_ws/install:/opt/ros/humble PS1_ori=\[\e]0;\u@\h: \w\a\]${debian_chroot:+($debian_chroot)}\[\033[01;32m\]\u@\h\[\033[00m\]:\[\033[01;34m\]\w\[\033[00m\]\$ /usr/bin/cmake --build /home/t-lemmel/Aquabot_Tom/build/use_library -- -j8 -l8
[8.533s] Level 1:colcon.colcon_core.environment:create_environment_scripts_only(test_float)
[8.598s] Level 1:colcon.colcon_core.environment:checking '/home/t-lemmel/Aquabot_Tom/install/test_float' for CMake module files
[8.601s] Level 1:colcon.colcon_core.environment:checking '/home/t-lemmel/Aquabot_Tom/install/test_float' for CMake config files
[8.601s] Level 1:colcon.colcon_core.shell:create_environment_hook('test_float', 'cmake_prefix_path')
[8.660s] INFO:colcon.colcon_core.shell:Creating environment hook '/home/t-lemmel/Aquabot_Tom/install/test_float/share/test_float/hook/cmake_prefix_path.ps1'
[8.661s] INFO:colcon.colcon_core.shell:Creating environment descriptor '/home/t-lemmel/Aquabot_Tom/install/test_float/share/test_float/hook/cmake_prefix_path.dsv'
[8.663s] INFO:colcon.colcon_core.shell:Creating environment hook '/home/t-lemmel/Aquabot_Tom/install/test_float/share/test_float/hook/cmake_prefix_path.sh'
[8.666s] Level 1:colcon.colcon_core.environment:checking '/home/t-lemmel/Aquabot_Tom/install/test_float/lib'
[8.666s] Level 1:colcon.colcon_core.environment:checking '/home/t-lemmel/Aquabot_Tom/install/test_float/bin'
[8.666s] Level 1:colcon.colcon_core.environment:checking '/home/t-lemmel/Aquabot_Tom/install/test_float/lib/pkgconfig/test_float.pc'
[8.667s] Level 1:colcon.colcon_core.environment:checking '/home/t-lemmel/Aquabot_Tom/install/test_float/lib/python3.10/site-packages'
[8.668s] Level 1:colcon.colcon_core.environment:checking '/home/t-lemmel/Aquabot_Tom/install/test_float/bin'
[8.731s] INFO:colcon.colcon_core.shell:Creating package script '/home/t-lemmel/Aquabot_Tom/install/test_float/share/test_float/package.ps1'
[8.734s] INFO:colcon.colcon_core.shell:Creating package descriptor '/home/t-lemmel/Aquabot_Tom/install/test_float/share/test_float/package.dsv'
[8.737s] INFO:colcon.colcon_core.shell:Creating package script '/home/t-lemmel/Aquabot_Tom/install/test_float/share/test_float/package.sh'
[8.738s] INFO:colcon.colcon_core.shell:Creating package script '/home/t-lemmel/Aquabot_Tom/install/test_float/share/test_float/package.bash'
[8.739s] INFO:colcon.colcon_core.shell:Creating package script '/home/t-lemmel/Aquabot_Tom/install/test_float/share/test_float/package.zsh'
[8.740s] Level 1:colcon.colcon_core.environment:create_file_with_runtime_dependencies(/home/t-lemmel/Aquabot_Tom/install/test_float/share/colcon-core/packages/test_float)
[8.745s] DEBUG:colcon.colcon_core.event_handler.log_command:Invoked command in '/home/t-lemmel/Aquabot_Tom/build/use_library' returned '0': AMENT_PREFIX_PATH=/home/t-lemmel/Aquabot_Tom/install/pid_library:${AMENT_PREFIX_PATH} CMAKE_PREFIX_PATH=/home/t-lemmel/Aquabot_Tom/install/pid_library:/home/t-lemmel/Aquabot_Tom/install/use_library:/home/t-lemmel/Aquabot_Tom/install/test_float:/home/t-lemmel/Aquabot_Tom/install/package_thruster_activation:/home/t-lemmel/Aquabot_Tom/install/example_system:/home/t-lemmel/Aquabot_Tom/install/aquabot_common:/home/t-lemmel/vrx_ws/install:/opt/ros/humble PS1_ori=\[\e]0;\u@\h: \w\a\]${debian_chroot:+($debian_chroot)}\[\033[01;32m\]\u@\h\[\033[00m\]:\[\033[01;34m\]\w\[\033[00m\]\$ /usr/bin/cmake --build /home/t-lemmel/Aquabot_Tom/build/use_library -- -j8 -l8
[8.831s] DEBUG:colcon.colcon_core.event_handler.log_command:Invoking command in '/home/t-lemmel/Aquabot_Tom/build/use_library': AMENT_PREFIX_PATH=/home/t-lemmel/Aquabot_Tom/install/pid_library:${AMENT_PREFIX_PATH} CMAKE_PREFIX_PATH=/home/t-lemmel/Aquabot_Tom/install/pid_library:/home/t-lemmel/Aquabot_Tom/install/use_library:/home/t-lemmel/Aquabot_Tom/install/test_float:/home/t-lemmel/Aquabot_Tom/install/package_thruster_activation:/home/t-lemmel/Aquabot_Tom/install/example_system:/home/t-lemmel/Aquabot_Tom/install/aquabot_common:/home/t-lemmel/vrx_ws/install:/opt/ros/humble PS1_ori=\[\e]0;\u@\h: \w\a\]${debian_chroot:+($debian_chroot)}\[\033[01;32m\]\u@\h\[\033[00m\]:\[\033[01;34m\]\w\[\033[00m\]\$ /usr/bin/cmake --install /home/t-lemmel/Aquabot_Tom/build/use_library
[8.899s] Level 1:colcon.colcon_core.environment:create_environment_scripts_only(use_library)
[8.901s] DEBUG:colcon.colcon_core.event_handler.log_command:Invoked command in '/home/t-lemmel/Aquabot_Tom/build/use_library' returned '0': AMENT_PREFIX_PATH=/home/t-lemmel/Aquabot_Tom/install/pid_library:${AMENT_PREFIX_PATH} CMAKE_PREFIX_PATH=/home/t-lemmel/Aquabot_Tom/install/pid_library:/home/t-lemmel/Aquabot_Tom/install/use_library:/home/t-lemmel/Aquabot_Tom/install/test_float:/home/t-lemmel/Aquabot_Tom/install/package_thruster_activation:/home/t-lemmel/Aquabot_Tom/install/example_system:/home/t-lemmel/Aquabot_Tom/install/aquabot_common:/home/t-lemmel/vrx_ws/install:/opt/ros/humble PS1_ori=\[\e]0;\u@\h: \w\a\]${debian_chroot:+($debian_chroot)}\[\033[01;32m\]\u@\h\[\033[00m\]:\[\033[01;34m\]\w\[\033[00m\]\$ /usr/bin/cmake --install /home/t-lemmel/Aquabot_Tom/build/use_library
[8.948s] Level 1:colcon.colcon_core.environment:checking '/home/t-lemmel/Aquabot_Tom/install/use_library' for CMake module files
[8.949s] Level 1:colcon.colcon_core.environment:checking '/home/t-lemmel/Aquabot_Tom/install/use_library' for CMake config files
[8.949s] Level 1:colcon.colcon_core.shell:create_environment_hook('use_library', 'cmake_prefix_path')
[9.001s] INFO:colcon.colcon_core.shell:Creating environment hook '/home/t-lemmel/Aquabot_Tom/install/use_library/share/use_library/hook/cmake_prefix_path.ps1'
[9.002s] INFO:colcon.colcon_core.shell:Creating environment descriptor '/home/t-lemmel/Aquabot_Tom/install/use_library/share/use_library/hook/cmake_prefix_path.dsv'
[9.003s] INFO:colcon.colcon_core.shell:Creating environment hook '/home/t-lemmel/Aquabot_Tom/install/use_library/share/use_library/hook/cmake_prefix_path.sh'
[9.005s] Level 1:colcon.colcon_core.environment:checking '/home/t-lemmel/Aquabot_Tom/install/use_library/lib'
[9.006s] Level 1:colcon.colcon_core.environment:checking '/home/t-lemmel/Aquabot_Tom/install/use_library/bin'
[9.006s] Level 1:colcon.colcon_core.environment:checking '/home/t-lemmel/Aquabot_Tom/install/use_library/lib/pkgconfig/use_library.pc'
[9.007s] Level 1:colcon.colcon_core.environment:checking '/home/t-lemmel/Aquabot_Tom/install/use_library/lib/python3.10/site-packages'
[9.007s] Level 1:colcon.colcon_core.environment:checking '/home/t-lemmel/Aquabot_Tom/install/use_library/bin'
[9.053s] INFO:colcon.colcon_core.shell:Creating package script '/home/t-lemmel/Aquabot_Tom/install/use_library/share/use_library/package.ps1'
[9.055s] INFO:colcon.colcon_core.shell:Creating package descriptor '/home/t-lemmel/Aquabot_Tom/install/use_library/share/use_library/package.dsv'
[9.057s] INFO:colcon.colcon_core.shell:Creating package script '/home/t-lemmel/Aquabot_Tom/install/use_library/share/use_library/package.sh'
[9.059s] INFO:colcon.colcon_core.shell:Creating package script '/home/t-lemmel/Aquabot_Tom/install/use_library/share/use_library/package.bash'
[9.060s] INFO:colcon.colcon_core.shell:Creating package script '/home/t-lemmel/Aquabot_Tom/install/use_library/share/use_library/package.zsh'
[9.062s] Level 1:colcon.colcon_core.environment:create_file_with_runtime_dependencies(/home/t-lemmel/Aquabot_Tom/install/use_library/share/colcon-core/packages/use_library)
[9.200s] Level 1:colcon.colcon_core.environment:create_environment_scripts_only(use_library)
[9.263s] Level 1:colcon.colcon_core.environment:checking '/home/t-lemmel/Aquabot_Tom/install/use_library' for CMake module files
[9.264s] Level 1:colcon.colcon_core.environment:checking '/home/t-lemmel/Aquabot_Tom/install/use_library' for CMake config files
[9.265s] Level 1:colcon.colcon_core.shell:create_environment_hook('use_library', 'cmake_prefix_path')
[9.297s] INFO:colcon.colcon_core.shell:Creating environment hook '/home/t-lemmel/Aquabot_Tom/install/use_library/share/use_library/hook/cmake_prefix_path.ps1'
[9.298s] INFO:colcon.colcon_core.shell:Creating environment descriptor '/home/t-lemmel/Aquabot_Tom/install/use_library/share/use_library/hook/cmake_prefix_path.dsv'
[9.299s] INFO:colcon.colcon_core.shell:Creating environment hook '/home/t-lemmel/Aquabot_Tom/install/use_library/share/use_library/hook/cmake_prefix_path.sh'
[9.300s] Level 1:colcon.colcon_core.environment:checking '/home/t-lemmel/Aquabot_Tom/install/use_library/lib'
[9.300s] Level 1:colcon.colcon_core.environment:checking '/home/t-lemmel/Aquabot_Tom/install/use_library/bin'
[9.300s] Level 1:colcon.colcon_core.environment:checking '/home/t-lemmel/Aquabot_Tom/install/use_library/lib/pkgconfig/use_library.pc'
[9.300s] Level 1:colcon.colcon_core.environment:checking '/home/t-lemmel/Aquabot_Tom/install/use_library/lib/python3.10/site-packages'
[9.301s] Level 1:colcon.colcon_core.environment:checking '/home/t-lemmel/Aquabot_Tom/install/use_library/bin'
[9.336s] INFO:colcon.colcon_core.shell:Creating package script '/home/t-lemmel/Aquabot_Tom/install/use_library/share/use_library/package.ps1'
[9.338s] INFO:colcon.colcon_core.shell:Creating package descriptor '/home/t-lemmel/Aquabot_Tom/install/use_library/share/use_library/package.dsv'
[9.339s] INFO:colcon.colcon_core.shell:Creating package script '/home/t-lemmel/Aquabot_Tom/install/use_library/share/use_library/package.sh'
[9.340s] INFO:colcon.colcon_core.shell:Creating package script '/home/t-lemmel/Aquabot_Tom/install/use_library/share/use_library/package.bash'
[9.341s] INFO:colcon.colcon_core.shell:Creating package script '/home/t-lemmel/Aquabot_Tom/install/use_library/share/use_library/package.zsh'
[9.342s] Level 1:colcon.colcon_core.environment:create_file_with_runtime_dependencies(/home/t-lemmel/Aquabot_Tom/install/use_library/share/colcon-core/packages/use_library)
[9.342s] DEBUG:colcon.colcon_parallel_executor.executor.parallel:closing loop
[9.343s] DEBUG:colcon.colcon_parallel_executor.executor.parallel:loop closed
[9.343s] DEBUG:colcon.colcon_parallel_executor.executor.parallel:run_until_complete finished with '0'
[9.343s] DEBUG:colcon.colcon_core.event_reactor:joining thread
[9.384s] INFO:colcon.colcon_core.plugin_system:Skipping extension 'colcon_notification.desktop_notification.terminal_notifier': Not used on non-Darwin systems
[9.384s] INFO:colcon.colcon_core.plugin_system:Skipping extension 'colcon_notification.desktop_notification.win32': Not used on non-Windows systems
[9.384s] INFO:colcon.colcon_notification.desktop_notification:Sending desktop notification using 'notify2'
[9.428s] DEBUG:colcon.colcon_core.event_reactor:joined thread
[9.491s] INFO:colcon.colcon_core.shell:Creating prefix script '/home/t-lemmel/Aquabot_Tom/install/local_setup.ps1'
[9.498s] INFO:colcon.colcon_core.shell:Creating prefix util module '/home/t-lemmel/Aquabot_Tom/install/_local_setup_util_ps1.py'
[9.501s] INFO:colcon.colcon_core.shell:Creating prefix chain script '/home/t-lemmel/Aquabot_Tom/install/setup.ps1'
[9.568s] INFO:colcon.colcon_core.shell:Creating prefix script '/home/t-lemmel/Aquabot_Tom/install/local_setup.sh'
[9.569s] INFO:colcon.colcon_core.shell:Creating prefix util module '/home/t-lemmel/Aquabot_Tom/install/_local_setup_util_sh.py'
[9.570s] INFO:colcon.colcon_core.shell:Creating prefix chain script '/home/t-lemmel/Aquabot_Tom/install/setup.sh'
[9.628s] INFO:colcon.colcon_core.shell:Creating prefix script '/home/t-lemmel/Aquabot_Tom/install/local_setup.bash'
[9.632s] INFO:colcon.colcon_core.shell:Creating prefix chain script '/home/t-lemmel/Aquabot_Tom/install/setup.bash'
[9.714s] INFO:colcon.colcon_core.shell:Creating prefix script '/home/t-lemmel/Aquabot_Tom/install/local_setup.zsh'
[9.716s] INFO:colcon.colcon_core.shell:Creating prefix chain script '/home/t-lemmel/Aquabot_Tom/install/setup.zsh'
