[0.074s] Invoking command in '/home/t-lemmel/Aquabot_Tom/build/mapping': AMENT_PREFIX_PATH=/home/t-lemmel/Aquabot_Tom/install/my_robot_interfaces:${AMENT_PREFIX_PATH} CMAKE_PREFIX_PATH=/home/t-lemmel/Aquabot_Tom/install/my_robot_interfaces:/home/t-lemmel/Integ/install/integ_my_robot_interfaces:/home/t-lemmel/Integ/install/integ_description:/home/t-lemmel/Aquabot_Tom/install/test_float:/home/t-lemmel/Aquabot_Tom/install/package_thruster_activation:/home/t-lemmel/Aquabot_Tom/install/mapping:/home/t-lemmel/Aquabot_Tom/install/move_ekf:/home/t-lemmel/Aquabot_Tom/install/astar_path_planner:/home/t-lemmel/Aquabot_Tom/install/aquabot_ekf:/home/t-lemmel/Aquabot_Tom/install/aquabot_common:/home/t-lemmel/vrx_ws/install:/opt/ros/humble LD_LIBRARY_PATH=/home/t-lemmel/Aquabot_Tom/install/my_robot_interfaces/lib:/home/t-lemmel/Integ/install/integ_my_robot_interfaces/lib:/home/t-lemmel/vrx_ws/install/lib:/opt/ros/humble/opt/rviz_ogre_vendor/lib:/opt/ros/humble/lib/x86_64-linux-gnu:/opt/ros/humble/lib:/opt/ros/noetic/lib PS1_ori=\[\e]0;\u@\h: \w\a\]${debian_chroot:+($debian_chroot)}\[\033[01;32m\]\u@\h\[\033[00m\]:\[\033[01;34m\]\w\[\033[00m\]\$ /usr/bin/cmake --build /home/t-lemmel/Aquabot_Tom/build/mapping -- -j8 -l8
[0.129s] [35m[1mConsolidate compiler generated dependencies of target DetectAndPublishCentroids[0m
[0.142s] [ 50%] Built target FillMap
[0.166s] [ 75%] [32mBuilding CXX object CMakeFiles/DetectAndPublishCentroids.dir/src/DetectAndPublishCentroids.cpp.o[0m
[15.168s] [100%] [32m[1mLinking CXX executable DetectAndPublishCentroids[0m
[16.905s] [100%] Built target DetectAndPublishCentroids
[16.917s] Invoked command in '/home/t-lemmel/Aquabot_Tom/build/mapping' returned '0': AMENT_PREFIX_PATH=/home/t-lemmel/Aquabot_Tom/install/my_robot_interfaces:${AMENT_PREFIX_PATH} CMAKE_PREFIX_PATH=/home/t-lemmel/Aquabot_Tom/install/my_robot_interfaces:/home/t-lemmel/Integ/install/integ_my_robot_interfaces:/home/t-lemmel/Integ/install/integ_description:/home/t-lemmel/Aquabot_Tom/install/test_float:/home/t-lemmel/Aquabot_Tom/install/package_thruster_activation:/home/t-lemmel/Aquabot_Tom/install/mapping:/home/t-lemmel/Aquabot_Tom/install/move_ekf:/home/t-lemmel/Aquabot_Tom/install/astar_path_planner:/home/t-lemmel/Aquabot_Tom/install/aquabot_ekf:/home/t-lemmel/Aquabot_Tom/install/aquabot_common:/home/t-lemmel/vrx_ws/install:/opt/ros/humble LD_LIBRARY_PATH=/home/t-lemmel/Aquabot_Tom/install/my_robot_interfaces/lib:/home/t-lemmel/Integ/install/integ_my_robot_interfaces/lib:/home/t-lemmel/vrx_ws/install/lib:/opt/ros/humble/opt/rviz_ogre_vendor/lib:/opt/ros/humble/lib/x86_64-linux-gnu:/opt/ros/humble/lib:/opt/ros/noetic/lib PS1_ori=\[\e]0;\u@\h: \w\a\]${debian_chroot:+($debian_chroot)}\[\033[01;32m\]\u@\h\[\033[00m\]:\[\033[01;34m\]\w\[\033[00m\]\$ /usr/bin/cmake --build /home/t-lemmel/Aquabot_Tom/build/mapping -- -j8 -l8
[16.953s] Invoking command in '/home/t-lemmel/Aquabot_Tom/build/mapping': AMENT_PREFIX_PATH=/home/t-lemmel/Aquabot_Tom/install/my_robot_interfaces:${AMENT_PREFIX_PATH} CMAKE_PREFIX_PATH=/home/t-lemmel/Aquabot_Tom/install/my_robot_interfaces:/home/t-lemmel/Integ/install/integ_my_robot_interfaces:/home/t-lemmel/Integ/install/integ_description:/home/t-lemmel/Aquabot_Tom/install/test_float:/home/t-lemmel/Aquabot_Tom/install/package_thruster_activation:/home/t-lemmel/Aquabot_Tom/install/mapping:/home/t-lemmel/Aquabot_Tom/install/move_ekf:/home/t-lemmel/Aquabot_Tom/install/astar_path_planner:/home/t-lemmel/Aquabot_Tom/install/aquabot_ekf:/home/t-lemmel/Aquabot_Tom/install/aquabot_common:/home/t-lemmel/vrx_ws/install:/opt/ros/humble LD_LIBRARY_PATH=/home/t-lemmel/Aquabot_Tom/install/my_robot_interfaces/lib:/home/t-lemmel/Integ/install/integ_my_robot_interfaces/lib:/home/t-lemmel/vrx_ws/install/lib:/opt/ros/humble/opt/rviz_ogre_vendor/lib:/opt/ros/humble/lib/x86_64-linux-gnu:/opt/ros/humble/lib:/opt/ros/noetic/lib PS1_ori=\[\e]0;\u@\h: \w\a\]${debian_chroot:+($debian_chroot)}\[\033[01;32m\]\u@\h\[\033[00m\]:\[\033[01;34m\]\w\[\033[00m\]\$ /usr/bin/cmake --install /home/t-lemmel/Aquabot_Tom/build/mapping
[16.961s] -- Install configuration: ""
[16.962s] -- Execute custom install script
[16.962s] -- Up-to-date symlink: /home/t-lemmel/Aquabot_Tom/install/mapping/lib/mapping/utm/CHANGELOG.rst
[16.962s] -- Up-to-date symlink: /home/t-lemmel/Aquabot_Tom/install/mapping/lib/mapping/utm/LICENSE
[16.963s] -- Up-to-date symlink: /home/t-lemmel/Aquabot_Tom/install/mapping/lib/mapping/utm/MANIFEST.in
[16.963s] -- Up-to-date symlink: /home/t-lemmel/Aquabot_Tom/install/mapping/lib/mapping/utm/__init__.py
[16.963s] -- Up-to-date symlink: /home/t-lemmel/Aquabot_Tom/install/mapping/lib/mapping/utm/__pycache__/__init__.cpython-310.pyc
[16.963s] -- Up-to-date symlink: /home/t-lemmel/Aquabot_Tom/install/mapping/lib/mapping/utm/__pycache__/_version.cpython-310.pyc
[16.963s] -- Up-to-date symlink: /home/t-lemmel/Aquabot_Tom/install/mapping/lib/mapping/utm/__pycache__/conversion.cpython-310.pyc
[16.963s] -- Up-to-date symlink: /home/t-lemmel/Aquabot_Tom/install/mapping/lib/mapping/utm/__pycache__/error.cpython-310.pyc
[16.964s] -- Up-to-date symlink: /home/t-lemmel/Aquabot_Tom/install/mapping/lib/mapping/utm/_version.py
[16.964s] -- Up-to-date symlink: /home/t-lemmel/Aquabot_Tom/install/mapping/lib/mapping/utm/conversion.py
[16.964s] -- Up-to-date symlink: /home/t-lemmel/Aquabot_Tom/install/mapping/lib/mapping/utm/error.py
[16.964s] -- Up-to-date symlink: /home/t-lemmel/Aquabot_Tom/install/mapping/share/mapping/launch/config.rviz
[16.964s] -- Up-to-date symlink: /home/t-lemmel/Aquabot_Tom/install/mapping/share/mapping/launch/mapping_launch.py
[16.964s] -- Up-to-date symlink: /home/t-lemmel/Aquabot_Tom/install/mapping/lib/mapping/DetectAndPublishCentroids
[16.965s] -- Up-to-date symlink: /home/t-lemmel/Aquabot_Tom/install/mapping/lib/mapping/FillMap
[16.965s] -- Up-to-date symlink: /home/t-lemmel/Aquabot_Tom/install/mapping/share/ament_index/resource_index/package_run_dependencies/mapping
[16.965s] -- Up-to-date symlink: /home/t-lemmel/Aquabot_Tom/install/mapping/share/ament_index/resource_index/parent_prefix_path/mapping
[16.965s] -- Up-to-date symlink: /home/t-lemmel/Aquabot_Tom/install/mapping/share/mapping/environment/ament_prefix_path.sh
[16.965s] -- Up-to-date symlink: /home/t-lemmel/Aquabot_Tom/install/mapping/share/mapping/environment/ament_prefix_path.dsv
[16.965s] -- Up-to-date symlink: /home/t-lemmel/Aquabot_Tom/install/mapping/share/mapping/environment/path.sh
[16.966s] -- Up-to-date symlink: /home/t-lemmel/Aquabot_Tom/install/mapping/share/mapping/environment/path.dsv
[16.966s] -- Up-to-date symlink: /home/t-lemmel/Aquabot_Tom/install/mapping/share/mapping/local_setup.bash
[16.966s] -- Up-to-date symlink: /home/t-lemmel/Aquabot_Tom/install/mapping/share/mapping/local_setup.sh
[16.966s] -- Up-to-date symlink: /home/t-lemmel/Aquabot_Tom/install/mapping/share/mapping/local_setup.zsh
[16.966s] -- Up-to-date symlink: /home/t-lemmel/Aquabot_Tom/install/mapping/share/mapping/local_setup.dsv
[16.966s] -- Symlinking: /home/t-lemmel/Aquabot_Tom/install/mapping/share/mapping/package.dsv
[16.976s] -- Up-to-date symlink: /home/t-lemmel/Aquabot_Tom/install/mapping/share/ament_index/resource_index/packages/mapping
[16.976s] -- Up-to-date symlink: /home/t-lemmel/Aquabot_Tom/install/mapping/share/mapping/cmake/ament_cmake_export_dependencies-extras.cmake
[16.977s] -- Up-to-date symlink: /home/t-lemmel/Aquabot_Tom/install/mapping/share/mapping/cmake/mappingConfig.cmake
[16.977s] -- Up-to-date symlink: /home/t-lemmel/Aquabot_Tom/install/mapping/share/mapping/cmake/mappingConfig-version.cmake
[16.977s] -- Up-to-date symlink: /home/t-lemmel/Aquabot_Tom/install/mapping/share/mapping/package.xml
[16.979s] Invoked command in '/home/t-lemmel/Aquabot_Tom/build/mapping' returned '0': AMENT_PREFIX_PATH=/home/t-lemmel/Aquabot_Tom/install/my_robot_interfaces:${AMENT_PREFIX_PATH} CMAKE_PREFIX_PATH=/home/t-lemmel/Aquabot_Tom/install/my_robot_interfaces:/home/t-lemmel/Integ/install/integ_my_robot_interfaces:/home/t-lemmel/Integ/install/integ_description:/home/t-lemmel/Aquabot_Tom/install/test_float:/home/t-lemmel/Aquabot_Tom/install/package_thruster_activation:/home/t-lemmel/Aquabot_Tom/install/mapping:/home/t-lemmel/Aquabot_Tom/install/move_ekf:/home/t-lemmel/Aquabot_Tom/install/astar_path_planner:/home/t-lemmel/Aquabot_Tom/install/aquabot_ekf:/home/t-lemmel/Aquabot_Tom/install/aquabot_common:/home/t-lemmel/vrx_ws/install:/opt/ros/humble LD_LIBRARY_PATH=/home/t-lemmel/Aquabot_Tom/install/my_robot_interfaces/lib:/home/t-lemmel/Integ/install/integ_my_robot_interfaces/lib:/home/t-lemmel/vrx_ws/install/lib:/opt/ros/humble/opt/rviz_ogre_vendor/lib:/opt/ros/humble/lib/x86_64-linux-gnu:/opt/ros/humble/lib:/opt/ros/noetic/lib PS1_ori=\[\e]0;\u@\h: \w\a\]${debian_chroot:+($debian_chroot)}\[\033[01;32m\]\u@\h\[\033[00m\]:\[\033[01;34m\]\w\[\033[00m\]\$ /usr/bin/cmake --install /home/t-lemmel/Aquabot_Tom/build/mapping
