[4.859s] DEBUG:colcon:Command line arguments: ['/usr/bin/colcon', 'build', '--symlink-install', '--continue-on-error']
[4.860s] DEBUG:colcon:Parsed command line arguments: Namespace(log_base=None, log_level=None, verb_name='build', build_base='build', install_base='install', merge_install=False, symlink_install=True, test_result_base=None, continue_on_error=True, executor='parallel', parallel_workers=8, event_handlers=None, ignore_user_meta=False, metas=['./colcon.meta'], base_paths=['.'], packages_ignore=None, packages_ignore_regex=None, paths=None, packages_up_to=None, packages_up_to_regex=None, packages_above=None, packages_above_and_dependencies=None, packages_above_depth=None, packages_select_by_dep=None, packages_skip_by_dep=None, packages_skip_up_to=None, packages_select_build_failed=False, packages_skip_build_finished=False, packages_select_test_failures=False, packages_skip_test_passed=False, packages_select=None, packages_skip=None, packages_select_regex=None, packages_skip_regex=None, packages_start=None, packages_end=None, allow_overriding=[], cmake_args=None, cmake_target=None, cmake_target_skip_unavailable=False, cmake_clean_cache=False, cmake_clean_first=False, cmake_force_configure=False, ament_cmake_args=None, catkin_cmake_args=None, catkin_skip_building_tests=False, verb_parser=<colcon_defaults.argument_parser.defaults.DefaultArgumentsDecorator object at 0x7fb8e0a6b2b0>, verb_extension=<colcon_core.verb.build.BuildVerb object at 0x7fb8e0a523b0>, main=<bound method BuildVerb.main of <colcon_core.verb.build.BuildVerb object at 0x7fb8e0a523b0>>)
[5.095s] Level 1:colcon.colcon_core.package_discovery:discover_packages(colcon_meta) check parameters
[5.095s] Level 1:colcon.colcon_core.package_discovery:discover_packages(recursive) check parameters
[5.095s] Level 1:colcon.colcon_core.package_discovery:discover_packages(ignore) check parameters
[5.096s] Level 1:colcon.colcon_core.package_discovery:discover_packages(path) check parameters
[5.096s] Level 1:colcon.colcon_core.package_discovery:discover_packages(colcon_meta) discover
[5.096s] Level 1:colcon.colcon_core.package_discovery:discover_packages(recursive) discover
[5.096s] INFO:colcon.colcon_core.package_discovery:Crawling recursively for packages in '/home/t-lemmel/Aquabot_Tom'
[5.096s] Level 1:colcon.colcon_core.package_identification:_identify(.) by extensions ['ignore', 'ignore_ament_install']
[5.096s] Level 1:colcon.colcon_core.package_identification:_identify(.) by extension 'ignore'
[5.096s] Level 1:colcon.colcon_core.package_identification:_identify(.) by extension 'ignore_ament_install'
[5.096s] Level 1:colcon.colcon_core.package_identification:_identify(.) by extensions ['colcon_pkg']
[5.096s] Level 1:colcon.colcon_core.package_identification:_identify(.) by extension 'colcon_pkg'
[5.096s] Level 1:colcon.colcon_core.package_identification:_identify(.) by extensions ['colcon_meta']
[5.096s] Level 1:colcon.colcon_core.package_identification:_identify(.) by extension 'colcon_meta'
[5.096s] Level 1:colcon.colcon_core.package_identification:_identify(.) by extensions ['ros']
[5.097s] Level 1:colcon.colcon_core.package_identification:_identify(.) by extension 'ros'
[5.154s] Level 1:colcon.colcon_core.package_identification:_identify(.) by extensions ['cmake', 'python']
[5.154s] Level 1:colcon.colcon_core.package_identification:_identify(.) by extension 'cmake'
[5.154s] Level 1:colcon.colcon_core.package_identification:_identify(.) by extension 'python'
[5.154s] Level 1:colcon.colcon_core.package_identification:_identify(.) by extensions ['python_setup_py']
[5.154s] Level 1:colcon.colcon_core.package_identification:_identify(.) by extension 'python_setup_py'
[5.155s] Level 1:colcon.colcon_core.package_identification:_identify(build) by extensions ['ignore', 'ignore_ament_install']
[5.155s] Level 1:colcon.colcon_core.package_identification:_identify(build) by extension 'ignore'
[5.155s] Level 1:colcon.colcon_core.package_identification:_identify(build) ignored
[5.155s] Level 1:colcon.colcon_core.package_identification:_identify(install) by extensions ['ignore', 'ignore_ament_install']
[5.155s] Level 1:colcon.colcon_core.package_identification:_identify(install) by extension 'ignore'
[5.155s] Level 1:colcon.colcon_core.package_identification:_identify(install) ignored
[5.157s] Level 1:colcon.colcon_core.package_identification:_identify(log) by extensions ['ignore', 'ignore_ament_install']
[5.158s] Level 1:colcon.colcon_core.package_identification:_identify(log) by extension 'ignore'
[5.158s] Level 1:colcon.colcon_core.package_identification:_identify(log) ignored
[5.159s] Level 1:colcon.colcon_core.package_identification:_identify(ros_management_tools) by extensions ['ignore', 'ignore_ament_install']
[5.160s] Level 1:colcon.colcon_core.package_identification:_identify(ros_management_tools) by extension 'ignore'
[5.162s] Level 1:colcon.colcon_core.package_identification:_identify(ros_management_tools) by extension 'ignore_ament_install'
[5.163s] Level 1:colcon.colcon_core.package_identification:_identify(ros_management_tools) by extensions ['colcon_pkg']
[5.164s] Level 1:colcon.colcon_core.package_identification:_identify(ros_management_tools) by extension 'colcon_pkg'
[5.165s] Level 1:colcon.colcon_core.package_identification:_identify(ros_management_tools) by extensions ['colcon_meta']
[5.166s] Level 1:colcon.colcon_core.package_identification:_identify(ros_management_tools) by extension 'colcon_meta'
[5.167s] Level 1:colcon.colcon_core.package_identification:_identify(ros_management_tools) by extensions ['ros']
[5.167s] Level 1:colcon.colcon_core.package_identification:_identify(ros_management_tools) by extension 'ros'
[5.167s] Level 1:colcon.colcon_core.package_identification:_identify(ros_management_tools) by extensions ['cmake', 'python']
[5.167s] Level 1:colcon.colcon_core.package_identification:_identify(ros_management_tools) by extension 'cmake'
[5.167s] Level 1:colcon.colcon_core.package_identification:_identify(ros_management_tools) by extension 'python'
[5.168s] Level 1:colcon.colcon_core.package_identification:_identify(ros_management_tools) by extensions ['python_setup_py']
[5.168s] Level 1:colcon.colcon_core.package_identification:_identify(ros_management_tools) by extension 'python_setup_py'
[5.168s] Level 1:colcon.colcon_core.package_identification:_identify(ros_management_tools/qtcreator) by extensions ['ignore', 'ignore_ament_install']
[5.169s] Level 1:colcon.colcon_core.package_identification:_identify(ros_management_tools/qtcreator) by extension 'ignore'
[5.169s] Level 1:colcon.colcon_core.package_identification:_identify(ros_management_tools/qtcreator) by extension 'ignore_ament_install'
[5.169s] Level 1:colcon.colcon_core.package_identification:_identify(ros_management_tools/qtcreator) by extensions ['colcon_pkg']
[5.169s] Level 1:colcon.colcon_core.package_identification:_identify(ros_management_tools/qtcreator) by extension 'colcon_pkg'
[5.169s] Level 1:colcon.colcon_core.package_identification:_identify(ros_management_tools/qtcreator) by extensions ['colcon_meta']
[5.169s] Level 1:colcon.colcon_core.package_identification:_identify(ros_management_tools/qtcreator) by extension 'colcon_meta'
[5.169s] Level 1:colcon.colcon_core.package_identification:_identify(ros_management_tools/qtcreator) by extensions ['ros']
[5.169s] Level 1:colcon.colcon_core.package_identification:_identify(ros_management_tools/qtcreator) by extension 'ros'
[5.169s] Level 1:colcon.colcon_core.package_identification:_identify(ros_management_tools/qtcreator) by extensions ['cmake', 'python']
[5.169s] Level 1:colcon.colcon_core.package_identification:_identify(ros_management_tools/qtcreator) by extension 'cmake'
[5.169s] Level 1:colcon.colcon_core.package_identification:_identify(ros_management_tools/qtcreator) by extension 'python'
[5.170s] Level 1:colcon.colcon_core.package_identification:_identify(ros_management_tools/qtcreator) by extensions ['python_setup_py']
[5.170s] Level 1:colcon.colcon_core.package_identification:_identify(ros_management_tools/qtcreator) by extension 'python_setup_py'
[5.170s] Level 1:colcon.colcon_core.package_identification:_identify(src) by extensions ['ignore', 'ignore_ament_install']
[5.170s] Level 1:colcon.colcon_core.package_identification:_identify(src) by extension 'ignore'
[5.170s] Level 1:colcon.colcon_core.package_identification:_identify(src) by extension 'ignore_ament_install'
[5.170s] Level 1:colcon.colcon_core.package_identification:_identify(src) by extensions ['colcon_pkg']
[5.170s] Level 1:colcon.colcon_core.package_identification:_identify(src) by extension 'colcon_pkg'
[5.170s] Level 1:colcon.colcon_core.package_identification:_identify(src) by extensions ['colcon_meta']
[5.170s] Level 1:colcon.colcon_core.package_identification:_identify(src) by extension 'colcon_meta'
[5.170s] Level 1:colcon.colcon_core.package_identification:_identify(src) by extensions ['ros']
[5.170s] Level 1:colcon.colcon_core.package_identification:_identify(src) by extension 'ros'
[5.171s] Level 1:colcon.colcon_core.package_identification:_identify(src) by extensions ['cmake', 'python']
[5.171s] Level 1:colcon.colcon_core.package_identification:_identify(src) by extension 'cmake'
[5.171s] Level 1:colcon.colcon_core.package_identification:_identify(src) by extension 'python'
[5.171s] Level 1:colcon.colcon_core.package_identification:_identify(src) by extensions ['python_setup_py']
[5.171s] Level 1:colcon.colcon_core.package_identification:_identify(src) by extension 'python_setup_py'
[5.171s] Level 1:colcon.colcon_core.package_identification:_identify(src/aquabot_common) by extensions ['ignore', 'ignore_ament_install']
[5.171s] Level 1:colcon.colcon_core.package_identification:_identify(src/aquabot_common) by extension 'ignore'
[5.171s] Level 1:colcon.colcon_core.package_identification:_identify(src/aquabot_common) by extension 'ignore_ament_install'
[5.171s] Level 1:colcon.colcon_core.package_identification:_identify(src/aquabot_common) by extensions ['colcon_pkg']
[5.171s] Level 1:colcon.colcon_core.package_identification:_identify(src/aquabot_common) by extension 'colcon_pkg'
[5.171s] Level 1:colcon.colcon_core.package_identification:_identify(src/aquabot_common) by extensions ['colcon_meta']
[5.171s] Level 1:colcon.colcon_core.package_identification:_identify(src/aquabot_common) by extension 'colcon_meta'
[5.171s] Level 1:colcon.colcon_core.package_identification:_identify(src/aquabot_common) by extensions ['ros']
[5.171s] Level 1:colcon.colcon_core.package_identification:_identify(src/aquabot_common) by extension 'ros'
[5.179s] DEBUG:colcon.colcon_core.package_identification:Package 'src/aquabot_common' with type 'ros.ament_cmake' and name 'aquabot_common'
[5.180s] Level 1:colcon.colcon_core.package_identification:_identify(src/package_thruster_activation) by extensions ['ignore', 'ignore_ament_install']
[5.181s] Level 1:colcon.colcon_core.package_identification:_identify(src/package_thruster_activation) by extension 'ignore'
[5.182s] Level 1:colcon.colcon_core.package_identification:_identify(src/package_thruster_activation) by extension 'ignore_ament_install'
[5.182s] Level 1:colcon.colcon_core.package_identification:_identify(src/package_thruster_activation) by extensions ['colcon_pkg']
[5.182s] Level 1:colcon.colcon_core.package_identification:_identify(src/package_thruster_activation) by extension 'colcon_pkg'
[5.182s] Level 1:colcon.colcon_core.package_identification:_identify(src/package_thruster_activation) by extensions ['colcon_meta']
[5.182s] Level 1:colcon.colcon_core.package_identification:_identify(src/package_thruster_activation) by extension 'colcon_meta'
[5.183s] Level 1:colcon.colcon_core.package_identification:_identify(src/package_thruster_activation) by extensions ['ros']
[5.183s] Level 1:colcon.colcon_core.package_identification:_identify(src/package_thruster_activation) by extension 'ros'
[5.185s] DEBUG:colcon.colcon_core.package_identification:Package 'src/package_thruster_activation' with type 'ros.ament_cmake' and name 'package_thruster_activation'
[5.186s] Level 1:colcon.colcon_core.package_identification:_identify(src/ros2_pid_library) by extensions ['ignore', 'ignore_ament_install']
[5.187s] Level 1:colcon.colcon_core.package_identification:_identify(src/ros2_pid_library) by extension 'ignore'
[5.188s] Level 1:colcon.colcon_core.package_identification:_identify(src/ros2_pid_library) by extension 'ignore_ament_install'
[5.188s] Level 1:colcon.colcon_core.package_identification:_identify(src/ros2_pid_library) by extensions ['colcon_pkg']
[5.189s] Level 1:colcon.colcon_core.package_identification:_identify(src/ros2_pid_library) by extension 'colcon_pkg'
[5.190s] Level 1:colcon.colcon_core.package_identification:_identify(src/ros2_pid_library) by extensions ['colcon_meta']
[5.191s] Level 1:colcon.colcon_core.package_identification:_identify(src/ros2_pid_library) by extension 'colcon_meta'
[5.191s] Level 1:colcon.colcon_core.package_identification:_identify(src/ros2_pid_library) by extensions ['ros']
[5.191s] Level 1:colcon.colcon_core.package_identification:_identify(src/ros2_pid_library) by extension 'ros'
[5.192s] Level 1:colcon.colcon_core.package_identification:_identify(src/ros2_pid_library) by extensions ['cmake', 'python']
[5.192s] Level 1:colcon.colcon_core.package_identification:_identify(src/ros2_pid_library) by extension 'cmake'
[5.192s] Level 1:colcon.colcon_core.package_identification:_identify(src/ros2_pid_library) by extension 'python'
[5.192s] Level 1:colcon.colcon_core.package_identification:_identify(src/ros2_pid_library) by extensions ['python_setup_py']
[5.192s] Level 1:colcon.colcon_core.package_identification:_identify(src/ros2_pid_library) by extension 'python_setup_py'
[5.192s] Level 1:colcon.colcon_core.package_identification:_identify(src/ros2_pid_library/build) by extensions ['ignore', 'ignore_ament_install']
[5.192s] Level 1:colcon.colcon_core.package_identification:_identify(src/ros2_pid_library/build) by extension 'ignore'
[5.192s] Level 1:colcon.colcon_core.package_identification:_identify(src/ros2_pid_library/build) ignored
[5.193s] Level 1:colcon.colcon_core.package_identification:_identify(src/ros2_pid_library/example_system) by extensions ['ignore', 'ignore_ament_install']
[5.194s] Level 1:colcon.colcon_core.package_identification:_identify(src/ros2_pid_library/example_system) by extension 'ignore'
[5.195s] Level 1:colcon.colcon_core.package_identification:_identify(src/ros2_pid_library/example_system) by extension 'ignore_ament_install'
[5.196s] Level 1:colcon.colcon_core.package_identification:_identify(src/ros2_pid_library/example_system) by extensions ['colcon_pkg']
[5.197s] Level 1:colcon.colcon_core.package_identification:_identify(src/ros2_pid_library/example_system) by extension 'colcon_pkg'
[5.198s] Level 1:colcon.colcon_core.package_identification:_identify(src/ros2_pid_library/example_system) by extensions ['colcon_meta']
[5.198s] Level 1:colcon.colcon_core.package_identification:_identify(src/ros2_pid_library/example_system) by extension 'colcon_meta'
[5.200s] Level 1:colcon.colcon_core.package_identification:_identify(src/ros2_pid_library/example_system) by extensions ['ros']
[5.201s] Level 1:colcon.colcon_core.package_identification:_identify(src/ros2_pid_library/example_system) by extension 'ros'
[5.206s] DEBUG:colcon.colcon_core.package_identification:Package 'src/ros2_pid_library/example_system' with type 'ros.ament_cmake' and name 'example_system'
[5.207s] Level 1:colcon.colcon_core.package_identification:_identify(src/ros2_pid_library/install) by extensions ['ignore', 'ignore_ament_install']
[5.207s] Level 1:colcon.colcon_core.package_identification:_identify(src/ros2_pid_library/install) by extension 'ignore'
[5.207s] Level 1:colcon.colcon_core.package_identification:_identify(src/ros2_pid_library/install) ignored
[5.207s] Level 1:colcon.colcon_core.package_identification:_identify(src/ros2_pid_library/log) by extensions ['ignore', 'ignore_ament_install']
[5.207s] Level 1:colcon.colcon_core.package_identification:_identify(src/ros2_pid_library/log) by extension 'ignore'
[5.207s] Level 1:colcon.colcon_core.package_identification:_identify(src/ros2_pid_library/log) ignored
[5.208s] Level 1:colcon.colcon_core.package_identification:_identify(src/ros2_pid_library/pid_library) by extensions ['ignore', 'ignore_ament_install']
[5.208s] Level 1:colcon.colcon_core.package_identification:_identify(src/ros2_pid_library/pid_library) by extension 'ignore'
[5.208s] Level 1:colcon.colcon_core.package_identification:_identify(src/ros2_pid_library/pid_library) by extension 'ignore_ament_install'
[5.208s] Level 1:colcon.colcon_core.package_identification:_identify(src/ros2_pid_library/pid_library) by extensions ['colcon_pkg']
[5.208s] Level 1:colcon.colcon_core.package_identification:_identify(src/ros2_pid_library/pid_library) by extension 'colcon_pkg'
[5.208s] Level 1:colcon.colcon_core.package_identification:_identify(src/ros2_pid_library/pid_library) by extensions ['colcon_meta']
[5.208s] Level 1:colcon.colcon_core.package_identification:_identify(src/ros2_pid_library/pid_library) by extension 'colcon_meta'
[5.208s] Level 1:colcon.colcon_core.package_identification:_identify(src/ros2_pid_library/pid_library) by extensions ['ros']
[5.208s] Level 1:colcon.colcon_core.package_identification:_identify(src/ros2_pid_library/pid_library) by extension 'ros'
[5.209s] DEBUG:colcon.colcon_core.package_identification:Package 'src/ros2_pid_library/pid_library' with type 'ros.ament_cmake' and name 'pid_library'
[5.209s] Level 1:colcon.colcon_core.package_identification:_identify(src/ros2_pid_library/use_library) by extensions ['ignore', 'ignore_ament_install']
[5.210s] Level 1:colcon.colcon_core.package_identification:_identify(src/ros2_pid_library/use_library) by extension 'ignore'
[5.210s] Level 1:colcon.colcon_core.package_identification:_identify(src/ros2_pid_library/use_library) by extension 'ignore_ament_install'
[5.210s] Level 1:colcon.colcon_core.package_identification:_identify(src/ros2_pid_library/use_library) by extensions ['colcon_pkg']
[5.210s] Level 1:colcon.colcon_core.package_identification:_identify(src/ros2_pid_library/use_library) by extension 'colcon_pkg'
[5.210s] Level 1:colcon.colcon_core.package_identification:_identify(src/ros2_pid_library/use_library) by extensions ['colcon_meta']
[5.210s] Level 1:colcon.colcon_core.package_identification:_identify(src/ros2_pid_library/use_library) by extension 'colcon_meta'
[5.210s] Level 1:colcon.colcon_core.package_identification:_identify(src/ros2_pid_library/use_library) by extensions ['ros']
[5.210s] Level 1:colcon.colcon_core.package_identification:_identify(src/ros2_pid_library/use_library) by extension 'ros'
[5.213s] DEBUG:colcon.colcon_core.package_identification:Package 'src/ros2_pid_library/use_library' with type 'ros.ament_cmake' and name 'use_library'
[5.214s] Level 1:colcon.colcon_core.package_identification:_identify(src/test_float) by extensions ['ignore', 'ignore_ament_install']
[5.215s] Level 1:colcon.colcon_core.package_identification:_identify(src/test_float) by extension 'ignore'
[5.216s] Level 1:colcon.colcon_core.package_identification:_identify(src/test_float) by extension 'ignore_ament_install'
[5.217s] Level 1:colcon.colcon_core.package_identification:_identify(src/test_float) by extensions ['colcon_pkg']
[5.217s] Level 1:colcon.colcon_core.package_identification:_identify(src/test_float) by extension 'colcon_pkg'
[5.218s] Level 1:colcon.colcon_core.package_identification:_identify(src/test_float) by extensions ['colcon_meta']
[5.218s] Level 1:colcon.colcon_core.package_identification:_identify(src/test_float) by extension 'colcon_meta'
[5.219s] Level 1:colcon.colcon_core.package_identification:_identify(src/test_float) by extensions ['ros']
[5.219s] Level 1:colcon.colcon_core.package_identification:_identify(src/test_float) by extension 'ros'
[5.225s] DEBUG:colcon.colcon_core.package_identification:Package 'src/test_float' with type 'ros.ament_cmake' and name 'test_float'
[5.225s] Level 1:colcon.colcon_core.package_discovery:discover_packages(recursive) using defaults
[5.225s] Level 1:colcon.colcon_core.package_discovery:discover_packages(ignore) discover
[5.225s] Level 1:colcon.colcon_core.package_discovery:discover_packages(ignore) using defaults
[5.226s] Level 1:colcon.colcon_core.package_discovery:discover_packages(path) discover
[5.226s] Level 1:colcon.colcon_core.package_discovery:discover_packages(path) using defaults
[5.682s] Level 1:colcon.colcon_core.package_discovery:discover_packages(prefix_path) check parameters
[5.682s] Level 1:colcon.colcon_core.package_discovery:discover_packages(prefix_path) discover
[5.826s] DEBUG:colcon.colcon_installed_package_information.package_discovery:Found 8 installed packages in /home/t-lemmel/vrx_ws/install
[5.894s] DEBUG:colcon.colcon_installed_package_information.package_discovery:Found 285 installed packages in /opt/ros/humble
[5.905s] Level 1:colcon.colcon_core.package_discovery:discover_packages(prefix_path) using defaults
[6.368s] Level 5:colcon.colcon_core.verb:set package 'aquabot_common' build argument 'cmake_args' from command line to 'None'
[6.368s] Level 5:colcon.colcon_core.verb:set package 'aquabot_common' build argument 'cmake_target' from command line to 'None'
[6.368s] Level 5:colcon.colcon_core.verb:set package 'aquabot_common' build argument 'cmake_target_skip_unavailable' from command line to 'False'
[6.368s] Level 5:colcon.colcon_core.verb:set package 'aquabot_common' build argument 'cmake_clean_cache' from command line to 'False'
[6.368s] Level 5:colcon.colcon_core.verb:set package 'aquabot_common' build argument 'cmake_clean_first' from command line to 'False'
[6.369s] Level 5:colcon.colcon_core.verb:set package 'aquabot_common' build argument 'cmake_force_configure' from command line to 'False'
[6.369s] Level 5:colcon.colcon_core.verb:set package 'aquabot_common' build argument 'ament_cmake_args' from command line to 'None'
[6.369s] Level 5:colcon.colcon_core.verb:set package 'aquabot_common' build argument 'catkin_cmake_args' from command line to 'None'
[6.369s] Level 5:colcon.colcon_core.verb:set package 'aquabot_common' build argument 'catkin_skip_building_tests' from command line to 'False'
[6.369s] DEBUG:colcon.colcon_core.verb:Building package 'aquabot_common' with the following arguments: {'ament_cmake_args': None, 'build_base': '/home/t-lemmel/Aquabot_Tom/build/aquabot_common', 'catkin_cmake_args': None, 'catkin_skip_building_tests': False, 'cmake_args': None, 'cmake_clean_cache': False, 'cmake_clean_first': False, 'cmake_force_configure': False, 'cmake_target': None, 'cmake_target_skip_unavailable': False, 'install_base': '/home/t-lemmel/Aquabot_Tom/install/aquabot_common', 'merge_install': False, 'path': '/home/t-lemmel/Aquabot_Tom/src/aquabot_common', 'symlink_install': True, 'test_result_base': None}
[6.446s] Level 5:colcon.colcon_core.verb:set package 'example_system' build argument 'cmake_args' from command line to 'None'
[6.446s] Level 5:colcon.colcon_core.verb:set package 'example_system' build argument 'cmake_target' from command line to 'None'
[6.446s] Level 5:colcon.colcon_core.verb:set package 'example_system' build argument 'cmake_target_skip_unavailable' from command line to 'False'
[6.446s] Level 5:colcon.colcon_core.verb:set package 'example_system' build argument 'cmake_clean_cache' from command line to 'False'
[6.446s] Level 5:colcon.colcon_core.verb:set package 'example_system' build argument 'cmake_clean_first' from command line to 'False'
[6.446s] Level 5:colcon.colcon_core.verb:set package 'example_system' build argument 'cmake_force_configure' from command line to 'False'
[6.446s] Level 5:colcon.colcon_core.verb:set package 'example_system' build argument 'ament_cmake_args' from command line to 'None'
[6.446s] Level 5:colcon.colcon_core.verb:set package 'example_system' build argument 'catkin_cmake_args' from command line to 'None'
[6.446s] Level 5:colcon.colcon_core.verb:set package 'example_system' build argument 'catkin_skip_building_tests' from command line to 'False'
[6.446s] DEBUG:colcon.colcon_core.verb:Building package 'example_system' with the following arguments: {'ament_cmake_args': None, 'build_base': '/home/t-lemmel/Aquabot_Tom/build/example_system', 'catkin_cmake_args': None, 'catkin_skip_building_tests': False, 'cmake_args': None, 'cmake_clean_cache': False, 'cmake_clean_first': False, 'cmake_force_configure': False, 'cmake_target': None, 'cmake_target_skip_unavailable': False, 'install_base': '/home/t-lemmel/Aquabot_Tom/install/example_system', 'merge_install': False, 'path': '/home/t-lemmel/Aquabot_Tom/src/ros2_pid_library/example_system', 'symlink_install': True, 'test_result_base': None}
[6.517s] Level 5:colcon.colcon_core.verb:set package 'package_thruster_activation' build argument 'cmake_args' from command line to 'None'
[6.517s] Level 5:colcon.colcon_core.verb:set package 'package_thruster_activation' build argument 'cmake_target' from command line to 'None'
[6.517s] Level 5:colcon.colcon_core.verb:set package 'package_thruster_activation' build argument 'cmake_target_skip_unavailable' from command line to 'False'
[6.517s] Level 5:colcon.colcon_core.verb:set package 'package_thruster_activation' build argument 'cmake_clean_cache' from command line to 'False'
[6.517s] Level 5:colcon.colcon_core.verb:set package 'package_thruster_activation' build argument 'cmake_clean_first' from command line to 'False'
[6.517s] Level 5:colcon.colcon_core.verb:set package 'package_thruster_activation' build argument 'cmake_force_configure' from command line to 'False'
[6.517s] Level 5:colcon.colcon_core.verb:set package 'package_thruster_activation' build argument 'ament_cmake_args' from command line to 'None'
[6.517s] Level 5:colcon.colcon_core.verb:set package 'package_thruster_activation' build argument 'catkin_cmake_args' from command line to 'None'
[6.518s] Level 5:colcon.colcon_core.verb:set package 'package_thruster_activation' build argument 'catkin_skip_building_tests' from command line to 'False'
[6.518s] DEBUG:colcon.colcon_core.verb:Building package 'package_thruster_activation' with the following arguments: {'ament_cmake_args': None, 'build_base': '/home/t-lemmel/Aquabot_Tom/build/package_thruster_activation', 'catkin_cmake_args': None, 'catkin_skip_building_tests': False, 'cmake_args': None, 'cmake_clean_cache': False, 'cmake_clean_first': False, 'cmake_force_configure': False, 'cmake_target': None, 'cmake_target_skip_unavailable': False, 'install_base': '/home/t-lemmel/Aquabot_Tom/install/package_thruster_activation', 'merge_install': False, 'path': '/home/t-lemmel/Aquabot_Tom/src/package_thruster_activation', 'symlink_install': True, 'test_result_base': None}
[6.586s] Level 5:colcon.colcon_core.verb:set package 'pid_library' build argument 'cmake_args' from command line to 'None'
[6.586s] Level 5:colcon.colcon_core.verb:set package 'pid_library' build argument 'cmake_target' from command line to 'None'
[6.587s] Level 5:colcon.colcon_core.verb:set package 'pid_library' build argument 'cmake_target_skip_unavailable' from command line to 'False'
[6.587s] Level 5:colcon.colcon_core.verb:set package 'pid_library' build argument 'cmake_clean_cache' from command line to 'False'
[6.587s] Level 5:colcon.colcon_core.verb:set package 'pid_library' build argument 'cmake_clean_first' from command line to 'False'
[6.587s] Level 5:colcon.colcon_core.verb:set package 'pid_library' build argument 'cmake_force_configure' from command line to 'False'
[6.587s] Level 5:colcon.colcon_core.verb:set package 'pid_library' build argument 'ament_cmake_args' from command line to 'None'
[6.587s] Level 5:colcon.colcon_core.verb:set package 'pid_library' build argument 'catkin_cmake_args' from command line to 'None'
[6.587s] Level 5:colcon.colcon_core.verb:set package 'pid_library' build argument 'catkin_skip_building_tests' from command line to 'False'
[6.587s] DEBUG:colcon.colcon_core.verb:Building package 'pid_library' with the following arguments: {'ament_cmake_args': None, 'build_base': '/home/t-lemmel/Aquabot_Tom/build/pid_library', 'catkin_cmake_args': None, 'catkin_skip_building_tests': False, 'cmake_args': None, 'cmake_clean_cache': False, 'cmake_clean_first': False, 'cmake_force_configure': False, 'cmake_target': None, 'cmake_target_skip_unavailable': False, 'install_base': '/home/t-lemmel/Aquabot_Tom/install/pid_library', 'merge_install': False, 'path': '/home/t-lemmel/Aquabot_Tom/src/ros2_pid_library/pid_library', 'symlink_install': True, 'test_result_base': None}
[6.658s] Level 5:colcon.colcon_core.verb:set package 'test_float' build argument 'cmake_args' from command line to 'None'
[6.658s] Level 5:colcon.colcon_core.verb:set package 'test_float' build argument 'cmake_target' from command line to 'None'
[6.659s] Level 5:colcon.colcon_core.verb:set package 'test_float' build argument 'cmake_target_skip_unavailable' from command line to 'False'
[6.659s] Level 5:colcon.colcon_core.verb:set package 'test_float' build argument 'cmake_clean_cache' from command line to 'False'
[6.659s] Level 5:colcon.colcon_core.verb:set package 'test_float' build argument 'cmake_clean_first' from command line to 'False'
[6.659s] Level 5:colcon.colcon_core.verb:set package 'test_float' build argument 'cmake_force_configure' from command line to 'False'
[6.659s] Level 5:colcon.colcon_core.verb:set package 'test_float' build argument 'ament_cmake_args' from command line to 'None'
[6.659s] Level 5:colcon.colcon_core.verb:set package 'test_float' build argument 'catkin_cmake_args' from command line to 'None'
[6.659s] Level 5:colcon.colcon_core.verb:set package 'test_float' build argument 'catkin_skip_building_tests' from command line to 'False'
[6.659s] DEBUG:colcon.colcon_core.verb:Building package 'test_float' with the following arguments: {'ament_cmake_args': None, 'build_base': '/home/t-lemmel/Aquabot_Tom/build/test_float', 'catkin_cmake_args': None, 'catkin_skip_building_tests': False, 'cmake_args': None, 'cmake_clean_cache': False, 'cmake_clean_first': False, 'cmake_force_configure': False, 'cmake_target': None, 'cmake_target_skip_unavailable': False, 'install_base': '/home/t-lemmel/Aquabot_Tom/install/test_float', 'merge_install': False, 'path': '/home/t-lemmel/Aquabot_Tom/src/test_float', 'symlink_install': True, 'test_result_base': None}
[6.729s] Level 5:colcon.colcon_core.verb:set package 'use_library' build argument 'cmake_args' from command line to 'None'
[6.729s] Level 5:colcon.colcon_core.verb:set package 'use_library' build argument 'cmake_target' from command line to 'None'
[6.729s] Level 5:colcon.colcon_core.verb:set package 'use_library' build argument 'cmake_target_skip_unavailable' from command line to 'False'
[6.729s] Level 5:colcon.colcon_core.verb:set package 'use_library' build argument 'cmake_clean_cache' from command line to 'False'
[6.730s] Level 5:colcon.colcon_core.verb:set package 'use_library' build argument 'cmake_clean_first' from command line to 'False'
[6.730s] Level 5:colcon.colcon_core.verb:set package 'use_library' build argument 'cmake_force_configure' from command line to 'False'
[6.730s] Level 5:colcon.colcon_core.verb:set package 'use_library' build argument 'ament_cmake_args' from command line to 'None'
[6.730s] Level 5:colcon.colcon_core.verb:set package 'use_library' build argument 'catkin_cmake_args' from command line to 'None'
[6.730s] Level 5:colcon.colcon_core.verb:set package 'use_library' build argument 'catkin_skip_building_tests' from command line to 'False'
[6.730s] DEBUG:colcon.colcon_core.verb:Building package 'use_library' with the following arguments: {'ament_cmake_args': None, 'build_base': '/home/t-lemmel/Aquabot_Tom/build/use_library', 'catkin_cmake_args': None, 'catkin_skip_building_tests': False, 'cmake_args': None, 'cmake_clean_cache': False, 'cmake_clean_first': False, 'cmake_force_configure': False, 'cmake_target': None, 'cmake_target_skip_unavailable': False, 'install_base': '/home/t-lemmel/Aquabot_Tom/install/use_library', 'merge_install': False, 'path': '/home/t-lemmel/Aquabot_Tom/src/ros2_pid_library/use_library', 'symlink_install': True, 'test_result_base': None}
[6.805s] INFO:colcon.colcon_core.executor:Executing jobs using 'parallel' executor
[6.872s] DEBUG:colcon.colcon_parallel_executor.executor.parallel:run_until_complete
[6.876s] INFO:colcon.colcon_ros.task.ament_cmake.build:Building ROS package in '/home/t-lemmel/Aquabot_Tom/src/ros2_pid_library/pid_library' with build type 'ament_cmake'
[6.878s] INFO:colcon.colcon_cmake.task.cmake.build:Building CMake package in '/home/t-lemmel/Aquabot_Tom/src/ros2_pid_library/pid_library'
[6.951s] INFO:colcon.colcon_core.plugin_system:Skipping extension 'colcon_core.shell.bat': Not used on non-Windows systems
[6.952s] INFO:colcon.colcon_core.shell:Skip shell extension 'powershell' for command environment: Not usable outside of PowerShell
[6.953s] DEBUG:colcon.colcon_core.shell:Skip shell extension 'dsv' for command environment
[7.198s] INFO:colcon.colcon_ros.task.ament_cmake.build:Building ROS package in '/home/t-lemmel/Aquabot_Tom/src/aquabot_common' with build type 'ament_cmake'
[7.199s] INFO:colcon.colcon_cmake.task.cmake.build:Building CMake package in '/home/t-lemmel/Aquabot_Tom/src/aquabot_common'
[7.274s] INFO:colcon.colcon_core.shell:Skip shell extension 'powershell' for command environment: Not usable outside of PowerShell
[7.274s] DEBUG:colcon.colcon_core.shell:Skip shell extension 'dsv' for command environment
[7.506s] INFO:colcon.colcon_ros.task.ament_cmake.build:Building ROS package in '/home/t-lemmel/Aquabot_Tom/src/ros2_pid_library/example_system' with build type 'ament_cmake'
[7.506s] INFO:colcon.colcon_cmake.task.cmake.build:Building CMake package in '/home/t-lemmel/Aquabot_Tom/src/ros2_pid_library/example_system'
[7.577s] INFO:colcon.colcon_core.shell:Skip shell extension 'powershell' for command environment: Not usable outside of PowerShell
[7.578s] DEBUG:colcon.colcon_core.shell:Skip shell extension 'dsv' for command environment
[7.837s] INFO:colcon.colcon_ros.task.ament_cmake.build:Building ROS package in '/home/t-lemmel/Aquabot_Tom/src/package_thruster_activation' with build type 'ament_cmake'
[7.838s] INFO:colcon.colcon_cmake.task.cmake.build:Building CMake package in '/home/t-lemmel/Aquabot_Tom/src/package_thruster_activation'
[7.880s] INFO:colcon.colcon_core.shell:Skip shell extension 'powershell' for command environment: Not usable outside of PowerShell
[7.881s] DEBUG:colcon.colcon_core.shell:Skip shell extension 'dsv' for command environment
[8.012s] INFO:colcon.colcon_ros.task.ament_cmake.build:Building ROS package in '/home/t-lemmel/Aquabot_Tom/src/test_float' with build type 'ament_cmake'
[8.012s] INFO:colcon.colcon_cmake.task.cmake.build:Building CMake package in '/home/t-lemmel/Aquabot_Tom/src/test_float'
[8.101s] INFO:colcon.colcon_core.shell:Skip shell extension 'powershell' for command environment: Not usable outside of PowerShell
[8.101s] DEBUG:colcon.colcon_core.shell:Skip shell extension 'dsv' for command environment
[8.366s] DEBUG:colcon.colcon_core.event_handler.log_command:Invoking command in '/home/t-lemmel/Aquabot_Tom/build/pid_library': CMAKE_PREFIX_PATH=${CMAKE_PREFIX_PATH}:/opt/ros/humble PS1_ori=\[\e]0;\u@\h: \w\a\]${debian_chroot:+($debian_chroot)}\[\033[01;32m\]\u@\h\[\033[00m\]:\[\033[01;34m\]\w\[\033[00m\]\$ /usr/bin/cmake --build /home/t-lemmel/Aquabot_Tom/build/pid_library -- -j8 -l8
[8.391s] DEBUG:colcon.colcon_core.event_handler.log_command:Invoking command in '/home/t-lemmel/Aquabot_Tom/build/aquabot_common': CMAKE_PREFIX_PATH=${CMAKE_PREFIX_PATH}:/opt/ros/humble PS1_ori=\[\e]0;\u@\h: \w\a\]${debian_chroot:+($debian_chroot)}\[\033[01;32m\]\u@\h\[\033[00m\]:\[\033[01;34m\]\w\[\033[00m\]\$ /usr/bin/cmake --build /home/t-lemmel/Aquabot_Tom/build/aquabot_common -- -j8 -l8
[8.404s] DEBUG:colcon.colcon_core.event_handler.log_command:Invoking command in '/home/t-lemmel/Aquabot_Tom/build/example_system': CMAKE_PREFIX_PATH=${CMAKE_PREFIX_PATH}:/opt/ros/humble PS1_ori=\[\e]0;\u@\h: \w\a\]${debian_chroot:+($debian_chroot)}\[\033[01;32m\]\u@\h\[\033[00m\]:\[\033[01;34m\]\w\[\033[00m\]\$ /usr/bin/cmake --build /home/t-lemmel/Aquabot_Tom/build/example_system -- -j8 -l8
[8.417s] DEBUG:colcon.colcon_core.event_handler.log_command:Invoking command in '/home/t-lemmel/Aquabot_Tom/build/package_thruster_activation': CMAKE_PREFIX_PATH=${CMAKE_PREFIX_PATH}:/opt/ros/humble PS1_ori=\[\e]0;\u@\h: \w\a\]${debian_chroot:+($debian_chroot)}\[\033[01;32m\]\u@\h\[\033[00m\]:\[\033[01;34m\]\w\[\033[00m\]\$ /usr/bin/cmake --build /home/t-lemmel/Aquabot_Tom/build/package_thruster_activation -- -j8 -l8
[8.442s] DEBUG:colcon.colcon_core.event_handler.log_command:Invoking command in '/home/t-lemmel/Aquabot_Tom/build/test_float': CMAKE_PREFIX_PATH=${CMAKE_PREFIX_PATH}:/opt/ros/humble PS1_ori=\[\e]0;\u@\h: \w\a\]${debian_chroot:+($debian_chroot)}\[\033[01;32m\]\u@\h\[\033[00m\]:\[\033[01;34m\]\w\[\033[00m\]\$ /usr/bin/cmake --build /home/t-lemmel/Aquabot_Tom/build/test_float -- -j8 -l8
[8.595s] DEBUG:colcon.colcon_core.event_handler.log_command:Invoked command in '/home/t-lemmel/Aquabot_Tom/build/pid_library' returned '0': CMAKE_PREFIX_PATH=${CMAKE_PREFIX_PATH}:/opt/ros/humble PS1_ori=\[\e]0;\u@\h: \w\a\]${debian_chroot:+($debian_chroot)}\[\033[01;32m\]\u@\h\[\033[00m\]:\[\033[01;34m\]\w\[\033[00m\]\$ /usr/bin/cmake --build /home/t-lemmel/Aquabot_Tom/build/pid_library -- -j8 -l8
[8.673s] DEBUG:colcon.colcon_core.event_handler.log_command:Invoked command in '/home/t-lemmel/Aquabot_Tom/build/aquabot_common' returned '0': CMAKE_PREFIX_PATH=${CMAKE_PREFIX_PATH}:/opt/ros/humble PS1_ori=\[\e]0;\u@\h: \w\a\]${debian_chroot:+($debian_chroot)}\[\033[01;32m\]\u@\h\[\033[00m\]:\[\033[01;34m\]\w\[\033[00m\]\$ /usr/bin/cmake --build /home/t-lemmel/Aquabot_Tom/build/aquabot_common -- -j8 -l8
[8.699s] DEBUG:colcon.colcon_core.event_handler.log_command:Invoked command in '/home/t-lemmel/Aquabot_Tom/build/package_thruster_activation' returned '0': CMAKE_PREFIX_PATH=${CMAKE_PREFIX_PATH}:/opt/ros/humble PS1_ori=\[\e]0;\u@\h: \w\a\]${debian_chroot:+($debian_chroot)}\[\033[01;32m\]\u@\h\[\033[00m\]:\[\033[01;34m\]\w\[\033[00m\]\$ /usr/bin/cmake --build /home/t-lemmel/Aquabot_Tom/build/package_thruster_activation -- -j8 -l8
[8.701s] DEBUG:colcon.colcon_core.event_handler.log_command:Invoked command in '/home/t-lemmel/Aquabot_Tom/build/example_system' returned '0': CMAKE_PREFIX_PATH=${CMAKE_PREFIX_PATH}:/opt/ros/humble PS1_ori=\[\e]0;\u@\h: \w\a\]${debian_chroot:+($debian_chroot)}\[\033[01;32m\]\u@\h\[\033[00m\]:\[\033[01;34m\]\w\[\033[00m\]\$ /usr/bin/cmake --build /home/t-lemmel/Aquabot_Tom/build/example_system -- -j8 -l8
[8.745s] DEBUG:colcon.colcon_core.event_handler.log_command:Invoking command in '/home/t-lemmel/Aquabot_Tom/build/pid_library': CMAKE_PREFIX_PATH=${CMAKE_PREFIX_PATH}:/opt/ros/humble PS1_ori=\[\e]0;\u@\h: \w\a\]${debian_chroot:+($debian_chroot)}\[\033[01;32m\]\u@\h\[\033[00m\]:\[\033[01;34m\]\w\[\033[00m\]\$ /usr/bin/cmake --install /home/t-lemmel/Aquabot_Tom/build/pid_library
[8.751s] DEBUG:colcon.colcon_core.event_handler.log_command:Invoked command in '/home/t-lemmel/Aquabot_Tom/build/test_float' returned '0': CMAKE_PREFIX_PATH=${CMAKE_PREFIX_PATH}:/opt/ros/humble PS1_ori=\[\e]0;\u@\h: \w\a\]${debian_chroot:+($debian_chroot)}\[\033[01;32m\]\u@\h\[\033[00m\]:\[\033[01;34m\]\w\[\033[00m\]\$ /usr/bin/cmake --build /home/t-lemmel/Aquabot_Tom/build/test_float -- -j8 -l8
[8.770s] DEBUG:colcon.colcon_core.event_handler.log_command:Invoking command in '/home/t-lemmel/Aquabot_Tom/build/aquabot_common': CMAKE_PREFIX_PATH=${CMAKE_PREFIX_PATH}:/opt/ros/humble PS1_ori=\[\e]0;\u@\h: \w\a\]${debian_chroot:+($debian_chroot)}\[\033[01;32m\]\u@\h\[\033[00m\]:\[\033[01;34m\]\w\[\033[00m\]\$ /usr/bin/cmake --install /home/t-lemmel/Aquabot_Tom/build/aquabot_common
[8.787s] DEBUG:colcon.colcon_core.event_handler.log_command:Invoking command in '/home/t-lemmel/Aquabot_Tom/build/package_thruster_activation': CMAKE_PREFIX_PATH=${CMAKE_PREFIX_PATH}:/opt/ros/humble PS1_ori=\[\e]0;\u@\h: \w\a\]${debian_chroot:+($debian_chroot)}\[\033[01;32m\]\u@\h\[\033[00m\]:\[\033[01;34m\]\w\[\033[00m\]\$ /usr/bin/cmake --install /home/t-lemmel/Aquabot_Tom/build/package_thruster_activation
[8.809s] DEBUG:colcon.colcon_core.event_handler.log_command:Invoking command in '/home/t-lemmel/Aquabot_Tom/build/example_system': CMAKE_PREFIX_PATH=${CMAKE_PREFIX_PATH}:/opt/ros/humble PS1_ori=\[\e]0;\u@\h: \w\a\]${debian_chroot:+($debian_chroot)}\[\033[01;32m\]\u@\h\[\033[00m\]:\[\033[01;34m\]\w\[\033[00m\]\$ /usr/bin/cmake --install /home/t-lemmel/Aquabot_Tom/build/example_system
[8.826s] Level 1:colcon.colcon_core.environment:create_environment_scripts_only(pid_library)
[8.870s] DEBUG:colcon.colcon_core.event_handler.log_command:Invoked command in '/home/t-lemmel/Aquabot_Tom/build/pid_library' returned '0': CMAKE_PREFIX_PATH=${CMAKE_PREFIX_PATH}:/opt/ros/humble PS1_ori=\[\e]0;\u@\h: \w\a\]${debian_chroot:+($debian_chroot)}\[\033[01;32m\]\u@\h\[\033[00m\]:\[\033[01;34m\]\w\[\033[00m\]\$ /usr/bin/cmake --install /home/t-lemmel/Aquabot_Tom/build/pid_library
[8.954s] Level 1:colcon.colcon_core.environment:checking '/home/t-lemmel/Aquabot_Tom/install/pid_library' for CMake module files
[8.955s] Level 1:colcon.colcon_core.environment:checking '/home/t-lemmel/Aquabot_Tom/install/pid_library' for CMake config files
[8.955s] Level 1:colcon.colcon_core.shell:create_environment_hook('pid_library', 'cmake_prefix_path')
[9.031s] INFO:colcon.colcon_core.shell:Creating environment hook '/home/t-lemmel/Aquabot_Tom/install/pid_library/share/pid_library/hook/cmake_prefix_path.ps1'
[9.035s] INFO:colcon.colcon_core.shell:Creating environment descriptor '/home/t-lemmel/Aquabot_Tom/install/pid_library/share/pid_library/hook/cmake_prefix_path.dsv'
[9.038s] INFO:colcon.colcon_core.shell:Creating environment hook '/home/t-lemmel/Aquabot_Tom/install/pid_library/share/pid_library/hook/cmake_prefix_path.sh'
[9.040s] Level 1:colcon.colcon_core.environment:checking '/home/t-lemmel/Aquabot_Tom/install/pid_library/lib'
[9.040s] Level 1:colcon.colcon_core.environment:checking '/home/t-lemmel/Aquabot_Tom/install/pid_library/bin'
[9.040s] Level 1:colcon.colcon_core.environment:checking '/home/t-lemmel/Aquabot_Tom/install/pid_library/lib/pkgconfig/pid_library.pc'
[9.041s] Level 1:colcon.colcon_core.environment:checking '/home/t-lemmel/Aquabot_Tom/install/pid_library/lib/python3.10/site-packages'
[9.041s] Level 1:colcon.colcon_core.environment:checking '/home/t-lemmel/Aquabot_Tom/install/pid_library/bin'
[9.125s] INFO:colcon.colcon_core.shell:Creating package script '/home/t-lemmel/Aquabot_Tom/install/pid_library/share/pid_library/package.ps1'
[9.131s] INFO:colcon.colcon_core.shell:Creating package descriptor '/home/t-lemmel/Aquabot_Tom/install/pid_library/share/pid_library/package.dsv'
[9.133s] INFO:colcon.colcon_core.shell:Creating package script '/home/t-lemmel/Aquabot_Tom/install/pid_library/share/pid_library/package.sh'
[9.135s] INFO:colcon.colcon_core.shell:Creating package script '/home/t-lemmel/Aquabot_Tom/install/pid_library/share/pid_library/package.bash'
[9.136s] INFO:colcon.colcon_core.shell:Creating package script '/home/t-lemmel/Aquabot_Tom/install/pid_library/share/pid_library/package.zsh'
[9.139s] Level 1:colcon.colcon_core.environment:create_file_with_runtime_dependencies(/home/t-lemmel/Aquabot_Tom/install/pid_library/share/colcon-core/packages/pid_library)
[9.151s] Level 1:colcon.colcon_core.environment:create_environment_scripts_only(package_thruster_activation)
[9.152s] DEBUG:colcon.colcon_core.event_handler.log_command:Invoked command in '/home/t-lemmel/Aquabot_Tom/build/package_thruster_activation' returned '0': CMAKE_PREFIX_PATH=${CMAKE_PREFIX_PATH}:/opt/ros/humble PS1_ori=\[\e]0;\u@\h: \w\a\]${debian_chroot:+($debian_chroot)}\[\033[01;32m\]\u@\h\[\033[00m\]:\[\033[01;34m\]\w\[\033[00m\]\$ /usr/bin/cmake --install /home/t-lemmel/Aquabot_Tom/build/package_thruster_activation
[9.223s] Level 1:colcon.colcon_core.environment:checking '/home/t-lemmel/Aquabot_Tom/install/package_thruster_activation' for CMake module files
[9.228s] Level 1:colcon.colcon_core.environment:checking '/home/t-lemmel/Aquabot_Tom/install/package_thruster_activation' for CMake config files
[9.230s] Level 1:colcon.colcon_core.shell:create_environment_hook('package_thruster_activation', 'cmake_prefix_path')
[9.307s] INFO:colcon.colcon_core.shell:Creating environment hook '/home/t-lemmel/Aquabot_Tom/install/package_thruster_activation/share/package_thruster_activation/hook/cmake_prefix_path.ps1'
[9.311s] INFO:colcon.colcon_core.shell:Creating environment descriptor '/home/t-lemmel/Aquabot_Tom/install/package_thruster_activation/share/package_thruster_activation/hook/cmake_prefix_path.dsv'
[9.312s] INFO:colcon.colcon_core.shell:Creating environment hook '/home/t-lemmel/Aquabot_Tom/install/package_thruster_activation/share/package_thruster_activation/hook/cmake_prefix_path.sh'
[9.314s] Level 1:colcon.colcon_core.environment:checking '/home/t-lemmel/Aquabot_Tom/install/package_thruster_activation/lib'
[9.315s] Level 1:colcon.colcon_core.environment:checking '/home/t-lemmel/Aquabot_Tom/install/package_thruster_activation/bin'
[9.315s] Level 1:colcon.colcon_core.environment:checking '/home/t-lemmel/Aquabot_Tom/install/package_thruster_activation/lib/pkgconfig/package_thruster_activation.pc'
[9.316s] Level 1:colcon.colcon_core.environment:checking '/home/t-lemmel/Aquabot_Tom/install/package_thruster_activation/lib/python3.10/site-packages'
[9.316s] Level 1:colcon.colcon_core.environment:checking '/home/t-lemmel/Aquabot_Tom/install/package_thruster_activation/bin'
[9.401s] INFO:colcon.colcon_core.shell:Creating package script '/home/t-lemmel/Aquabot_Tom/install/package_thruster_activation/share/package_thruster_activation/package.ps1'
[9.404s] INFO:colcon.colcon_core.shell:Creating package descriptor '/home/t-lemmel/Aquabot_Tom/install/package_thruster_activation/share/package_thruster_activation/package.dsv'
[9.407s] INFO:colcon.colcon_core.shell:Creating package script '/home/t-lemmel/Aquabot_Tom/install/package_thruster_activation/share/package_thruster_activation/package.sh'
[9.408s] INFO:colcon.colcon_core.shell:Creating package script '/home/t-lemmel/Aquabot_Tom/install/package_thruster_activation/share/package_thruster_activation/package.bash'
[9.408s] INFO:colcon.colcon_core.shell:Creating package script '/home/t-lemmel/Aquabot_Tom/install/package_thruster_activation/share/package_thruster_activation/package.zsh'
[9.409s] Level 1:colcon.colcon_core.environment:create_file_with_runtime_dependencies(/home/t-lemmel/Aquabot_Tom/install/package_thruster_activation/share/colcon-core/packages/package_thruster_activation)
[9.411s] Level 1:colcon.colcon_core.environment:create_environment_scripts_only(aquabot_common)
[9.412s] DEBUG:colcon.colcon_core.event_handler.log_command:Invoked command in '/home/t-lemmel/Aquabot_Tom/build/aquabot_common' returned '0': CMAKE_PREFIX_PATH=${CMAKE_PREFIX_PATH}:/opt/ros/humble PS1_ori=\[\e]0;\u@\h: \w\a\]${debian_chroot:+($debian_chroot)}\[\033[01;32m\]\u@\h\[\033[00m\]:\[\033[01;34m\]\w\[\033[00m\]\$ /usr/bin/cmake --install /home/t-lemmel/Aquabot_Tom/build/aquabot_common
[9.479s] Level 1:colcon.colcon_core.environment:checking '/home/t-lemmel/Aquabot_Tom/install/aquabot_common' for CMake module files
[9.483s] Level 1:colcon.colcon_core.environment:checking '/home/t-lemmel/Aquabot_Tom/install/aquabot_common' for CMake config files
[9.485s] Level 1:colcon.colcon_core.shell:create_environment_hook('aquabot_common', 'cmake_prefix_path')
[9.545s] INFO:colcon.colcon_core.shell:Creating environment hook '/home/t-lemmel/Aquabot_Tom/install/aquabot_common/share/aquabot_common/hook/cmake_prefix_path.ps1'
[9.550s] INFO:colcon.colcon_core.shell:Creating environment descriptor '/home/t-lemmel/Aquabot_Tom/install/aquabot_common/share/aquabot_common/hook/cmake_prefix_path.dsv'
[9.554s] INFO:colcon.colcon_core.shell:Creating environment hook '/home/t-lemmel/Aquabot_Tom/install/aquabot_common/share/aquabot_common/hook/cmake_prefix_path.sh'
[9.556s] Level 1:colcon.colcon_core.environment:checking '/home/t-lemmel/Aquabot_Tom/install/aquabot_common/lib'
[9.556s] Level 1:colcon.colcon_core.environment:checking '/home/t-lemmel/Aquabot_Tom/install/aquabot_common/bin'
[9.556s] Level 1:colcon.colcon_core.environment:checking '/home/t-lemmel/Aquabot_Tom/install/aquabot_common/lib/pkgconfig/aquabot_common.pc'
[9.557s] Level 1:colcon.colcon_core.environment:checking '/home/t-lemmel/Aquabot_Tom/install/aquabot_common/lib/python3.10/site-packages'
[9.557s] Level 1:colcon.colcon_core.environment:checking '/home/t-lemmel/Aquabot_Tom/install/aquabot_common/bin'
[9.632s] INFO:colcon.colcon_core.shell:Creating package script '/home/t-lemmel/Aquabot_Tom/install/aquabot_common/share/aquabot_common/package.ps1'
[9.636s] INFO:colcon.colcon_core.shell:Creating package descriptor '/home/t-lemmel/Aquabot_Tom/install/aquabot_common/share/aquabot_common/package.dsv'
[9.637s] INFO:colcon.colcon_core.shell:Creating package script '/home/t-lemmel/Aquabot_Tom/install/aquabot_common/share/aquabot_common/package.sh'
[9.637s] INFO:colcon.colcon_core.shell:Creating package script '/home/t-lemmel/Aquabot_Tom/install/aquabot_common/share/aquabot_common/package.bash'
[9.638s] INFO:colcon.colcon_core.shell:Creating package script '/home/t-lemmel/Aquabot_Tom/install/aquabot_common/share/aquabot_common/package.zsh'
[9.638s] Level 1:colcon.colcon_core.environment:create_file_with_runtime_dependencies(/home/t-lemmel/Aquabot_Tom/install/aquabot_common/share/colcon-core/packages/aquabot_common)
[9.647s] DEBUG:colcon.colcon_core.event_handler.log_command:Invoking command in '/home/t-lemmel/Aquabot_Tom/build/test_float': CMAKE_PREFIX_PATH=${CMAKE_PREFIX_PATH}:/opt/ros/humble PS1_ori=\[\e]0;\u@\h: \w\a\]${debian_chroot:+($debian_chroot)}\[\033[01;32m\]\u@\h\[\033[00m\]:\[\033[01;34m\]\w\[\033[00m\]\$ /usr/bin/cmake --install /home/t-lemmel/Aquabot_Tom/build/test_float
[9.656s] Level 1:colcon.colcon_core.environment:create_environment_scripts_only(example_system)
[9.657s] DEBUG:colcon.colcon_core.event_handler.log_command:Invoked command in '/home/t-lemmel/Aquabot_Tom/build/example_system' returned '0': CMAKE_PREFIX_PATH=${CMAKE_PREFIX_PATH}:/opt/ros/humble PS1_ori=\[\e]0;\u@\h: \w\a\]${debian_chroot:+($debian_chroot)}\[\033[01;32m\]\u@\h\[\033[00m\]:\[\033[01;34m\]\w\[\033[00m\]\$ /usr/bin/cmake --install /home/t-lemmel/Aquabot_Tom/build/example_system
[9.749s] Level 1:colcon.colcon_core.environment:checking '/home/t-lemmel/Aquabot_Tom/install/example_system' for CMake module files
[9.750s] Level 1:colcon.colcon_core.environment:checking '/home/t-lemmel/Aquabot_Tom/install/example_system' for CMake config files
[9.751s] Level 1:colcon.colcon_core.shell:create_environment_hook('example_system', 'cmake_prefix_path')
[9.828s] INFO:colcon.colcon_core.shell:Creating environment hook '/home/t-lemmel/Aquabot_Tom/install/example_system/share/example_system/hook/cmake_prefix_path.ps1'
[9.829s] INFO:colcon.colcon_core.shell:Creating environment descriptor '/home/t-lemmel/Aquabot_Tom/install/example_system/share/example_system/hook/cmake_prefix_path.dsv'
[9.829s] INFO:colcon.colcon_core.shell:Creating environment hook '/home/t-lemmel/Aquabot_Tom/install/example_system/share/example_system/hook/cmake_prefix_path.sh'
[9.830s] Level 1:colcon.colcon_core.environment:checking '/home/t-lemmel/Aquabot_Tom/install/example_system/lib'
[9.830s] Level 1:colcon.colcon_core.environment:checking '/home/t-lemmel/Aquabot_Tom/install/example_system/bin'
[9.830s] Level 1:colcon.colcon_core.environment:checking '/home/t-lemmel/Aquabot_Tom/install/example_system/lib/pkgconfig/example_system.pc'
[9.831s] Level 1:colcon.colcon_core.environment:checking '/home/t-lemmel/Aquabot_Tom/install/example_system/lib/python3.10/site-packages'
[9.833s] Level 1:colcon.colcon_core.environment:checking '/home/t-lemmel/Aquabot_Tom/install/example_system/bin'
[9.922s] INFO:colcon.colcon_core.shell:Creating package script '/home/t-lemmel/Aquabot_Tom/install/example_system/share/example_system/package.ps1'
[9.923s] INFO:colcon.colcon_core.shell:Creating package descriptor '/home/t-lemmel/Aquabot_Tom/install/example_system/share/example_system/package.dsv'
[9.924s] INFO:colcon.colcon_core.shell:Creating package script '/home/t-lemmel/Aquabot_Tom/install/example_system/share/example_system/package.sh'
[9.925s] INFO:colcon.colcon_core.shell:Creating package script '/home/t-lemmel/Aquabot_Tom/install/example_system/share/example_system/package.bash'
[9.925s] INFO:colcon.colcon_core.shell:Creating package script '/home/t-lemmel/Aquabot_Tom/install/example_system/share/example_system/package.zsh'
[9.926s] Level 1:colcon.colcon_core.environment:create_file_with_runtime_dependencies(/home/t-lemmel/Aquabot_Tom/install/example_system/share/colcon-core/packages/example_system)
[10.011s] Level 1:colcon.colcon_core.environment:create_environment_scripts_only(pid_library)
[10.102s] Level 1:colcon.colcon_core.environment:checking '/home/t-lemmel/Aquabot_Tom/install/pid_library' for CMake module files
[10.104s] Level 1:colcon.colcon_core.environment:checking '/home/t-lemmel/Aquabot_Tom/install/pid_library' for CMake config files
[10.104s] Level 1:colcon.colcon_core.shell:create_environment_hook('pid_library', 'cmake_prefix_path')
[10.187s] INFO:colcon.colcon_core.shell:Creating environment hook '/home/t-lemmel/Aquabot_Tom/install/pid_library/share/pid_library/hook/cmake_prefix_path.ps1'
[10.192s] INFO:colcon.colcon_core.shell:Creating environment descriptor '/home/t-lemmel/Aquabot_Tom/install/pid_library/share/pid_library/hook/cmake_prefix_path.dsv'
[10.197s] INFO:colcon.colcon_core.shell:Creating environment hook '/home/t-lemmel/Aquabot_Tom/install/pid_library/share/pid_library/hook/cmake_prefix_path.sh'
[10.200s] Level 1:colcon.colcon_core.environment:checking '/home/t-lemmel/Aquabot_Tom/install/pid_library/lib'
[10.201s] Level 1:colcon.colcon_core.environment:checking '/home/t-lemmel/Aquabot_Tom/install/pid_library/bin'
[10.201s] Level 1:colcon.colcon_core.environment:checking '/home/t-lemmel/Aquabot_Tom/install/pid_library/lib/pkgconfig/pid_library.pc'
[10.202s] Level 1:colcon.colcon_core.environment:checking '/home/t-lemmel/Aquabot_Tom/install/pid_library/lib/python3.10/site-packages'
[10.202s] Level 1:colcon.colcon_core.environment:checking '/home/t-lemmel/Aquabot_Tom/install/pid_library/bin'
[10.273s] INFO:colcon.colcon_core.shell:Creating package script '/home/t-lemmel/Aquabot_Tom/install/pid_library/share/pid_library/package.ps1'
[10.278s] INFO:colcon.colcon_core.shell:Creating package descriptor '/home/t-lemmel/Aquabot_Tom/install/pid_library/share/pid_library/package.dsv'
[10.279s] INFO:colcon.colcon_core.shell:Creating package script '/home/t-lemmel/Aquabot_Tom/install/pid_library/share/pid_library/package.sh'
[10.280s] INFO:colcon.colcon_core.shell:Creating package script '/home/t-lemmel/Aquabot_Tom/install/pid_library/share/pid_library/package.bash'
[10.280s] INFO:colcon.colcon_core.shell:Creating package script '/home/t-lemmel/Aquabot_Tom/install/pid_library/share/pid_library/package.zsh'
[10.281s] Level 1:colcon.colcon_core.environment:create_file_with_runtime_dependencies(/home/t-lemmel/Aquabot_Tom/install/pid_library/share/colcon-core/packages/pid_library)
[10.283s] Level 1:colcon.colcon_core.environment:create_environment_scripts_only(test_float)
[10.286s] DEBUG:colcon.colcon_core.event_handler.log_command:Invoked command in '/home/t-lemmel/Aquabot_Tom/build/test_float' returned '0': CMAKE_PREFIX_PATH=${CMAKE_PREFIX_PATH}:/opt/ros/humble PS1_ori=\[\e]0;\u@\h: \w\a\]${debian_chroot:+($debian_chroot)}\[\033[01;32m\]\u@\h\[\033[00m\]:\[\033[01;34m\]\w\[\033[00m\]\$ /usr/bin/cmake --install /home/t-lemmel/Aquabot_Tom/build/test_float
[10.364s] Level 1:colcon.colcon_core.environment:checking '/home/t-lemmel/Aquabot_Tom/install/test_float' for CMake module files
[10.366s] Level 1:colcon.colcon_core.environment:checking '/home/t-lemmel/Aquabot_Tom/install/test_float' for CMake config files
[10.368s] Level 1:colcon.colcon_core.shell:create_environment_hook('test_float', 'cmake_prefix_path')
[10.455s] INFO:colcon.colcon_core.shell:Creating environment hook '/home/t-lemmel/Aquabot_Tom/install/test_float/share/test_float/hook/cmake_prefix_path.ps1'
[10.455s] INFO:colcon.colcon_core.shell:Creating environment descriptor '/home/t-lemmel/Aquabot_Tom/install/test_float/share/test_float/hook/cmake_prefix_path.dsv'
[10.456s] INFO:colcon.colcon_core.shell:Creating environment hook '/home/t-lemmel/Aquabot_Tom/install/test_float/share/test_float/hook/cmake_prefix_path.sh'
[10.457s] Level 1:colcon.colcon_core.environment:checking '/home/t-lemmel/Aquabot_Tom/install/test_float/lib'
[10.459s] Level 1:colcon.colcon_core.environment:checking '/home/t-lemmel/Aquabot_Tom/install/test_float/bin'
[10.460s] Level 1:colcon.colcon_core.environment:checking '/home/t-lemmel/Aquabot_Tom/install/test_float/lib/pkgconfig/test_float.pc'
[10.463s] Level 1:colcon.colcon_core.environment:checking '/home/t-lemmel/Aquabot_Tom/install/test_float/lib/python3.10/site-packages'
[10.465s] Level 1:colcon.colcon_core.environment:checking '/home/t-lemmel/Aquabot_Tom/install/test_float/bin'
[10.540s] INFO:colcon.colcon_core.shell:Creating package script '/home/t-lemmel/Aquabot_Tom/install/test_float/share/test_float/package.ps1'
[10.544s] INFO:colcon.colcon_core.shell:Creating package descriptor '/home/t-lemmel/Aquabot_Tom/install/test_float/share/test_float/package.dsv'
[10.549s] INFO:colcon.colcon_core.shell:Creating package script '/home/t-lemmel/Aquabot_Tom/install/test_float/share/test_float/package.sh'
[10.551s] INFO:colcon.colcon_core.shell:Creating package script '/home/t-lemmel/Aquabot_Tom/install/test_float/share/test_float/package.bash'
[10.552s] INFO:colcon.colcon_core.shell:Creating package script '/home/t-lemmel/Aquabot_Tom/install/test_float/share/test_float/package.zsh'
[10.552s] Level 1:colcon.colcon_core.environment:create_file_with_runtime_dependencies(/home/t-lemmel/Aquabot_Tom/install/test_float/share/colcon-core/packages/test_float)
[10.636s] Level 1:colcon.colcon_core.environment:create_environment_scripts_only(package_thruster_activation)
[10.713s] Level 1:colcon.colcon_core.environment:checking '/home/t-lemmel/Aquabot_Tom/install/package_thruster_activation' for CMake module files
[10.715s] Level 1:colcon.colcon_core.environment:checking '/home/t-lemmel/Aquabot_Tom/install/package_thruster_activation' for CMake config files
[10.716s] Level 1:colcon.colcon_core.shell:create_environment_hook('package_thruster_activation', 'cmake_prefix_path')
[10.795s] INFO:colcon.colcon_core.shell:Creating environment hook '/home/t-lemmel/Aquabot_Tom/install/package_thruster_activation/share/package_thruster_activation/hook/cmake_prefix_path.ps1'
[10.799s] INFO:colcon.colcon_core.shell:Creating environment descriptor '/home/t-lemmel/Aquabot_Tom/install/package_thruster_activation/share/package_thruster_activation/hook/cmake_prefix_path.dsv'
[10.804s] INFO:colcon.colcon_core.shell:Creating environment hook '/home/t-lemmel/Aquabot_Tom/install/package_thruster_activation/share/package_thruster_activation/hook/cmake_prefix_path.sh'
[10.808s] Level 1:colcon.colcon_core.environment:checking '/home/t-lemmel/Aquabot_Tom/install/package_thruster_activation/lib'
[10.809s] Level 1:colcon.colcon_core.environment:checking '/home/t-lemmel/Aquabot_Tom/install/package_thruster_activation/bin'
[10.809s] Level 1:colcon.colcon_core.environment:checking '/home/t-lemmel/Aquabot_Tom/install/package_thruster_activation/lib/pkgconfig/package_thruster_activation.pc'
[10.809s] Level 1:colcon.colcon_core.environment:checking '/home/t-lemmel/Aquabot_Tom/install/package_thruster_activation/lib/python3.10/site-packages'
[10.810s] Level 1:colcon.colcon_core.environment:checking '/home/t-lemmel/Aquabot_Tom/install/package_thruster_activation/bin'
[10.885s] INFO:colcon.colcon_core.shell:Creating package script '/home/t-lemmel/Aquabot_Tom/install/package_thruster_activation/share/package_thruster_activation/package.ps1'
[10.887s] INFO:colcon.colcon_core.shell:Creating package descriptor '/home/t-lemmel/Aquabot_Tom/install/package_thruster_activation/share/package_thruster_activation/package.dsv'
[10.888s] INFO:colcon.colcon_core.shell:Creating package script '/home/t-lemmel/Aquabot_Tom/install/package_thruster_activation/share/package_thruster_activation/package.sh'
[10.888s] INFO:colcon.colcon_core.shell:Creating package script '/home/t-lemmel/Aquabot_Tom/install/package_thruster_activation/share/package_thruster_activation/package.bash'
[10.889s] INFO:colcon.colcon_core.shell:Creating package script '/home/t-lemmel/Aquabot_Tom/install/package_thruster_activation/share/package_thruster_activation/package.zsh'
[10.890s] Level 1:colcon.colcon_core.environment:create_file_with_runtime_dependencies(/home/t-lemmel/Aquabot_Tom/install/package_thruster_activation/share/colcon-core/packages/package_thruster_activation)
[10.890s] INFO:colcon.colcon_ros.task.ament_cmake.build:Building ROS package in '/home/t-lemmel/Aquabot_Tom/src/ros2_pid_library/use_library' with build type 'ament_cmake'
[10.890s] INFO:colcon.colcon_cmake.task.cmake.build:Building CMake package in '/home/t-lemmel/Aquabot_Tom/src/ros2_pid_library/use_library'
[10.968s] INFO:colcon.colcon_core.shell:Skip shell extension 'powershell' for command environment: Not usable outside of PowerShell
[10.968s] DEBUG:colcon.colcon_core.shell:Skip shell extension 'dsv' for command environment
[11.277s] Level 1:colcon.colcon_core.environment:create_environment_scripts_only(aquabot_common)
[11.362s] Level 1:colcon.colcon_core.environment:checking '/home/t-lemmel/Aquabot_Tom/install/aquabot_common' for CMake module files
[11.363s] Level 1:colcon.colcon_core.environment:checking '/home/t-lemmel/Aquabot_Tom/install/aquabot_common' for CMake config files
[11.363s] Level 1:colcon.colcon_core.shell:create_environment_hook('aquabot_common', 'cmake_prefix_path')
[11.437s] INFO:colcon.colcon_core.shell:Creating environment hook '/home/t-lemmel/Aquabot_Tom/install/aquabot_common/share/aquabot_common/hook/cmake_prefix_path.ps1'
[11.441s] INFO:colcon.colcon_core.shell:Creating environment descriptor '/home/t-lemmel/Aquabot_Tom/install/aquabot_common/share/aquabot_common/hook/cmake_prefix_path.dsv'
[11.442s] INFO:colcon.colcon_core.shell:Creating environment hook '/home/t-lemmel/Aquabot_Tom/install/aquabot_common/share/aquabot_common/hook/cmake_prefix_path.sh'
[11.443s] Level 1:colcon.colcon_core.environment:checking '/home/t-lemmel/Aquabot_Tom/install/aquabot_common/lib'
[11.443s] Level 1:colcon.colcon_core.environment:checking '/home/t-lemmel/Aquabot_Tom/install/aquabot_common/bin'
[11.444s] Level 1:colcon.colcon_core.environment:checking '/home/t-lemmel/Aquabot_Tom/install/aquabot_common/lib/pkgconfig/aquabot_common.pc'
[11.444s] Level 1:colcon.colcon_core.environment:checking '/home/t-lemmel/Aquabot_Tom/install/aquabot_common/lib/python3.10/site-packages'
[11.445s] Level 1:colcon.colcon_core.environment:checking '/home/t-lemmel/Aquabot_Tom/install/aquabot_common/bin'
[11.517s] INFO:colcon.colcon_core.shell:Creating package script '/home/t-lemmel/Aquabot_Tom/install/aquabot_common/share/aquabot_common/package.ps1'
[11.518s] INFO:colcon.colcon_core.shell:Creating package descriptor '/home/t-lemmel/Aquabot_Tom/install/aquabot_common/share/aquabot_common/package.dsv'
[11.521s] INFO:colcon.colcon_core.shell:Creating package script '/home/t-lemmel/Aquabot_Tom/install/aquabot_common/share/aquabot_common/package.sh'
[11.522s] INFO:colcon.colcon_core.shell:Creating package script '/home/t-lemmel/Aquabot_Tom/install/aquabot_common/share/aquabot_common/package.bash'
[11.524s] INFO:colcon.colcon_core.shell:Creating package script '/home/t-lemmel/Aquabot_Tom/install/aquabot_common/share/aquabot_common/package.zsh'
[11.527s] Level 1:colcon.colcon_core.environment:create_file_with_runtime_dependencies(/home/t-lemmel/Aquabot_Tom/install/aquabot_common/share/colcon-core/packages/aquabot_common)
[11.626s] Level 1:colcon.colcon_core.environment:create_environment_scripts_only(example_system)
[11.703s] Level 1:colcon.colcon_core.environment:checking '/home/t-lemmel/Aquabot_Tom/install/example_system' for CMake module files
[11.704s] Level 1:colcon.colcon_core.environment:checking '/home/t-lemmel/Aquabot_Tom/install/example_system' for CMake config files
[11.707s] Level 1:colcon.colcon_core.shell:create_environment_hook('example_system', 'cmake_prefix_path')
[11.774s] INFO:colcon.colcon_core.shell:Creating environment hook '/home/t-lemmel/Aquabot_Tom/install/example_system/share/example_system/hook/cmake_prefix_path.ps1'
[11.776s] INFO:colcon.colcon_core.shell:Creating environment descriptor '/home/t-lemmel/Aquabot_Tom/install/example_system/share/example_system/hook/cmake_prefix_path.dsv'
[11.776s] INFO:colcon.colcon_core.shell:Creating environment hook '/home/t-lemmel/Aquabot_Tom/install/example_system/share/example_system/hook/cmake_prefix_path.sh'
[11.779s] Level 1:colcon.colcon_core.environment:checking '/home/t-lemmel/Aquabot_Tom/install/example_system/lib'
[11.780s] Level 1:colcon.colcon_core.environment:checking '/home/t-lemmel/Aquabot_Tom/install/example_system/bin'
[11.781s] Level 1:colcon.colcon_core.environment:checking '/home/t-lemmel/Aquabot_Tom/install/example_system/lib/pkgconfig/example_system.pc'
[11.783s] Level 1:colcon.colcon_core.environment:checking '/home/t-lemmel/Aquabot_Tom/install/example_system/lib/python3.10/site-packages'
[11.786s] Level 1:colcon.colcon_core.environment:checking '/home/t-lemmel/Aquabot_Tom/install/example_system/bin'
[11.859s] INFO:colcon.colcon_core.shell:Creating package script '/home/t-lemmel/Aquabot_Tom/install/example_system/share/example_system/package.ps1'
[11.863s] INFO:colcon.colcon_core.shell:Creating package descriptor '/home/t-lemmel/Aquabot_Tom/install/example_system/share/example_system/package.dsv'
[11.868s] INFO:colcon.colcon_core.shell:Creating package script '/home/t-lemmel/Aquabot_Tom/install/example_system/share/example_system/package.sh'
[11.871s] INFO:colcon.colcon_core.shell:Creating package script '/home/t-lemmel/Aquabot_Tom/install/example_system/share/example_system/package.bash'
[11.875s] INFO:colcon.colcon_core.shell:Creating package script '/home/t-lemmel/Aquabot_Tom/install/example_system/share/example_system/package.zsh'
[11.877s] Level 1:colcon.colcon_core.environment:create_file_with_runtime_dependencies(/home/t-lemmel/Aquabot_Tom/install/example_system/share/colcon-core/packages/example_system)
[11.954s] Level 1:colcon.colcon_core.environment:create_environment_scripts_only(test_float)
[12.036s] Level 1:colcon.colcon_core.environment:checking '/home/t-lemmel/Aquabot_Tom/install/test_float' for CMake module files
[12.042s] Level 1:colcon.colcon_core.environment:checking '/home/t-lemmel/Aquabot_Tom/install/test_float' for CMake config files
[12.044s] Level 1:colcon.colcon_core.shell:create_environment_hook('test_float', 'cmake_prefix_path')
[12.116s] INFO:colcon.colcon_core.shell:Creating environment hook '/home/t-lemmel/Aquabot_Tom/install/test_float/share/test_float/hook/cmake_prefix_path.ps1'
[12.117s] INFO:colcon.colcon_core.shell:Creating environment descriptor '/home/t-lemmel/Aquabot_Tom/install/test_float/share/test_float/hook/cmake_prefix_path.dsv'
[12.117s] INFO:colcon.colcon_core.shell:Creating environment hook '/home/t-lemmel/Aquabot_Tom/install/test_float/share/test_float/hook/cmake_prefix_path.sh'
[12.118s] Level 1:colcon.colcon_core.environment:checking '/home/t-lemmel/Aquabot_Tom/install/test_float/lib'
[12.118s] Level 1:colcon.colcon_core.environment:checking '/home/t-lemmel/Aquabot_Tom/install/test_float/bin'
[12.118s] Level 1:colcon.colcon_core.environment:checking '/home/t-lemmel/Aquabot_Tom/install/test_float/lib/pkgconfig/test_float.pc'
[12.119s] Level 1:colcon.colcon_core.environment:checking '/home/t-lemmel/Aquabot_Tom/install/test_float/lib/python3.10/site-packages'
[12.120s] Level 1:colcon.colcon_core.environment:checking '/home/t-lemmel/Aquabot_Tom/install/test_float/bin'
[12.200s] INFO:colcon.colcon_core.shell:Creating package script '/home/t-lemmel/Aquabot_Tom/install/test_float/share/test_float/package.ps1'
[12.206s] INFO:colcon.colcon_core.shell:Creating package descriptor '/home/t-lemmel/Aquabot_Tom/install/test_float/share/test_float/package.dsv'
[12.209s] INFO:colcon.colcon_core.shell:Creating package script '/home/t-lemmel/Aquabot_Tom/install/test_float/share/test_float/package.sh'
[12.210s] INFO:colcon.colcon_core.shell:Creating package script '/home/t-lemmel/Aquabot_Tom/install/test_float/share/test_float/package.bash'
[12.211s] INFO:colcon.colcon_core.shell:Creating package script '/home/t-lemmel/Aquabot_Tom/install/test_float/share/test_float/package.zsh'
[12.211s] Level 1:colcon.colcon_core.environment:create_file_with_runtime_dependencies(/home/t-lemmel/Aquabot_Tom/install/test_float/share/colcon-core/packages/test_float)
[12.233s] DEBUG:colcon.colcon_core.event_handler.log_command:Invoking command in '/home/t-lemmel/Aquabot_Tom/build/use_library': AMENT_PREFIX_PATH=/home/t-lemmel/Aquabot_Tom/install/pid_library:${AMENT_PREFIX_PATH} CMAKE_PREFIX_PATH=/home/t-lemmel/Aquabot_Tom/install/pid_library:/home/t-lemmel/Aquabot_Tom/install/use_library:/home/t-lemmel/Aquabot_Tom/install/test_float:/home/t-lemmel/Aquabot_Tom/install/package_thruster_activation:/home/t-lemmel/Aquabot_Tom/install/example_system:/home/t-lemmel/Aquabot_Tom/install/aquabot_common:/home/t-lemmel/vrx_ws/install:/opt/ros/humble PS1_ori=\[\e]0;\u@\h: \w\a\]${debian_chroot:+($debian_chroot)}\[\033[01;32m\]\u@\h\[\033[00m\]:\[\033[01;34m\]\w\[\033[00m\]\$ /usr/bin/cmake --build /home/t-lemmel/Aquabot_Tom/build/use_library -- -j8 -l8
[12.479s] DEBUG:colcon.colcon_core.event_handler.log_command:Invoked command in '/home/t-lemmel/Aquabot_Tom/build/use_library' returned '0': AMENT_PREFIX_PATH=/home/t-lemmel/Aquabot_Tom/install/pid_library:${AMENT_PREFIX_PATH} CMAKE_PREFIX_PATH=/home/t-lemmel/Aquabot_Tom/install/pid_library:/home/t-lemmel/Aquabot_Tom/install/use_library:/home/t-lemmel/Aquabot_Tom/install/test_float:/home/t-lemmel/Aquabot_Tom/install/package_thruster_activation:/home/t-lemmel/Aquabot_Tom/install/example_system:/home/t-lemmel/Aquabot_Tom/install/aquabot_common:/home/t-lemmel/vrx_ws/install:/opt/ros/humble PS1_ori=\[\e]0;\u@\h: \w\a\]${debian_chroot:+($debian_chroot)}\[\033[01;32m\]\u@\h\[\033[00m\]:\[\033[01;34m\]\w\[\033[00m\]\$ /usr/bin/cmake --build /home/t-lemmel/Aquabot_Tom/build/use_library -- -j8 -l8
[12.572s] DEBUG:colcon.colcon_core.event_handler.log_command:Invoking command in '/home/t-lemmel/Aquabot_Tom/build/use_library': AMENT_PREFIX_PATH=/home/t-lemmel/Aquabot_Tom/install/pid_library:${AMENT_PREFIX_PATH} CMAKE_PREFIX_PATH=/home/t-lemmel/Aquabot_Tom/install/pid_library:/home/t-lemmel/Aquabot_Tom/install/use_library:/home/t-lemmel/Aquabot_Tom/install/test_float:/home/t-lemmel/Aquabot_Tom/install/package_thruster_activation:/home/t-lemmel/Aquabot_Tom/install/example_system:/home/t-lemmel/Aquabot_Tom/install/aquabot_common:/home/t-lemmel/vrx_ws/install:/opt/ros/humble PS1_ori=\[\e]0;\u@\h: \w\a\]${debian_chroot:+($debian_chroot)}\[\033[01;32m\]\u@\h\[\033[00m\]:\[\033[01;34m\]\w\[\033[00m\]\$ /usr/bin/cmake --install /home/t-lemmel/Aquabot_Tom/build/use_library
[12.645s] Level 1:colcon.colcon_core.environment:create_environment_scripts_only(use_library)
[12.645s] DEBUG:colcon.colcon_core.event_handler.log_command:Invoked command in '/home/t-lemmel/Aquabot_Tom/build/use_library' returned '0': AMENT_PREFIX_PATH=/home/t-lemmel/Aquabot_Tom/install/pid_library:${AMENT_PREFIX_PATH} CMAKE_PREFIX_PATH=/home/t-lemmel/Aquabot_Tom/install/pid_library:/home/t-lemmel/Aquabot_Tom/install/use_library:/home/t-lemmel/Aquabot_Tom/install/test_float:/home/t-lemmel/Aquabot_Tom/install/package_thruster_activation:/home/t-lemmel/Aquabot_Tom/install/example_system:/home/t-lemmel/Aquabot_Tom/install/aquabot_common:/home/t-lemmel/vrx_ws/install:/opt/ros/humble PS1_ori=\[\e]0;\u@\h: \w\a\]${debian_chroot:+($debian_chroot)}\[\033[01;32m\]\u@\h\[\033[00m\]:\[\033[01;34m\]\w\[\033[00m\]\$ /usr/bin/cmake --install /home/t-lemmel/Aquabot_Tom/build/use_library
[12.720s] Level 1:colcon.colcon_core.environment:checking '/home/t-lemmel/Aquabot_Tom/install/use_library' for CMake module files
[12.721s] Level 1:colcon.colcon_core.environment:checking '/home/t-lemmel/Aquabot_Tom/install/use_library' for CMake config files
[12.721s] Level 1:colcon.colcon_core.shell:create_environment_hook('use_library', 'cmake_prefix_path')
[12.808s] INFO:colcon.colcon_core.shell:Creating environment hook '/home/t-lemmel/Aquabot_Tom/install/use_library/share/use_library/hook/cmake_prefix_path.ps1'
[12.811s] INFO:colcon.colcon_core.shell:Creating environment descriptor '/home/t-lemmel/Aquabot_Tom/install/use_library/share/use_library/hook/cmake_prefix_path.dsv'
[12.811s] INFO:colcon.colcon_core.shell:Creating environment hook '/home/t-lemmel/Aquabot_Tom/install/use_library/share/use_library/hook/cmake_prefix_path.sh'
[12.812s] Level 1:colcon.colcon_core.environment:checking '/home/t-lemmel/Aquabot_Tom/install/use_library/lib'
[12.812s] Level 1:colcon.colcon_core.environment:checking '/home/t-lemmel/Aquabot_Tom/install/use_library/bin'
[12.813s] Level 1:colcon.colcon_core.environment:checking '/home/t-lemmel/Aquabot_Tom/install/use_library/lib/pkgconfig/use_library.pc'
[12.813s] Level 1:colcon.colcon_core.environment:checking '/home/t-lemmel/Aquabot_Tom/install/use_library/lib/python3.10/site-packages'
[12.813s] Level 1:colcon.colcon_core.environment:checking '/home/t-lemmel/Aquabot_Tom/install/use_library/bin'
[12.894s] INFO:colcon.colcon_core.shell:Creating package script '/home/t-lemmel/Aquabot_Tom/install/use_library/share/use_library/package.ps1'
[12.900s] INFO:colcon.colcon_core.shell:Creating package descriptor '/home/t-lemmel/Aquabot_Tom/install/use_library/share/use_library/package.dsv'
[12.902s] INFO:colcon.colcon_core.shell:Creating package script '/home/t-lemmel/Aquabot_Tom/install/use_library/share/use_library/package.sh'
[12.903s] INFO:colcon.colcon_core.shell:Creating package script '/home/t-lemmel/Aquabot_Tom/install/use_library/share/use_library/package.bash'
[12.903s] INFO:colcon.colcon_core.shell:Creating package script '/home/t-lemmel/Aquabot_Tom/install/use_library/share/use_library/package.zsh'
[12.904s] Level 1:colcon.colcon_core.environment:create_file_with_runtime_dependencies(/home/t-lemmel/Aquabot_Tom/install/use_library/share/colcon-core/packages/use_library)
[13.069s] Level 1:colcon.colcon_core.environment:create_environment_scripts_only(use_library)
[13.136s] Level 1:colcon.colcon_core.environment:checking '/home/t-lemmel/Aquabot_Tom/install/use_library' for CMake module files
[13.139s] Level 1:colcon.colcon_core.environment:checking '/home/t-lemmel/Aquabot_Tom/install/use_library' for CMake config files
[13.140s] Level 1:colcon.colcon_core.shell:create_environment_hook('use_library', 'cmake_prefix_path')
[13.218s] INFO:colcon.colcon_core.shell:Creating environment hook '/home/t-lemmel/Aquabot_Tom/install/use_library/share/use_library/hook/cmake_prefix_path.ps1'
[13.220s] INFO:colcon.colcon_core.shell:Creating environment descriptor '/home/t-lemmel/Aquabot_Tom/install/use_library/share/use_library/hook/cmake_prefix_path.dsv'
[13.220s] INFO:colcon.colcon_core.shell:Creating environment hook '/home/t-lemmel/Aquabot_Tom/install/use_library/share/use_library/hook/cmake_prefix_path.sh'
[13.221s] Level 1:colcon.colcon_core.environment:checking '/home/t-lemmel/Aquabot_Tom/install/use_library/lib'
[13.221s] Level 1:colcon.colcon_core.environment:checking '/home/t-lemmel/Aquabot_Tom/install/use_library/bin'
[13.221s] Level 1:colcon.colcon_core.environment:checking '/home/t-lemmel/Aquabot_Tom/install/use_library/lib/pkgconfig/use_library.pc'
[13.222s] Level 1:colcon.colcon_core.environment:checking '/home/t-lemmel/Aquabot_Tom/install/use_library/lib/python3.10/site-packages'
[13.222s] Level 1:colcon.colcon_core.environment:checking '/home/t-lemmel/Aquabot_Tom/install/use_library/bin'
[13.302s] INFO:colcon.colcon_core.shell:Creating package script '/home/t-lemmel/Aquabot_Tom/install/use_library/share/use_library/package.ps1'
[13.302s] INFO:colcon.colcon_core.shell:Creating package descriptor '/home/t-lemmel/Aquabot_Tom/install/use_library/share/use_library/package.dsv'
[13.303s] INFO:colcon.colcon_core.shell:Creating package script '/home/t-lemmel/Aquabot_Tom/install/use_library/share/use_library/package.sh'
[13.304s] INFO:colcon.colcon_core.shell:Creating package script '/home/t-lemmel/Aquabot_Tom/install/use_library/share/use_library/package.bash'
[13.307s] INFO:colcon.colcon_core.shell:Creating package script '/home/t-lemmel/Aquabot_Tom/install/use_library/share/use_library/package.zsh'
[13.310s] Level 1:colcon.colcon_core.environment:create_file_with_runtime_dependencies(/home/t-lemmel/Aquabot_Tom/install/use_library/share/colcon-core/packages/use_library)
[13.314s] DEBUG:colcon.colcon_parallel_executor.executor.parallel:closing loop
[13.317s] DEBUG:colcon.colcon_parallel_executor.executor.parallel:loop closed
[13.317s] DEBUG:colcon.colcon_parallel_executor.executor.parallel:run_until_complete finished with '0'
[13.317s] DEBUG:colcon.colcon_core.event_reactor:joining thread
[13.421s] INFO:colcon.colcon_core.plugin_system:Skipping extension 'colcon_notification.desktop_notification.terminal_notifier': Not used on non-Darwin systems
[13.421s] INFO:colcon.colcon_core.plugin_system:Skipping extension 'colcon_notification.desktop_notification.win32': Not used on non-Windows systems
[13.421s] INFO:colcon.colcon_notification.desktop_notification:Sending desktop notification using 'notify2'
[13.463s] DEBUG:colcon.colcon_core.event_reactor:joined thread
[13.535s] INFO:colcon.colcon_core.shell:Creating prefix script '/home/t-lemmel/Aquabot_Tom/install/local_setup.ps1'
[13.542s] INFO:colcon.colcon_core.shell:Creating prefix util module '/home/t-lemmel/Aquabot_Tom/install/_local_setup_util_ps1.py'
[13.546s] INFO:colcon.colcon_core.shell:Creating prefix chain script '/home/t-lemmel/Aquabot_Tom/install/setup.ps1'
[13.627s] INFO:colcon.colcon_core.shell:Creating prefix script '/home/t-lemmel/Aquabot_Tom/install/local_setup.sh'
[13.632s] INFO:colcon.colcon_core.shell:Creating prefix util module '/home/t-lemmel/Aquabot_Tom/install/_local_setup_util_sh.py'
[13.636s] INFO:colcon.colcon_core.shell:Creating prefix chain script '/home/t-lemmel/Aquabot_Tom/install/setup.sh'
[13.709s] INFO:colcon.colcon_core.shell:Creating prefix script '/home/t-lemmel/Aquabot_Tom/install/local_setup.bash'
[13.712s] INFO:colcon.colcon_core.shell:Creating prefix chain script '/home/t-lemmel/Aquabot_Tom/install/setup.bash'
[13.798s] INFO:colcon.colcon_core.shell:Creating prefix script '/home/t-lemmel/Aquabot_Tom/install/local_setup.zsh'
[13.800s] INFO:colcon.colcon_core.shell:Creating prefix chain script '/home/t-lemmel/Aquabot_Tom/install/setup.zsh'
