[0.489s] Invoking command in '/home/t-lemmel/Aquabot_Tom/build/my_robot_interfaces': CMAKE_PREFIX_PATH=${CMAKE_PREFIX_PATH}:/opt/ros/humble PS1_ori=\[\e]0;\u@\h: \w\a\]${debian_chroot:+($debian_chroot)}\[\033[01;32m\]\u@\h\[\033[00m\]:\[\033[01;34m\]\w\[\033[00m\]\$ /usr/bin/cmake --build /home/t-lemmel/Aquabot_Tom/build/my_robot_interfaces -- -j8 -l8
[0.560s] [35m[1mConsolidate compiler generated dependencies of target my_robot_interfaces__rosidl_generator_c[0m
[0.578s] [  2%] Built target my_robot_interfaces__cpp
[0.586s] [ 12%] Built target my_robot_interfaces__rosidl_generator_c
[0.630s] [35m[1mConsolidate compiler generated dependencies of target my_robot_interfaces__rosidl_typesupport_fastrtps_cpp[0m
[0.646s] [35m[1mConsolidate compiler generated dependencies of target my_robot_interfaces__rosidl_typesupport_introspection_cpp[0m
[0.649s] [35m[1mConsolidate compiler generated dependencies of target my_robot_interfaces__rosidl_typesupport_cpp[0m
[0.662s] [ 12%] Built target ament_cmake_python_symlink_my_robot_interfaces
[0.700s] [ 23%] Built target my_robot_interfaces__rosidl_typesupport_fastrtps_cpp
[0.700s] [ 33%] Built target my_robot_interfaces__rosidl_typesupport_cpp
[0.728s] [ 43%] Built target my_robot_interfaces__rosidl_typesupport_introspection_cpp
[0.731s] [35m[1mConsolidate compiler generated dependencies of target my_robot_interfaces__rosidl_typesupport_fastrtps_c[0m
[0.740s] [35m[1mConsolidate compiler generated dependencies of target my_robot_interfaces__rosidl_typesupport_introspection_c[0m
[0.760s] [35m[1mConsolidate compiler generated dependencies of target my_robot_interfaces__rosidl_typesupport_c[0m
[0.782s] [ 53%] Built target my_robot_interfaces__rosidl_typesupport_fastrtps_c
[0.792s] [ 64%] Built target my_robot_interfaces__rosidl_typesupport_introspection_c
[0.809s] [ 74%] Built target my_robot_interfaces__rosidl_typesupport_c
[0.874s] [ 74%] Built target my_robot_interfaces
[0.905s] [ 76%] Built target my_robot_interfaces__py
[0.919s] [35m[1mConsolidate compiler generated dependencies of target my_robot_interfaces__rosidl_generator_py[0m
[0.941s] [ 84%] Built target my_robot_interfaces__rosidl_generator_py
[0.961s] [35m[1mConsolidate compiler generated dependencies of target my_robot_interfaces__rosidl_typesupport_fastrtps_c__pyext[0m
[0.962s] [35m[1mConsolidate compiler generated dependencies of target my_robot_interfaces__rosidl_typesupport_introspection_c__pyext[0m
[0.962s] [35m[1mConsolidate compiler generated dependencies of target my_robot_interfaces__rosidl_typesupport_c__pyext[0m
[0.994s] [ 89%] Built target my_robot_interfaces__rosidl_typesupport_fastrtps_c__pyext
[0.999s] [ 94%] Built target my_robot_interfaces__rosidl_typesupport_introspection_c__pyext
[0.999s] [100%] Built target my_robot_interfaces__rosidl_typesupport_c__pyext
[1.220s] running egg_info
[1.221s] writing my_robot_interfaces.egg-info/PKG-INFO
[1.222s] writing dependency_links to my_robot_interfaces.egg-info/dependency_links.txt
[1.222s] writing top-level names to my_robot_interfaces.egg-info/top_level.txt
[1.225s] reading manifest file 'my_robot_interfaces.egg-info/SOURCES.txt'
[1.226s] writing manifest file 'my_robot_interfaces.egg-info/SOURCES.txt'
[1.262s] [100%] Built target ament_cmake_python_build_my_robot_interfaces_egg
[1.679s] Invoked command in '/home/t-lemmel/Aquabot_Tom/build/my_robot_interfaces' returned '0': CMAKE_PREFIX_PATH=${CMAKE_PREFIX_PATH}:/opt/ros/humble PS1_ori=\[\e]0;\u@\h: \w\a\]${debian_chroot:+($debian_chroot)}\[\033[01;32m\]\u@\h\[\033[00m\]:\[\033[01;34m\]\w\[\033[00m\]\$ /usr/bin/cmake --build /home/t-lemmel/Aquabot_Tom/build/my_robot_interfaces -- -j8 -l8
[1.874s] Invoking command in '/home/t-lemmel/Aquabot_Tom/build/my_robot_interfaces': CMAKE_PREFIX_PATH=${CMAKE_PREFIX_PATH}:/opt/ros/humble PS1_ori=\[\e]0;\u@\h: \w\a\]${debian_chroot:+($debian_chroot)}\[\033[01;32m\]\u@\h\[\033[00m\]:\[\033[01;34m\]\w\[\033[00m\]\$ /usr/bin/cmake --install /home/t-lemmel/Aquabot_Tom/build/my_robot_interfaces
[1.882s] -- Install configuration: ""
[1.883s] -- Execute custom install script
[1.883s] -- Up-to-date symlink: /home/t-lemmel/Aquabot_Tom/install/my_robot_interfaces/share/ament_index/resource_index/rosidl_interfaces/my_robot_interfaces
[1.884s] -- Up-to-date symlink: /home/t-lemmel/Aquabot_Tom/install/my_robot_interfaces/include/my_robot_interfaces/my_robot_interfaces/msg/centroid_array_with_radius.h
[1.884s] -- Up-to-date symlink: /home/t-lemmel/Aquabot_Tom/install/my_robot_interfaces/include/my_robot_interfaces/my_robot_interfaces/msg/centroid_with_radius.h
[1.885s] -- Up-to-date symlink: /home/t-lemmel/Aquabot_Tom/install/my_robot_interfaces/include/my_robot_interfaces/my_robot_interfaces/msg/detail/centroid_array_with_radius__functions.h
[1.885s] -- Up-to-date symlink: /home/t-lemmel/Aquabot_Tom/install/my_robot_interfaces/include/my_robot_interfaces/my_robot_interfaces/msg/detail/centroid_array_with_radius__struct.h
[1.885s] -- Up-to-date symlink: /home/t-lemmel/Aquabot_Tom/install/my_robot_interfaces/include/my_robot_interfaces/my_robot_interfaces/msg/detail/centroid_array_with_radius__type_support.h
[1.886s] -- Up-to-date symlink: /home/t-lemmel/Aquabot_Tom/install/my_robot_interfaces/include/my_robot_interfaces/my_robot_interfaces/msg/detail/centroid_with_radius__functions.h
[1.886s] -- Up-to-date symlink: /home/t-lemmel/Aquabot_Tom/install/my_robot_interfaces/include/my_robot_interfaces/my_robot_interfaces/msg/detail/centroid_with_radius__struct.h
[1.886s] -- Up-to-date symlink: /home/t-lemmel/Aquabot_Tom/install/my_robot_interfaces/include/my_robot_interfaces/my_robot_interfaces/msg/detail/centroid_with_radius__type_support.h
[1.886s] -- Up-to-date symlink: /home/t-lemmel/Aquabot_Tom/install/my_robot_interfaces/include/my_robot_interfaces/my_robot_interfaces/msg/rosidl_generator_c__visibility_control.h
[1.886s] -- Up-to-date symlink: /home/t-lemmel/Aquabot_Tom/install/my_robot_interfaces/share/my_robot_interfaces/environment/library_path.sh
[1.886s] -- Up-to-date symlink: /home/t-lemmel/Aquabot_Tom/install/my_robot_interfaces/share/my_robot_interfaces/environment/library_path.dsv
[1.887s] -- Up-to-date symlink: /home/t-lemmel/Aquabot_Tom/install/my_robot_interfaces/include/my_robot_interfaces/my_robot_interfaces/msg/detail/centroid_array_with_radius__rosidl_typesupport_fastrtps_c.h
[1.887s] -- Up-to-date symlink: /home/t-lemmel/Aquabot_Tom/install/my_robot_interfaces/include/my_robot_interfaces/my_robot_interfaces/msg/detail/centroid_with_radius__rosidl_typesupport_fastrtps_c.h
[1.887s] -- Up-to-date symlink: /home/t-lemmel/Aquabot_Tom/install/my_robot_interfaces/include/my_robot_interfaces/my_robot_interfaces/msg/rosidl_typesupport_fastrtps_c__visibility_control.h
[1.888s] -- Up-to-date symlink: /home/t-lemmel/Aquabot_Tom/install/my_robot_interfaces/include/my_robot_interfaces/my_robot_interfaces/msg/detail/centroid_array_with_radius__rosidl_typesupport_introspection_c.h
[1.889s] -- Up-to-date symlink: /home/t-lemmel/Aquabot_Tom/install/my_robot_interfaces/include/my_robot_interfaces/my_robot_interfaces/msg/detail/centroid_with_radius__rosidl_typesupport_introspection_c.h
[1.889s] -- Up-to-date symlink: /home/t-lemmel/Aquabot_Tom/install/my_robot_interfaces/include/my_robot_interfaces/my_robot_interfaces/msg/rosidl_typesupport_introspection_c__visibility_control.h
[1.890s] -- Up-to-date symlink: /home/t-lemmel/Aquabot_Tom/install/my_robot_interfaces/include/my_robot_interfaces/my_robot_interfaces/msg/centroid_array_with_radius.hpp
[1.890s] -- Up-to-date symlink: /home/t-lemmel/Aquabot_Tom/install/my_robot_interfaces/include/my_robot_interfaces/my_robot_interfaces/msg/centroid_with_radius.hpp
[1.890s] -- Up-to-date symlink: /home/t-lemmel/Aquabot_Tom/install/my_robot_interfaces/include/my_robot_interfaces/my_robot_interfaces/msg/detail/centroid_array_with_radius__builder.hpp
[1.890s] -- Up-to-date symlink: /home/t-lemmel/Aquabot_Tom/install/my_robot_interfaces/include/my_robot_interfaces/my_robot_interfaces/msg/detail/centroid_array_with_radius__struct.hpp
[1.891s] -- Up-to-date symlink: /home/t-lemmel/Aquabot_Tom/install/my_robot_interfaces/include/my_robot_interfaces/my_robot_interfaces/msg/detail/centroid_array_with_radius__traits.hpp
[1.892s] -- Up-to-date symlink: /home/t-lemmel/Aquabot_Tom/install/my_robot_interfaces/include/my_robot_interfaces/my_robot_interfaces/msg/detail/centroid_with_radius__builder.hpp
[1.892s] -- Up-to-date symlink: /home/t-lemmel/Aquabot_Tom/install/my_robot_interfaces/include/my_robot_interfaces/my_robot_interfaces/msg/detail/centroid_with_radius__struct.hpp
[1.892s] -- Up-to-date symlink: /home/t-lemmel/Aquabot_Tom/install/my_robot_interfaces/include/my_robot_interfaces/my_robot_interfaces/msg/detail/centroid_with_radius__traits.hpp
[1.893s] -- Up-to-date symlink: /home/t-lemmel/Aquabot_Tom/install/my_robot_interfaces/include/my_robot_interfaces/my_robot_interfaces/msg/detail/centroid_array_with_radius__rosidl_typesupport_fastrtps_cpp.hpp
[1.893s] -- Up-to-date symlink: /home/t-lemmel/Aquabot_Tom/install/my_robot_interfaces/include/my_robot_interfaces/my_robot_interfaces/msg/detail/centroid_with_radius__rosidl_typesupport_fastrtps_cpp.hpp
[1.893s] -- Up-to-date symlink: /home/t-lemmel/Aquabot_Tom/install/my_robot_interfaces/include/my_robot_interfaces/my_robot_interfaces/msg/rosidl_typesupport_fastrtps_cpp__visibility_control.h
[1.894s] -- Up-to-date symlink: /home/t-lemmel/Aquabot_Tom/install/my_robot_interfaces/include/my_robot_interfaces/my_robot_interfaces/msg/detail/centroid_array_with_radius__rosidl_typesupport_introspection_cpp.hpp
[1.894s] -- Up-to-date symlink: /home/t-lemmel/Aquabot_Tom/install/my_robot_interfaces/include/my_robot_interfaces/my_robot_interfaces/msg/detail/centroid_with_radius__rosidl_typesupport_introspection_cpp.hpp
[1.894s] -- Up-to-date symlink: /home/t-lemmel/Aquabot_Tom/install/my_robot_interfaces/share/my_robot_interfaces/environment/pythonpath.sh
[1.895s] -- Up-to-date symlink: /home/t-lemmel/Aquabot_Tom/install/my_robot_interfaces/share/my_robot_interfaces/environment/pythonpath.dsv
[1.895s] -- Up-to-date symlink: /home/t-lemmel/Aquabot_Tom/install/my_robot_interfaces/local/lib/python3.10/dist-packages/my_robot_interfaces-0.0.0-py3.10.egg-info/PKG-INFO
[1.895s] -- Up-to-date symlink: /home/t-lemmel/Aquabot_Tom/install/my_robot_interfaces/local/lib/python3.10/dist-packages/my_robot_interfaces-0.0.0-py3.10.egg-info/SOURCES.txt
[1.896s] -- Up-to-date symlink: /home/t-lemmel/Aquabot_Tom/install/my_robot_interfaces/local/lib/python3.10/dist-packages/my_robot_interfaces-0.0.0-py3.10.egg-info/dependency_links.txt
[1.896s] -- Up-to-date symlink: /home/t-lemmel/Aquabot_Tom/install/my_robot_interfaces/local/lib/python3.10/dist-packages/my_robot_interfaces-0.0.0-py3.10.egg-info/top_level.txt
[1.897s] -- Up-to-date symlink: /home/t-lemmel/Aquabot_Tom/install/my_robot_interfaces/local/lib/python3.10/dist-packages/my_robot_interfaces/__init__.py
[1.897s] -- Up-to-date symlink: /home/t-lemmel/Aquabot_Tom/install/my_robot_interfaces/local/lib/python3.10/dist-packages/my_robot_interfaces/_my_robot_interfaces_s.ep.rosidl_typesupport_c.c
[1.897s] -- Up-to-date symlink: /home/t-lemmel/Aquabot_Tom/install/my_robot_interfaces/local/lib/python3.10/dist-packages/my_robot_interfaces/_my_robot_interfaces_s.ep.rosidl_typesupport_fastrtps_c.c
[1.897s] -- Up-to-date symlink: /home/t-lemmel/Aquabot_Tom/install/my_robot_interfaces/local/lib/python3.10/dist-packages/my_robot_interfaces/_my_robot_interfaces_s.ep.rosidl_typesupport_introspection_c.c
[1.897s] -- Up-to-date symlink: /home/t-lemmel/Aquabot_Tom/install/my_robot_interfaces/local/lib/python3.10/dist-packages/my_robot_interfaces/libmy_robot_interfaces__rosidl_generator_py.so
[1.897s] -- Up-to-date symlink: /home/t-lemmel/Aquabot_Tom/install/my_robot_interfaces/local/lib/python3.10/dist-packages/my_robot_interfaces/msg/__init__.py
[1.898s] -- Up-to-date symlink: /home/t-lemmel/Aquabot_Tom/install/my_robot_interfaces/local/lib/python3.10/dist-packages/my_robot_interfaces/msg/_centroid_array_with_radius.py
[1.898s] -- Up-to-date symlink: /home/t-lemmel/Aquabot_Tom/install/my_robot_interfaces/local/lib/python3.10/dist-packages/my_robot_interfaces/msg/_centroid_array_with_radius_s.c
[1.898s] -- Up-to-date symlink: /home/t-lemmel/Aquabot_Tom/install/my_robot_interfaces/local/lib/python3.10/dist-packages/my_robot_interfaces/msg/_centroid_with_radius.py
[1.898s] -- Up-to-date symlink: /home/t-lemmel/Aquabot_Tom/install/my_robot_interfaces/local/lib/python3.10/dist-packages/my_robot_interfaces/msg/_centroid_with_radius_s.c
[1.898s] -- Up-to-date symlink: /home/t-lemmel/Aquabot_Tom/install/my_robot_interfaces/local/lib/python3.10/dist-packages/my_robot_interfaces/my_robot_interfaces_s__rosidl_typesupport_c.cpython-310-x86_64-linux-gnu.so
[1.898s] -- Up-to-date symlink: /home/t-lemmel/Aquabot_Tom/install/my_robot_interfaces/local/lib/python3.10/dist-packages/my_robot_interfaces/my_robot_interfaces_s__rosidl_typesupport_fastrtps_c.cpython-310-x86_64-linux-gnu.so
[1.899s] -- Up-to-date symlink: /home/t-lemmel/Aquabot_Tom/install/my_robot_interfaces/local/lib/python3.10/dist-packages/my_robot_interfaces/my_robot_interfaces_s__rosidl_typesupport_introspection_c.cpython-310-x86_64-linux-gnu.so
[1.899s] -- Up-to-date symlink: /home/t-lemmel/Aquabot_Tom/install/my_robot_interfaces/local/lib/python3.10/dist-packages/my_robot_interfaces/my_robot_interfaces_s__rosidl_typesupport_fastrtps_c.cpython-310-x86_64-linux-gnu.so
[1.899s] -- Up-to-date symlink: /home/t-lemmel/Aquabot_Tom/install/my_robot_interfaces/local/lib/python3.10/dist-packages/my_robot_interfaces/my_robot_interfaces_s__rosidl_typesupport_introspection_c.cpython-310-x86_64-linux-gnu.so
[1.900s] -- Up-to-date symlink: /home/t-lemmel/Aquabot_Tom/install/my_robot_interfaces/local/lib/python3.10/dist-packages/my_robot_interfaces/my_robot_interfaces_s__rosidl_typesupport_c.cpython-310-x86_64-linux-gnu.so
[1.900s] -- Up-to-date symlink: /home/t-lemmel/Aquabot_Tom/install/my_robot_interfaces/share/my_robot_interfaces/msg/CentroidWithRadius.idl
[1.900s] -- Up-to-date symlink: /home/t-lemmel/Aquabot_Tom/install/my_robot_interfaces/share/my_robot_interfaces/msg/CentroidArrayWithRadius.idl
[1.900s] -- Up-to-date symlink: /home/t-lemmel/Aquabot_Tom/install/my_robot_interfaces/share/my_robot_interfaces/msg/CentroidWithRadius.msg
[1.900s] -- Up-to-date symlink: /home/t-lemmel/Aquabot_Tom/install/my_robot_interfaces/share/my_robot_interfaces/msg/CentroidArrayWithRadius.msg
[1.901s] -- Up-to-date symlink: /home/t-lemmel/Aquabot_Tom/install/my_robot_interfaces/share/ament_index/resource_index/package_run_dependencies/my_robot_interfaces
[1.901s] -- Up-to-date symlink: /home/t-lemmel/Aquabot_Tom/install/my_robot_interfaces/share/ament_index/resource_index/parent_prefix_path/my_robot_interfaces
[1.901s] -- Up-to-date symlink: /home/t-lemmel/Aquabot_Tom/install/my_robot_interfaces/share/my_robot_interfaces/environment/ament_prefix_path.sh
[1.901s] -- Up-to-date symlink: /home/t-lemmel/Aquabot_Tom/install/my_robot_interfaces/share/my_robot_interfaces/environment/ament_prefix_path.dsv
[1.901s] -- Up-to-date symlink: /home/t-lemmel/Aquabot_Tom/install/my_robot_interfaces/share/my_robot_interfaces/environment/path.sh
[1.902s] -- Up-to-date symlink: /home/t-lemmel/Aquabot_Tom/install/my_robot_interfaces/share/my_robot_interfaces/environment/path.dsv
[1.902s] -- Up-to-date symlink: /home/t-lemmel/Aquabot_Tom/install/my_robot_interfaces/share/my_robot_interfaces/local_setup.bash
[1.902s] -- Up-to-date symlink: /home/t-lemmel/Aquabot_Tom/install/my_robot_interfaces/share/my_robot_interfaces/local_setup.sh
[1.902s] -- Up-to-date symlink: /home/t-lemmel/Aquabot_Tom/install/my_robot_interfaces/share/my_robot_interfaces/local_setup.zsh
[1.902s] -- Up-to-date symlink: /home/t-lemmel/Aquabot_Tom/install/my_robot_interfaces/share/my_robot_interfaces/local_setup.dsv
[1.903s] -- Symlinking: /home/t-lemmel/Aquabot_Tom/install/my_robot_interfaces/share/my_robot_interfaces/package.dsv
[1.915s] -- Up-to-date symlink: /home/t-lemmel/Aquabot_Tom/install/my_robot_interfaces/share/ament_index/resource_index/packages/my_robot_interfaces
[1.916s] -- Up-to-date symlink: /home/t-lemmel/Aquabot_Tom/install/my_robot_interfaces/share/my_robot_interfaces/cmake/rosidl_cmake-extras.cmake
[1.916s] -- Up-to-date symlink: /home/t-lemmel/Aquabot_Tom/install/my_robot_interfaces/share/my_robot_interfaces/cmake/ament_cmake_export_dependencies-extras.cmake
[1.916s] -- Up-to-date symlink: /home/t-lemmel/Aquabot_Tom/install/my_robot_interfaces/share/my_robot_interfaces/cmake/ament_cmake_export_include_directories-extras.cmake
[1.916s] -- Up-to-date symlink: /home/t-lemmel/Aquabot_Tom/install/my_robot_interfaces/share/my_robot_interfaces/cmake/ament_cmake_export_libraries-extras.cmake
[1.916s] -- Up-to-date symlink: /home/t-lemmel/Aquabot_Tom/install/my_robot_interfaces/share/my_robot_interfaces/cmake/ament_cmake_export_targets-extras.cmake
[1.917s] -- Up-to-date symlink: /home/t-lemmel/Aquabot_Tom/install/my_robot_interfaces/share/my_robot_interfaces/cmake/rosidl_cmake_export_typesupport_targets-extras.cmake
[1.917s] -- Up-to-date symlink: /home/t-lemmel/Aquabot_Tom/install/my_robot_interfaces/share/my_robot_interfaces/cmake/rosidl_cmake_export_typesupport_libraries-extras.cmake
[1.917s] -- Up-to-date symlink: /home/t-lemmel/Aquabot_Tom/install/my_robot_interfaces/share/my_robot_interfaces/cmake/my_robot_interfacesConfig.cmake
[1.917s] -- Up-to-date symlink: /home/t-lemmel/Aquabot_Tom/install/my_robot_interfaces/share/my_robot_interfaces/cmake/my_robot_interfacesConfig-version.cmake
[1.917s] -- Up-to-date symlink: /home/t-lemmel/Aquabot_Tom/install/my_robot_interfaces/share/my_robot_interfaces/package.xml
[1.918s] -- Up-to-date: /home/t-lemmel/Aquabot_Tom/install/my_robot_interfaces/lib/libmy_robot_interfaces__rosidl_generator_c.so
[1.918s] -- Up-to-date: /home/t-lemmel/Aquabot_Tom/install/my_robot_interfaces/lib/libmy_robot_interfaces__rosidl_typesupport_fastrtps_c.so
[1.919s] -- Up-to-date: /home/t-lemmel/Aquabot_Tom/install/my_robot_interfaces/lib/libmy_robot_interfaces__rosidl_typesupport_introspection_c.so
[1.919s] -- Up-to-date: /home/t-lemmel/Aquabot_Tom/install/my_robot_interfaces/lib/libmy_robot_interfaces__rosidl_typesupport_c.so
[1.919s] -- Up-to-date: /home/t-lemmel/Aquabot_Tom/install/my_robot_interfaces/lib/libmy_robot_interfaces__rosidl_typesupport_fastrtps_cpp.so
[1.920s] -- Up-to-date: /home/t-lemmel/Aquabot_Tom/install/my_robot_interfaces/lib/libmy_robot_interfaces__rosidl_typesupport_introspection_cpp.so
[1.920s] -- Up-to-date: /home/t-lemmel/Aquabot_Tom/install/my_robot_interfaces/lib/libmy_robot_interfaces__rosidl_typesupport_cpp.so
[1.964s] Listing '/home/t-lemmel/Aquabot_Tom/install/my_robot_interfaces/local/lib/python3.10/dist-packages/my_robot_interfaces'...
[1.965s] Listing '/home/t-lemmel/Aquabot_Tom/install/my_robot_interfaces/local/lib/python3.10/dist-packages/my_robot_interfaces/msg'...
[1.970s] -- Up-to-date: /home/t-lemmel/Aquabot_Tom/install/my_robot_interfaces/lib/libmy_robot_interfaces__rosidl_generator_py.so
[1.971s] -- Up-to-date: /home/t-lemmel/Aquabot_Tom/install/my_robot_interfaces/share/my_robot_interfaces/cmake/export_my_robot_interfaces__rosidl_generator_cExport.cmake
[1.971s] -- Up-to-date: /home/t-lemmel/Aquabot_Tom/install/my_robot_interfaces/share/my_robot_interfaces/cmake/export_my_robot_interfaces__rosidl_generator_cExport-noconfig.cmake
[1.972s] -- Up-to-date: /home/t-lemmel/Aquabot_Tom/install/my_robot_interfaces/share/my_robot_interfaces/cmake/export_my_robot_interfaces__rosidl_typesupport_fastrtps_cExport.cmake
[1.972s] -- Up-to-date: /home/t-lemmel/Aquabot_Tom/install/my_robot_interfaces/share/my_robot_interfaces/cmake/export_my_robot_interfaces__rosidl_typesupport_fastrtps_cExport-noconfig.cmake
[1.973s] -- Up-to-date: /home/t-lemmel/Aquabot_Tom/install/my_robot_interfaces/share/my_robot_interfaces/cmake/my_robot_interfaces__rosidl_typesupport_introspection_cExport.cmake
[1.973s] -- Up-to-date: /home/t-lemmel/Aquabot_Tom/install/my_robot_interfaces/share/my_robot_interfaces/cmake/my_robot_interfaces__rosidl_typesupport_introspection_cExport-noconfig.cmake
[1.974s] -- Up-to-date: /home/t-lemmel/Aquabot_Tom/install/my_robot_interfaces/share/my_robot_interfaces/cmake/my_robot_interfaces__rosidl_typesupport_cExport.cmake
[1.974s] -- Up-to-date: /home/t-lemmel/Aquabot_Tom/install/my_robot_interfaces/share/my_robot_interfaces/cmake/my_robot_interfaces__rosidl_typesupport_cExport-noconfig.cmake
[1.974s] -- Up-to-date: /home/t-lemmel/Aquabot_Tom/install/my_robot_interfaces/share/my_robot_interfaces/cmake/export_my_robot_interfaces__rosidl_generator_cppExport.cmake
[1.975s] -- Up-to-date: /home/t-lemmel/Aquabot_Tom/install/my_robot_interfaces/share/my_robot_interfaces/cmake/export_my_robot_interfaces__rosidl_typesupport_fastrtps_cppExport.cmake
[1.975s] -- Up-to-date: /home/t-lemmel/Aquabot_Tom/install/my_robot_interfaces/share/my_robot_interfaces/cmake/export_my_robot_interfaces__rosidl_typesupport_fastrtps_cppExport-noconfig.cmake
[1.975s] -- Up-to-date: /home/t-lemmel/Aquabot_Tom/install/my_robot_interfaces/share/my_robot_interfaces/cmake/my_robot_interfaces__rosidl_typesupport_introspection_cppExport.cmake
[1.975s] -- Up-to-date: /home/t-lemmel/Aquabot_Tom/install/my_robot_interfaces/share/my_robot_interfaces/cmake/my_robot_interfaces__rosidl_typesupport_introspection_cppExport-noconfig.cmake
[1.976s] -- Up-to-date: /home/t-lemmel/Aquabot_Tom/install/my_robot_interfaces/share/my_robot_interfaces/cmake/my_robot_interfaces__rosidl_typesupport_cppExport.cmake
[1.976s] -- Up-to-date: /home/t-lemmel/Aquabot_Tom/install/my_robot_interfaces/share/my_robot_interfaces/cmake/my_robot_interfaces__rosidl_typesupport_cppExport-noconfig.cmake
[1.976s] -- Up-to-date: /home/t-lemmel/Aquabot_Tom/install/my_robot_interfaces/share/my_robot_interfaces/cmake/export_my_robot_interfaces__rosidl_generator_pyExport.cmake
[1.976s] -- Up-to-date: /home/t-lemmel/Aquabot_Tom/install/my_robot_interfaces/share/my_robot_interfaces/cmake/export_my_robot_interfaces__rosidl_generator_pyExport-noconfig.cmake
[2.032s] Invoked command in '/home/t-lemmel/Aquabot_Tom/build/my_robot_interfaces' returned '0': CMAKE_PREFIX_PATH=${CMAKE_PREFIX_PATH}:/opt/ros/humble PS1_ori=\[\e]0;\u@\h: \w\a\]${debian_chroot:+($debian_chroot)}\[\033[01;32m\]\u@\h\[\033[00m\]:\[\033[01;34m\]\w\[\033[00m\]\$ /usr/bin/cmake --install /home/t-lemmel/Aquabot_Tom/build/my_robot_interfaces
