[0.593s] Invoking command in '/home/t-lemmel/Aquabot_Tom/build/pid_library': CMAKE_PREFIX_PATH=${CMAKE_PREFIX_PATH}:/opt/ros/humble PS1_ori=\[\e]0;\u@\h: \w\a\]${debian_chroot:+($debian_chroot)}\[\033[01;32m\]\u@\h\[\033[00m\]:\[\033[01;34m\]\w\[\033[00m\]\$ /usr/bin/cmake --build /home/t-lemmel/Aquabot_Tom/build/pid_library -- -j8 -l8
[0.688s] [100%] Built target pid_library
[0.713s] Invoked command in '/home/t-lemmel/Aquabot_Tom/build/pid_library' returned '0': CMAKE_PREFIX_PATH=${CMAKE_PREFIX_PATH}:/opt/ros/humble PS1_ori=\[\e]0;\u@\h: \w\a\]${debian_chroot:+($debian_chroot)}\[\033[01;32m\]\u@\h\[\033[00m\]:\[\033[01;34m\]\w\[\033[00m\]\$ /usr/bin/cmake --build /home/t-lemmel/Aquabot_Tom/build/pid_library -- -j8 -l8
[0.788s] Invoking command in '/home/t-lemmel/Aquabot_Tom/build/pid_library': CMAKE_PREFIX_PATH=${CMAKE_PREFIX_PATH}:/opt/ros/humble PS1_ori=\[\e]0;\u@\h: \w\a\]${debian_chroot:+($debian_chroot)}\[\033[01;32m\]\u@\h\[\033[00m\]:\[\033[01;34m\]\w\[\033[00m\]\$ /usr/bin/cmake --install /home/t-lemmel/Aquabot_Tom/build/pid_library
[0.805s] -- Install configuration: ""
[0.807s] -- Execute custom install script
[0.808s] -- Up-to-date symlink: /home/t-lemmel/Aquabot_Tom/install/pid_library/share/pid_library/environment/library_path.sh
[0.809s] -- Up-to-date symlink: /home/t-lemmel/Aquabot_Tom/install/pid_library/share/pid_library/environment/library_path.dsv
[0.810s] -- Up-to-date symlink: /home/t-lemmel/Aquabot_Tom/install/pid_library/include/pid_library//pid_library.h
[0.810s] -- Up-to-date symlink: /home/t-lemmel/Aquabot_Tom/install/pid_library/share/ament_index/resource_index/package_run_dependencies/pid_library
[0.810s] -- Up-to-date symlink: /home/t-lemmel/Aquabot_Tom/install/pid_library/share/ament_index/resource_index/parent_prefix_path/pid_library
[0.812s] -- Up-to-date symlink: /home/t-lemmel/Aquabot_Tom/install/pid_library/share/pid_library/environment/ament_prefix_path.sh
[0.813s] -- Up-to-date symlink: /home/t-lemmel/Aquabot_Tom/install/pid_library/share/pid_library/environment/ament_prefix_path.dsv
[0.814s] -- Up-to-date symlink: /home/t-lemmel/Aquabot_Tom/install/pid_library/share/pid_library/environment/path.sh
[0.814s] -- Up-to-date symlink: /home/t-lemmel/Aquabot_Tom/install/pid_library/share/pid_library/environment/path.dsv
[0.815s] -- Up-to-date symlink: /home/t-lemmel/Aquabot_Tom/install/pid_library/share/pid_library/local_setup.bash
[0.815s] -- Up-to-date symlink: /home/t-lemmel/Aquabot_Tom/install/pid_library/share/pid_library/local_setup.sh
[0.815s] -- Up-to-date symlink: /home/t-lemmel/Aquabot_Tom/install/pid_library/share/pid_library/local_setup.zsh
[0.817s] -- Up-to-date symlink: /home/t-lemmel/Aquabot_Tom/install/pid_library/share/pid_library/local_setup.dsv
[0.818s] -- Symlinking: /home/t-lemmel/Aquabot_Tom/install/pid_library/share/pid_library/package.dsv
[0.832s] -- Up-to-date symlink: /home/t-lemmel/Aquabot_Tom/install/pid_library/share/ament_index/resource_index/packages/pid_library
[0.832s] -- Up-to-date symlink: /home/t-lemmel/Aquabot_Tom/install/pid_library/share/pid_library/cmake/ament_cmake_export_dependencies-extras.cmake
[0.833s] -- Up-to-date symlink: /home/t-lemmel/Aquabot_Tom/install/pid_library/share/pid_library/cmake/ament_cmake_export_targets-extras.cmake
[0.833s] -- Up-to-date symlink: /home/t-lemmel/Aquabot_Tom/install/pid_library/share/pid_library/cmake/pid_libraryConfig.cmake
[0.833s] -- Up-to-date symlink: /home/t-lemmel/Aquabot_Tom/install/pid_library/share/pid_library/cmake/pid_libraryConfig-version.cmake
[0.834s] -- Up-to-date symlink: /home/t-lemmel/Aquabot_Tom/install/pid_library/share/pid_library/package.xml
[0.834s] -- Up-to-date: /home/t-lemmel/Aquabot_Tom/install/pid_library/lib/libpid_library.a
[0.834s] -- Up-to-date: /home/t-lemmel/Aquabot_Tom/install/pid_library/share/pid_library/cmake/export_pid_libraryExport.cmake
[0.834s] -- Up-to-date: /home/t-lemmel/Aquabot_Tom/install/pid_library/share/pid_library/cmake/export_pid_libraryExport-noconfig.cmake
[1.078s] Invoked command in '/home/t-lemmel/Aquabot_Tom/build/pid_library' returned '0': CMAKE_PREFIX_PATH=${CMAKE_PREFIX_PATH}:/opt/ros/humble PS1_ori=\[\e]0;\u@\h: \w\a\]${debian_chroot:+($debian_chroot)}\[\033[01;32m\]\u@\h\[\033[00m\]:\[\033[01;34m\]\w\[\033[00m\]\$ /usr/bin/cmake --install /home/t-lemmel/Aquabot_Tom/build/pid_library
