[3.586s] DEBUG:colcon:Command line arguments: ['/usr/bin/colcon', 'build', '--symlink-install', '--continue-on-error']
[3.586s] DEBUG:colcon:Parsed command line arguments: Namespace(log_base=None, log_level=None, verb_name='build', build_base='build', install_base='install', merge_install=False, symlink_install=True, test_result_base=None, continue_on_error=True, executor='parallel', parallel_workers=8, event_handlers=None, ignore_user_meta=False, metas=['./colcon.meta'], base_paths=['.'], packages_ignore=None, packages_ignore_regex=None, paths=None, packages_up_to=None, packages_up_to_regex=None, packages_above=None, packages_above_and_dependencies=None, packages_above_depth=None, packages_select_by_dep=None, packages_skip_by_dep=None, packages_skip_up_to=None, packages_select_build_failed=False, packages_skip_build_finished=False, packages_select_test_failures=False, packages_skip_test_passed=False, packages_select=None, packages_skip=None, packages_select_regex=None, packages_skip_regex=None, packages_start=None, packages_end=None, allow_overriding=[], cmake_args=None, cmake_target=None, cmake_target_skip_unavailable=False, cmake_clean_cache=False, cmake_clean_first=False, cmake_force_configure=False, ament_cmake_args=None, catkin_cmake_args=None, catkin_skip_building_tests=False, verb_parser=<colcon_defaults.argument_parser.defaults.DefaultArgumentsDecorator object at 0x7ff7d1fb1540>, verb_extension=<colcon_core.verb.build.BuildVerb object at 0x7ff7d1fb3040>, main=<bound method BuildVerb.main of <colcon_core.verb.build.BuildVerb object at 0x7ff7d1fb3040>>)
[3.745s] Level 1:colcon.colcon_core.package_discovery:discover_packages(colcon_meta) check parameters
[3.746s] Level 1:colcon.colcon_core.package_discovery:discover_packages(recursive) check parameters
[3.746s] Level 1:colcon.colcon_core.package_discovery:discover_packages(ignore) check parameters
[3.747s] Level 1:colcon.colcon_core.package_discovery:discover_packages(path) check parameters
[3.747s] Level 1:colcon.colcon_core.package_discovery:discover_packages(colcon_meta) discover
[3.747s] Level 1:colcon.colcon_core.package_discovery:discover_packages(recursive) discover
[3.747s] INFO:colcon.colcon_core.package_discovery:Crawling recursively for packages in '/home/t-lemmel/Aquabot_Tom'
[3.747s] Level 1:colcon.colcon_core.package_identification:_identify(.) by extensions ['ignore', 'ignore_ament_install']
[3.748s] Level 1:colcon.colcon_core.package_identification:_identify(.) by extension 'ignore'
[3.748s] Level 1:colcon.colcon_core.package_identification:_identify(.) by extension 'ignore_ament_install'
[3.748s] Level 1:colcon.colcon_core.package_identification:_identify(.) by extensions ['colcon_pkg']
[3.748s] Level 1:colcon.colcon_core.package_identification:_identify(.) by extension 'colcon_pkg'
[3.748s] Level 1:colcon.colcon_core.package_identification:_identify(.) by extensions ['colcon_meta']
[3.748s] Level 1:colcon.colcon_core.package_identification:_identify(.) by extension 'colcon_meta'
[3.748s] Level 1:colcon.colcon_core.package_identification:_identify(.) by extensions ['ros']
[3.748s] Level 1:colcon.colcon_core.package_identification:_identify(.) by extension 'ros'
[3.793s] Level 1:colcon.colcon_core.package_identification:_identify(.) by extensions ['cmake', 'python']
[3.794s] Level 1:colcon.colcon_core.package_identification:_identify(.) by extension 'cmake'
[3.794s] Level 1:colcon.colcon_core.package_identification:_identify(.) by extension 'python'
[3.794s] Level 1:colcon.colcon_core.package_identification:_identify(.) by extensions ['python_setup_py']
[3.794s] Level 1:colcon.colcon_core.package_identification:_identify(.) by extension 'python_setup_py'
[3.795s] Level 1:colcon.colcon_core.package_identification:_identify(build) by extensions ['ignore', 'ignore_ament_install']
[3.796s] Level 1:colcon.colcon_core.package_identification:_identify(build) by extension 'ignore'
[3.797s] Level 1:colcon.colcon_core.package_identification:_identify(build) ignored
[3.797s] Level 1:colcon.colcon_core.package_identification:_identify(install) by extensions ['ignore', 'ignore_ament_install']
[3.797s] Level 1:colcon.colcon_core.package_identification:_identify(install) by extension 'ignore'
[3.797s] Level 1:colcon.colcon_core.package_identification:_identify(install) ignored
[3.798s] Level 1:colcon.colcon_core.package_identification:_identify(log) by extensions ['ignore', 'ignore_ament_install']
[3.798s] Level 1:colcon.colcon_core.package_identification:_identify(log) by extension 'ignore'
[3.798s] Level 1:colcon.colcon_core.package_identification:_identify(log) ignored
[3.798s] Level 1:colcon.colcon_core.package_identification:_identify(ros_management_tools) by extensions ['ignore', 'ignore_ament_install']
[3.798s] Level 1:colcon.colcon_core.package_identification:_identify(ros_management_tools) by extension 'ignore'
[3.799s] Level 1:colcon.colcon_core.package_identification:_identify(ros_management_tools) by extension 'ignore_ament_install'
[3.799s] Level 1:colcon.colcon_core.package_identification:_identify(ros_management_tools) by extensions ['colcon_pkg']
[3.799s] Level 1:colcon.colcon_core.package_identification:_identify(ros_management_tools) by extension 'colcon_pkg'
[3.799s] Level 1:colcon.colcon_core.package_identification:_identify(ros_management_tools) by extensions ['colcon_meta']
[3.799s] Level 1:colcon.colcon_core.package_identification:_identify(ros_management_tools) by extension 'colcon_meta'
[3.799s] Level 1:colcon.colcon_core.package_identification:_identify(ros_management_tools) by extensions ['ros']
[3.799s] Level 1:colcon.colcon_core.package_identification:_identify(ros_management_tools) by extension 'ros'
[3.799s] Level 1:colcon.colcon_core.package_identification:_identify(ros_management_tools) by extensions ['cmake', 'python']
[3.799s] Level 1:colcon.colcon_core.package_identification:_identify(ros_management_tools) by extension 'cmake'
[3.799s] Level 1:colcon.colcon_core.package_identification:_identify(ros_management_tools) by extension 'python'
[3.799s] Level 1:colcon.colcon_core.package_identification:_identify(ros_management_tools) by extensions ['python_setup_py']
[3.799s] Level 1:colcon.colcon_core.package_identification:_identify(ros_management_tools) by extension 'python_setup_py'
[3.800s] Level 1:colcon.colcon_core.package_identification:_identify(ros_management_tools/qtcreator) by extensions ['ignore', 'ignore_ament_install']
[3.800s] Level 1:colcon.colcon_core.package_identification:_identify(ros_management_tools/qtcreator) by extension 'ignore'
[3.800s] Level 1:colcon.colcon_core.package_identification:_identify(ros_management_tools/qtcreator) by extension 'ignore_ament_install'
[3.800s] Level 1:colcon.colcon_core.package_identification:_identify(ros_management_tools/qtcreator) by extensions ['colcon_pkg']
[3.800s] Level 1:colcon.colcon_core.package_identification:_identify(ros_management_tools/qtcreator) by extension 'colcon_pkg'
[3.800s] Level 1:colcon.colcon_core.package_identification:_identify(ros_management_tools/qtcreator) by extensions ['colcon_meta']
[3.800s] Level 1:colcon.colcon_core.package_identification:_identify(ros_management_tools/qtcreator) by extension 'colcon_meta'
[3.800s] Level 1:colcon.colcon_core.package_identification:_identify(ros_management_tools/qtcreator) by extensions ['ros']
[3.800s] Level 1:colcon.colcon_core.package_identification:_identify(ros_management_tools/qtcreator) by extension 'ros'
[3.801s] Level 1:colcon.colcon_core.package_identification:_identify(ros_management_tools/qtcreator) by extensions ['cmake', 'python']
[3.801s] Level 1:colcon.colcon_core.package_identification:_identify(ros_management_tools/qtcreator) by extension 'cmake'
[3.801s] Level 1:colcon.colcon_core.package_identification:_identify(ros_management_tools/qtcreator) by extension 'python'
[3.801s] Level 1:colcon.colcon_core.package_identification:_identify(ros_management_tools/qtcreator) by extensions ['python_setup_py']
[3.801s] Level 1:colcon.colcon_core.package_identification:_identify(ros_management_tools/qtcreator) by extension 'python_setup_py'
[3.801s] Level 1:colcon.colcon_core.package_identification:_identify(src) by extensions ['ignore', 'ignore_ament_install']
[3.801s] Level 1:colcon.colcon_core.package_identification:_identify(src) by extension 'ignore'
[3.801s] Level 1:colcon.colcon_core.package_identification:_identify(src) by extension 'ignore_ament_install'
[3.802s] Level 1:colcon.colcon_core.package_identification:_identify(src) by extensions ['colcon_pkg']
[3.802s] Level 1:colcon.colcon_core.package_identification:_identify(src) by extension 'colcon_pkg'
[3.802s] Level 1:colcon.colcon_core.package_identification:_identify(src) by extensions ['colcon_meta']
[3.802s] Level 1:colcon.colcon_core.package_identification:_identify(src) by extension 'colcon_meta'
[3.802s] Level 1:colcon.colcon_core.package_identification:_identify(src) by extensions ['ros']
[3.802s] Level 1:colcon.colcon_core.package_identification:_identify(src) by extension 'ros'
[3.802s] Level 1:colcon.colcon_core.package_identification:_identify(src) by extensions ['cmake', 'python']
[3.802s] Level 1:colcon.colcon_core.package_identification:_identify(src) by extension 'cmake'
[3.802s] Level 1:colcon.colcon_core.package_identification:_identify(src) by extension 'python'
[3.802s] Level 1:colcon.colcon_core.package_identification:_identify(src) by extensions ['python_setup_py']
[3.802s] Level 1:colcon.colcon_core.package_identification:_identify(src) by extension 'python_setup_py'
[3.803s] Level 1:colcon.colcon_core.package_identification:_identify(src/aquabot_common) by extensions ['ignore', 'ignore_ament_install']
[3.803s] Level 1:colcon.colcon_core.package_identification:_identify(src/aquabot_common) by extension 'ignore'
[3.803s] Level 1:colcon.colcon_core.package_identification:_identify(src/aquabot_common) by extension 'ignore_ament_install'
[3.803s] Level 1:colcon.colcon_core.package_identification:_identify(src/aquabot_common) by extensions ['colcon_pkg']
[3.803s] Level 1:colcon.colcon_core.package_identification:_identify(src/aquabot_common) by extension 'colcon_pkg'
[3.804s] Level 1:colcon.colcon_core.package_identification:_identify(src/aquabot_common) by extensions ['colcon_meta']
[3.804s] Level 1:colcon.colcon_core.package_identification:_identify(src/aquabot_common) by extension 'colcon_meta'
[3.805s] Level 1:colcon.colcon_core.package_identification:_identify(src/aquabot_common) by extensions ['ros']
[3.805s] Level 1:colcon.colcon_core.package_identification:_identify(src/aquabot_common) by extension 'ros'
[3.813s] DEBUG:colcon.colcon_core.package_identification:Package 'src/aquabot_common' with type 'ros.ament_cmake' and name 'aquabot_common_tom'
[3.814s] Level 1:colcon.colcon_core.package_identification:_identify(src/package_thruster_activation) by extensions ['ignore', 'ignore_ament_install']
[3.814s] Level 1:colcon.colcon_core.package_identification:_identify(src/package_thruster_activation) by extension 'ignore'
[3.814s] Level 1:colcon.colcon_core.package_identification:_identify(src/package_thruster_activation) by extension 'ignore_ament_install'
[3.815s] Level 1:colcon.colcon_core.package_identification:_identify(src/package_thruster_activation) by extensions ['colcon_pkg']
[3.815s] Level 1:colcon.colcon_core.package_identification:_identify(src/package_thruster_activation) by extension 'colcon_pkg'
[3.815s] Level 1:colcon.colcon_core.package_identification:_identify(src/package_thruster_activation) by extensions ['colcon_meta']
[3.815s] Level 1:colcon.colcon_core.package_identification:_identify(src/package_thruster_activation) by extension 'colcon_meta'
[3.815s] Level 1:colcon.colcon_core.package_identification:_identify(src/package_thruster_activation) by extensions ['ros']
[3.815s] Level 1:colcon.colcon_core.package_identification:_identify(src/package_thruster_activation) by extension 'ros'
[3.816s] DEBUG:colcon.colcon_core.package_identification:Package 'src/package_thruster_activation' with type 'ros.ament_cmake' and name 'package_thruster_activation'
[3.817s] Level 1:colcon.colcon_core.package_identification:_identify(src/ros2_pid_library) by extensions ['ignore', 'ignore_ament_install']
[3.817s] Level 1:colcon.colcon_core.package_identification:_identify(src/ros2_pid_library) by extension 'ignore'
[3.817s] Level 1:colcon.colcon_core.package_identification:_identify(src/ros2_pid_library) by extension 'ignore_ament_install'
[3.818s] Level 1:colcon.colcon_core.package_identification:_identify(src/ros2_pid_library) by extensions ['colcon_pkg']
[3.818s] Level 1:colcon.colcon_core.package_identification:_identify(src/ros2_pid_library) by extension 'colcon_pkg'
[3.818s] Level 1:colcon.colcon_core.package_identification:_identify(src/ros2_pid_library) by extensions ['colcon_meta']
[3.818s] Level 1:colcon.colcon_core.package_identification:_identify(src/ros2_pid_library) by extension 'colcon_meta'
[3.818s] Level 1:colcon.colcon_core.package_identification:_identify(src/ros2_pid_library) by extensions ['ros']
[3.818s] Level 1:colcon.colcon_core.package_identification:_identify(src/ros2_pid_library) by extension 'ros'
[3.818s] Level 1:colcon.colcon_core.package_identification:_identify(src/ros2_pid_library) by extensions ['cmake', 'python']
[3.819s] Level 1:colcon.colcon_core.package_identification:_identify(src/ros2_pid_library) by extension 'cmake'
[3.819s] Level 1:colcon.colcon_core.package_identification:_identify(src/ros2_pid_library) by extension 'python'
[3.819s] Level 1:colcon.colcon_core.package_identification:_identify(src/ros2_pid_library) by extensions ['python_setup_py']
[3.819s] Level 1:colcon.colcon_core.package_identification:_identify(src/ros2_pid_library) by extension 'python_setup_py'
[3.819s] Level 1:colcon.colcon_core.package_identification:_identify(src/ros2_pid_library/build) by extensions ['ignore', 'ignore_ament_install']
[3.819s] Level 1:colcon.colcon_core.package_identification:_identify(src/ros2_pid_library/build) by extension 'ignore'
[3.819s] Level 1:colcon.colcon_core.package_identification:_identify(src/ros2_pid_library/build) ignored
[3.819s] Level 1:colcon.colcon_core.package_identification:_identify(src/ros2_pid_library/example_system) by extensions ['ignore', 'ignore_ament_install']
[3.820s] Level 1:colcon.colcon_core.package_identification:_identify(src/ros2_pid_library/example_system) by extension 'ignore'
[3.820s] Level 1:colcon.colcon_core.package_identification:_identify(src/ros2_pid_library/example_system) by extension 'ignore_ament_install'
[3.820s] Level 1:colcon.colcon_core.package_identification:_identify(src/ros2_pid_library/example_system) by extensions ['colcon_pkg']
[3.820s] Level 1:colcon.colcon_core.package_identification:_identify(src/ros2_pid_library/example_system) by extension 'colcon_pkg'
[3.820s] Level 1:colcon.colcon_core.package_identification:_identify(src/ros2_pid_library/example_system) by extensions ['colcon_meta']
[3.820s] Level 1:colcon.colcon_core.package_identification:_identify(src/ros2_pid_library/example_system) by extension 'colcon_meta'
[3.820s] Level 1:colcon.colcon_core.package_identification:_identify(src/ros2_pid_library/example_system) by extensions ['ros']
[3.820s] Level 1:colcon.colcon_core.package_identification:_identify(src/ros2_pid_library/example_system) by extension 'ros'
[3.821s] DEBUG:colcon.colcon_core.package_identification:Package 'src/ros2_pid_library/example_system' with type 'ros.ament_cmake' and name 'example_system'
[3.822s] Level 1:colcon.colcon_core.package_identification:_identify(src/ros2_pid_library/install) by extensions ['ignore', 'ignore_ament_install']
[3.822s] Level 1:colcon.colcon_core.package_identification:_identify(src/ros2_pid_library/install) by extension 'ignore'
[3.822s] Level 1:colcon.colcon_core.package_identification:_identify(src/ros2_pid_library/install) ignored
[3.822s] Level 1:colcon.colcon_core.package_identification:_identify(src/ros2_pid_library/log) by extensions ['ignore', 'ignore_ament_install']
[3.823s] Level 1:colcon.colcon_core.package_identification:_identify(src/ros2_pid_library/log) by extension 'ignore'
[3.823s] Level 1:colcon.colcon_core.package_identification:_identify(src/ros2_pid_library/log) ignored
[3.823s] Level 1:colcon.colcon_core.package_identification:_identify(src/ros2_pid_library/pid_library) by extensions ['ignore', 'ignore_ament_install']
[3.824s] Level 1:colcon.colcon_core.package_identification:_identify(src/ros2_pid_library/pid_library) by extension 'ignore'
[3.824s] Level 1:colcon.colcon_core.package_identification:_identify(src/ros2_pid_library/pid_library) by extension 'ignore_ament_install'
[3.824s] Level 1:colcon.colcon_core.package_identification:_identify(src/ros2_pid_library/pid_library) by extensions ['colcon_pkg']
[3.824s] Level 1:colcon.colcon_core.package_identification:_identify(src/ros2_pid_library/pid_library) by extension 'colcon_pkg'
[3.824s] Level 1:colcon.colcon_core.package_identification:_identify(src/ros2_pid_library/pid_library) by extensions ['colcon_meta']
[3.824s] Level 1:colcon.colcon_core.package_identification:_identify(src/ros2_pid_library/pid_library) by extension 'colcon_meta'
[3.824s] Level 1:colcon.colcon_core.package_identification:_identify(src/ros2_pid_library/pid_library) by extensions ['ros']
[3.824s] Level 1:colcon.colcon_core.package_identification:_identify(src/ros2_pid_library/pid_library) by extension 'ros'
[3.827s] DEBUG:colcon.colcon_core.package_identification:Package 'src/ros2_pid_library/pid_library' with type 'ros.ament_cmake' and name 'pid_library'
[3.829s] Level 1:colcon.colcon_core.package_identification:_identify(src/ros2_pid_library/use_library) by extensions ['ignore', 'ignore_ament_install']
[3.829s] Level 1:colcon.colcon_core.package_identification:_identify(src/ros2_pid_library/use_library) by extension 'ignore'
[3.830s] Level 1:colcon.colcon_core.package_identification:_identify(src/ros2_pid_library/use_library) by extension 'ignore_ament_install'
[3.830s] Level 1:colcon.colcon_core.package_identification:_identify(src/ros2_pid_library/use_library) by extensions ['colcon_pkg']
[3.831s] Level 1:colcon.colcon_core.package_identification:_identify(src/ros2_pid_library/use_library) by extension 'colcon_pkg'
[3.831s] Level 1:colcon.colcon_core.package_identification:_identify(src/ros2_pid_library/use_library) by extensions ['colcon_meta']
[3.831s] Level 1:colcon.colcon_core.package_identification:_identify(src/ros2_pid_library/use_library) by extension 'colcon_meta'
[3.831s] Level 1:colcon.colcon_core.package_identification:_identify(src/ros2_pid_library/use_library) by extensions ['ros']
[3.831s] Level 1:colcon.colcon_core.package_identification:_identify(src/ros2_pid_library/use_library) by extension 'ros'
[3.835s] DEBUG:colcon.colcon_core.package_identification:Package 'src/ros2_pid_library/use_library' with type 'ros.ament_cmake' and name 'use_library'
[3.835s] Level 1:colcon.colcon_core.package_identification:_identify(src/test_float) by extensions ['ignore', 'ignore_ament_install']
[3.835s] Level 1:colcon.colcon_core.package_identification:_identify(src/test_float) by extension 'ignore'
[3.836s] Level 1:colcon.colcon_core.package_identification:_identify(src/test_float) by extension 'ignore_ament_install'
[3.836s] Level 1:colcon.colcon_core.package_identification:_identify(src/test_float) by extensions ['colcon_pkg']
[3.836s] Level 1:colcon.colcon_core.package_identification:_identify(src/test_float) by extension 'colcon_pkg'
[3.836s] Level 1:colcon.colcon_core.package_identification:_identify(src/test_float) by extensions ['colcon_meta']
[3.836s] Level 1:colcon.colcon_core.package_identification:_identify(src/test_float) by extension 'colcon_meta'
[3.836s] Level 1:colcon.colcon_core.package_identification:_identify(src/test_float) by extensions ['ros']
[3.836s] Level 1:colcon.colcon_core.package_identification:_identify(src/test_float) by extension 'ros'
[3.838s] DEBUG:colcon.colcon_core.package_identification:Package 'src/test_float' with type 'ros.ament_cmake' and name 'test_float'
[3.838s] Level 1:colcon.colcon_core.package_discovery:discover_packages(recursive) using defaults
[3.838s] Level 1:colcon.colcon_core.package_discovery:discover_packages(ignore) discover
[3.838s] Level 1:colcon.colcon_core.package_discovery:discover_packages(ignore) using defaults
[3.838s] Level 1:colcon.colcon_core.package_discovery:discover_packages(path) discover
[3.838s] Level 1:colcon.colcon_core.package_discovery:discover_packages(path) using defaults
[4.153s] Level 1:colcon.colcon_core.package_discovery:discover_packages(prefix_path) check parameters
[4.154s] Level 1:colcon.colcon_core.package_discovery:discover_packages(prefix_path) discover
[4.216s] WARNING:colcon.colcon_ros.prefix_path.catkin:The path '/home/t-lemmel/Aquabot_Tom/install/aquabot_common_tom' in the environment variable CMAKE_PREFIX_PATH doesn't exist
[4.216s] WARNING:colcon.colcon_ros.prefix_path.catkin:The path '/home/t-lemmel/Aquabot_Tom/install/aquabot_common' in the environment variable CMAKE_PREFIX_PATH doesn't exist
[4.262s] DEBUG:colcon.colcon_installed_package_information.package_discovery:Found 8 installed packages in /home/t-lemmel/vrx_ws/install
[4.322s] DEBUG:colcon.colcon_installed_package_information.package_discovery:Found 285 installed packages in /opt/ros/humble
[4.325s] Level 1:colcon.colcon_core.package_discovery:discover_packages(prefix_path) using defaults
[4.653s] Level 5:colcon.colcon_core.verb:set package 'aquabot_common_tom' build argument 'cmake_args' from command line to 'None'
[4.653s] Level 5:colcon.colcon_core.verb:set package 'aquabot_common_tom' build argument 'cmake_target' from command line to 'None'
[4.653s] Level 5:colcon.colcon_core.verb:set package 'aquabot_common_tom' build argument 'cmake_target_skip_unavailable' from command line to 'False'
[4.653s] Level 5:colcon.colcon_core.verb:set package 'aquabot_common_tom' build argument 'cmake_clean_cache' from command line to 'False'
[4.653s] Level 5:colcon.colcon_core.verb:set package 'aquabot_common_tom' build argument 'cmake_clean_first' from command line to 'False'
[4.653s] Level 5:colcon.colcon_core.verb:set package 'aquabot_common_tom' build argument 'cmake_force_configure' from command line to 'False'
[4.653s] Level 5:colcon.colcon_core.verb:set package 'aquabot_common_tom' build argument 'ament_cmake_args' from command line to 'None'
[4.653s] Level 5:colcon.colcon_core.verb:set package 'aquabot_common_tom' build argument 'catkin_cmake_args' from command line to 'None'
[4.653s] Level 5:colcon.colcon_core.verb:set package 'aquabot_common_tom' build argument 'catkin_skip_building_tests' from command line to 'False'
[4.653s] DEBUG:colcon.colcon_core.verb:Building package 'aquabot_common_tom' with the following arguments: {'ament_cmake_args': None, 'build_base': '/home/t-lemmel/Aquabot_Tom/build/aquabot_common_tom', 'catkin_cmake_args': None, 'catkin_skip_building_tests': False, 'cmake_args': None, 'cmake_clean_cache': False, 'cmake_clean_first': False, 'cmake_force_configure': False, 'cmake_target': None, 'cmake_target_skip_unavailable': False, 'install_base': '/home/t-lemmel/Aquabot_Tom/install/aquabot_common_tom', 'merge_install': False, 'path': '/home/t-lemmel/Aquabot_Tom/src/aquabot_common', 'symlink_install': True, 'test_result_base': None}
[4.693s] Level 5:colcon.colcon_core.verb:set package 'example_system' build argument 'cmake_args' from command line to 'None'
[4.693s] Level 5:colcon.colcon_core.verb:set package 'example_system' build argument 'cmake_target' from command line to 'None'
[4.693s] Level 5:colcon.colcon_core.verb:set package 'example_system' build argument 'cmake_target_skip_unavailable' from command line to 'False'
[4.693s] Level 5:colcon.colcon_core.verb:set package 'example_system' build argument 'cmake_clean_cache' from command line to 'False'
[4.693s] Level 5:colcon.colcon_core.verb:set package 'example_system' build argument 'cmake_clean_first' from command line to 'False'
[4.693s] Level 5:colcon.colcon_core.verb:set package 'example_system' build argument 'cmake_force_configure' from command line to 'False'
[4.693s] Level 5:colcon.colcon_core.verb:set package 'example_system' build argument 'ament_cmake_args' from command line to 'None'
[4.693s] Level 5:colcon.colcon_core.verb:set package 'example_system' build argument 'catkin_cmake_args' from command line to 'None'
[4.694s] Level 5:colcon.colcon_core.verb:set package 'example_system' build argument 'catkin_skip_building_tests' from command line to 'False'
[4.694s] DEBUG:colcon.colcon_core.verb:Building package 'example_system' with the following arguments: {'ament_cmake_args': None, 'build_base': '/home/t-lemmel/Aquabot_Tom/build/example_system', 'catkin_cmake_args': None, 'catkin_skip_building_tests': False, 'cmake_args': None, 'cmake_clean_cache': False, 'cmake_clean_first': False, 'cmake_force_configure': False, 'cmake_target': None, 'cmake_target_skip_unavailable': False, 'install_base': '/home/t-lemmel/Aquabot_Tom/install/example_system', 'merge_install': False, 'path': '/home/t-lemmel/Aquabot_Tom/src/ros2_pid_library/example_system', 'symlink_install': True, 'test_result_base': None}
[4.749s] Level 5:colcon.colcon_core.verb:set package 'package_thruster_activation' build argument 'cmake_args' from command line to 'None'
[4.749s] Level 5:colcon.colcon_core.verb:set package 'package_thruster_activation' build argument 'cmake_target' from command line to 'None'
[4.749s] Level 5:colcon.colcon_core.verb:set package 'package_thruster_activation' build argument 'cmake_target_skip_unavailable' from command line to 'False'
[4.749s] Level 5:colcon.colcon_core.verb:set package 'package_thruster_activation' build argument 'cmake_clean_cache' from command line to 'False'
[4.749s] Level 5:colcon.colcon_core.verb:set package 'package_thruster_activation' build argument 'cmake_clean_first' from command line to 'False'
[4.749s] Level 5:colcon.colcon_core.verb:set package 'package_thruster_activation' build argument 'cmake_force_configure' from command line to 'False'
[4.749s] Level 5:colcon.colcon_core.verb:set package 'package_thruster_activation' build argument 'ament_cmake_args' from command line to 'None'
[4.749s] Level 5:colcon.colcon_core.verb:set package 'package_thruster_activation' build argument 'catkin_cmake_args' from command line to 'None'
[4.749s] Level 5:colcon.colcon_core.verb:set package 'package_thruster_activation' build argument 'catkin_skip_building_tests' from command line to 'False'
[4.749s] DEBUG:colcon.colcon_core.verb:Building package 'package_thruster_activation' with the following arguments: {'ament_cmake_args': None, 'build_base': '/home/t-lemmel/Aquabot_Tom/build/package_thruster_activation', 'catkin_cmake_args': None, 'catkin_skip_building_tests': False, 'cmake_args': None, 'cmake_clean_cache': False, 'cmake_clean_first': False, 'cmake_force_configure': False, 'cmake_target': None, 'cmake_target_skip_unavailable': False, 'install_base': '/home/t-lemmel/Aquabot_Tom/install/package_thruster_activation', 'merge_install': False, 'path': '/home/t-lemmel/Aquabot_Tom/src/package_thruster_activation', 'symlink_install': True, 'test_result_base': None}
[4.794s] Level 5:colcon.colcon_core.verb:set package 'pid_library' build argument 'cmake_args' from command line to 'None'
[4.794s] Level 5:colcon.colcon_core.verb:set package 'pid_library' build argument 'cmake_target' from command line to 'None'
[4.794s] Level 5:colcon.colcon_core.verb:set package 'pid_library' build argument 'cmake_target_skip_unavailable' from command line to 'False'
[4.795s] Level 5:colcon.colcon_core.verb:set package 'pid_library' build argument 'cmake_clean_cache' from command line to 'False'
[4.795s] Level 5:colcon.colcon_core.verb:set package 'pid_library' build argument 'cmake_clean_first' from command line to 'False'
[4.795s] Level 5:colcon.colcon_core.verb:set package 'pid_library' build argument 'cmake_force_configure' from command line to 'False'
[4.795s] Level 5:colcon.colcon_core.verb:set package 'pid_library' build argument 'ament_cmake_args' from command line to 'None'
[4.795s] Level 5:colcon.colcon_core.verb:set package 'pid_library' build argument 'catkin_cmake_args' from command line to 'None'
[4.795s] Level 5:colcon.colcon_core.verb:set package 'pid_library' build argument 'catkin_skip_building_tests' from command line to 'False'
[4.795s] DEBUG:colcon.colcon_core.verb:Building package 'pid_library' with the following arguments: {'ament_cmake_args': None, 'build_base': '/home/t-lemmel/Aquabot_Tom/build/pid_library', 'catkin_cmake_args': None, 'catkin_skip_building_tests': False, 'cmake_args': None, 'cmake_clean_cache': False, 'cmake_clean_first': False, 'cmake_force_configure': False, 'cmake_target': None, 'cmake_target_skip_unavailable': False, 'install_base': '/home/t-lemmel/Aquabot_Tom/install/pid_library', 'merge_install': False, 'path': '/home/t-lemmel/Aquabot_Tom/src/ros2_pid_library/pid_library', 'symlink_install': True, 'test_result_base': None}
[4.836s] Level 5:colcon.colcon_core.verb:set package 'test_float' build argument 'cmake_args' from command line to 'None'
[4.836s] Level 5:colcon.colcon_core.verb:set package 'test_float' build argument 'cmake_target' from command line to 'None'
[4.836s] Level 5:colcon.colcon_core.verb:set package 'test_float' build argument 'cmake_target_skip_unavailable' from command line to 'False'
[4.837s] Level 5:colcon.colcon_core.verb:set package 'test_float' build argument 'cmake_clean_cache' from command line to 'False'
[4.837s] Level 5:colcon.colcon_core.verb:set package 'test_float' build argument 'cmake_clean_first' from command line to 'False'
[4.837s] Level 5:colcon.colcon_core.verb:set package 'test_float' build argument 'cmake_force_configure' from command line to 'False'
[4.837s] Level 5:colcon.colcon_core.verb:set package 'test_float' build argument 'ament_cmake_args' from command line to 'None'
[4.837s] Level 5:colcon.colcon_core.verb:set package 'test_float' build argument 'catkin_cmake_args' from command line to 'None'
[4.837s] Level 5:colcon.colcon_core.verb:set package 'test_float' build argument 'catkin_skip_building_tests' from command line to 'False'
[4.838s] DEBUG:colcon.colcon_core.verb:Building package 'test_float' with the following arguments: {'ament_cmake_args': None, 'build_base': '/home/t-lemmel/Aquabot_Tom/build/test_float', 'catkin_cmake_args': None, 'catkin_skip_building_tests': False, 'cmake_args': None, 'cmake_clean_cache': False, 'cmake_clean_first': False, 'cmake_force_configure': False, 'cmake_target': None, 'cmake_target_skip_unavailable': False, 'install_base': '/home/t-lemmel/Aquabot_Tom/install/test_float', 'merge_install': False, 'path': '/home/t-lemmel/Aquabot_Tom/src/test_float', 'symlink_install': True, 'test_result_base': None}
[4.871s] Level 5:colcon.colcon_core.verb:set package 'use_library' build argument 'cmake_args' from command line to 'None'
[4.871s] Level 5:colcon.colcon_core.verb:set package 'use_library' build argument 'cmake_target' from command line to 'None'
[4.871s] Level 5:colcon.colcon_core.verb:set package 'use_library' build argument 'cmake_target_skip_unavailable' from command line to 'False'
[4.871s] Level 5:colcon.colcon_core.verb:set package 'use_library' build argument 'cmake_clean_cache' from command line to 'False'
[4.871s] Level 5:colcon.colcon_core.verb:set package 'use_library' build argument 'cmake_clean_first' from command line to 'False'
[4.871s] Level 5:colcon.colcon_core.verb:set package 'use_library' build argument 'cmake_force_configure' from command line to 'False'
[4.872s] Level 5:colcon.colcon_core.verb:set package 'use_library' build argument 'ament_cmake_args' from command line to 'None'
[4.872s] Level 5:colcon.colcon_core.verb:set package 'use_library' build argument 'catkin_cmake_args' from command line to 'None'
[4.872s] Level 5:colcon.colcon_core.verb:set package 'use_library' build argument 'catkin_skip_building_tests' from command line to 'False'
[4.872s] DEBUG:colcon.colcon_core.verb:Building package 'use_library' with the following arguments: {'ament_cmake_args': None, 'build_base': '/home/t-lemmel/Aquabot_Tom/build/use_library', 'catkin_cmake_args': None, 'catkin_skip_building_tests': False, 'cmake_args': None, 'cmake_clean_cache': False, 'cmake_clean_first': False, 'cmake_force_configure': False, 'cmake_target': None, 'cmake_target_skip_unavailable': False, 'install_base': '/home/t-lemmel/Aquabot_Tom/install/use_library', 'merge_install': False, 'path': '/home/t-lemmel/Aquabot_Tom/src/ros2_pid_library/use_library', 'symlink_install': True, 'test_result_base': None}
[4.921s] INFO:colcon.colcon_core.executor:Executing jobs using 'parallel' executor
[4.975s] DEBUG:colcon.colcon_parallel_executor.executor.parallel:run_until_complete
[4.975s] INFO:colcon.colcon_ros.task.ament_cmake.build:Building ROS package in '/home/t-lemmel/Aquabot_Tom/src/ros2_pid_library/pid_library' with build type 'ament_cmake'
[4.976s] INFO:colcon.colcon_cmake.task.cmake.build:Building CMake package in '/home/t-lemmel/Aquabot_Tom/src/ros2_pid_library/pid_library'
[5.027s] INFO:colcon.colcon_core.plugin_system:Skipping extension 'colcon_core.shell.bat': Not used on non-Windows systems
[5.027s] INFO:colcon.colcon_core.shell:Skip shell extension 'powershell' for command environment: Not usable outside of PowerShell
[5.027s] DEBUG:colcon.colcon_core.shell:Skip shell extension 'dsv' for command environment
[5.191s] INFO:colcon.colcon_ros.task.ament_cmake.build:Building ROS package in '/home/t-lemmel/Aquabot_Tom/src/aquabot_common' with build type 'ament_cmake'
[5.192s] INFO:colcon.colcon_cmake.task.cmake.build:Building CMake package in '/home/t-lemmel/Aquabot_Tom/src/aquabot_common'
[5.256s] INFO:colcon.colcon_core.shell:Skip shell extension 'powershell' for command environment: Not usable outside of PowerShell
[5.256s] DEBUG:colcon.colcon_core.shell:Skip shell extension 'dsv' for command environment
[5.452s] INFO:colcon.colcon_ros.task.ament_cmake.build:Building ROS package in '/home/t-lemmel/Aquabot_Tom/src/ros2_pid_library/example_system' with build type 'ament_cmake'
[5.454s] INFO:colcon.colcon_cmake.task.cmake.build:Building CMake package in '/home/t-lemmel/Aquabot_Tom/src/ros2_pid_library/example_system'
[5.517s] INFO:colcon.colcon_core.shell:Skip shell extension 'powershell' for command environment: Not usable outside of PowerShell
[5.517s] DEBUG:colcon.colcon_core.shell:Skip shell extension 'dsv' for command environment
[5.767s] INFO:colcon.colcon_ros.task.ament_cmake.build:Building ROS package in '/home/t-lemmel/Aquabot_Tom/src/package_thruster_activation' with build type 'ament_cmake'
[5.768s] INFO:colcon.colcon_cmake.task.cmake.build:Building CMake package in '/home/t-lemmel/Aquabot_Tom/src/package_thruster_activation'
[5.821s] INFO:colcon.colcon_core.shell:Skip shell extension 'powershell' for command environment: Not usable outside of PowerShell
[5.821s] DEBUG:colcon.colcon_core.shell:Skip shell extension 'dsv' for command environment
[5.983s] INFO:colcon.colcon_ros.task.ament_cmake.build:Building ROS package in '/home/t-lemmel/Aquabot_Tom/src/test_float' with build type 'ament_cmake'
[5.984s] INFO:colcon.colcon_cmake.task.cmake.build:Building CMake package in '/home/t-lemmel/Aquabot_Tom/src/test_float'
[6.036s] INFO:colcon.colcon_core.shell:Skip shell extension 'powershell' for command environment: Not usable outside of PowerShell
[6.036s] DEBUG:colcon.colcon_core.shell:Skip shell extension 'dsv' for command environment
[6.241s] DEBUG:colcon.colcon_core.event_handler.log_command:Invoking command in '/home/t-lemmel/Aquabot_Tom/build/pid_library': CMAKE_PREFIX_PATH=${CMAKE_PREFIX_PATH}:/opt/ros/humble PS1_ori=\[\e]0;\u@\h: \w\a\]${debian_chroot:+($debian_chroot)}\[\033[01;32m\]\u@\h\[\033[00m\]:\[\033[01;34m\]\w\[\033[00m\]\$ /usr/bin/cmake --build /home/t-lemmel/Aquabot_Tom/build/pid_library -- -j8 -l8
[6.254s] DEBUG:colcon.colcon_core.event_handler.log_command:Invoking command in '/home/t-lemmel/Aquabot_Tom/build/aquabot_common_tom': CMAKE_PREFIX_PATH=${CMAKE_PREFIX_PATH}:/opt/ros/humble PS1_ori=\[\e]0;\u@\h: \w\a\]${debian_chroot:+($debian_chroot)}\[\033[01;32m\]\u@\h\[\033[00m\]:\[\033[01;34m\]\w\[\033[00m\]\$ /usr/bin/cmake /home/t-lemmel/Aquabot_Tom/src/aquabot_common -DAMENT_CMAKE_SYMLINK_INSTALL=1 -DCMAKE_INSTALL_PREFIX=/home/t-lemmel/Aquabot_Tom/install/aquabot_common_tom
[6.263s] DEBUG:colcon.colcon_core.event_handler.log_command:Invoking command in '/home/t-lemmel/Aquabot_Tom/build/example_system': CMAKE_PREFIX_PATH=${CMAKE_PREFIX_PATH}:/opt/ros/humble PS1_ori=\[\e]0;\u@\h: \w\a\]${debian_chroot:+($debian_chroot)}\[\033[01;32m\]\u@\h\[\033[00m\]:\[\033[01;34m\]\w\[\033[00m\]\$ /usr/bin/cmake --build /home/t-lemmel/Aquabot_Tom/build/example_system -- -j8 -l8
[6.271s] DEBUG:colcon.colcon_core.event_handler.log_command:Invoking command in '/home/t-lemmel/Aquabot_Tom/build/package_thruster_activation': CMAKE_PREFIX_PATH=${CMAKE_PREFIX_PATH}:/opt/ros/humble PS1_ori=\[\e]0;\u@\h: \w\a\]${debian_chroot:+($debian_chroot)}\[\033[01;32m\]\u@\h\[\033[00m\]:\[\033[01;34m\]\w\[\033[00m\]\$ /usr/bin/cmake --build /home/t-lemmel/Aquabot_Tom/build/package_thruster_activation -- -j8 -l8
[6.302s] DEBUG:colcon.colcon_core.event_handler.log_command:Invoking command in '/home/t-lemmel/Aquabot_Tom/build/test_float': CMAKE_PREFIX_PATH=${CMAKE_PREFIX_PATH}:/opt/ros/humble PS1_ori=\[\e]0;\u@\h: \w\a\]${debian_chroot:+($debian_chroot)}\[\033[01;32m\]\u@\h\[\033[00m\]:\[\033[01;34m\]\w\[\033[00m\]\$ /usr/bin/cmake --build /home/t-lemmel/Aquabot_Tom/build/test_float -- -j8 -l8
[6.458s] DEBUG:colcon.colcon_core.event_handler.log_command:Invoked command in '/home/t-lemmel/Aquabot_Tom/build/pid_library' returned '0': CMAKE_PREFIX_PATH=${CMAKE_PREFIX_PATH}:/opt/ros/humble PS1_ori=\[\e]0;\u@\h: \w\a\]${debian_chroot:+($debian_chroot)}\[\033[01;32m\]\u@\h\[\033[00m\]:\[\033[01;34m\]\w\[\033[00m\]\$ /usr/bin/cmake --build /home/t-lemmel/Aquabot_Tom/build/pid_library -- -j8 -l8
[6.498s] DEBUG:colcon.colcon_core.event_handler.log_command:Invoked command in '/home/t-lemmel/Aquabot_Tom/build/example_system' returned '0': CMAKE_PREFIX_PATH=${CMAKE_PREFIX_PATH}:/opt/ros/humble PS1_ori=\[\e]0;\u@\h: \w\a\]${debian_chroot:+($debian_chroot)}\[\033[01;32m\]\u@\h\[\033[00m\]:\[\033[01;34m\]\w\[\033[00m\]\$ /usr/bin/cmake --build /home/t-lemmel/Aquabot_Tom/build/example_system -- -j8 -l8
[6.509s] DEBUG:colcon.colcon_core.event_handler.log_command:Invoked command in '/home/t-lemmel/Aquabot_Tom/build/package_thruster_activation' returned '0': CMAKE_PREFIX_PATH=${CMAKE_PREFIX_PATH}:/opt/ros/humble PS1_ori=\[\e]0;\u@\h: \w\a\]${debian_chroot:+($debian_chroot)}\[\033[01;32m\]\u@\h\[\033[00m\]:\[\033[01;34m\]\w\[\033[00m\]\$ /usr/bin/cmake --build /home/t-lemmel/Aquabot_Tom/build/package_thruster_activation -- -j8 -l8
[6.548s] DEBUG:colcon.colcon_core.event_handler.log_command:Invoked command in '/home/t-lemmel/Aquabot_Tom/build/test_float' returned '0': CMAKE_PREFIX_PATH=${CMAKE_PREFIX_PATH}:/opt/ros/humble PS1_ori=\[\e]0;\u@\h: \w\a\]${debian_chroot:+($debian_chroot)}\[\033[01;32m\]\u@\h\[\033[00m\]:\[\033[01;34m\]\w\[\033[00m\]\$ /usr/bin/cmake --build /home/t-lemmel/Aquabot_Tom/build/test_float -- -j8 -l8
[6.589s] DEBUG:colcon.colcon_core.event_handler.log_command:Invoking command in '/home/t-lemmel/Aquabot_Tom/build/pid_library': CMAKE_PREFIX_PATH=${CMAKE_PREFIX_PATH}:/opt/ros/humble PS1_ori=\[\e]0;\u@\h: \w\a\]${debian_chroot:+($debian_chroot)}\[\033[01;32m\]\u@\h\[\033[00m\]:\[\033[01;34m\]\w\[\033[00m\]\$ /usr/bin/cmake --install /home/t-lemmel/Aquabot_Tom/build/pid_library
[6.596s] DEBUG:colcon.colcon_core.event_handler.log_command:Invoking command in '/home/t-lemmel/Aquabot_Tom/build/example_system': CMAKE_PREFIX_PATH=${CMAKE_PREFIX_PATH}:/opt/ros/humble PS1_ori=\[\e]0;\u@\h: \w\a\]${debian_chroot:+($debian_chroot)}\[\033[01;32m\]\u@\h\[\033[00m\]:\[\033[01;34m\]\w\[\033[00m\]\$ /usr/bin/cmake --install /home/t-lemmel/Aquabot_Tom/build/example_system
[6.608s] DEBUG:colcon.colcon_core.event_handler.log_command:Invoking command in '/home/t-lemmel/Aquabot_Tom/build/package_thruster_activation': CMAKE_PREFIX_PATH=${CMAKE_PREFIX_PATH}:/opt/ros/humble PS1_ori=\[\e]0;\u@\h: \w\a\]${debian_chroot:+($debian_chroot)}\[\033[01;32m\]\u@\h\[\033[00m\]:\[\033[01;34m\]\w\[\033[00m\]\$ /usr/bin/cmake --install /home/t-lemmel/Aquabot_Tom/build/package_thruster_activation
[6.665s] Level 1:colcon.colcon_core.environment:create_environment_scripts_only(pid_library)
[6.678s] DEBUG:colcon.colcon_core.event_handler.log_command:Invoked command in '/home/t-lemmel/Aquabot_Tom/build/pid_library' returned '0': CMAKE_PREFIX_PATH=${CMAKE_PREFIX_PATH}:/opt/ros/humble PS1_ori=\[\e]0;\u@\h: \w\a\]${debian_chroot:+($debian_chroot)}\[\033[01;32m\]\u@\h\[\033[00m\]:\[\033[01;34m\]\w\[\033[00m\]\$ /usr/bin/cmake --install /home/t-lemmel/Aquabot_Tom/build/pid_library
[6.750s] Level 1:colcon.colcon_core.environment:checking '/home/t-lemmel/Aquabot_Tom/install/pid_library' for CMake module files
[6.751s] Level 1:colcon.colcon_core.environment:checking '/home/t-lemmel/Aquabot_Tom/install/pid_library' for CMake config files
[6.752s] Level 1:colcon.colcon_core.shell:create_environment_hook('pid_library', 'cmake_prefix_path')
[6.811s] INFO:colcon.colcon_core.shell:Creating environment hook '/home/t-lemmel/Aquabot_Tom/install/pid_library/share/pid_library/hook/cmake_prefix_path.ps1'
[6.813s] INFO:colcon.colcon_core.shell:Creating environment descriptor '/home/t-lemmel/Aquabot_Tom/install/pid_library/share/pid_library/hook/cmake_prefix_path.dsv'
[6.815s] INFO:colcon.colcon_core.shell:Creating environment hook '/home/t-lemmel/Aquabot_Tom/install/pid_library/share/pid_library/hook/cmake_prefix_path.sh'
[6.817s] Level 1:colcon.colcon_core.environment:checking '/home/t-lemmel/Aquabot_Tom/install/pid_library/lib'
[6.818s] Level 1:colcon.colcon_core.environment:checking '/home/t-lemmel/Aquabot_Tom/install/pid_library/bin'
[6.818s] Level 1:colcon.colcon_core.environment:checking '/home/t-lemmel/Aquabot_Tom/install/pid_library/lib/pkgconfig/pid_library.pc'
[6.819s] Level 1:colcon.colcon_core.environment:checking '/home/t-lemmel/Aquabot_Tom/install/pid_library/lib/python3.10/site-packages'
[6.820s] Level 1:colcon.colcon_core.environment:checking '/home/t-lemmel/Aquabot_Tom/install/pid_library/bin'
[6.887s] INFO:colcon.colcon_core.shell:Creating package script '/home/t-lemmel/Aquabot_Tom/install/pid_library/share/pid_library/package.ps1'
[6.889s] INFO:colcon.colcon_core.shell:Creating package descriptor '/home/t-lemmel/Aquabot_Tom/install/pid_library/share/pid_library/package.dsv'
[6.891s] INFO:colcon.colcon_core.shell:Creating package script '/home/t-lemmel/Aquabot_Tom/install/pid_library/share/pid_library/package.sh'
[6.895s] INFO:colcon.colcon_core.shell:Creating package script '/home/t-lemmel/Aquabot_Tom/install/pid_library/share/pid_library/package.bash'
[6.898s] INFO:colcon.colcon_core.shell:Creating package script '/home/t-lemmel/Aquabot_Tom/install/pid_library/share/pid_library/package.zsh'
[6.901s] Level 1:colcon.colcon_core.environment:create_file_with_runtime_dependencies(/home/t-lemmel/Aquabot_Tom/install/pid_library/share/colcon-core/packages/pid_library)
[6.910s] DEBUG:colcon.colcon_core.event_handler.log_command:Invoking command in '/home/t-lemmel/Aquabot_Tom/build/test_float': CMAKE_PREFIX_PATH=${CMAKE_PREFIX_PATH}:/opt/ros/humble PS1_ori=\[\e]0;\u@\h: \w\a\]${debian_chroot:+($debian_chroot)}\[\033[01;32m\]\u@\h\[\033[00m\]:\[\033[01;34m\]\w\[\033[00m\]\$ /usr/bin/cmake --install /home/t-lemmel/Aquabot_Tom/build/test_float
[6.912s] Level 1:colcon.colcon_core.environment:create_environment_scripts_only(package_thruster_activation)
[6.914s] DEBUG:colcon.colcon_core.event_handler.log_command:Invoked command in '/home/t-lemmel/Aquabot_Tom/build/package_thruster_activation' returned '0': CMAKE_PREFIX_PATH=${CMAKE_PREFIX_PATH}:/opt/ros/humble PS1_ori=\[\e]0;\u@\h: \w\a\]${debian_chroot:+($debian_chroot)}\[\033[01;32m\]\u@\h\[\033[00m\]:\[\033[01;34m\]\w\[\033[00m\]\$ /usr/bin/cmake --install /home/t-lemmel/Aquabot_Tom/build/package_thruster_activation
[7.009s] Level 1:colcon.colcon_core.environment:checking '/home/t-lemmel/Aquabot_Tom/install/package_thruster_activation' for CMake module files
[7.011s] Level 1:colcon.colcon_core.environment:checking '/home/t-lemmel/Aquabot_Tom/install/package_thruster_activation' for CMake config files
[7.011s] Level 1:colcon.colcon_core.shell:create_environment_hook('package_thruster_activation', 'cmake_prefix_path')
[7.074s] INFO:colcon.colcon_core.shell:Creating environment hook '/home/t-lemmel/Aquabot_Tom/install/package_thruster_activation/share/package_thruster_activation/hook/cmake_prefix_path.ps1'
[7.075s] INFO:colcon.colcon_core.shell:Creating environment descriptor '/home/t-lemmel/Aquabot_Tom/install/package_thruster_activation/share/package_thruster_activation/hook/cmake_prefix_path.dsv'
[7.076s] INFO:colcon.colcon_core.shell:Creating environment hook '/home/t-lemmel/Aquabot_Tom/install/package_thruster_activation/share/package_thruster_activation/hook/cmake_prefix_path.sh'
[7.077s] Level 1:colcon.colcon_core.environment:checking '/home/t-lemmel/Aquabot_Tom/install/package_thruster_activation/lib'
[7.077s] Level 1:colcon.colcon_core.environment:checking '/home/t-lemmel/Aquabot_Tom/install/package_thruster_activation/bin'
[7.077s] Level 1:colcon.colcon_core.environment:checking '/home/t-lemmel/Aquabot_Tom/install/package_thruster_activation/lib/pkgconfig/package_thruster_activation.pc'
[7.078s] Level 1:colcon.colcon_core.environment:checking '/home/t-lemmel/Aquabot_Tom/install/package_thruster_activation/lib/python3.10/site-packages'
[7.078s] Level 1:colcon.colcon_core.environment:checking '/home/t-lemmel/Aquabot_Tom/install/package_thruster_activation/bin'
[7.137s] INFO:colcon.colcon_core.shell:Creating package script '/home/t-lemmel/Aquabot_Tom/install/package_thruster_activation/share/package_thruster_activation/package.ps1'
[7.138s] INFO:colcon.colcon_core.shell:Creating package descriptor '/home/t-lemmel/Aquabot_Tom/install/package_thruster_activation/share/package_thruster_activation/package.dsv'
[7.140s] INFO:colcon.colcon_core.shell:Creating package script '/home/t-lemmel/Aquabot_Tom/install/package_thruster_activation/share/package_thruster_activation/package.sh'
[7.142s] INFO:colcon.colcon_core.shell:Creating package script '/home/t-lemmel/Aquabot_Tom/install/package_thruster_activation/share/package_thruster_activation/package.bash'
[7.143s] INFO:colcon.colcon_core.shell:Creating package script '/home/t-lemmel/Aquabot_Tom/install/package_thruster_activation/share/package_thruster_activation/package.zsh'
[7.145s] Level 1:colcon.colcon_core.environment:create_file_with_runtime_dependencies(/home/t-lemmel/Aquabot_Tom/install/package_thruster_activation/share/colcon-core/packages/package_thruster_activation)
[7.149s] Level 1:colcon.colcon_core.environment:create_environment_scripts_only(example_system)
[7.151s] DEBUG:colcon.colcon_core.event_handler.log_command:Invoked command in '/home/t-lemmel/Aquabot_Tom/build/example_system' returned '0': CMAKE_PREFIX_PATH=${CMAKE_PREFIX_PATH}:/opt/ros/humble PS1_ori=\[\e]0;\u@\h: \w\a\]${debian_chroot:+($debian_chroot)}\[\033[01;32m\]\u@\h\[\033[00m\]:\[\033[01;34m\]\w\[\033[00m\]\$ /usr/bin/cmake --install /home/t-lemmel/Aquabot_Tom/build/example_system
[7.210s] Level 1:colcon.colcon_core.environment:checking '/home/t-lemmel/Aquabot_Tom/install/example_system' for CMake module files
[7.211s] Level 1:colcon.colcon_core.environment:checking '/home/t-lemmel/Aquabot_Tom/install/example_system' for CMake config files
[7.215s] Level 1:colcon.colcon_core.shell:create_environment_hook('example_system', 'cmake_prefix_path')
[7.278s] INFO:colcon.colcon_core.shell:Creating environment hook '/home/t-lemmel/Aquabot_Tom/install/example_system/share/example_system/hook/cmake_prefix_path.ps1'
[7.280s] INFO:colcon.colcon_core.shell:Creating environment descriptor '/home/t-lemmel/Aquabot_Tom/install/example_system/share/example_system/hook/cmake_prefix_path.dsv'
[7.281s] INFO:colcon.colcon_core.shell:Creating environment hook '/home/t-lemmel/Aquabot_Tom/install/example_system/share/example_system/hook/cmake_prefix_path.sh'
[7.283s] Level 1:colcon.colcon_core.environment:checking '/home/t-lemmel/Aquabot_Tom/install/example_system/lib'
[7.284s] Level 1:colcon.colcon_core.environment:checking '/home/t-lemmel/Aquabot_Tom/install/example_system/bin'
[7.284s] Level 1:colcon.colcon_core.environment:checking '/home/t-lemmel/Aquabot_Tom/install/example_system/lib/pkgconfig/example_system.pc'
[7.285s] Level 1:colcon.colcon_core.environment:checking '/home/t-lemmel/Aquabot_Tom/install/example_system/lib/python3.10/site-packages'
[7.285s] Level 1:colcon.colcon_core.environment:checking '/home/t-lemmel/Aquabot_Tom/install/example_system/bin'
[7.342s] INFO:colcon.colcon_core.shell:Creating package script '/home/t-lemmel/Aquabot_Tom/install/example_system/share/example_system/package.ps1'
[7.344s] INFO:colcon.colcon_core.shell:Creating package descriptor '/home/t-lemmel/Aquabot_Tom/install/example_system/share/example_system/package.dsv'
[7.348s] INFO:colcon.colcon_core.shell:Creating package script '/home/t-lemmel/Aquabot_Tom/install/example_system/share/example_system/package.sh'
[7.351s] INFO:colcon.colcon_core.shell:Creating package script '/home/t-lemmel/Aquabot_Tom/install/example_system/share/example_system/package.bash'
[7.352s] INFO:colcon.colcon_core.shell:Creating package script '/home/t-lemmel/Aquabot_Tom/install/example_system/share/example_system/package.zsh'
[7.353s] Level 1:colcon.colcon_core.environment:create_file_with_runtime_dependencies(/home/t-lemmel/Aquabot_Tom/install/example_system/share/colcon-core/packages/example_system)
[7.362s] Level 1:colcon.colcon_core.environment:create_environment_scripts_only(test_float)
[7.365s] DEBUG:colcon.colcon_core.event_handler.log_command:Invoked command in '/home/t-lemmel/Aquabot_Tom/build/test_float' returned '0': CMAKE_PREFIX_PATH=${CMAKE_PREFIX_PATH}:/opt/ros/humble PS1_ori=\[\e]0;\u@\h: \w\a\]${debian_chroot:+($debian_chroot)}\[\033[01;32m\]\u@\h\[\033[00m\]:\[\033[01;34m\]\w\[\033[00m\]\$ /usr/bin/cmake --install /home/t-lemmel/Aquabot_Tom/build/test_float
[7.425s] Level 1:colcon.colcon_core.environment:checking '/home/t-lemmel/Aquabot_Tom/install/test_float' for CMake module files
[7.428s] Level 1:colcon.colcon_core.environment:checking '/home/t-lemmel/Aquabot_Tom/install/test_float' for CMake config files
[7.429s] Level 1:colcon.colcon_core.shell:create_environment_hook('test_float', 'cmake_prefix_path')
[7.484s] INFO:colcon.colcon_core.shell:Creating environment hook '/home/t-lemmel/Aquabot_Tom/install/test_float/share/test_float/hook/cmake_prefix_path.ps1'
[7.485s] INFO:colcon.colcon_core.shell:Creating environment descriptor '/home/t-lemmel/Aquabot_Tom/install/test_float/share/test_float/hook/cmake_prefix_path.dsv'
[7.485s] INFO:colcon.colcon_core.shell:Creating environment hook '/home/t-lemmel/Aquabot_Tom/install/test_float/share/test_float/hook/cmake_prefix_path.sh'
[7.487s] Level 1:colcon.colcon_core.environment:checking '/home/t-lemmel/Aquabot_Tom/install/test_float/lib'
[7.487s] Level 1:colcon.colcon_core.environment:checking '/home/t-lemmel/Aquabot_Tom/install/test_float/bin'
[7.487s] Level 1:colcon.colcon_core.environment:checking '/home/t-lemmel/Aquabot_Tom/install/test_float/lib/pkgconfig/test_float.pc'
[7.488s] Level 1:colcon.colcon_core.environment:checking '/home/t-lemmel/Aquabot_Tom/install/test_float/lib/python3.10/site-packages'
[7.489s] Level 1:colcon.colcon_core.environment:checking '/home/t-lemmel/Aquabot_Tom/install/test_float/bin'
[7.567s] INFO:colcon.colcon_core.shell:Creating package script '/home/t-lemmel/Aquabot_Tom/install/test_float/share/test_float/package.ps1'
[7.568s] INFO:colcon.colcon_core.shell:Creating package descriptor '/home/t-lemmel/Aquabot_Tom/install/test_float/share/test_float/package.dsv'
[7.569s] INFO:colcon.colcon_core.shell:Creating package script '/home/t-lemmel/Aquabot_Tom/install/test_float/share/test_float/package.sh'
[7.569s] INFO:colcon.colcon_core.shell:Creating package script '/home/t-lemmel/Aquabot_Tom/install/test_float/share/test_float/package.bash'
[7.570s] INFO:colcon.colcon_core.shell:Creating package script '/home/t-lemmel/Aquabot_Tom/install/test_float/share/test_float/package.zsh'
[7.571s] Level 1:colcon.colcon_core.environment:create_file_with_runtime_dependencies(/home/t-lemmel/Aquabot_Tom/install/test_float/share/colcon-core/packages/test_float)
[7.647s] Level 1:colcon.colcon_core.environment:create_environment_scripts_only(pid_library)
[7.711s] Level 1:colcon.colcon_core.environment:checking '/home/t-lemmel/Aquabot_Tom/install/pid_library' for CMake module files
[7.713s] Level 1:colcon.colcon_core.environment:checking '/home/t-lemmel/Aquabot_Tom/install/pid_library' for CMake config files
[7.714s] Level 1:colcon.colcon_core.shell:create_environment_hook('pid_library', 'cmake_prefix_path')
[7.772s] INFO:colcon.colcon_core.shell:Creating environment hook '/home/t-lemmel/Aquabot_Tom/install/pid_library/share/pid_library/hook/cmake_prefix_path.ps1'
[7.773s] INFO:colcon.colcon_core.shell:Creating environment descriptor '/home/t-lemmel/Aquabot_Tom/install/pid_library/share/pid_library/hook/cmake_prefix_path.dsv'
[7.774s] INFO:colcon.colcon_core.shell:Creating environment hook '/home/t-lemmel/Aquabot_Tom/install/pid_library/share/pid_library/hook/cmake_prefix_path.sh'
[7.775s] Level 1:colcon.colcon_core.environment:checking '/home/t-lemmel/Aquabot_Tom/install/pid_library/lib'
[7.775s] Level 1:colcon.colcon_core.environment:checking '/home/t-lemmel/Aquabot_Tom/install/pid_library/bin'
[7.775s] Level 1:colcon.colcon_core.environment:checking '/home/t-lemmel/Aquabot_Tom/install/pid_library/lib/pkgconfig/pid_library.pc'
[7.776s] Level 1:colcon.colcon_core.environment:checking '/home/t-lemmel/Aquabot_Tom/install/pid_library/lib/python3.10/site-packages'
[7.776s] Level 1:colcon.colcon_core.environment:checking '/home/t-lemmel/Aquabot_Tom/install/pid_library/bin'
[7.832s] INFO:colcon.colcon_core.shell:Creating package script '/home/t-lemmel/Aquabot_Tom/install/pid_library/share/pid_library/package.ps1'
[7.834s] INFO:colcon.colcon_core.shell:Creating package descriptor '/home/t-lemmel/Aquabot_Tom/install/pid_library/share/pid_library/package.dsv'
[7.837s] INFO:colcon.colcon_core.shell:Creating package script '/home/t-lemmel/Aquabot_Tom/install/pid_library/share/pid_library/package.sh'
[7.838s] INFO:colcon.colcon_core.shell:Creating package script '/home/t-lemmel/Aquabot_Tom/install/pid_library/share/pid_library/package.bash'
[7.840s] INFO:colcon.colcon_core.shell:Creating package script '/home/t-lemmel/Aquabot_Tom/install/pid_library/share/pid_library/package.zsh'
[7.842s] Level 1:colcon.colcon_core.environment:create_file_with_runtime_dependencies(/home/t-lemmel/Aquabot_Tom/install/pid_library/share/colcon-core/packages/pid_library)
[7.909s] Level 1:colcon.colcon_core.environment:create_environment_scripts_only(package_thruster_activation)
[7.958s] Level 1:colcon.colcon_core.environment:checking '/home/t-lemmel/Aquabot_Tom/install/package_thruster_activation' for CMake module files
[7.962s] Level 1:colcon.colcon_core.environment:checking '/home/t-lemmel/Aquabot_Tom/install/package_thruster_activation' for CMake config files
[7.963s] Level 1:colcon.colcon_core.shell:create_environment_hook('package_thruster_activation', 'cmake_prefix_path')
[8.011s] INFO:colcon.colcon_core.shell:Creating environment hook '/home/t-lemmel/Aquabot_Tom/install/package_thruster_activation/share/package_thruster_activation/hook/cmake_prefix_path.ps1'
[8.013s] INFO:colcon.colcon_core.shell:Creating environment descriptor '/home/t-lemmel/Aquabot_Tom/install/package_thruster_activation/share/package_thruster_activation/hook/cmake_prefix_path.dsv'
[8.016s] INFO:colcon.colcon_core.shell:Creating environment hook '/home/t-lemmel/Aquabot_Tom/install/package_thruster_activation/share/package_thruster_activation/hook/cmake_prefix_path.sh'
[8.021s] Level 1:colcon.colcon_core.environment:checking '/home/t-lemmel/Aquabot_Tom/install/package_thruster_activation/lib'
[8.022s] Level 1:colcon.colcon_core.environment:checking '/home/t-lemmel/Aquabot_Tom/install/package_thruster_activation/bin'
[8.023s] Level 1:colcon.colcon_core.environment:checking '/home/t-lemmel/Aquabot_Tom/install/package_thruster_activation/lib/pkgconfig/package_thruster_activation.pc'
[8.025s] Level 1:colcon.colcon_core.environment:checking '/home/t-lemmel/Aquabot_Tom/install/package_thruster_activation/lib/python3.10/site-packages'
[8.025s] Level 1:colcon.colcon_core.environment:checking '/home/t-lemmel/Aquabot_Tom/install/package_thruster_activation/bin'
[8.080s] INFO:colcon.colcon_core.shell:Creating package script '/home/t-lemmel/Aquabot_Tom/install/package_thruster_activation/share/package_thruster_activation/package.ps1'
[8.082s] INFO:colcon.colcon_core.shell:Creating package descriptor '/home/t-lemmel/Aquabot_Tom/install/package_thruster_activation/share/package_thruster_activation/package.dsv'
[8.084s] INFO:colcon.colcon_core.shell:Creating package script '/home/t-lemmel/Aquabot_Tom/install/package_thruster_activation/share/package_thruster_activation/package.sh'
[8.086s] INFO:colcon.colcon_core.shell:Creating package script '/home/t-lemmel/Aquabot_Tom/install/package_thruster_activation/share/package_thruster_activation/package.bash'
[8.090s] INFO:colcon.colcon_core.shell:Creating package script '/home/t-lemmel/Aquabot_Tom/install/package_thruster_activation/share/package_thruster_activation/package.zsh'
[8.092s] Level 1:colcon.colcon_core.environment:create_file_with_runtime_dependencies(/home/t-lemmel/Aquabot_Tom/install/package_thruster_activation/share/colcon-core/packages/package_thruster_activation)
[8.092s] INFO:colcon.colcon_ros.task.ament_cmake.build:Building ROS package in '/home/t-lemmel/Aquabot_Tom/src/ros2_pid_library/use_library' with build type 'ament_cmake'
[8.092s] INFO:colcon.colcon_cmake.task.cmake.build:Building CMake package in '/home/t-lemmel/Aquabot_Tom/src/ros2_pid_library/use_library'
[8.158s] INFO:colcon.colcon_core.shell:Skip shell extension 'powershell' for command environment: Not usable outside of PowerShell
[8.158s] DEBUG:colcon.colcon_core.shell:Skip shell extension 'dsv' for command environment
[8.411s] Level 1:colcon.colcon_core.environment:create_environment_scripts_only(example_system)
[8.482s] Level 1:colcon.colcon_core.environment:checking '/home/t-lemmel/Aquabot_Tom/install/example_system' for CMake module files
[8.484s] Level 1:colcon.colcon_core.environment:checking '/home/t-lemmel/Aquabot_Tom/install/example_system' for CMake config files
[8.485s] Level 1:colcon.colcon_core.shell:create_environment_hook('example_system', 'cmake_prefix_path')
[8.536s] INFO:colcon.colcon_core.shell:Creating environment hook '/home/t-lemmel/Aquabot_Tom/install/example_system/share/example_system/hook/cmake_prefix_path.ps1'
[8.537s] INFO:colcon.colcon_core.shell:Creating environment descriptor '/home/t-lemmel/Aquabot_Tom/install/example_system/share/example_system/hook/cmake_prefix_path.dsv'
[8.539s] INFO:colcon.colcon_core.shell:Creating environment hook '/home/t-lemmel/Aquabot_Tom/install/example_system/share/example_system/hook/cmake_prefix_path.sh'
[8.543s] Level 1:colcon.colcon_core.environment:checking '/home/t-lemmel/Aquabot_Tom/install/example_system/lib'
[8.544s] Level 1:colcon.colcon_core.environment:checking '/home/t-lemmel/Aquabot_Tom/install/example_system/bin'
[8.544s] Level 1:colcon.colcon_core.environment:checking '/home/t-lemmel/Aquabot_Tom/install/example_system/lib/pkgconfig/example_system.pc'
[8.546s] Level 1:colcon.colcon_core.environment:checking '/home/t-lemmel/Aquabot_Tom/install/example_system/lib/python3.10/site-packages'
[8.547s] Level 1:colcon.colcon_core.environment:checking '/home/t-lemmel/Aquabot_Tom/install/example_system/bin'
[8.597s] INFO:colcon.colcon_core.shell:Creating package script '/home/t-lemmel/Aquabot_Tom/install/example_system/share/example_system/package.ps1'
[8.598s] INFO:colcon.colcon_core.shell:Creating package descriptor '/home/t-lemmel/Aquabot_Tom/install/example_system/share/example_system/package.dsv'
[8.599s] INFO:colcon.colcon_core.shell:Creating package script '/home/t-lemmel/Aquabot_Tom/install/example_system/share/example_system/package.sh'
[8.599s] INFO:colcon.colcon_core.shell:Creating package script '/home/t-lemmel/Aquabot_Tom/install/example_system/share/example_system/package.bash'
[8.601s] INFO:colcon.colcon_core.shell:Creating package script '/home/t-lemmel/Aquabot_Tom/install/example_system/share/example_system/package.zsh'
[8.602s] Level 1:colcon.colcon_core.environment:create_file_with_runtime_dependencies(/home/t-lemmel/Aquabot_Tom/install/example_system/share/colcon-core/packages/example_system)
[8.674s] Level 1:colcon.colcon_core.environment:create_environment_scripts_only(test_float)
[8.733s] Level 1:colcon.colcon_core.environment:checking '/home/t-lemmel/Aquabot_Tom/install/test_float' for CMake module files
[8.735s] Level 1:colcon.colcon_core.environment:checking '/home/t-lemmel/Aquabot_Tom/install/test_float' for CMake config files
[8.736s] Level 1:colcon.colcon_core.shell:create_environment_hook('test_float', 'cmake_prefix_path')
[8.798s] INFO:colcon.colcon_core.shell:Creating environment hook '/home/t-lemmel/Aquabot_Tom/install/test_float/share/test_float/hook/cmake_prefix_path.ps1'
[8.800s] INFO:colcon.colcon_core.shell:Creating environment descriptor '/home/t-lemmel/Aquabot_Tom/install/test_float/share/test_float/hook/cmake_prefix_path.dsv'
[8.801s] INFO:colcon.colcon_core.shell:Creating environment hook '/home/t-lemmel/Aquabot_Tom/install/test_float/share/test_float/hook/cmake_prefix_path.sh'
[8.802s] Level 1:colcon.colcon_core.environment:checking '/home/t-lemmel/Aquabot_Tom/install/test_float/lib'
[8.802s] Level 1:colcon.colcon_core.environment:checking '/home/t-lemmel/Aquabot_Tom/install/test_float/bin'
[8.802s] Level 1:colcon.colcon_core.environment:checking '/home/t-lemmel/Aquabot_Tom/install/test_float/lib/pkgconfig/test_float.pc'
[8.803s] Level 1:colcon.colcon_core.environment:checking '/home/t-lemmel/Aquabot_Tom/install/test_float/lib/python3.10/site-packages'
[8.803s] Level 1:colcon.colcon_core.environment:checking '/home/t-lemmel/Aquabot_Tom/install/test_float/bin'
[8.841s] INFO:colcon.colcon_core.shell:Creating package script '/home/t-lemmel/Aquabot_Tom/install/test_float/share/test_float/package.ps1'
[8.842s] INFO:colcon.colcon_core.shell:Creating package descriptor '/home/t-lemmel/Aquabot_Tom/install/test_float/share/test_float/package.dsv'
[8.843s] INFO:colcon.colcon_core.shell:Creating package script '/home/t-lemmel/Aquabot_Tom/install/test_float/share/test_float/package.sh'
[8.845s] INFO:colcon.colcon_core.shell:Creating package script '/home/t-lemmel/Aquabot_Tom/install/test_float/share/test_float/package.bash'
[8.847s] INFO:colcon.colcon_core.shell:Creating package script '/home/t-lemmel/Aquabot_Tom/install/test_float/share/test_float/package.zsh'
[8.848s] Level 1:colcon.colcon_core.environment:create_file_with_runtime_dependencies(/home/t-lemmel/Aquabot_Tom/install/test_float/share/colcon-core/packages/test_float)
[8.874s] DEBUG:colcon.colcon_core.event_handler.log_command:Invoking command in '/home/t-lemmel/Aquabot_Tom/build/use_library': AMENT_PREFIX_PATH=/home/t-lemmel/Aquabot_Tom/install/pid_library:${AMENT_PREFIX_PATH} CMAKE_PREFIX_PATH=/home/t-lemmel/Aquabot_Tom/install/pid_library:/home/t-lemmel/Aquabot_Tom/install/use_library:/home/t-lemmel/Aquabot_Tom/install/test_float:/home/t-lemmel/Aquabot_Tom/install/package_thruster_activation:/home/t-lemmel/Aquabot_Tom/install/example_system:/home/t-lemmel/Aquabot_Tom/install/aquabot_common_tom:/home/t-lemmel/Aquabot_Tom/install/aquabot_common:/home/t-lemmel/vrx_ws/install:/opt/ros/humble PS1_ori=\[\e]0;\u@\h: \w\a\]${debian_chroot:+($debian_chroot)}\[\033[01;32m\]\u@\h\[\033[00m\]:\[\033[01;34m\]\w\[\033[00m\]\$ /usr/bin/cmake --build /home/t-lemmel/Aquabot_Tom/build/use_library -- -j8 -l8
[8.875s] DEBUG:colcon.colcon_core.event_handler.log_command:Invoked command in '/home/t-lemmel/Aquabot_Tom/build/aquabot_common_tom' returned '1': CMAKE_PREFIX_PATH=${CMAKE_PREFIX_PATH}:/opt/ros/humble PS1_ori=\[\e]0;\u@\h: \w\a\]${debian_chroot:+($debian_chroot)}\[\033[01;32m\]\u@\h\[\033[00m\]:\[\033[01;34m\]\w\[\033[00m\]\$ /usr/bin/cmake /home/t-lemmel/Aquabot_Tom/src/aquabot_common -DAMENT_CMAKE_SYMLINK_INSTALL=1 -DCMAKE_INSTALL_PREFIX=/home/t-lemmel/Aquabot_Tom/install/aquabot_common_tom
[8.905s] Level 1:colcon.colcon_core.environment:create_environment_scripts_only(aquabot_common_tom)
[8.965s] Level 1:colcon.colcon_core.environment:checking '/home/t-lemmel/Aquabot_Tom/install/aquabot_common_tom' for CMake module files
[8.965s] Level 1:colcon.colcon_core.environment:checking '/home/t-lemmel/Aquabot_Tom/install/aquabot_common_tom' for CMake config files
[8.966s] Level 1:colcon.colcon_core.environment:checking '/home/t-lemmel/Aquabot_Tom/install/aquabot_common_tom/bin'
[8.966s] Level 1:colcon.colcon_core.environment:checking '/home/t-lemmel/Aquabot_Tom/install/aquabot_common_tom/lib/pkgconfig/aquabot_common_tom.pc'
[8.967s] Level 1:colcon.colcon_core.environment:checking '/home/t-lemmel/Aquabot_Tom/install/aquabot_common_tom/lib/python3.10/site-packages'
[8.969s] Level 1:colcon.colcon_core.environment:checking '/home/t-lemmel/Aquabot_Tom/install/aquabot_common_tom/bin'
[9.035s] INFO:colcon.colcon_core.shell:Creating package script '/home/t-lemmel/Aquabot_Tom/install/aquabot_common_tom/share/aquabot_common_tom/package.ps1'
[9.036s] INFO:colcon.colcon_core.shell:Creating package descriptor '/home/t-lemmel/Aquabot_Tom/install/aquabot_common_tom/share/aquabot_common_tom/package.dsv'
[9.037s] INFO:colcon.colcon_core.shell:Creating package script '/home/t-lemmel/Aquabot_Tom/install/aquabot_common_tom/share/aquabot_common_tom/package.sh'
[9.037s] INFO:colcon.colcon_core.shell:Creating package script '/home/t-lemmel/Aquabot_Tom/install/aquabot_common_tom/share/aquabot_common_tom/package.bash'
[9.037s] INFO:colcon.colcon_core.shell:Creating package script '/home/t-lemmel/Aquabot_Tom/install/aquabot_common_tom/share/aquabot_common_tom/package.zsh'
[9.038s] Level 1:colcon.colcon_core.environment:create_file_with_runtime_dependencies(/home/t-lemmel/Aquabot_Tom/install/aquabot_common_tom/share/colcon-core/packages/aquabot_common_tom)
[9.086s] DEBUG:colcon.colcon_core.event_handler.log_command:Invoked command in '/home/t-lemmel/Aquabot_Tom/build/use_library' returned '0': AMENT_PREFIX_PATH=/home/t-lemmel/Aquabot_Tom/install/pid_library:${AMENT_PREFIX_PATH} CMAKE_PREFIX_PATH=/home/t-lemmel/Aquabot_Tom/install/pid_library:/home/t-lemmel/Aquabot_Tom/install/use_library:/home/t-lemmel/Aquabot_Tom/install/test_float:/home/t-lemmel/Aquabot_Tom/install/package_thruster_activation:/home/t-lemmel/Aquabot_Tom/install/example_system:/home/t-lemmel/Aquabot_Tom/install/aquabot_common_tom:/home/t-lemmel/Aquabot_Tom/install/aquabot_common:/home/t-lemmel/vrx_ws/install:/opt/ros/humble PS1_ori=\[\e]0;\u@\h: \w\a\]${debian_chroot:+($debian_chroot)}\[\033[01;32m\]\u@\h\[\033[00m\]:\[\033[01;34m\]\w\[\033[00m\]\$ /usr/bin/cmake --build /home/t-lemmel/Aquabot_Tom/build/use_library -- -j8 -l8
[9.182s] DEBUG:colcon.colcon_core.event_handler.log_command:Invoking command in '/home/t-lemmel/Aquabot_Tom/build/use_library': AMENT_PREFIX_PATH=/home/t-lemmel/Aquabot_Tom/install/pid_library:${AMENT_PREFIX_PATH} CMAKE_PREFIX_PATH=/home/t-lemmel/Aquabot_Tom/install/pid_library:/home/t-lemmel/Aquabot_Tom/install/use_library:/home/t-lemmel/Aquabot_Tom/install/test_float:/home/t-lemmel/Aquabot_Tom/install/package_thruster_activation:/home/t-lemmel/Aquabot_Tom/install/example_system:/home/t-lemmel/Aquabot_Tom/install/aquabot_common_tom:/home/t-lemmel/Aquabot_Tom/install/aquabot_common:/home/t-lemmel/vrx_ws/install:/opt/ros/humble PS1_ori=\[\e]0;\u@\h: \w\a\]${debian_chroot:+($debian_chroot)}\[\033[01;32m\]\u@\h\[\033[00m\]:\[\033[01;34m\]\w\[\033[00m\]\$ /usr/bin/cmake --install /home/t-lemmel/Aquabot_Tom/build/use_library
[9.251s] Level 1:colcon.colcon_core.environment:create_environment_scripts_only(use_library)
[9.253s] DEBUG:colcon.colcon_core.event_handler.log_command:Invoked command in '/home/t-lemmel/Aquabot_Tom/build/use_library' returned '0': AMENT_PREFIX_PATH=/home/t-lemmel/Aquabot_Tom/install/pid_library:${AMENT_PREFIX_PATH} CMAKE_PREFIX_PATH=/home/t-lemmel/Aquabot_Tom/install/pid_library:/home/t-lemmel/Aquabot_Tom/install/use_library:/home/t-lemmel/Aquabot_Tom/install/test_float:/home/t-lemmel/Aquabot_Tom/install/package_thruster_activation:/home/t-lemmel/Aquabot_Tom/install/example_system:/home/t-lemmel/Aquabot_Tom/install/aquabot_common_tom:/home/t-lemmel/Aquabot_Tom/install/aquabot_common:/home/t-lemmel/vrx_ws/install:/opt/ros/humble PS1_ori=\[\e]0;\u@\h: \w\a\]${debian_chroot:+($debian_chroot)}\[\033[01;32m\]\u@\h\[\033[00m\]:\[\033[01;34m\]\w\[\033[00m\]\$ /usr/bin/cmake --install /home/t-lemmel/Aquabot_Tom/build/use_library
[9.299s] Level 1:colcon.colcon_core.environment:checking '/home/t-lemmel/Aquabot_Tom/install/use_library' for CMake module files
[9.302s] Level 1:colcon.colcon_core.environment:checking '/home/t-lemmel/Aquabot_Tom/install/use_library' for CMake config files
[9.303s] Level 1:colcon.colcon_core.shell:create_environment_hook('use_library', 'cmake_prefix_path')
[9.369s] INFO:colcon.colcon_core.shell:Creating environment hook '/home/t-lemmel/Aquabot_Tom/install/use_library/share/use_library/hook/cmake_prefix_path.ps1'
[9.371s] INFO:colcon.colcon_core.shell:Creating environment descriptor '/home/t-lemmel/Aquabot_Tom/install/use_library/share/use_library/hook/cmake_prefix_path.dsv'
[9.372s] INFO:colcon.colcon_core.shell:Creating environment hook '/home/t-lemmel/Aquabot_Tom/install/use_library/share/use_library/hook/cmake_prefix_path.sh'
[9.374s] Level 1:colcon.colcon_core.environment:checking '/home/t-lemmel/Aquabot_Tom/install/use_library/lib'
[9.375s] Level 1:colcon.colcon_core.environment:checking '/home/t-lemmel/Aquabot_Tom/install/use_library/bin'
[9.375s] Level 1:colcon.colcon_core.environment:checking '/home/t-lemmel/Aquabot_Tom/install/use_library/lib/pkgconfig/use_library.pc'
[9.376s] Level 1:colcon.colcon_core.environment:checking '/home/t-lemmel/Aquabot_Tom/install/use_library/lib/python3.10/site-packages'
[9.378s] Level 1:colcon.colcon_core.environment:checking '/home/t-lemmel/Aquabot_Tom/install/use_library/bin'
[9.432s] INFO:colcon.colcon_core.shell:Creating package script '/home/t-lemmel/Aquabot_Tom/install/use_library/share/use_library/package.ps1'
[9.434s] INFO:colcon.colcon_core.shell:Creating package descriptor '/home/t-lemmel/Aquabot_Tom/install/use_library/share/use_library/package.dsv'
[9.436s] INFO:colcon.colcon_core.shell:Creating package script '/home/t-lemmel/Aquabot_Tom/install/use_library/share/use_library/package.sh'
[9.438s] INFO:colcon.colcon_core.shell:Creating package script '/home/t-lemmel/Aquabot_Tom/install/use_library/share/use_library/package.bash'
[9.439s] INFO:colcon.colcon_core.shell:Creating package script '/home/t-lemmel/Aquabot_Tom/install/use_library/share/use_library/package.zsh'
[9.440s] Level 1:colcon.colcon_core.environment:create_file_with_runtime_dependencies(/home/t-lemmel/Aquabot_Tom/install/use_library/share/colcon-core/packages/use_library)
[9.586s] Level 1:colcon.colcon_core.environment:create_environment_scripts_only(use_library)
[9.649s] Level 1:colcon.colcon_core.environment:checking '/home/t-lemmel/Aquabot_Tom/install/use_library' for CMake module files
[9.651s] Level 1:colcon.colcon_core.environment:checking '/home/t-lemmel/Aquabot_Tom/install/use_library' for CMake config files
[9.651s] Level 1:colcon.colcon_core.shell:create_environment_hook('use_library', 'cmake_prefix_path')
[9.709s] INFO:colcon.colcon_core.shell:Creating environment hook '/home/t-lemmel/Aquabot_Tom/install/use_library/share/use_library/hook/cmake_prefix_path.ps1'
[9.709s] INFO:colcon.colcon_core.shell:Creating environment descriptor '/home/t-lemmel/Aquabot_Tom/install/use_library/share/use_library/hook/cmake_prefix_path.dsv'
[9.711s] INFO:colcon.colcon_core.shell:Creating environment hook '/home/t-lemmel/Aquabot_Tom/install/use_library/share/use_library/hook/cmake_prefix_path.sh'
[9.714s] Level 1:colcon.colcon_core.environment:checking '/home/t-lemmel/Aquabot_Tom/install/use_library/lib'
[9.714s] Level 1:colcon.colcon_core.environment:checking '/home/t-lemmel/Aquabot_Tom/install/use_library/bin'
[9.714s] Level 1:colcon.colcon_core.environment:checking '/home/t-lemmel/Aquabot_Tom/install/use_library/lib/pkgconfig/use_library.pc'
[9.716s] Level 1:colcon.colcon_core.environment:checking '/home/t-lemmel/Aquabot_Tom/install/use_library/lib/python3.10/site-packages'
[9.717s] Level 1:colcon.colcon_core.environment:checking '/home/t-lemmel/Aquabot_Tom/install/use_library/bin'
[9.759s] INFO:colcon.colcon_core.shell:Creating package script '/home/t-lemmel/Aquabot_Tom/install/use_library/share/use_library/package.ps1'
[9.760s] INFO:colcon.colcon_core.shell:Creating package descriptor '/home/t-lemmel/Aquabot_Tom/install/use_library/share/use_library/package.dsv'
[9.762s] INFO:colcon.colcon_core.shell:Creating package script '/home/t-lemmel/Aquabot_Tom/install/use_library/share/use_library/package.sh'
[9.764s] INFO:colcon.colcon_core.shell:Creating package script '/home/t-lemmel/Aquabot_Tom/install/use_library/share/use_library/package.bash'
[9.765s] INFO:colcon.colcon_core.shell:Creating package script '/home/t-lemmel/Aquabot_Tom/install/use_library/share/use_library/package.zsh'
[9.766s] Level 1:colcon.colcon_core.environment:create_file_with_runtime_dependencies(/home/t-lemmel/Aquabot_Tom/install/use_library/share/colcon-core/packages/use_library)
[9.778s] DEBUG:colcon.colcon_parallel_executor.executor.parallel:closing loop
[9.778s] DEBUG:colcon.colcon_parallel_executor.executor.parallel:loop closed
[9.779s] DEBUG:colcon.colcon_parallel_executor.executor.parallel:run_until_complete finished with '1'
[9.779s] DEBUG:colcon.colcon_core.event_reactor:joining thread
[9.851s] INFO:colcon.colcon_core.plugin_system:Skipping extension 'colcon_notification.desktop_notification.terminal_notifier': Not used on non-Darwin systems
[9.851s] INFO:colcon.colcon_core.plugin_system:Skipping extension 'colcon_notification.desktop_notification.win32': Not used on non-Windows systems
[9.851s] INFO:colcon.colcon_notification.desktop_notification:Sending desktop notification using 'notify2'
[9.888s] DEBUG:colcon.colcon_core.event_reactor:joined thread
[9.960s] INFO:colcon.colcon_core.shell:Creating prefix script '/home/t-lemmel/Aquabot_Tom/install/local_setup.ps1'
[9.962s] INFO:colcon.colcon_core.shell:Creating prefix util module '/home/t-lemmel/Aquabot_Tom/install/_local_setup_util_ps1.py'
[9.966s] INFO:colcon.colcon_core.shell:Creating prefix chain script '/home/t-lemmel/Aquabot_Tom/install/setup.ps1'
[10.029s] INFO:colcon.colcon_core.shell:Creating prefix script '/home/t-lemmel/Aquabot_Tom/install/local_setup.sh'
[10.031s] INFO:colcon.colcon_core.shell:Creating prefix util module '/home/t-lemmel/Aquabot_Tom/install/_local_setup_util_sh.py'
[10.033s] INFO:colcon.colcon_core.shell:Creating prefix chain script '/home/t-lemmel/Aquabot_Tom/install/setup.sh'
[10.094s] INFO:colcon.colcon_core.shell:Creating prefix script '/home/t-lemmel/Aquabot_Tom/install/local_setup.bash'
[10.095s] INFO:colcon.colcon_core.shell:Creating prefix chain script '/home/t-lemmel/Aquabot_Tom/install/setup.bash'
[10.161s] INFO:colcon.colcon_core.shell:Creating prefix script '/home/t-lemmel/Aquabot_Tom/install/local_setup.zsh'
[10.162s] INFO:colcon.colcon_core.shell:Creating prefix chain script '/home/t-lemmel/Aquabot_Tom/install/setup.zsh'
