[1.288s] DEBUG:colcon:Command line arguments: ['/usr/bin/colcon', 'build', '--symlink-install', '--continue-on-error']
[1.288s] DEBUG:colcon:Parsed command line arguments: Namespace(log_base=None, log_level=None, verb_name='build', build_base='build', install_base='install', merge_install=False, symlink_install=True, test_result_base=None, continue_on_error=True, executor='parallel', parallel_workers=8, event_handlers=None, ignore_user_meta=False, metas=['./colcon.meta'], base_paths=['.'], packages_ignore=None, packages_ignore_regex=None, paths=None, packages_up_to=None, packages_up_to_regex=None, packages_above=None, packages_above_and_dependencies=None, packages_above_depth=None, packages_select_by_dep=None, packages_skip_by_dep=None, packages_skip_up_to=None, packages_select_build_failed=False, packages_skip_build_finished=False, packages_select_test_failures=False, packages_skip_test_passed=False, packages_select=None, packages_skip=None, packages_select_regex=None, packages_skip_regex=None, packages_start=None, packages_end=None, allow_overriding=[], cmake_args=None, cmake_target=None, cmake_target_skip_unavailable=False, cmake_clean_cache=False, cmake_clean_first=False, cmake_force_configure=False, ament_cmake_args=None, catkin_cmake_args=None, catkin_skip_building_tests=False, verb_parser=<colcon_defaults.argument_parser.defaults.DefaultArgumentsDecorator object at 0x7f6ed2e67190>, verb_extension=<colcon_core.verb.build.BuildVerb object at 0x7f6ed2e67dc0>, main=<bound method BuildVerb.main of <colcon_core.verb.build.BuildVerb object at 0x7f6ed2e67dc0>>)
[1.348s] Level 1:colcon.colcon_core.package_discovery:discover_packages(colcon_meta) check parameters
[1.348s] Level 1:colcon.colcon_core.package_discovery:discover_packages(recursive) check parameters
[1.348s] Level 1:colcon.colcon_core.package_discovery:discover_packages(ignore) check parameters
[1.348s] Level 1:colcon.colcon_core.package_discovery:discover_packages(path) check parameters
[1.348s] Level 1:colcon.colcon_core.package_discovery:discover_packages(colcon_meta) discover
[1.348s] Level 1:colcon.colcon_core.package_discovery:discover_packages(recursive) discover
[1.348s] INFO:colcon.colcon_core.package_discovery:Crawling recursively for packages in '/home/t-lemmel/Aquabot_Tom'
[1.348s] Level 1:colcon.colcon_core.package_identification:_identify(.) by extensions ['ignore', 'ignore_ament_install']
[1.348s] Level 1:colcon.colcon_core.package_identification:_identify(.) by extension 'ignore'
[1.348s] Level 1:colcon.colcon_core.package_identification:_identify(.) by extension 'ignore_ament_install'
[1.348s] Level 1:colcon.colcon_core.package_identification:_identify(.) by extensions ['colcon_pkg']
[1.349s] Level 1:colcon.colcon_core.package_identification:_identify(.) by extension 'colcon_pkg'
[1.349s] Level 1:colcon.colcon_core.package_identification:_identify(.) by extensions ['colcon_meta']
[1.349s] Level 1:colcon.colcon_core.package_identification:_identify(.) by extension 'colcon_meta'
[1.349s] Level 1:colcon.colcon_core.package_identification:_identify(.) by extensions ['ros']
[1.349s] Level 1:colcon.colcon_core.package_identification:_identify(.) by extension 'ros'
[1.363s] Level 1:colcon.colcon_core.package_identification:_identify(.) by extensions ['cmake', 'python']
[1.363s] Level 1:colcon.colcon_core.package_identification:_identify(.) by extension 'cmake'
[1.363s] Level 1:colcon.colcon_core.package_identification:_identify(.) by extension 'python'
[1.363s] Level 1:colcon.colcon_core.package_identification:_identify(.) by extensions ['python_setup_py']
[1.363s] Level 1:colcon.colcon_core.package_identification:_identify(.) by extension 'python_setup_py'
[1.363s] Level 1:colcon.colcon_core.package_identification:_identify(build) by extensions ['ignore', 'ignore_ament_install']
[1.363s] Level 1:colcon.colcon_core.package_identification:_identify(build) by extension 'ignore'
[1.363s] Level 1:colcon.colcon_core.package_identification:_identify(build) ignored
[1.363s] Level 1:colcon.colcon_core.package_identification:_identify(install) by extensions ['ignore', 'ignore_ament_install']
[1.363s] Level 1:colcon.colcon_core.package_identification:_identify(install) by extension 'ignore'
[1.363s] Level 1:colcon.colcon_core.package_identification:_identify(install) ignored
[1.364s] Level 1:colcon.colcon_core.package_identification:_identify(log) by extensions ['ignore', 'ignore_ament_install']
[1.364s] Level 1:colcon.colcon_core.package_identification:_identify(log) by extension 'ignore'
[1.364s] Level 1:colcon.colcon_core.package_identification:_identify(log) ignored
[1.364s] Level 1:colcon.colcon_core.package_identification:_identify(ros_management_tools) by extensions ['ignore', 'ignore_ament_install']
[1.364s] Level 1:colcon.colcon_core.package_identification:_identify(ros_management_tools) by extension 'ignore'
[1.364s] Level 1:colcon.colcon_core.package_identification:_identify(ros_management_tools) by extension 'ignore_ament_install'
[1.364s] Level 1:colcon.colcon_core.package_identification:_identify(ros_management_tools) by extensions ['colcon_pkg']
[1.364s] Level 1:colcon.colcon_core.package_identification:_identify(ros_management_tools) by extension 'colcon_pkg'
[1.364s] Level 1:colcon.colcon_core.package_identification:_identify(ros_management_tools) by extensions ['colcon_meta']
[1.364s] Level 1:colcon.colcon_core.package_identification:_identify(ros_management_tools) by extension 'colcon_meta'
[1.365s] Level 1:colcon.colcon_core.package_identification:_identify(ros_management_tools) by extensions ['ros']
[1.365s] Level 1:colcon.colcon_core.package_identification:_identify(ros_management_tools) by extension 'ros'
[1.365s] Level 1:colcon.colcon_core.package_identification:_identify(ros_management_tools) by extensions ['cmake', 'python']
[1.365s] Level 1:colcon.colcon_core.package_identification:_identify(ros_management_tools) by extension 'cmake'
[1.365s] Level 1:colcon.colcon_core.package_identification:_identify(ros_management_tools) by extension 'python'
[1.365s] Level 1:colcon.colcon_core.package_identification:_identify(ros_management_tools) by extensions ['python_setup_py']
[1.365s] Level 1:colcon.colcon_core.package_identification:_identify(ros_management_tools) by extension 'python_setup_py'
[1.365s] Level 1:colcon.colcon_core.package_identification:_identify(ros_management_tools/qtcreator) by extensions ['ignore', 'ignore_ament_install']
[1.365s] Level 1:colcon.colcon_core.package_identification:_identify(ros_management_tools/qtcreator) by extension 'ignore'
[1.365s] Level 1:colcon.colcon_core.package_identification:_identify(ros_management_tools/qtcreator) by extension 'ignore_ament_install'
[1.365s] Level 1:colcon.colcon_core.package_identification:_identify(ros_management_tools/qtcreator) by extensions ['colcon_pkg']
[1.365s] Level 1:colcon.colcon_core.package_identification:_identify(ros_management_tools/qtcreator) by extension 'colcon_pkg'
[1.365s] Level 1:colcon.colcon_core.package_identification:_identify(ros_management_tools/qtcreator) by extensions ['colcon_meta']
[1.365s] Level 1:colcon.colcon_core.package_identification:_identify(ros_management_tools/qtcreator) by extension 'colcon_meta'
[1.365s] Level 1:colcon.colcon_core.package_identification:_identify(ros_management_tools/qtcreator) by extensions ['ros']
[1.365s] Level 1:colcon.colcon_core.package_identification:_identify(ros_management_tools/qtcreator) by extension 'ros'
[1.366s] Level 1:colcon.colcon_core.package_identification:_identify(ros_management_tools/qtcreator) by extensions ['cmake', 'python']
[1.366s] Level 1:colcon.colcon_core.package_identification:_identify(ros_management_tools/qtcreator) by extension 'cmake'
[1.366s] Level 1:colcon.colcon_core.package_identification:_identify(ros_management_tools/qtcreator) by extension 'python'
[1.366s] Level 1:colcon.colcon_core.package_identification:_identify(ros_management_tools/qtcreator) by extensions ['python_setup_py']
[1.366s] Level 1:colcon.colcon_core.package_identification:_identify(ros_management_tools/qtcreator) by extension 'python_setup_py'
[1.366s] Level 1:colcon.colcon_core.package_identification:_identify(src) by extensions ['ignore', 'ignore_ament_install']
[1.366s] Level 1:colcon.colcon_core.package_identification:_identify(src) by extension 'ignore'
[1.366s] Level 1:colcon.colcon_core.package_identification:_identify(src) by extension 'ignore_ament_install'
[1.366s] Level 1:colcon.colcon_core.package_identification:_identify(src) by extensions ['colcon_pkg']
[1.366s] Level 1:colcon.colcon_core.package_identification:_identify(src) by extension 'colcon_pkg'
[1.366s] Level 1:colcon.colcon_core.package_identification:_identify(src) by extensions ['colcon_meta']
[1.366s] Level 1:colcon.colcon_core.package_identification:_identify(src) by extension 'colcon_meta'
[1.366s] Level 1:colcon.colcon_core.package_identification:_identify(src) by extensions ['ros']
[1.366s] Level 1:colcon.colcon_core.package_identification:_identify(src) by extension 'ros'
[1.366s] Level 1:colcon.colcon_core.package_identification:_identify(src) by extensions ['cmake', 'python']
[1.366s] Level 1:colcon.colcon_core.package_identification:_identify(src) by extension 'cmake'
[1.366s] Level 1:colcon.colcon_core.package_identification:_identify(src) by extension 'python'
[1.367s] Level 1:colcon.colcon_core.package_identification:_identify(src) by extensions ['python_setup_py']
[1.367s] Level 1:colcon.colcon_core.package_identification:_identify(src) by extension 'python_setup_py'
[1.367s] Level 1:colcon.colcon_core.package_identification:_identify(src/aquabot_common) by extensions ['ignore', 'ignore_ament_install']
[1.367s] Level 1:colcon.colcon_core.package_identification:_identify(src/aquabot_common) by extension 'ignore'
[1.367s] Level 1:colcon.colcon_core.package_identification:_identify(src/aquabot_common) by extension 'ignore_ament_install'
[1.367s] Level 1:colcon.colcon_core.package_identification:_identify(src/aquabot_common) by extensions ['colcon_pkg']
[1.367s] Level 1:colcon.colcon_core.package_identification:_identify(src/aquabot_common) by extension 'colcon_pkg'
[1.367s] Level 1:colcon.colcon_core.package_identification:_identify(src/aquabot_common) by extensions ['colcon_meta']
[1.367s] Level 1:colcon.colcon_core.package_identification:_identify(src/aquabot_common) by extension 'colcon_meta'
[1.367s] Level 1:colcon.colcon_core.package_identification:_identify(src/aquabot_common) by extensions ['ros']
[1.367s] Level 1:colcon.colcon_core.package_identification:_identify(src/aquabot_common) by extension 'ros'
[1.370s] DEBUG:colcon.colcon_core.package_identification:Package 'src/aquabot_common' with type 'ros.ament_cmake' and name 'aquabot_common'
[1.370s] Level 1:colcon.colcon_core.package_identification:_identify(src/package_thruster_activation) by extensions ['ignore', 'ignore_ament_install']
[1.371s] Level 1:colcon.colcon_core.package_identification:_identify(src/package_thruster_activation) by extension 'ignore'
[1.371s] Level 1:colcon.colcon_core.package_identification:_identify(src/package_thruster_activation) by extension 'ignore_ament_install'
[1.371s] Level 1:colcon.colcon_core.package_identification:_identify(src/package_thruster_activation) by extensions ['colcon_pkg']
[1.371s] Level 1:colcon.colcon_core.package_identification:_identify(src/package_thruster_activation) by extension 'colcon_pkg'
[1.371s] Level 1:colcon.colcon_core.package_identification:_identify(src/package_thruster_activation) by extensions ['colcon_meta']
[1.371s] Level 1:colcon.colcon_core.package_identification:_identify(src/package_thruster_activation) by extension 'colcon_meta'
[1.371s] Level 1:colcon.colcon_core.package_identification:_identify(src/package_thruster_activation) by extensions ['ros']
[1.371s] Level 1:colcon.colcon_core.package_identification:_identify(src/package_thruster_activation) by extension 'ros'
[1.371s] DEBUG:colcon.colcon_core.package_identification:Package 'src/package_thruster_activation' with type 'ros.ament_cmake' and name 'package_thruster_activation'
[1.372s] Level 1:colcon.colcon_core.package_identification:_identify(src/ros2_pid_library) by extensions ['ignore', 'ignore_ament_install']
[1.372s] Level 1:colcon.colcon_core.package_identification:_identify(src/ros2_pid_library) by extension 'ignore'
[1.372s] Level 1:colcon.colcon_core.package_identification:_identify(src/ros2_pid_library) by extension 'ignore_ament_install'
[1.372s] Level 1:colcon.colcon_core.package_identification:_identify(src/ros2_pid_library) by extensions ['colcon_pkg']
[1.372s] Level 1:colcon.colcon_core.package_identification:_identify(src/ros2_pid_library) by extension 'colcon_pkg'
[1.372s] Level 1:colcon.colcon_core.package_identification:_identify(src/ros2_pid_library) by extensions ['colcon_meta']
[1.372s] Level 1:colcon.colcon_core.package_identification:_identify(src/ros2_pid_library) by extension 'colcon_meta'
[1.372s] Level 1:colcon.colcon_core.package_identification:_identify(src/ros2_pid_library) by extensions ['ros']
[1.372s] Level 1:colcon.colcon_core.package_identification:_identify(src/ros2_pid_library) by extension 'ros'
[1.372s] Level 1:colcon.colcon_core.package_identification:_identify(src/ros2_pid_library) by extensions ['cmake', 'python']
[1.372s] Level 1:colcon.colcon_core.package_identification:_identify(src/ros2_pid_library) by extension 'cmake'
[1.372s] Level 1:colcon.colcon_core.package_identification:_identify(src/ros2_pid_library) by extension 'python'
[1.372s] Level 1:colcon.colcon_core.package_identification:_identify(src/ros2_pid_library) by extensions ['python_setup_py']
[1.372s] Level 1:colcon.colcon_core.package_identification:_identify(src/ros2_pid_library) by extension 'python_setup_py'
[1.372s] Level 1:colcon.colcon_core.package_identification:_identify(src/ros2_pid_library/build) by extensions ['ignore', 'ignore_ament_install']
[1.373s] Level 1:colcon.colcon_core.package_identification:_identify(src/ros2_pid_library/build) by extension 'ignore'
[1.373s] Level 1:colcon.colcon_core.package_identification:_identify(src/ros2_pid_library/build) ignored
[1.373s] Level 1:colcon.colcon_core.package_identification:_identify(src/ros2_pid_library/example_system) by extensions ['ignore', 'ignore_ament_install']
[1.373s] Level 1:colcon.colcon_core.package_identification:_identify(src/ros2_pid_library/example_system) by extension 'ignore'
[1.373s] Level 1:colcon.colcon_core.package_identification:_identify(src/ros2_pid_library/example_system) by extension 'ignore_ament_install'
[1.373s] Level 1:colcon.colcon_core.package_identification:_identify(src/ros2_pid_library/example_system) by extensions ['colcon_pkg']
[1.373s] Level 1:colcon.colcon_core.package_identification:_identify(src/ros2_pid_library/example_system) by extension 'colcon_pkg'
[1.373s] Level 1:colcon.colcon_core.package_identification:_identify(src/ros2_pid_library/example_system) by extensions ['colcon_meta']
[1.373s] Level 1:colcon.colcon_core.package_identification:_identify(src/ros2_pid_library/example_system) by extension 'colcon_meta'
[1.373s] Level 1:colcon.colcon_core.package_identification:_identify(src/ros2_pid_library/example_system) by extensions ['ros']
[1.373s] Level 1:colcon.colcon_core.package_identification:_identify(src/ros2_pid_library/example_system) by extension 'ros'
[1.374s] DEBUG:colcon.colcon_core.package_identification:Package 'src/ros2_pid_library/example_system' with type 'ros.ament_cmake' and name 'example_system'
[1.374s] Level 1:colcon.colcon_core.package_identification:_identify(src/ros2_pid_library/install) by extensions ['ignore', 'ignore_ament_install']
[1.374s] Level 1:colcon.colcon_core.package_identification:_identify(src/ros2_pid_library/install) by extension 'ignore'
[1.374s] Level 1:colcon.colcon_core.package_identification:_identify(src/ros2_pid_library/install) ignored
[1.374s] Level 1:colcon.colcon_core.package_identification:_identify(src/ros2_pid_library/log) by extensions ['ignore', 'ignore_ament_install']
[1.375s] Level 1:colcon.colcon_core.package_identification:_identify(src/ros2_pid_library/log) by extension 'ignore'
[1.375s] Level 1:colcon.colcon_core.package_identification:_identify(src/ros2_pid_library/log) ignored
[1.375s] Level 1:colcon.colcon_core.package_identification:_identify(src/ros2_pid_library/pid_library) by extensions ['ignore', 'ignore_ament_install']
[1.375s] Level 1:colcon.colcon_core.package_identification:_identify(src/ros2_pid_library/pid_library) by extension 'ignore'
[1.375s] Level 1:colcon.colcon_core.package_identification:_identify(src/ros2_pid_library/pid_library) by extension 'ignore_ament_install'
[1.375s] Level 1:colcon.colcon_core.package_identification:_identify(src/ros2_pid_library/pid_library) by extensions ['colcon_pkg']
[1.375s] Level 1:colcon.colcon_core.package_identification:_identify(src/ros2_pid_library/pid_library) by extension 'colcon_pkg'
[1.375s] Level 1:colcon.colcon_core.package_identification:_identify(src/ros2_pid_library/pid_library) by extensions ['colcon_meta']
[1.375s] Level 1:colcon.colcon_core.package_identification:_identify(src/ros2_pid_library/pid_library) by extension 'colcon_meta'
[1.375s] Level 1:colcon.colcon_core.package_identification:_identify(src/ros2_pid_library/pid_library) by extensions ['ros']
[1.375s] Level 1:colcon.colcon_core.package_identification:_identify(src/ros2_pid_library/pid_library) by extension 'ros'
[1.376s] DEBUG:colcon.colcon_core.package_identification:Package 'src/ros2_pid_library/pid_library' with type 'ros.ament_cmake' and name 'pid_library'
[1.376s] Level 1:colcon.colcon_core.package_identification:_identify(src/ros2_pid_library/use_library) by extensions ['ignore', 'ignore_ament_install']
[1.376s] Level 1:colcon.colcon_core.package_identification:_identify(src/ros2_pid_library/use_library) by extension 'ignore'
[1.376s] Level 1:colcon.colcon_core.package_identification:_identify(src/ros2_pid_library/use_library) by extension 'ignore_ament_install'
[1.376s] Level 1:colcon.colcon_core.package_identification:_identify(src/ros2_pid_library/use_library) by extensions ['colcon_pkg']
[1.376s] Level 1:colcon.colcon_core.package_identification:_identify(src/ros2_pid_library/use_library) by extension 'colcon_pkg'
[1.376s] Level 1:colcon.colcon_core.package_identification:_identify(src/ros2_pid_library/use_library) by extensions ['colcon_meta']
[1.376s] Level 1:colcon.colcon_core.package_identification:_identify(src/ros2_pid_library/use_library) by extension 'colcon_meta'
[1.376s] Level 1:colcon.colcon_core.package_identification:_identify(src/ros2_pid_library/use_library) by extensions ['ros']
[1.376s] Level 1:colcon.colcon_core.package_identification:_identify(src/ros2_pid_library/use_library) by extension 'ros'
[1.377s] DEBUG:colcon.colcon_core.package_identification:Package 'src/ros2_pid_library/use_library' with type 'ros.ament_cmake' and name 'use_library'
[1.377s] Level 1:colcon.colcon_core.package_identification:_identify(src/test_float) by extensions ['ignore', 'ignore_ament_install']
[1.377s] Level 1:colcon.colcon_core.package_identification:_identify(src/test_float) by extension 'ignore'
[1.377s] Level 1:colcon.colcon_core.package_identification:_identify(src/test_float) by extension 'ignore_ament_install'
[1.378s] Level 1:colcon.colcon_core.package_identification:_identify(src/test_float) by extensions ['colcon_pkg']
[1.378s] Level 1:colcon.colcon_core.package_identification:_identify(src/test_float) by extension 'colcon_pkg'
[1.378s] Level 1:colcon.colcon_core.package_identification:_identify(src/test_float) by extensions ['colcon_meta']
[1.378s] Level 1:colcon.colcon_core.package_identification:_identify(src/test_float) by extension 'colcon_meta'
[1.378s] Level 1:colcon.colcon_core.package_identification:_identify(src/test_float) by extensions ['ros']
[1.378s] Level 1:colcon.colcon_core.package_identification:_identify(src/test_float) by extension 'ros'
[1.378s] DEBUG:colcon.colcon_core.package_identification:Package 'src/test_float' with type 'ros.ament_cmake' and name 'test_float'
[1.379s] Level 1:colcon.colcon_core.package_discovery:discover_packages(recursive) using defaults
[1.379s] Level 1:colcon.colcon_core.package_discovery:discover_packages(ignore) discover
[1.379s] Level 1:colcon.colcon_core.package_discovery:discover_packages(ignore) using defaults
[1.379s] Level 1:colcon.colcon_core.package_discovery:discover_packages(path) discover
[1.379s] Level 1:colcon.colcon_core.package_discovery:discover_packages(path) using defaults
[1.497s] Level 1:colcon.colcon_core.package_discovery:discover_packages(prefix_path) check parameters
[1.497s] Level 1:colcon.colcon_core.package_discovery:discover_packages(prefix_path) discover
[1.536s] DEBUG:colcon.colcon_installed_package_information.package_discovery:Found 8 installed packages in /home/t-lemmel/vrx_ws/install
[1.556s] DEBUG:colcon.colcon_installed_package_information.package_discovery:Found 287 installed packages in /opt/ros/humble
[1.557s] Level 1:colcon.colcon_core.package_discovery:discover_packages(prefix_path) using defaults
[1.676s] Level 5:colcon.colcon_core.verb:set package 'aquabot_common' build argument 'cmake_args' from command line to 'None'
[1.676s] Level 5:colcon.colcon_core.verb:set package 'aquabot_common' build argument 'cmake_target' from command line to 'None'
[1.676s] Level 5:colcon.colcon_core.verb:set package 'aquabot_common' build argument 'cmake_target_skip_unavailable' from command line to 'False'
[1.676s] Level 5:colcon.colcon_core.verb:set package 'aquabot_common' build argument 'cmake_clean_cache' from command line to 'False'
[1.676s] Level 5:colcon.colcon_core.verb:set package 'aquabot_common' build argument 'cmake_clean_first' from command line to 'False'
[1.676s] Level 5:colcon.colcon_core.verb:set package 'aquabot_common' build argument 'cmake_force_configure' from command line to 'False'
[1.676s] Level 5:colcon.colcon_core.verb:set package 'aquabot_common' build argument 'ament_cmake_args' from command line to 'None'
[1.676s] Level 5:colcon.colcon_core.verb:set package 'aquabot_common' build argument 'catkin_cmake_args' from command line to 'None'
[1.676s] Level 5:colcon.colcon_core.verb:set package 'aquabot_common' build argument 'catkin_skip_building_tests' from command line to 'False'
[1.676s] DEBUG:colcon.colcon_core.verb:Building package 'aquabot_common' with the following arguments: {'ament_cmake_args': None, 'build_base': '/home/t-lemmel/Aquabot_Tom/build/aquabot_common', 'catkin_cmake_args': None, 'catkin_skip_building_tests': False, 'cmake_args': None, 'cmake_clean_cache': False, 'cmake_clean_first': False, 'cmake_force_configure': False, 'cmake_target': None, 'cmake_target_skip_unavailable': False, 'install_base': '/home/t-lemmel/Aquabot_Tom/install/aquabot_common', 'merge_install': False, 'path': '/home/t-lemmel/Aquabot_Tom/src/aquabot_common', 'symlink_install': True, 'test_result_base': None}
[1.695s] Level 5:colcon.colcon_core.verb:set package 'example_system' build argument 'cmake_args' from command line to 'None'
[1.695s] Level 5:colcon.colcon_core.verb:set package 'example_system' build argument 'cmake_target' from command line to 'None'
[1.695s] Level 5:colcon.colcon_core.verb:set package 'example_system' build argument 'cmake_target_skip_unavailable' from command line to 'False'
[1.695s] Level 5:colcon.colcon_core.verb:set package 'example_system' build argument 'cmake_clean_cache' from command line to 'False'
[1.695s] Level 5:colcon.colcon_core.verb:set package 'example_system' build argument 'cmake_clean_first' from command line to 'False'
[1.695s] Level 5:colcon.colcon_core.verb:set package 'example_system' build argument 'cmake_force_configure' from command line to 'False'
[1.695s] Level 5:colcon.colcon_core.verb:set package 'example_system' build argument 'ament_cmake_args' from command line to 'None'
[1.695s] Level 5:colcon.colcon_core.verb:set package 'example_system' build argument 'catkin_cmake_args' from command line to 'None'
[1.695s] Level 5:colcon.colcon_core.verb:set package 'example_system' build argument 'catkin_skip_building_tests' from command line to 'False'
[1.695s] DEBUG:colcon.colcon_core.verb:Building package 'example_system' with the following arguments: {'ament_cmake_args': None, 'build_base': '/home/t-lemmel/Aquabot_Tom/build/example_system', 'catkin_cmake_args': None, 'catkin_skip_building_tests': False, 'cmake_args': None, 'cmake_clean_cache': False, 'cmake_clean_first': False, 'cmake_force_configure': False, 'cmake_target': None, 'cmake_target_skip_unavailable': False, 'install_base': '/home/t-lemmel/Aquabot_Tom/install/example_system', 'merge_install': False, 'path': '/home/t-lemmel/Aquabot_Tom/src/ros2_pid_library/example_system', 'symlink_install': True, 'test_result_base': None}
[1.714s] Level 5:colcon.colcon_core.verb:set package 'package_thruster_activation' build argument 'cmake_args' from command line to 'None'
[1.714s] Level 5:colcon.colcon_core.verb:set package 'package_thruster_activation' build argument 'cmake_target' from command line to 'None'
[1.714s] Level 5:colcon.colcon_core.verb:set package 'package_thruster_activation' build argument 'cmake_target_skip_unavailable' from command line to 'False'
[1.714s] Level 5:colcon.colcon_core.verb:set package 'package_thruster_activation' build argument 'cmake_clean_cache' from command line to 'False'
[1.714s] Level 5:colcon.colcon_core.verb:set package 'package_thruster_activation' build argument 'cmake_clean_first' from command line to 'False'
[1.714s] Level 5:colcon.colcon_core.verb:set package 'package_thruster_activation' build argument 'cmake_force_configure' from command line to 'False'
[1.714s] Level 5:colcon.colcon_core.verb:set package 'package_thruster_activation' build argument 'ament_cmake_args' from command line to 'None'
[1.714s] Level 5:colcon.colcon_core.verb:set package 'package_thruster_activation' build argument 'catkin_cmake_args' from command line to 'None'
[1.714s] Level 5:colcon.colcon_core.verb:set package 'package_thruster_activation' build argument 'catkin_skip_building_tests' from command line to 'False'
[1.714s] DEBUG:colcon.colcon_core.verb:Building package 'package_thruster_activation' with the following arguments: {'ament_cmake_args': None, 'build_base': '/home/t-lemmel/Aquabot_Tom/build/package_thruster_activation', 'catkin_cmake_args': None, 'catkin_skip_building_tests': False, 'cmake_args': None, 'cmake_clean_cache': False, 'cmake_clean_first': False, 'cmake_force_configure': False, 'cmake_target': None, 'cmake_target_skip_unavailable': False, 'install_base': '/home/t-lemmel/Aquabot_Tom/install/package_thruster_activation', 'merge_install': False, 'path': '/home/t-lemmel/Aquabot_Tom/src/package_thruster_activation', 'symlink_install': True, 'test_result_base': None}
[1.733s] Level 5:colcon.colcon_core.verb:set package 'pid_library' build argument 'cmake_args' from command line to 'None'
[1.733s] Level 5:colcon.colcon_core.verb:set package 'pid_library' build argument 'cmake_target' from command line to 'None'
[1.733s] Level 5:colcon.colcon_core.verb:set package 'pid_library' build argument 'cmake_target_skip_unavailable' from command line to 'False'
[1.733s] Level 5:colcon.colcon_core.verb:set package 'pid_library' build argument 'cmake_clean_cache' from command line to 'False'
[1.733s] Level 5:colcon.colcon_core.verb:set package 'pid_library' build argument 'cmake_clean_first' from command line to 'False'
[1.733s] Level 5:colcon.colcon_core.verb:set package 'pid_library' build argument 'cmake_force_configure' from command line to 'False'
[1.733s] Level 5:colcon.colcon_core.verb:set package 'pid_library' build argument 'ament_cmake_args' from command line to 'None'
[1.733s] Level 5:colcon.colcon_core.verb:set package 'pid_library' build argument 'catkin_cmake_args' from command line to 'None'
[1.733s] Level 5:colcon.colcon_core.verb:set package 'pid_library' build argument 'catkin_skip_building_tests' from command line to 'False'
[1.734s] DEBUG:colcon.colcon_core.verb:Building package 'pid_library' with the following arguments: {'ament_cmake_args': None, 'build_base': '/home/t-lemmel/Aquabot_Tom/build/pid_library', 'catkin_cmake_args': None, 'catkin_skip_building_tests': False, 'cmake_args': None, 'cmake_clean_cache': False, 'cmake_clean_first': False, 'cmake_force_configure': False, 'cmake_target': None, 'cmake_target_skip_unavailable': False, 'install_base': '/home/t-lemmel/Aquabot_Tom/install/pid_library', 'merge_install': False, 'path': '/home/t-lemmel/Aquabot_Tom/src/ros2_pid_library/pid_library', 'symlink_install': True, 'test_result_base': None}
[1.752s] Level 5:colcon.colcon_core.verb:set package 'test_float' build argument 'cmake_args' from command line to 'None'
[1.752s] Level 5:colcon.colcon_core.verb:set package 'test_float' build argument 'cmake_target' from command line to 'None'
[1.752s] Level 5:colcon.colcon_core.verb:set package 'test_float' build argument 'cmake_target_skip_unavailable' from command line to 'False'
[1.752s] Level 5:colcon.colcon_core.verb:set package 'test_float' build argument 'cmake_clean_cache' from command line to 'False'
[1.752s] Level 5:colcon.colcon_core.verb:set package 'test_float' build argument 'cmake_clean_first' from command line to 'False'
[1.752s] Level 5:colcon.colcon_core.verb:set package 'test_float' build argument 'cmake_force_configure' from command line to 'False'
[1.752s] Level 5:colcon.colcon_core.verb:set package 'test_float' build argument 'ament_cmake_args' from command line to 'None'
[1.752s] Level 5:colcon.colcon_core.verb:set package 'test_float' build argument 'catkin_cmake_args' from command line to 'None'
[1.753s] Level 5:colcon.colcon_core.verb:set package 'test_float' build argument 'catkin_skip_building_tests' from command line to 'False'
[1.753s] DEBUG:colcon.colcon_core.verb:Building package 'test_float' with the following arguments: {'ament_cmake_args': None, 'build_base': '/home/t-lemmel/Aquabot_Tom/build/test_float', 'catkin_cmake_args': None, 'catkin_skip_building_tests': False, 'cmake_args': None, 'cmake_clean_cache': False, 'cmake_clean_first': False, 'cmake_force_configure': False, 'cmake_target': None, 'cmake_target_skip_unavailable': False, 'install_base': '/home/t-lemmel/Aquabot_Tom/install/test_float', 'merge_install': False, 'path': '/home/t-lemmel/Aquabot_Tom/src/test_float', 'symlink_install': True, 'test_result_base': None}
[1.771s] Level 5:colcon.colcon_core.verb:set package 'use_library' build argument 'cmake_args' from command line to 'None'
[1.771s] Level 5:colcon.colcon_core.verb:set package 'use_library' build argument 'cmake_target' from command line to 'None'
[1.771s] Level 5:colcon.colcon_core.verb:set package 'use_library' build argument 'cmake_target_skip_unavailable' from command line to 'False'
[1.771s] Level 5:colcon.colcon_core.verb:set package 'use_library' build argument 'cmake_clean_cache' from command line to 'False'
[1.771s] Level 5:colcon.colcon_core.verb:set package 'use_library' build argument 'cmake_clean_first' from command line to 'False'
[1.771s] Level 5:colcon.colcon_core.verb:set package 'use_library' build argument 'cmake_force_configure' from command line to 'False'
[1.771s] Level 5:colcon.colcon_core.verb:set package 'use_library' build argument 'ament_cmake_args' from command line to 'None'
[1.771s] Level 5:colcon.colcon_core.verb:set package 'use_library' build argument 'catkin_cmake_args' from command line to 'None'
[1.771s] Level 5:colcon.colcon_core.verb:set package 'use_library' build argument 'catkin_skip_building_tests' from command line to 'False'
[1.772s] DEBUG:colcon.colcon_core.verb:Building package 'use_library' with the following arguments: {'ament_cmake_args': None, 'build_base': '/home/t-lemmel/Aquabot_Tom/build/use_library', 'catkin_cmake_args': None, 'catkin_skip_building_tests': False, 'cmake_args': None, 'cmake_clean_cache': False, 'cmake_clean_first': False, 'cmake_force_configure': False, 'cmake_target': None, 'cmake_target_skip_unavailable': False, 'install_base': '/home/t-lemmel/Aquabot_Tom/install/use_library', 'merge_install': False, 'path': '/home/t-lemmel/Aquabot_Tom/src/ros2_pid_library/use_library', 'symlink_install': True, 'test_result_base': None}
[1.790s] INFO:colcon.colcon_core.executor:Executing jobs using 'parallel' executor
[1.809s] DEBUG:colcon.colcon_parallel_executor.executor.parallel:run_until_complete
[1.810s] INFO:colcon.colcon_ros.task.ament_cmake.build:Building ROS package in '/home/t-lemmel/Aquabot_Tom/src/ros2_pid_library/pid_library' with build type 'ament_cmake'
[1.810s] INFO:colcon.colcon_cmake.task.cmake.build:Building CMake package in '/home/t-lemmel/Aquabot_Tom/src/ros2_pid_library/pid_library'
[1.831s] INFO:colcon.colcon_core.plugin_system:Skipping extension 'colcon_core.shell.bat': Not used on non-Windows systems
[1.831s] INFO:colcon.colcon_core.shell:Skip shell extension 'powershell' for command environment: Not usable outside of PowerShell
[1.831s] DEBUG:colcon.colcon_core.shell:Skip shell extension 'dsv' for command environment
[1.892s] INFO:colcon.colcon_ros.task.ament_cmake.build:Building ROS package in '/home/t-lemmel/Aquabot_Tom/src/aquabot_common' with build type 'ament_cmake'
[1.892s] INFO:colcon.colcon_cmake.task.cmake.build:Building CMake package in '/home/t-lemmel/Aquabot_Tom/src/aquabot_common'
[1.914s] INFO:colcon.colcon_core.shell:Skip shell extension 'powershell' for command environment: Not usable outside of PowerShell
[1.914s] DEBUG:colcon.colcon_core.shell:Skip shell extension 'dsv' for command environment
[1.976s] INFO:colcon.colcon_ros.task.ament_cmake.build:Building ROS package in '/home/t-lemmel/Aquabot_Tom/src/ros2_pid_library/example_system' with build type 'ament_cmake'
[1.976s] INFO:colcon.colcon_cmake.task.cmake.build:Building CMake package in '/home/t-lemmel/Aquabot_Tom/src/ros2_pid_library/example_system'
[2.006s] INFO:colcon.colcon_core.shell:Skip shell extension 'powershell' for command environment: Not usable outside of PowerShell
[2.006s] DEBUG:colcon.colcon_core.shell:Skip shell extension 'dsv' for command environment
[2.069s] INFO:colcon.colcon_ros.task.ament_cmake.build:Building ROS package in '/home/t-lemmel/Aquabot_Tom/src/package_thruster_activation' with build type 'ament_cmake'
[2.069s] INFO:colcon.colcon_cmake.task.cmake.build:Building CMake package in '/home/t-lemmel/Aquabot_Tom/src/package_thruster_activation'
[2.088s] INFO:colcon.colcon_core.shell:Skip shell extension 'powershell' for command environment: Not usable outside of PowerShell
[2.088s] DEBUG:colcon.colcon_core.shell:Skip shell extension 'dsv' for command environment
[2.154s] INFO:colcon.colcon_ros.task.ament_cmake.build:Building ROS package in '/home/t-lemmel/Aquabot_Tom/src/test_float' with build type 'ament_cmake'
[2.154s] INFO:colcon.colcon_cmake.task.cmake.build:Building CMake package in '/home/t-lemmel/Aquabot_Tom/src/test_float'
[2.174s] INFO:colcon.colcon_core.shell:Skip shell extension 'powershell' for command environment: Not usable outside of PowerShell
[2.174s] DEBUG:colcon.colcon_core.shell:Skip shell extension 'dsv' for command environment
[2.245s] DEBUG:colcon.colcon_core.event_handler.log_command:Invoking command in '/home/t-lemmel/Aquabot_Tom/build/pid_library': CMAKE_PREFIX_PATH=${CMAKE_PREFIX_PATH}:/opt/ros/humble PS1_ori=\[\e]0;\u@\h: \w\a\]${debian_chroot:+($debian_chroot)}\[\033[01;32m\]\u@\h\[\033[00m\]:\[\033[01;34m\]\w\[\033[00m\]\$ /usr/bin/cmake --build /home/t-lemmel/Aquabot_Tom/build/pid_library -- -j8 -l8
[2.249s] DEBUG:colcon.colcon_core.event_handler.log_command:Invoking command in '/home/t-lemmel/Aquabot_Tom/build/aquabot_common': CMAKE_PREFIX_PATH=${CMAKE_PREFIX_PATH}:/opt/ros/humble PS1_ori=\[\e]0;\u@\h: \w\a\]${debian_chroot:+($debian_chroot)}\[\033[01;32m\]\u@\h\[\033[00m\]:\[\033[01;34m\]\w\[\033[00m\]\$ /usr/bin/cmake --build /home/t-lemmel/Aquabot_Tom/build/aquabot_common -- -j8 -l8
[2.253s] DEBUG:colcon.colcon_core.event_handler.log_command:Invoking command in '/home/t-lemmel/Aquabot_Tom/build/example_system': CMAKE_PREFIX_PATH=${CMAKE_PREFIX_PATH}:/opt/ros/humble PS1_ori=\[\e]0;\u@\h: \w\a\]${debian_chroot:+($debian_chroot)}\[\033[01;32m\]\u@\h\[\033[00m\]:\[\033[01;34m\]\w\[\033[00m\]\$ /usr/bin/cmake --build /home/t-lemmel/Aquabot_Tom/build/example_system -- -j8 -l8
[2.259s] DEBUG:colcon.colcon_core.event_handler.log_command:Invoking command in '/home/t-lemmel/Aquabot_Tom/build/package_thruster_activation': CMAKE_PREFIX_PATH=${CMAKE_PREFIX_PATH}:/opt/ros/humble PS1_ori=\[\e]0;\u@\h: \w\a\]${debian_chroot:+($debian_chroot)}\[\033[01;32m\]\u@\h\[\033[00m\]:\[\033[01;34m\]\w\[\033[00m\]\$ /usr/bin/cmake --build /home/t-lemmel/Aquabot_Tom/build/package_thruster_activation -- -j8 -l8
[2.266s] DEBUG:colcon.colcon_core.event_handler.log_command:Invoking command in '/home/t-lemmel/Aquabot_Tom/build/test_float': CMAKE_PREFIX_PATH=${CMAKE_PREFIX_PATH}:/opt/ros/humble PS1_ori=\[\e]0;\u@\h: \w\a\]${debian_chroot:+($debian_chroot)}\[\033[01;32m\]\u@\h\[\033[00m\]:\[\033[01;34m\]\w\[\033[00m\]\$ /usr/bin/cmake --build /home/t-lemmel/Aquabot_Tom/build/test_float -- -j8 -l8
[2.361s] DEBUG:colcon.colcon_core.event_handler.log_command:Invoked command in '/home/t-lemmel/Aquabot_Tom/build/pid_library' returned '0': CMAKE_PREFIX_PATH=${CMAKE_PREFIX_PATH}:/opt/ros/humble PS1_ori=\[\e]0;\u@\h: \w\a\]${debian_chroot:+($debian_chroot)}\[\033[01;32m\]\u@\h\[\033[00m\]:\[\033[01;34m\]\w\[\033[00m\]\$ /usr/bin/cmake --build /home/t-lemmel/Aquabot_Tom/build/pid_library -- -j8 -l8
[2.364s] DEBUG:colcon.colcon_core.event_handler.log_command:Invoked command in '/home/t-lemmel/Aquabot_Tom/build/package_thruster_activation' returned '0': CMAKE_PREFIX_PATH=${CMAKE_PREFIX_PATH}:/opt/ros/humble PS1_ori=\[\e]0;\u@\h: \w\a\]${debian_chroot:+($debian_chroot)}\[\033[01;32m\]\u@\h\[\033[00m\]:\[\033[01;34m\]\w\[\033[00m\]\$ /usr/bin/cmake --build /home/t-lemmel/Aquabot_Tom/build/package_thruster_activation -- -j8 -l8
[2.372s] DEBUG:colcon.colcon_core.event_handler.log_command:Invoked command in '/home/t-lemmel/Aquabot_Tom/build/example_system' returned '0': CMAKE_PREFIX_PATH=${CMAKE_PREFIX_PATH}:/opt/ros/humble PS1_ori=\[\e]0;\u@\h: \w\a\]${debian_chroot:+($debian_chroot)}\[\033[01;32m\]\u@\h\[\033[00m\]:\[\033[01;34m\]\w\[\033[00m\]\$ /usr/bin/cmake --build /home/t-lemmel/Aquabot_Tom/build/example_system -- -j8 -l8
[2.381s] DEBUG:colcon.colcon_core.event_handler.log_command:Invoked command in '/home/t-lemmel/Aquabot_Tom/build/aquabot_common' returned '0': CMAKE_PREFIX_PATH=${CMAKE_PREFIX_PATH}:/opt/ros/humble PS1_ori=\[\e]0;\u@\h: \w\a\]${debian_chroot:+($debian_chroot)}\[\033[01;32m\]\u@\h\[\033[00m\]:\[\033[01;34m\]\w\[\033[00m\]\$ /usr/bin/cmake --build /home/t-lemmel/Aquabot_Tom/build/aquabot_common -- -j8 -l8
[2.385s] DEBUG:colcon.colcon_core.event_handler.log_command:Invoked command in '/home/t-lemmel/Aquabot_Tom/build/test_float' returned '0': CMAKE_PREFIX_PATH=${CMAKE_PREFIX_PATH}:/opt/ros/humble PS1_ori=\[\e]0;\u@\h: \w\a\]${debian_chroot:+($debian_chroot)}\[\033[01;32m\]\u@\h\[\033[00m\]:\[\033[01;34m\]\w\[\033[00m\]\$ /usr/bin/cmake --build /home/t-lemmel/Aquabot_Tom/build/test_float -- -j8 -l8
[2.414s] DEBUG:colcon.colcon_core.event_handler.log_command:Invoking command in '/home/t-lemmel/Aquabot_Tom/build/pid_library': CMAKE_PREFIX_PATH=${CMAKE_PREFIX_PATH}:/opt/ros/humble PS1_ori=\[\e]0;\u@\h: \w\a\]${debian_chroot:+($debian_chroot)}\[\033[01;32m\]\u@\h\[\033[00m\]:\[\033[01;34m\]\w\[\033[00m\]\$ /usr/bin/cmake --install /home/t-lemmel/Aquabot_Tom/build/pid_library
[2.417s] DEBUG:colcon.colcon_core.event_handler.log_command:Invoking command in '/home/t-lemmel/Aquabot_Tom/build/package_thruster_activation': CMAKE_PREFIX_PATH=${CMAKE_PREFIX_PATH}:/opt/ros/humble PS1_ori=\[\e]0;\u@\h: \w\a\]${debian_chroot:+($debian_chroot)}\[\033[01;32m\]\u@\h\[\033[00m\]:\[\033[01;34m\]\w\[\033[00m\]\$ /usr/bin/cmake --install /home/t-lemmel/Aquabot_Tom/build/package_thruster_activation
[2.420s] DEBUG:colcon.colcon_core.event_handler.log_command:Invoking command in '/home/t-lemmel/Aquabot_Tom/build/example_system': CMAKE_PREFIX_PATH=${CMAKE_PREFIX_PATH}:/opt/ros/humble PS1_ori=\[\e]0;\u@\h: \w\a\]${debian_chroot:+($debian_chroot)}\[\033[01;32m\]\u@\h\[\033[00m\]:\[\033[01;34m\]\w\[\033[00m\]\$ /usr/bin/cmake --install /home/t-lemmel/Aquabot_Tom/build/example_system
[2.433s] DEBUG:colcon.colcon_core.event_handler.log_command:Invoking command in '/home/t-lemmel/Aquabot_Tom/build/aquabot_common': CMAKE_PREFIX_PATH=${CMAKE_PREFIX_PATH}:/opt/ros/humble PS1_ori=\[\e]0;\u@\h: \w\a\]${debian_chroot:+($debian_chroot)}\[\033[01;32m\]\u@\h\[\033[00m\]:\[\033[01;34m\]\w\[\033[00m\]\$ /usr/bin/cmake --install /home/t-lemmel/Aquabot_Tom/build/aquabot_common
[2.443s] DEBUG:colcon.colcon_core.event_handler.log_command:Invoking command in '/home/t-lemmel/Aquabot_Tom/build/test_float': CMAKE_PREFIX_PATH=${CMAKE_PREFIX_PATH}:/opt/ros/humble PS1_ori=\[\e]0;\u@\h: \w\a\]${debian_chroot:+($debian_chroot)}\[\033[01;32m\]\u@\h\[\033[00m\]:\[\033[01;34m\]\w\[\033[00m\]\$ /usr/bin/cmake --install /home/t-lemmel/Aquabot_Tom/build/test_float
[2.453s] Level 1:colcon.colcon_core.environment:create_environment_scripts_only(pid_library)
[2.455s] DEBUG:colcon.colcon_core.event_handler.log_command:Invoked command in '/home/t-lemmel/Aquabot_Tom/build/pid_library' returned '0': CMAKE_PREFIX_PATH=${CMAKE_PREFIX_PATH}:/opt/ros/humble PS1_ori=\[\e]0;\u@\h: \w\a\]${debian_chroot:+($debian_chroot)}\[\033[01;32m\]\u@\h\[\033[00m\]:\[\033[01;34m\]\w\[\033[00m\]\$ /usr/bin/cmake --install /home/t-lemmel/Aquabot_Tom/build/pid_library
[2.489s] Level 1:colcon.colcon_core.environment:checking '/home/t-lemmel/Aquabot_Tom/install/pid_library' for CMake module files
[2.490s] Level 1:colcon.colcon_core.environment:checking '/home/t-lemmel/Aquabot_Tom/install/pid_library' for CMake config files
[2.490s] Level 1:colcon.colcon_core.shell:create_environment_hook('pid_library', 'cmake_prefix_path')
[2.513s] INFO:colcon.colcon_core.shell:Creating environment hook '/home/t-lemmel/Aquabot_Tom/install/pid_library/share/pid_library/hook/cmake_prefix_path.ps1'
[2.514s] INFO:colcon.colcon_core.shell:Creating environment descriptor '/home/t-lemmel/Aquabot_Tom/install/pid_library/share/pid_library/hook/cmake_prefix_path.dsv'
[2.514s] INFO:colcon.colcon_core.shell:Creating environment hook '/home/t-lemmel/Aquabot_Tom/install/pid_library/share/pid_library/hook/cmake_prefix_path.sh'
[2.515s] Level 1:colcon.colcon_core.environment:checking '/home/t-lemmel/Aquabot_Tom/install/pid_library/lib'
[2.515s] Level 1:colcon.colcon_core.environment:checking '/home/t-lemmel/Aquabot_Tom/install/pid_library/bin'
[2.515s] Level 1:colcon.colcon_core.environment:checking '/home/t-lemmel/Aquabot_Tom/install/pid_library/lib/pkgconfig/pid_library.pc'
[2.516s] Level 1:colcon.colcon_core.environment:checking '/home/t-lemmel/Aquabot_Tom/install/pid_library/lib/python3.10/site-packages'
[2.516s] Level 1:colcon.colcon_core.environment:checking '/home/t-lemmel/Aquabot_Tom/install/pid_library/bin'
[2.535s] INFO:colcon.colcon_core.shell:Creating package script '/home/t-lemmel/Aquabot_Tom/install/pid_library/share/pid_library/package.ps1'
[2.536s] INFO:colcon.colcon_core.shell:Creating package descriptor '/home/t-lemmel/Aquabot_Tom/install/pid_library/share/pid_library/package.dsv'
[2.537s] INFO:colcon.colcon_core.shell:Creating package script '/home/t-lemmel/Aquabot_Tom/install/pid_library/share/pid_library/package.sh'
[2.538s] INFO:colcon.colcon_core.shell:Creating package script '/home/t-lemmel/Aquabot_Tom/install/pid_library/share/pid_library/package.bash'
[2.538s] INFO:colcon.colcon_core.shell:Creating package script '/home/t-lemmel/Aquabot_Tom/install/pid_library/share/pid_library/package.zsh'
[2.539s] Level 1:colcon.colcon_core.environment:create_file_with_runtime_dependencies(/home/t-lemmel/Aquabot_Tom/install/pid_library/share/colcon-core/packages/pid_library)
[2.541s] Level 1:colcon.colcon_core.environment:create_environment_scripts_only(package_thruster_activation)
[2.543s] DEBUG:colcon.colcon_core.event_handler.log_command:Invoked command in '/home/t-lemmel/Aquabot_Tom/build/package_thruster_activation' returned '0': CMAKE_PREFIX_PATH=${CMAKE_PREFIX_PATH}:/opt/ros/humble PS1_ori=\[\e]0;\u@\h: \w\a\]${debian_chroot:+($debian_chroot)}\[\033[01;32m\]\u@\h\[\033[00m\]:\[\033[01;34m\]\w\[\033[00m\]\$ /usr/bin/cmake --install /home/t-lemmel/Aquabot_Tom/build/package_thruster_activation
[2.562s] Level 1:colcon.colcon_core.environment:checking '/home/t-lemmel/Aquabot_Tom/install/package_thruster_activation' for CMake module files
[2.563s] Level 1:colcon.colcon_core.environment:checking '/home/t-lemmel/Aquabot_Tom/install/package_thruster_activation' for CMake config files
[2.563s] Level 1:colcon.colcon_core.shell:create_environment_hook('package_thruster_activation', 'cmake_prefix_path')
[2.582s] INFO:colcon.colcon_core.shell:Creating environment hook '/home/t-lemmel/Aquabot_Tom/install/package_thruster_activation/share/package_thruster_activation/hook/cmake_prefix_path.ps1'
[2.582s] INFO:colcon.colcon_core.shell:Creating environment descriptor '/home/t-lemmel/Aquabot_Tom/install/package_thruster_activation/share/package_thruster_activation/hook/cmake_prefix_path.dsv'
[2.583s] INFO:colcon.colcon_core.shell:Creating environment hook '/home/t-lemmel/Aquabot_Tom/install/package_thruster_activation/share/package_thruster_activation/hook/cmake_prefix_path.sh'
[2.583s] Level 1:colcon.colcon_core.environment:checking '/home/t-lemmel/Aquabot_Tom/install/package_thruster_activation/lib'
[2.583s] Level 1:colcon.colcon_core.environment:checking '/home/t-lemmel/Aquabot_Tom/install/package_thruster_activation/bin'
[2.584s] Level 1:colcon.colcon_core.environment:checking '/home/t-lemmel/Aquabot_Tom/install/package_thruster_activation/lib/pkgconfig/package_thruster_activation.pc'
[2.584s] Level 1:colcon.colcon_core.environment:checking '/home/t-lemmel/Aquabot_Tom/install/package_thruster_activation/lib/python3.10/site-packages'
[2.584s] Level 1:colcon.colcon_core.environment:checking '/home/t-lemmel/Aquabot_Tom/install/package_thruster_activation/bin'
[2.603s] INFO:colcon.colcon_core.shell:Creating package script '/home/t-lemmel/Aquabot_Tom/install/package_thruster_activation/share/package_thruster_activation/package.ps1'
[2.604s] INFO:colcon.colcon_core.shell:Creating package descriptor '/home/t-lemmel/Aquabot_Tom/install/package_thruster_activation/share/package_thruster_activation/package.dsv'
[2.604s] INFO:colcon.colcon_core.shell:Creating package script '/home/t-lemmel/Aquabot_Tom/install/package_thruster_activation/share/package_thruster_activation/package.sh'
[2.605s] INFO:colcon.colcon_core.shell:Creating package script '/home/t-lemmel/Aquabot_Tom/install/package_thruster_activation/share/package_thruster_activation/package.bash'
[2.605s] INFO:colcon.colcon_core.shell:Creating package script '/home/t-lemmel/Aquabot_Tom/install/package_thruster_activation/share/package_thruster_activation/package.zsh'
[2.605s] Level 1:colcon.colcon_core.environment:create_file_with_runtime_dependencies(/home/t-lemmel/Aquabot_Tom/install/package_thruster_activation/share/colcon-core/packages/package_thruster_activation)
[2.607s] Level 1:colcon.colcon_core.environment:create_environment_scripts_only(aquabot_common)
[2.608s] DEBUG:colcon.colcon_core.event_handler.log_command:Invoked command in '/home/t-lemmel/Aquabot_Tom/build/aquabot_common' returned '0': CMAKE_PREFIX_PATH=${CMAKE_PREFIX_PATH}:/opt/ros/humble PS1_ori=\[\e]0;\u@\h: \w\a\]${debian_chroot:+($debian_chroot)}\[\033[01;32m\]\u@\h\[\033[00m\]:\[\033[01;34m\]\w\[\033[00m\]\$ /usr/bin/cmake --install /home/t-lemmel/Aquabot_Tom/build/aquabot_common
[2.628s] Level 1:colcon.colcon_core.environment:checking '/home/t-lemmel/Aquabot_Tom/install/aquabot_common' for CMake module files
[2.629s] Level 1:colcon.colcon_core.environment:checking '/home/t-lemmel/Aquabot_Tom/install/aquabot_common' for CMake config files
[2.629s] Level 1:colcon.colcon_core.shell:create_environment_hook('aquabot_common', 'cmake_prefix_path')
[2.649s] INFO:colcon.colcon_core.shell:Creating environment hook '/home/t-lemmel/Aquabot_Tom/install/aquabot_common/share/aquabot_common/hook/cmake_prefix_path.ps1'
[2.649s] INFO:colcon.colcon_core.shell:Creating environment descriptor '/home/t-lemmel/Aquabot_Tom/install/aquabot_common/share/aquabot_common/hook/cmake_prefix_path.dsv'
[2.650s] INFO:colcon.colcon_core.shell:Creating environment hook '/home/t-lemmel/Aquabot_Tom/install/aquabot_common/share/aquabot_common/hook/cmake_prefix_path.sh'
[2.650s] Level 1:colcon.colcon_core.environment:checking '/home/t-lemmel/Aquabot_Tom/install/aquabot_common/lib'
[2.650s] Level 1:colcon.colcon_core.environment:checking '/home/t-lemmel/Aquabot_Tom/install/aquabot_common/bin'
[2.651s] Level 1:colcon.colcon_core.environment:checking '/home/t-lemmel/Aquabot_Tom/install/aquabot_common/lib/pkgconfig/aquabot_common.pc'
[2.651s] Level 1:colcon.colcon_core.environment:checking '/home/t-lemmel/Aquabot_Tom/install/aquabot_common/lib/python3.10/site-packages'
[2.651s] Level 1:colcon.colcon_core.environment:checking '/home/t-lemmel/Aquabot_Tom/install/aquabot_common/bin'
[2.670s] INFO:colcon.colcon_core.shell:Creating package script '/home/t-lemmel/Aquabot_Tom/install/aquabot_common/share/aquabot_common/package.ps1'
[2.671s] INFO:colcon.colcon_core.shell:Creating package descriptor '/home/t-lemmel/Aquabot_Tom/install/aquabot_common/share/aquabot_common/package.dsv'
[2.671s] INFO:colcon.colcon_core.shell:Creating package script '/home/t-lemmel/Aquabot_Tom/install/aquabot_common/share/aquabot_common/package.sh'
[2.672s] INFO:colcon.colcon_core.shell:Creating package script '/home/t-lemmel/Aquabot_Tom/install/aquabot_common/share/aquabot_common/package.bash'
[2.672s] INFO:colcon.colcon_core.shell:Creating package script '/home/t-lemmel/Aquabot_Tom/install/aquabot_common/share/aquabot_common/package.zsh'
[2.672s] Level 1:colcon.colcon_core.environment:create_file_with_runtime_dependencies(/home/t-lemmel/Aquabot_Tom/install/aquabot_common/share/colcon-core/packages/aquabot_common)
[2.674s] Level 1:colcon.colcon_core.environment:create_environment_scripts_only(test_float)
[2.675s] DEBUG:colcon.colcon_core.event_handler.log_command:Invoked command in '/home/t-lemmel/Aquabot_Tom/build/test_float' returned '0': CMAKE_PREFIX_PATH=${CMAKE_PREFIX_PATH}:/opt/ros/humble PS1_ori=\[\e]0;\u@\h: \w\a\]${debian_chroot:+($debian_chroot)}\[\033[01;32m\]\u@\h\[\033[00m\]:\[\033[01;34m\]\w\[\033[00m\]\$ /usr/bin/cmake --install /home/t-lemmel/Aquabot_Tom/build/test_float
[2.696s] Level 1:colcon.colcon_core.environment:checking '/home/t-lemmel/Aquabot_Tom/install/test_float' for CMake module files
[2.697s] Level 1:colcon.colcon_core.environment:checking '/home/t-lemmel/Aquabot_Tom/install/test_float' for CMake config files
[2.697s] Level 1:colcon.colcon_core.shell:create_environment_hook('test_float', 'cmake_prefix_path')
[2.717s] INFO:colcon.colcon_core.shell:Creating environment hook '/home/t-lemmel/Aquabot_Tom/install/test_float/share/test_float/hook/cmake_prefix_path.ps1'
[2.717s] INFO:colcon.colcon_core.shell:Creating environment descriptor '/home/t-lemmel/Aquabot_Tom/install/test_float/share/test_float/hook/cmake_prefix_path.dsv'
[2.717s] INFO:colcon.colcon_core.shell:Creating environment hook '/home/t-lemmel/Aquabot_Tom/install/test_float/share/test_float/hook/cmake_prefix_path.sh'
[2.718s] Level 1:colcon.colcon_core.environment:checking '/home/t-lemmel/Aquabot_Tom/install/test_float/lib'
[2.718s] Level 1:colcon.colcon_core.environment:checking '/home/t-lemmel/Aquabot_Tom/install/test_float/bin'
[2.718s] Level 1:colcon.colcon_core.environment:checking '/home/t-lemmel/Aquabot_Tom/install/test_float/lib/pkgconfig/test_float.pc'
[2.718s] Level 1:colcon.colcon_core.environment:checking '/home/t-lemmel/Aquabot_Tom/install/test_float/lib/python3.10/site-packages'
[2.719s] Level 1:colcon.colcon_core.environment:checking '/home/t-lemmel/Aquabot_Tom/install/test_float/bin'
[2.737s] INFO:colcon.colcon_core.shell:Creating package script '/home/t-lemmel/Aquabot_Tom/install/test_float/share/test_float/package.ps1'
[2.738s] INFO:colcon.colcon_core.shell:Creating package descriptor '/home/t-lemmel/Aquabot_Tom/install/test_float/share/test_float/package.dsv'
[2.738s] INFO:colcon.colcon_core.shell:Creating package script '/home/t-lemmel/Aquabot_Tom/install/test_float/share/test_float/package.sh'
[2.739s] INFO:colcon.colcon_core.shell:Creating package script '/home/t-lemmel/Aquabot_Tom/install/test_float/share/test_float/package.bash'
[2.739s] INFO:colcon.colcon_core.shell:Creating package script '/home/t-lemmel/Aquabot_Tom/install/test_float/share/test_float/package.zsh'
[2.739s] Level 1:colcon.colcon_core.environment:create_file_with_runtime_dependencies(/home/t-lemmel/Aquabot_Tom/install/test_float/share/colcon-core/packages/test_float)
[2.741s] Level 1:colcon.colcon_core.environment:create_environment_scripts_only(example_system)
[2.742s] DEBUG:colcon.colcon_core.event_handler.log_command:Invoked command in '/home/t-lemmel/Aquabot_Tom/build/example_system' returned '0': CMAKE_PREFIX_PATH=${CMAKE_PREFIX_PATH}:/opt/ros/humble PS1_ori=\[\e]0;\u@\h: \w\a\]${debian_chroot:+($debian_chroot)}\[\033[01;32m\]\u@\h\[\033[00m\]:\[\033[01;34m\]\w\[\033[00m\]\$ /usr/bin/cmake --install /home/t-lemmel/Aquabot_Tom/build/example_system
[2.763s] Level 1:colcon.colcon_core.environment:checking '/home/t-lemmel/Aquabot_Tom/install/example_system' for CMake module files
[2.763s] Level 1:colcon.colcon_core.environment:checking '/home/t-lemmel/Aquabot_Tom/install/example_system' for CMake config files
[2.764s] Level 1:colcon.colcon_core.shell:create_environment_hook('example_system', 'cmake_prefix_path')
[2.783s] INFO:colcon.colcon_core.shell:Creating environment hook '/home/t-lemmel/Aquabot_Tom/install/example_system/share/example_system/hook/cmake_prefix_path.ps1'
[2.783s] INFO:colcon.colcon_core.shell:Creating environment descriptor '/home/t-lemmel/Aquabot_Tom/install/example_system/share/example_system/hook/cmake_prefix_path.dsv'
[2.783s] INFO:colcon.colcon_core.shell:Creating environment hook '/home/t-lemmel/Aquabot_Tom/install/example_system/share/example_system/hook/cmake_prefix_path.sh'
[2.784s] Level 1:colcon.colcon_core.environment:checking '/home/t-lemmel/Aquabot_Tom/install/example_system/lib'
[2.784s] Level 1:colcon.colcon_core.environment:checking '/home/t-lemmel/Aquabot_Tom/install/example_system/bin'
[2.784s] Level 1:colcon.colcon_core.environment:checking '/home/t-lemmel/Aquabot_Tom/install/example_system/lib/pkgconfig/example_system.pc'
[2.785s] Level 1:colcon.colcon_core.environment:checking '/home/t-lemmel/Aquabot_Tom/install/example_system/lib/python3.10/site-packages'
[2.785s] Level 1:colcon.colcon_core.environment:checking '/home/t-lemmel/Aquabot_Tom/install/example_system/bin'
[2.804s] INFO:colcon.colcon_core.shell:Creating package script '/home/t-lemmel/Aquabot_Tom/install/example_system/share/example_system/package.ps1'
[2.804s] INFO:colcon.colcon_core.shell:Creating package descriptor '/home/t-lemmel/Aquabot_Tom/install/example_system/share/example_system/package.dsv'
[2.805s] INFO:colcon.colcon_core.shell:Creating package script '/home/t-lemmel/Aquabot_Tom/install/example_system/share/example_system/package.sh'
[2.805s] INFO:colcon.colcon_core.shell:Creating package script '/home/t-lemmel/Aquabot_Tom/install/example_system/share/example_system/package.bash'
[2.805s] INFO:colcon.colcon_core.shell:Creating package script '/home/t-lemmel/Aquabot_Tom/install/example_system/share/example_system/package.zsh'
[2.806s] Level 1:colcon.colcon_core.environment:create_file_with_runtime_dependencies(/home/t-lemmel/Aquabot_Tom/install/example_system/share/colcon-core/packages/example_system)
[2.827s] Level 1:colcon.colcon_core.environment:create_environment_scripts_only(pid_library)
[2.846s] Level 1:colcon.colcon_core.environment:checking '/home/t-lemmel/Aquabot_Tom/install/pid_library' for CMake module files
[2.847s] Level 1:colcon.colcon_core.environment:checking '/home/t-lemmel/Aquabot_Tom/install/pid_library' for CMake config files
[2.847s] Level 1:colcon.colcon_core.shell:create_environment_hook('pid_library', 'cmake_prefix_path')
[2.866s] INFO:colcon.colcon_core.shell:Creating environment hook '/home/t-lemmel/Aquabot_Tom/install/pid_library/share/pid_library/hook/cmake_prefix_path.ps1'
[2.867s] INFO:colcon.colcon_core.shell:Creating environment descriptor '/home/t-lemmel/Aquabot_Tom/install/pid_library/share/pid_library/hook/cmake_prefix_path.dsv'
[2.867s] INFO:colcon.colcon_core.shell:Creating environment hook '/home/t-lemmel/Aquabot_Tom/install/pid_library/share/pid_library/hook/cmake_prefix_path.sh'
[2.868s] Level 1:colcon.colcon_core.environment:checking '/home/t-lemmel/Aquabot_Tom/install/pid_library/lib'
[2.868s] Level 1:colcon.colcon_core.environment:checking '/home/t-lemmel/Aquabot_Tom/install/pid_library/bin'
[2.868s] Level 1:colcon.colcon_core.environment:checking '/home/t-lemmel/Aquabot_Tom/install/pid_library/lib/pkgconfig/pid_library.pc'
[2.868s] Level 1:colcon.colcon_core.environment:checking '/home/t-lemmel/Aquabot_Tom/install/pid_library/lib/python3.10/site-packages'
[2.868s] Level 1:colcon.colcon_core.environment:checking '/home/t-lemmel/Aquabot_Tom/install/pid_library/bin'
[2.887s] INFO:colcon.colcon_core.shell:Creating package script '/home/t-lemmel/Aquabot_Tom/install/pid_library/share/pid_library/package.ps1'
[2.888s] INFO:colcon.colcon_core.shell:Creating package descriptor '/home/t-lemmel/Aquabot_Tom/install/pid_library/share/pid_library/package.dsv'
[2.888s] INFO:colcon.colcon_core.shell:Creating package script '/home/t-lemmel/Aquabot_Tom/install/pid_library/share/pid_library/package.sh'
[2.889s] INFO:colcon.colcon_core.shell:Creating package script '/home/t-lemmel/Aquabot_Tom/install/pid_library/share/pid_library/package.bash'
[2.889s] INFO:colcon.colcon_core.shell:Creating package script '/home/t-lemmel/Aquabot_Tom/install/pid_library/share/pid_library/package.zsh'
[2.889s] Level 1:colcon.colcon_core.environment:create_file_with_runtime_dependencies(/home/t-lemmel/Aquabot_Tom/install/pid_library/share/colcon-core/packages/pid_library)
[2.891s] INFO:colcon.colcon_ros.task.ament_cmake.build:Building ROS package in '/home/t-lemmel/Aquabot_Tom/src/ros2_pid_library/use_library' with build type 'ament_cmake'
[2.891s] INFO:colcon.colcon_cmake.task.cmake.build:Building CMake package in '/home/t-lemmel/Aquabot_Tom/src/ros2_pid_library/use_library'
[2.914s] INFO:colcon.colcon_core.shell:Skip shell extension 'powershell' for command environment: Not usable outside of PowerShell
[2.914s] DEBUG:colcon.colcon_core.shell:Skip shell extension 'dsv' for command environment
[2.992s] Level 1:colcon.colcon_core.environment:create_environment_scripts_only(package_thruster_activation)
[3.011s] Level 1:colcon.colcon_core.environment:checking '/home/t-lemmel/Aquabot_Tom/install/package_thruster_activation' for CMake module files
[3.012s] Level 1:colcon.colcon_core.environment:checking '/home/t-lemmel/Aquabot_Tom/install/package_thruster_activation' for CMake config files
[3.012s] Level 1:colcon.colcon_core.shell:create_environment_hook('package_thruster_activation', 'cmake_prefix_path')
[3.033s] INFO:colcon.colcon_core.shell:Creating environment hook '/home/t-lemmel/Aquabot_Tom/install/package_thruster_activation/share/package_thruster_activation/hook/cmake_prefix_path.ps1'
[3.034s] INFO:colcon.colcon_core.shell:Creating environment descriptor '/home/t-lemmel/Aquabot_Tom/install/package_thruster_activation/share/package_thruster_activation/hook/cmake_prefix_path.dsv'
[3.034s] INFO:colcon.colcon_core.shell:Creating environment hook '/home/t-lemmel/Aquabot_Tom/install/package_thruster_activation/share/package_thruster_activation/hook/cmake_prefix_path.sh'
[3.034s] Level 1:colcon.colcon_core.environment:checking '/home/t-lemmel/Aquabot_Tom/install/package_thruster_activation/lib'
[3.035s] Level 1:colcon.colcon_core.environment:checking '/home/t-lemmel/Aquabot_Tom/install/package_thruster_activation/bin'
[3.035s] Level 1:colcon.colcon_core.environment:checking '/home/t-lemmel/Aquabot_Tom/install/package_thruster_activation/lib/pkgconfig/package_thruster_activation.pc'
[3.035s] Level 1:colcon.colcon_core.environment:checking '/home/t-lemmel/Aquabot_Tom/install/package_thruster_activation/lib/python3.10/site-packages'
[3.035s] Level 1:colcon.colcon_core.environment:checking '/home/t-lemmel/Aquabot_Tom/install/package_thruster_activation/bin'
[3.054s] INFO:colcon.colcon_core.shell:Creating package script '/home/t-lemmel/Aquabot_Tom/install/package_thruster_activation/share/package_thruster_activation/package.ps1'
[3.055s] INFO:colcon.colcon_core.shell:Creating package descriptor '/home/t-lemmel/Aquabot_Tom/install/package_thruster_activation/share/package_thruster_activation/package.dsv'
[3.055s] INFO:colcon.colcon_core.shell:Creating package script '/home/t-lemmel/Aquabot_Tom/install/package_thruster_activation/share/package_thruster_activation/package.sh'
[3.056s] INFO:colcon.colcon_core.shell:Creating package script '/home/t-lemmel/Aquabot_Tom/install/package_thruster_activation/share/package_thruster_activation/package.bash'
[3.056s] INFO:colcon.colcon_core.shell:Creating package script '/home/t-lemmel/Aquabot_Tom/install/package_thruster_activation/share/package_thruster_activation/package.zsh'
[3.056s] Level 1:colcon.colcon_core.environment:create_file_with_runtime_dependencies(/home/t-lemmel/Aquabot_Tom/install/package_thruster_activation/share/colcon-core/packages/package_thruster_activation)
[3.077s] Level 1:colcon.colcon_core.environment:create_environment_scripts_only(aquabot_common)
[3.096s] Level 1:colcon.colcon_core.environment:checking '/home/t-lemmel/Aquabot_Tom/install/aquabot_common' for CMake module files
[3.097s] Level 1:colcon.colcon_core.environment:checking '/home/t-lemmel/Aquabot_Tom/install/aquabot_common' for CMake config files
[3.097s] Level 1:colcon.colcon_core.shell:create_environment_hook('aquabot_common', 'cmake_prefix_path')
[3.116s] INFO:colcon.colcon_core.shell:Creating environment hook '/home/t-lemmel/Aquabot_Tom/install/aquabot_common/share/aquabot_common/hook/cmake_prefix_path.ps1'
[3.117s] INFO:colcon.colcon_core.shell:Creating environment descriptor '/home/t-lemmel/Aquabot_Tom/install/aquabot_common/share/aquabot_common/hook/cmake_prefix_path.dsv'
[3.117s] INFO:colcon.colcon_core.shell:Creating environment hook '/home/t-lemmel/Aquabot_Tom/install/aquabot_common/share/aquabot_common/hook/cmake_prefix_path.sh'
[3.118s] Level 1:colcon.colcon_core.environment:checking '/home/t-lemmel/Aquabot_Tom/install/aquabot_common/lib'
[3.118s] Level 1:colcon.colcon_core.environment:checking '/home/t-lemmel/Aquabot_Tom/install/aquabot_common/bin'
[3.118s] Level 1:colcon.colcon_core.environment:checking '/home/t-lemmel/Aquabot_Tom/install/aquabot_common/lib/pkgconfig/aquabot_common.pc'
[3.118s] Level 1:colcon.colcon_core.environment:checking '/home/t-lemmel/Aquabot_Tom/install/aquabot_common/lib/python3.10/site-packages'
[3.118s] Level 1:colcon.colcon_core.environment:checking '/home/t-lemmel/Aquabot_Tom/install/aquabot_common/bin'
[3.137s] INFO:colcon.colcon_core.shell:Creating package script '/home/t-lemmel/Aquabot_Tom/install/aquabot_common/share/aquabot_common/package.ps1'
[3.138s] INFO:colcon.colcon_core.shell:Creating package descriptor '/home/t-lemmel/Aquabot_Tom/install/aquabot_common/share/aquabot_common/package.dsv'
[3.138s] INFO:colcon.colcon_core.shell:Creating package script '/home/t-lemmel/Aquabot_Tom/install/aquabot_common/share/aquabot_common/package.sh'
[3.139s] INFO:colcon.colcon_core.shell:Creating package script '/home/t-lemmel/Aquabot_Tom/install/aquabot_common/share/aquabot_common/package.bash'
[3.139s] INFO:colcon.colcon_core.shell:Creating package script '/home/t-lemmel/Aquabot_Tom/install/aquabot_common/share/aquabot_common/package.zsh'
[3.140s] Level 1:colcon.colcon_core.environment:create_file_with_runtime_dependencies(/home/t-lemmel/Aquabot_Tom/install/aquabot_common/share/colcon-core/packages/aquabot_common)
[3.164s] Level 1:colcon.colcon_core.environment:create_environment_scripts_only(test_float)
[3.183s] Level 1:colcon.colcon_core.environment:checking '/home/t-lemmel/Aquabot_Tom/install/test_float' for CMake module files
[3.184s] Level 1:colcon.colcon_core.environment:checking '/home/t-lemmel/Aquabot_Tom/install/test_float' for CMake config files
[3.184s] Level 1:colcon.colcon_core.shell:create_environment_hook('test_float', 'cmake_prefix_path')
[3.203s] INFO:colcon.colcon_core.shell:Creating environment hook '/home/t-lemmel/Aquabot_Tom/install/test_float/share/test_float/hook/cmake_prefix_path.ps1'
[3.204s] INFO:colcon.colcon_core.shell:Creating environment descriptor '/home/t-lemmel/Aquabot_Tom/install/test_float/share/test_float/hook/cmake_prefix_path.dsv'
[3.204s] INFO:colcon.colcon_core.shell:Creating environment hook '/home/t-lemmel/Aquabot_Tom/install/test_float/share/test_float/hook/cmake_prefix_path.sh'
[3.204s] Level 1:colcon.colcon_core.environment:checking '/home/t-lemmel/Aquabot_Tom/install/test_float/lib'
[3.205s] Level 1:colcon.colcon_core.environment:checking '/home/t-lemmel/Aquabot_Tom/install/test_float/bin'
[3.205s] Level 1:colcon.colcon_core.environment:checking '/home/t-lemmel/Aquabot_Tom/install/test_float/lib/pkgconfig/test_float.pc'
[3.205s] Level 1:colcon.colcon_core.environment:checking '/home/t-lemmel/Aquabot_Tom/install/test_float/lib/python3.10/site-packages'
[3.205s] Level 1:colcon.colcon_core.environment:checking '/home/t-lemmel/Aquabot_Tom/install/test_float/bin'
[3.225s] INFO:colcon.colcon_core.shell:Creating package script '/home/t-lemmel/Aquabot_Tom/install/test_float/share/test_float/package.ps1'
[3.225s] INFO:colcon.colcon_core.shell:Creating package descriptor '/home/t-lemmel/Aquabot_Tom/install/test_float/share/test_float/package.dsv'
[3.226s] INFO:colcon.colcon_core.shell:Creating package script '/home/t-lemmel/Aquabot_Tom/install/test_float/share/test_float/package.sh'
[3.226s] INFO:colcon.colcon_core.shell:Creating package script '/home/t-lemmel/Aquabot_Tom/install/test_float/share/test_float/package.bash'
[3.227s] INFO:colcon.colcon_core.shell:Creating package script '/home/t-lemmel/Aquabot_Tom/install/test_float/share/test_float/package.zsh'
[3.227s] Level 1:colcon.colcon_core.environment:create_file_with_runtime_dependencies(/home/t-lemmel/Aquabot_Tom/install/test_float/share/colcon-core/packages/test_float)
[3.247s] Level 1:colcon.colcon_core.environment:create_environment_scripts_only(example_system)
[3.266s] Level 1:colcon.colcon_core.environment:checking '/home/t-lemmel/Aquabot_Tom/install/example_system' for CMake module files
[3.266s] Level 1:colcon.colcon_core.environment:checking '/home/t-lemmel/Aquabot_Tom/install/example_system' for CMake config files
[3.267s] Level 1:colcon.colcon_core.shell:create_environment_hook('example_system', 'cmake_prefix_path')
[3.287s] INFO:colcon.colcon_core.shell:Creating environment hook '/home/t-lemmel/Aquabot_Tom/install/example_system/share/example_system/hook/cmake_prefix_path.ps1'
[3.287s] INFO:colcon.colcon_core.shell:Creating environment descriptor '/home/t-lemmel/Aquabot_Tom/install/example_system/share/example_system/hook/cmake_prefix_path.dsv'
[3.288s] INFO:colcon.colcon_core.shell:Creating environment hook '/home/t-lemmel/Aquabot_Tom/install/example_system/share/example_system/hook/cmake_prefix_path.sh'
[3.288s] Level 1:colcon.colcon_core.environment:checking '/home/t-lemmel/Aquabot_Tom/install/example_system/lib'
[3.288s] Level 1:colcon.colcon_core.environment:checking '/home/t-lemmel/Aquabot_Tom/install/example_system/bin'
[3.288s] Level 1:colcon.colcon_core.environment:checking '/home/t-lemmel/Aquabot_Tom/install/example_system/lib/pkgconfig/example_system.pc'
[3.289s] Level 1:colcon.colcon_core.environment:checking '/home/t-lemmel/Aquabot_Tom/install/example_system/lib/python3.10/site-packages'
[3.289s] Level 1:colcon.colcon_core.environment:checking '/home/t-lemmel/Aquabot_Tom/install/example_system/bin'
[3.309s] INFO:colcon.colcon_core.shell:Creating package script '/home/t-lemmel/Aquabot_Tom/install/example_system/share/example_system/package.ps1'
[3.309s] INFO:colcon.colcon_core.shell:Creating package descriptor '/home/t-lemmel/Aquabot_Tom/install/example_system/share/example_system/package.dsv'
[3.310s] INFO:colcon.colcon_core.shell:Creating package script '/home/t-lemmel/Aquabot_Tom/install/example_system/share/example_system/package.sh'
[3.310s] INFO:colcon.colcon_core.shell:Creating package script '/home/t-lemmel/Aquabot_Tom/install/example_system/share/example_system/package.bash'
[3.311s] INFO:colcon.colcon_core.shell:Creating package script '/home/t-lemmel/Aquabot_Tom/install/example_system/share/example_system/package.zsh'
[3.311s] Level 1:colcon.colcon_core.environment:create_file_with_runtime_dependencies(/home/t-lemmel/Aquabot_Tom/install/example_system/share/colcon-core/packages/example_system)
[3.316s] DEBUG:colcon.colcon_core.event_handler.log_command:Invoking command in '/home/t-lemmel/Aquabot_Tom/build/use_library': AMENT_PREFIX_PATH=/home/t-lemmel/Aquabot_Tom/install/pid_library:${AMENT_PREFIX_PATH} CMAKE_PREFIX_PATH=/home/t-lemmel/Aquabot_Tom/install/pid_library:/home/t-lemmel/Aquabot_Tom/install/use_library:/home/t-lemmel/Aquabot_Tom/install/test_float:/home/t-lemmel/Aquabot_Tom/install/package_thruster_activation:/home/t-lemmel/Aquabot_Tom/install/example_system:/home/t-lemmel/Aquabot_Tom/install/aquabot_common:/home/t-lemmel/vrx_ws/install:/opt/ros/humble PS1_ori=\[\e]0;\u@\h: \w\a\]${debian_chroot:+($debian_chroot)}\[\033[01;32m\]\u@\h\[\033[00m\]:\[\033[01;34m\]\w\[\033[00m\]\$ /usr/bin/cmake --build /home/t-lemmel/Aquabot_Tom/build/use_library -- -j8 -l8
[3.403s] DEBUG:colcon.colcon_core.event_handler.log_command:Invoked command in '/home/t-lemmel/Aquabot_Tom/build/use_library' returned '0': AMENT_PREFIX_PATH=/home/t-lemmel/Aquabot_Tom/install/pid_library:${AMENT_PREFIX_PATH} CMAKE_PREFIX_PATH=/home/t-lemmel/Aquabot_Tom/install/pid_library:/home/t-lemmel/Aquabot_Tom/install/use_library:/home/t-lemmel/Aquabot_Tom/install/test_float:/home/t-lemmel/Aquabot_Tom/install/package_thruster_activation:/home/t-lemmel/Aquabot_Tom/install/example_system:/home/t-lemmel/Aquabot_Tom/install/aquabot_common:/home/t-lemmel/vrx_ws/install:/opt/ros/humble PS1_ori=\[\e]0;\u@\h: \w\a\]${debian_chroot:+($debian_chroot)}\[\033[01;32m\]\u@\h\[\033[00m\]:\[\033[01;34m\]\w\[\033[00m\]\$ /usr/bin/cmake --build /home/t-lemmel/Aquabot_Tom/build/use_library -- -j8 -l8
[3.437s] DEBUG:colcon.colcon_core.event_handler.log_command:Invoking command in '/home/t-lemmel/Aquabot_Tom/build/use_library': AMENT_PREFIX_PATH=/home/t-lemmel/Aquabot_Tom/install/pid_library:${AMENT_PREFIX_PATH} CMAKE_PREFIX_PATH=/home/t-lemmel/Aquabot_Tom/install/pid_library:/home/t-lemmel/Aquabot_Tom/install/use_library:/home/t-lemmel/Aquabot_Tom/install/test_float:/home/t-lemmel/Aquabot_Tom/install/package_thruster_activation:/home/t-lemmel/Aquabot_Tom/install/example_system:/home/t-lemmel/Aquabot_Tom/install/aquabot_common:/home/t-lemmel/vrx_ws/install:/opt/ros/humble PS1_ori=\[\e]0;\u@\h: \w\a\]${debian_chroot:+($debian_chroot)}\[\033[01;32m\]\u@\h\[\033[00m\]:\[\033[01;34m\]\w\[\033[00m\]\$ /usr/bin/cmake --install /home/t-lemmel/Aquabot_Tom/build/use_library
[3.464s] Level 1:colcon.colcon_core.environment:create_environment_scripts_only(use_library)
[3.464s] DEBUG:colcon.colcon_core.event_handler.log_command:Invoked command in '/home/t-lemmel/Aquabot_Tom/build/use_library' returned '0': AMENT_PREFIX_PATH=/home/t-lemmel/Aquabot_Tom/install/pid_library:${AMENT_PREFIX_PATH} CMAKE_PREFIX_PATH=/home/t-lemmel/Aquabot_Tom/install/pid_library:/home/t-lemmel/Aquabot_Tom/install/use_library:/home/t-lemmel/Aquabot_Tom/install/test_float:/home/t-lemmel/Aquabot_Tom/install/package_thruster_activation:/home/t-lemmel/Aquabot_Tom/install/example_system:/home/t-lemmel/Aquabot_Tom/install/aquabot_common:/home/t-lemmel/vrx_ws/install:/opt/ros/humble PS1_ori=\[\e]0;\u@\h: \w\a\]${debian_chroot:+($debian_chroot)}\[\033[01;32m\]\u@\h\[\033[00m\]:\[\033[01;34m\]\w\[\033[00m\]\$ /usr/bin/cmake --install /home/t-lemmel/Aquabot_Tom/build/use_library
[3.483s] Level 1:colcon.colcon_core.environment:checking '/home/t-lemmel/Aquabot_Tom/install/use_library' for CMake module files
[3.484s] Level 1:colcon.colcon_core.environment:checking '/home/t-lemmel/Aquabot_Tom/install/use_library' for CMake config files
[3.484s] Level 1:colcon.colcon_core.shell:create_environment_hook('use_library', 'cmake_prefix_path')
[3.503s] INFO:colcon.colcon_core.shell:Creating environment hook '/home/t-lemmel/Aquabot_Tom/install/use_library/share/use_library/hook/cmake_prefix_path.ps1'
[3.503s] INFO:colcon.colcon_core.shell:Creating environment descriptor '/home/t-lemmel/Aquabot_Tom/install/use_library/share/use_library/hook/cmake_prefix_path.dsv'
[3.504s] INFO:colcon.colcon_core.shell:Creating environment hook '/home/t-lemmel/Aquabot_Tom/install/use_library/share/use_library/hook/cmake_prefix_path.sh'
[3.504s] Level 1:colcon.colcon_core.environment:checking '/home/t-lemmel/Aquabot_Tom/install/use_library/lib'
[3.504s] Level 1:colcon.colcon_core.environment:checking '/home/t-lemmel/Aquabot_Tom/install/use_library/bin'
[3.504s] Level 1:colcon.colcon_core.environment:checking '/home/t-lemmel/Aquabot_Tom/install/use_library/lib/pkgconfig/use_library.pc'
[3.505s] Level 1:colcon.colcon_core.environment:checking '/home/t-lemmel/Aquabot_Tom/install/use_library/lib/python3.10/site-packages'
[3.505s] Level 1:colcon.colcon_core.environment:checking '/home/t-lemmel/Aquabot_Tom/install/use_library/bin'
[3.524s] INFO:colcon.colcon_core.shell:Creating package script '/home/t-lemmel/Aquabot_Tom/install/use_library/share/use_library/package.ps1'
[3.525s] INFO:colcon.colcon_core.shell:Creating package descriptor '/home/t-lemmel/Aquabot_Tom/install/use_library/share/use_library/package.dsv'
[3.525s] INFO:colcon.colcon_core.shell:Creating package script '/home/t-lemmel/Aquabot_Tom/install/use_library/share/use_library/package.sh'
[3.526s] INFO:colcon.colcon_core.shell:Creating package script '/home/t-lemmel/Aquabot_Tom/install/use_library/share/use_library/package.bash'
[3.526s] INFO:colcon.colcon_core.shell:Creating package script '/home/t-lemmel/Aquabot_Tom/install/use_library/share/use_library/package.zsh'
[3.526s] Level 1:colcon.colcon_core.environment:create_file_with_runtime_dependencies(/home/t-lemmel/Aquabot_Tom/install/use_library/share/colcon-core/packages/use_library)
[3.579s] Level 1:colcon.colcon_core.environment:create_environment_scripts_only(use_library)
[3.597s] Level 1:colcon.colcon_core.environment:checking '/home/t-lemmel/Aquabot_Tom/install/use_library' for CMake module files
[3.598s] Level 1:colcon.colcon_core.environment:checking '/home/t-lemmel/Aquabot_Tom/install/use_library' for CMake config files
[3.598s] Level 1:colcon.colcon_core.shell:create_environment_hook('use_library', 'cmake_prefix_path')
[3.617s] INFO:colcon.colcon_core.shell:Creating environment hook '/home/t-lemmel/Aquabot_Tom/install/use_library/share/use_library/hook/cmake_prefix_path.ps1'
[3.618s] INFO:colcon.colcon_core.shell:Creating environment descriptor '/home/t-lemmel/Aquabot_Tom/install/use_library/share/use_library/hook/cmake_prefix_path.dsv'
[3.618s] INFO:colcon.colcon_core.shell:Creating environment hook '/home/t-lemmel/Aquabot_Tom/install/use_library/share/use_library/hook/cmake_prefix_path.sh'
[3.618s] Level 1:colcon.colcon_core.environment:checking '/home/t-lemmel/Aquabot_Tom/install/use_library/lib'
[3.619s] Level 1:colcon.colcon_core.environment:checking '/home/t-lemmel/Aquabot_Tom/install/use_library/bin'
[3.619s] Level 1:colcon.colcon_core.environment:checking '/home/t-lemmel/Aquabot_Tom/install/use_library/lib/pkgconfig/use_library.pc'
[3.619s] Level 1:colcon.colcon_core.environment:checking '/home/t-lemmel/Aquabot_Tom/install/use_library/lib/python3.10/site-packages'
[3.619s] Level 1:colcon.colcon_core.environment:checking '/home/t-lemmel/Aquabot_Tom/install/use_library/bin'
[3.638s] INFO:colcon.colcon_core.shell:Creating package script '/home/t-lemmel/Aquabot_Tom/install/use_library/share/use_library/package.ps1'
[3.639s] INFO:colcon.colcon_core.shell:Creating package descriptor '/home/t-lemmel/Aquabot_Tom/install/use_library/share/use_library/package.dsv'
[3.639s] INFO:colcon.colcon_core.shell:Creating package script '/home/t-lemmel/Aquabot_Tom/install/use_library/share/use_library/package.sh'
[3.640s] INFO:colcon.colcon_core.shell:Creating package script '/home/t-lemmel/Aquabot_Tom/install/use_library/share/use_library/package.bash'
[3.640s] INFO:colcon.colcon_core.shell:Creating package script '/home/t-lemmel/Aquabot_Tom/install/use_library/share/use_library/package.zsh'
[3.640s] Level 1:colcon.colcon_core.environment:create_file_with_runtime_dependencies(/home/t-lemmel/Aquabot_Tom/install/use_library/share/colcon-core/packages/use_library)
[3.641s] DEBUG:colcon.colcon_parallel_executor.executor.parallel:closing loop
[3.641s] DEBUG:colcon.colcon_parallel_executor.executor.parallel:loop closed
[3.641s] DEBUG:colcon.colcon_parallel_executor.executor.parallel:run_until_complete finished with '0'
[3.641s] DEBUG:colcon.colcon_core.event_reactor:joining thread
[3.667s] INFO:colcon.colcon_core.plugin_system:Skipping extension 'colcon_notification.desktop_notification.terminal_notifier': Not used on non-Darwin systems
[3.667s] INFO:colcon.colcon_core.plugin_system:Skipping extension 'colcon_notification.desktop_notification.win32': Not used on non-Windows systems
[3.667s] INFO:colcon.colcon_notification.desktop_notification:Sending desktop notification using 'notify2'
[3.681s] DEBUG:colcon.colcon_core.event_reactor:joined thread
[3.701s] INFO:colcon.colcon_core.shell:Creating prefix script '/home/t-lemmel/Aquabot_Tom/install/local_setup.ps1'
[3.702s] INFO:colcon.colcon_core.shell:Creating prefix util module '/home/t-lemmel/Aquabot_Tom/install/_local_setup_util_ps1.py'
[3.703s] INFO:colcon.colcon_core.shell:Creating prefix chain script '/home/t-lemmel/Aquabot_Tom/install/setup.ps1'
[3.723s] INFO:colcon.colcon_core.shell:Creating prefix script '/home/t-lemmel/Aquabot_Tom/install/local_setup.sh'
[3.724s] INFO:colcon.colcon_core.shell:Creating prefix util module '/home/t-lemmel/Aquabot_Tom/install/_local_setup_util_sh.py'
[3.725s] INFO:colcon.colcon_core.shell:Creating prefix chain script '/home/t-lemmel/Aquabot_Tom/install/setup.sh'
[3.745s] INFO:colcon.colcon_core.shell:Creating prefix script '/home/t-lemmel/Aquabot_Tom/install/local_setup.bash'
[3.745s] INFO:colcon.colcon_core.shell:Creating prefix chain script '/home/t-lemmel/Aquabot_Tom/install/setup.bash'
[3.766s] INFO:colcon.colcon_core.shell:Creating prefix script '/home/t-lemmel/Aquabot_Tom/install/local_setup.zsh'
[3.766s] INFO:colcon.colcon_core.shell:Creating prefix chain script '/home/t-lemmel/Aquabot_Tom/install/setup.zsh'
