[0.125s] Invoking command in '/home/t-lemmel/Aquabot_Tom/build/mapping': AMENT_PREFIX_PATH=/home/t-lemmel/Aquabot_Tom/install/my_robot_interfaces:${AMENT_PREFIX_PATH} CMAKE_PREFIX_PATH=/home/t-lemmel/Aquabot_Tom/install/my_robot_interfaces:/home/t-lemmel/Integ/install/integ_my_robot_interfaces:/home/t-lemmel/Integ/install/integ_description:/home/t-lemmel/Aquabot_Tom/install/test_float:/home/t-lemmel/Aquabot_Tom/install/package_thruster_activation:/home/t-lemmel/Aquabot_Tom/install/mapping:/home/t-lemmel/Aquabot_Tom/install/move_ekf:/home/t-lemmel/Aquabot_Tom/install/astar_path_planner:/home/t-lemmel/Aquabot_Tom/install/aquabot_ekf:/home/t-lemmel/Aquabot_Tom/install/aquabot_common:/home/t-lemmel/vrx_ws/install:/opt/ros/humble LD_LIBRARY_PATH=/home/t-lemmel/Aquabot_Tom/install/my_robot_interfaces/lib:/home/t-lemmel/Integ/install/integ_my_robot_interfaces/lib:/home/t-lemmel/vrx_ws/install/lib:/opt/ros/humble/opt/rviz_ogre_vendor/lib:/opt/ros/humble/lib/x86_64-linux-gnu:/opt/ros/humble/lib:/opt/ros/noetic/lib PS1_ori=\[\e]0;\u@\h: \w\a\]${debian_chroot:+($debian_chroot)}\[\033[01;32m\]\u@\h\[\033[00m\]:\[\033[01;34m\]\w\[\033[00m\]\$ /usr/bin/cmake --build /home/t-lemmel/Aquabot_Tom/build/mapping -- -j8 -l8
[0.199s] [35m[1mConsolidate compiler generated dependencies of target DetectAndPublishCentroids[0m
[0.213s] [ 50%] Built target FillMap
[0.252s] [100%] Built target DetectAndPublishCentroids
[0.267s] Invoked command in '/home/t-lemmel/Aquabot_Tom/build/mapping' returned '0': AMENT_PREFIX_PATH=/home/t-lemmel/Aquabot_Tom/install/my_robot_interfaces:${AMENT_PREFIX_PATH} CMAKE_PREFIX_PATH=/home/t-lemmel/Aquabot_Tom/install/my_robot_interfaces:/home/t-lemmel/Integ/install/integ_my_robot_interfaces:/home/t-lemmel/Integ/install/integ_description:/home/t-lemmel/Aquabot_Tom/install/test_float:/home/t-lemmel/Aquabot_Tom/install/package_thruster_activation:/home/t-lemmel/Aquabot_Tom/install/mapping:/home/t-lemmel/Aquabot_Tom/install/move_ekf:/home/t-lemmel/Aquabot_Tom/install/astar_path_planner:/home/t-lemmel/Aquabot_Tom/install/aquabot_ekf:/home/t-lemmel/Aquabot_Tom/install/aquabot_common:/home/t-lemmel/vrx_ws/install:/opt/ros/humble LD_LIBRARY_PATH=/home/t-lemmel/Aquabot_Tom/install/my_robot_interfaces/lib:/home/t-lemmel/Integ/install/integ_my_robot_interfaces/lib:/home/t-lemmel/vrx_ws/install/lib:/opt/ros/humble/opt/rviz_ogre_vendor/lib:/opt/ros/humble/lib/x86_64-linux-gnu:/opt/ros/humble/lib:/opt/ros/noetic/lib PS1_ori=\[\e]0;\u@\h: \w\a\]${debian_chroot:+($debian_chroot)}\[\033[01;32m\]\u@\h\[\033[00m\]:\[\033[01;34m\]\w\[\033[00m\]\$ /usr/bin/cmake --build /home/t-lemmel/Aquabot_Tom/build/mapping -- -j8 -l8
[0.326s] Invoking command in '/home/t-lemmel/Aquabot_Tom/build/mapping': AMENT_PREFIX_PATH=/home/t-lemmel/Aquabot_Tom/install/my_robot_interfaces:${AMENT_PREFIX_PATH} CMAKE_PREFIX_PATH=/home/t-lemmel/Aquabot_Tom/install/my_robot_interfaces:/home/t-lemmel/Integ/install/integ_my_robot_interfaces:/home/t-lemmel/Integ/install/integ_description:/home/t-lemmel/Aquabot_Tom/install/test_float:/home/t-lemmel/Aquabot_Tom/install/package_thruster_activation:/home/t-lemmel/Aquabot_Tom/install/mapping:/home/t-lemmel/Aquabot_Tom/install/move_ekf:/home/t-lemmel/Aquabot_Tom/install/astar_path_planner:/home/t-lemmel/Aquabot_Tom/install/aquabot_ekf:/home/t-lemmel/Aquabot_Tom/install/aquabot_common:/home/t-lemmel/vrx_ws/install:/opt/ros/humble LD_LIBRARY_PATH=/home/t-lemmel/Aquabot_Tom/install/my_robot_interfaces/lib:/home/t-lemmel/Integ/install/integ_my_robot_interfaces/lib:/home/t-lemmel/vrx_ws/install/lib:/opt/ros/humble/opt/rviz_ogre_vendor/lib:/opt/ros/humble/lib/x86_64-linux-gnu:/opt/ros/humble/lib:/opt/ros/noetic/lib PS1_ori=\[\e]0;\u@\h: \w\a\]${debian_chroot:+($debian_chroot)}\[\033[01;32m\]\u@\h\[\033[00m\]:\[\033[01;34m\]\w\[\033[00m\]\$ /usr/bin/cmake --install /home/t-lemmel/Aquabot_Tom/build/mapping
[0.337s] -- Install configuration: ""
[0.338s] -- Execute custom install script
[0.338s] -- Up-to-date symlink: /home/t-lemmel/Aquabot_Tom/install/mapping/lib/mapping/utm/CHANGELOG.rst
[0.339s] -- Up-to-date symlink: /home/t-lemmel/Aquabot_Tom/install/mapping/lib/mapping/utm/LICENSE
[0.339s] -- Up-to-date symlink: /home/t-lemmel/Aquabot_Tom/install/mapping/lib/mapping/utm/MANIFEST.in
[0.339s] -- Up-to-date symlink: /home/t-lemmel/Aquabot_Tom/install/mapping/lib/mapping/utm/__init__.py
[0.339s] -- Up-to-date symlink: /home/t-lemmel/Aquabot_Tom/install/mapping/lib/mapping/utm/__pycache__/__init__.cpython-310.pyc
[0.339s] -- Up-to-date symlink: /home/t-lemmel/Aquabot_Tom/install/mapping/lib/mapping/utm/__pycache__/_version.cpython-310.pyc
[0.339s] -- Up-to-date symlink: /home/t-lemmel/Aquabot_Tom/install/mapping/lib/mapping/utm/__pycache__/conversion.cpython-310.pyc
[0.340s] -- Up-to-date symlink: /home/t-lemmel/Aquabot_Tom/install/mapping/lib/mapping/utm/__pycache__/error.cpython-310.pyc
[0.340s] -- Up-to-date symlink: /home/t-lemmel/Aquabot_Tom/install/mapping/lib/mapping/utm/_version.py
[0.340s] -- Up-to-date symlink: /home/t-lemmel/Aquabot_Tom/install/mapping/lib/mapping/utm/conversion.py
[0.340s] -- Up-to-date symlink: /home/t-lemmel/Aquabot_Tom/install/mapping/lib/mapping/utm/error.py
[0.341s] -- Up-to-date symlink: /home/t-lemmel/Aquabot_Tom/install/mapping/share/mapping/launch/config.rviz
[0.341s] -- Up-to-date symlink: /home/t-lemmel/Aquabot_Tom/install/mapping/share/mapping/launch/mapping_launch.py
[0.341s] -- Up-to-date symlink: /home/t-lemmel/Aquabot_Tom/install/mapping/lib/mapping/DetectAndPublishCentroids
[0.342s] -- Up-to-date symlink: /home/t-lemmel/Aquabot_Tom/install/mapping/lib/mapping/FillMap
[0.342s] -- Up-to-date symlink: /home/t-lemmel/Aquabot_Tom/install/mapping/share/ament_index/resource_index/package_run_dependencies/mapping
[0.342s] -- Up-to-date symlink: /home/t-lemmel/Aquabot_Tom/install/mapping/share/ament_index/resource_index/parent_prefix_path/mapping
[0.343s] -- Up-to-date symlink: /home/t-lemmel/Aquabot_Tom/install/mapping/share/mapping/environment/ament_prefix_path.sh
[0.343s] -- Up-to-date symlink: /home/t-lemmel/Aquabot_Tom/install/mapping/share/mapping/environment/ament_prefix_path.dsv
[0.343s] -- Up-to-date symlink: /home/t-lemmel/Aquabot_Tom/install/mapping/share/mapping/environment/path.sh
[0.343s] -- Up-to-date symlink: /home/t-lemmel/Aquabot_Tom/install/mapping/share/mapping/environment/path.dsv
[0.344s] -- Up-to-date symlink: /home/t-lemmel/Aquabot_Tom/install/mapping/share/mapping/local_setup.bash
[0.344s] -- Up-to-date symlink: /home/t-lemmel/Aquabot_Tom/install/mapping/share/mapping/local_setup.sh
[0.344s] -- Up-to-date symlink: /home/t-lemmel/Aquabot_Tom/install/mapping/share/mapping/local_setup.zsh
[0.344s] -- Up-to-date symlink: /home/t-lemmel/Aquabot_Tom/install/mapping/share/mapping/local_setup.dsv
[0.344s] -- Symlinking: /home/t-lemmel/Aquabot_Tom/install/mapping/share/mapping/package.dsv
[0.356s] -- Up-to-date symlink: /home/t-lemmel/Aquabot_Tom/install/mapping/share/ament_index/resource_index/packages/mapping
[0.356s] -- Up-to-date symlink: /home/t-lemmel/Aquabot_Tom/install/mapping/share/mapping/cmake/ament_cmake_export_dependencies-extras.cmake
[0.357s] -- Up-to-date symlink: /home/t-lemmel/Aquabot_Tom/install/mapping/share/mapping/cmake/mappingConfig.cmake
[0.357s] -- Up-to-date symlink: /home/t-lemmel/Aquabot_Tom/install/mapping/share/mapping/cmake/mappingConfig-version.cmake
[0.357s] -- Up-to-date symlink: /home/t-lemmel/Aquabot_Tom/install/mapping/share/mapping/package.xml
[0.360s] Invoked command in '/home/t-lemmel/Aquabot_Tom/build/mapping' returned '0': AMENT_PREFIX_PATH=/home/t-lemmel/Aquabot_Tom/install/my_robot_interfaces:${AMENT_PREFIX_PATH} CMAKE_PREFIX_PATH=/home/t-lemmel/Aquabot_Tom/install/my_robot_interfaces:/home/t-lemmel/Integ/install/integ_my_robot_interfaces:/home/t-lemmel/Integ/install/integ_description:/home/t-lemmel/Aquabot_Tom/install/test_float:/home/t-lemmel/Aquabot_Tom/install/package_thruster_activation:/home/t-lemmel/Aquabot_Tom/install/mapping:/home/t-lemmel/Aquabot_Tom/install/move_ekf:/home/t-lemmel/Aquabot_Tom/install/astar_path_planner:/home/t-lemmel/Aquabot_Tom/install/aquabot_ekf:/home/t-lemmel/Aquabot_Tom/install/aquabot_common:/home/t-lemmel/vrx_ws/install:/opt/ros/humble LD_LIBRARY_PATH=/home/t-lemmel/Aquabot_Tom/install/my_robot_interfaces/lib:/home/t-lemmel/Integ/install/integ_my_robot_interfaces/lib:/home/t-lemmel/vrx_ws/install/lib:/opt/ros/humble/opt/rviz_ogre_vendor/lib:/opt/ros/humble/lib/x86_64-linux-gnu:/opt/ros/humble/lib:/opt/ros/noetic/lib PS1_ori=\[\e]0;\u@\h: \w\a\]${debian_chroot:+($debian_chroot)}\[\033[01;32m\]\u@\h\[\033[00m\]:\[\033[01;34m\]\w\[\033[00m\]\$ /usr/bin/cmake --install /home/t-lemmel/Aquabot_Tom/build/mapping
