[1.224s] Invoking command in '/home/t-lemmel/Aquabot_Tom/build/aquabot_common': CMAKE_PREFIX_PATH=${CMAKE_PREFIX_PATH}:/opt/ros/humble PS1_ori=\[\e]0;\u@\h: \w\a\]${debian_chroot:+($debian_chroot)}\[\033[01;32m\]\u@\h\[\033[00m\]:\[\033[01;34m\]\w\[\033[00m\]\$ /usr/bin/cmake --build /home/t-lemmel/Aquabot_Tom/build/aquabot_common -- -j8 -l8
[1.467s] [100%] Built target cloud_reader
[1.517s] Invoked command in '/home/t-lemmel/Aquabot_Tom/build/aquabot_common' returned '0': CMAKE_PREFIX_PATH=${CMAKE_PREFIX_PATH}:/opt/ros/humble PS1_ori=\[\e]0;\u@\h: \w\a\]${debian_chroot:+($debian_chroot)}\[\033[01;32m\]\u@\h\[\033[00m\]:\[\033[01;34m\]\w\[\033[00m\]\$ /usr/bin/cmake --build /home/t-lemmel/Aquabot_Tom/build/aquabot_common -- -j8 -l8
[1.621s] Invoking command in '/home/t-lemmel/Aquabot_Tom/build/aquabot_common': CMAKE_PREFIX_PATH=${CMAKE_PREFIX_PATH}:/opt/ros/humble PS1_ori=\[\e]0;\u@\h: \w\a\]${debian_chroot:+($debian_chroot)}\[\033[01;32m\]\u@\h\[\033[00m\]:\[\033[01;34m\]\w\[\033[00m\]\$ /usr/bin/cmake --install /home/t-lemmel/Aquabot_Tom/build/aquabot_common
[1.648s] -- Install configuration: ""
[1.649s] -- Execute custom install script
[1.650s] -- Up-to-date symlink: /home/t-lemmel/Aquabot_Tom/install/aquabot_common/lib/aquabot_common/gps2pose.py
[1.650s] -- Up-to-date symlink: /home/t-lemmel/Aquabot_Tom/install/aquabot_common/lib/aquabot_common/waypoint_tracker.py
[1.651s] -- Up-to-date symlink: /home/t-lemmel/Aquabot_Tom/install/aquabot_common/lib/aquabot_common/utm/CHANGELOG.rst
[1.652s] -- Up-to-date symlink: /home/t-lemmel/Aquabot_Tom/install/aquabot_common/lib/aquabot_common/utm/LICENSE
[1.653s] -- Up-to-date symlink: /home/t-lemmel/Aquabot_Tom/install/aquabot_common/lib/aquabot_common/utm/MANIFEST.in
[1.656s] -- Up-to-date symlink: /home/t-lemmel/Aquabot_Tom/install/aquabot_common/lib/aquabot_common/utm/__init__.py
[1.658s] -- Up-to-date symlink: /home/t-lemmel/Aquabot_Tom/install/aquabot_common/lib/aquabot_common/utm/__pycache__/__init__.cpython-310.pyc
[1.663s] -- Up-to-date symlink: /home/t-lemmel/Aquabot_Tom/install/aquabot_common/lib/aquabot_common/utm/__pycache__/_version.cpython-310.pyc
[1.665s] -- Up-to-date symlink: /home/t-lemmel/Aquabot_Tom/install/aquabot_common/lib/aquabot_common/utm/__pycache__/conversion.cpython-310.pyc
[1.666s] -- Up-to-date symlink: /home/t-lemmel/Aquabot_Tom/install/aquabot_common/lib/aquabot_common/utm/__pycache__/error.cpython-310.pyc
[1.666s] -- Up-to-date symlink: /home/t-lemmel/Aquabot_Tom/install/aquabot_common/lib/aquabot_common/utm/_version.py
[1.666s] -- Up-to-date symlink: /home/t-lemmel/Aquabot_Tom/install/aquabot_common/lib/aquabot_common/utm/conversion.py
[1.667s] -- Up-to-date symlink: /home/t-lemmel/Aquabot_Tom/install/aquabot_common/lib/aquabot_common/utm/error.py
[1.668s] -- Up-to-date symlink: /home/t-lemmel/Aquabot_Tom/install/aquabot_common/share/aquabot_common/launch/Cmd.yaml
[1.669s] -- Up-to-date symlink: /home/t-lemmel/Aquabot_Tom/install/aquabot_common/share/aquabot_common/launch/cloud.rviz
[1.671s] -- Up-to-date symlink: /home/t-lemmel/Aquabot_Tom/install/aquabot_common/share/aquabot_common/launch/cloud_launch.py
[1.671s] -- Up-to-date symlink: /home/t-lemmel/Aquabot_Tom/install/aquabot_common/share/aquabot_common/launch/cmd_launch.py
[1.672s] -- Up-to-date symlink: /home/t-lemmel/Aquabot_Tom/install/aquabot_common/share/aquabot_common/launch/config.rviz
[1.675s] -- Up-to-date symlink: /home/t-lemmel/Aquabot_Tom/install/aquabot_common/lib/aquabot_common/cloud_reader
[1.676s] -- Up-to-date symlink: /home/t-lemmel/Aquabot_Tom/install/aquabot_common/share/ament_index/resource_index/package_run_dependencies/aquabot_common
[1.676s] -- Up-to-date symlink: /home/t-lemmel/Aquabot_Tom/install/aquabot_common/share/ament_index/resource_index/parent_prefix_path/aquabot_common
[1.680s] -- Up-to-date symlink: /home/t-lemmel/Aquabot_Tom/install/aquabot_common/share/aquabot_common/environment/ament_prefix_path.sh
[1.681s] -- Up-to-date symlink: /home/t-lemmel/Aquabot_Tom/install/aquabot_common/share/aquabot_common/environment/ament_prefix_path.dsv
[1.684s] -- Up-to-date symlink: /home/t-lemmel/Aquabot_Tom/install/aquabot_common/share/aquabot_common/environment/path.sh
[1.685s] -- Up-to-date symlink: /home/t-lemmel/Aquabot_Tom/install/aquabot_common/share/aquabot_common/environment/path.dsv
[1.686s] -- Up-to-date symlink: /home/t-lemmel/Aquabot_Tom/install/aquabot_common/share/aquabot_common/local_setup.bash
[1.686s] -- Up-to-date symlink: /home/t-lemmel/Aquabot_Tom/install/aquabot_common/share/aquabot_common/local_setup.sh
[1.686s] -- Up-to-date symlink: /home/t-lemmel/Aquabot_Tom/install/aquabot_common/share/aquabot_common/local_setup.zsh
[1.686s] -- Up-to-date symlink: /home/t-lemmel/Aquabot_Tom/install/aquabot_common/share/aquabot_common/local_setup.dsv
[1.686s] -- Symlinking: /home/t-lemmel/Aquabot_Tom/install/aquabot_common/share/aquabot_common/package.dsv
[1.704s] -- Up-to-date symlink: /home/t-lemmel/Aquabot_Tom/install/aquabot_common/share/ament_index/resource_index/packages/aquabot_common
[1.705s] -- Up-to-date symlink: /home/t-lemmel/Aquabot_Tom/install/aquabot_common/share/aquabot_common/cmake/ament_cmake_export_dependencies-extras.cmake
[1.706s] -- Up-to-date symlink: /home/t-lemmel/Aquabot_Tom/install/aquabot_common/share/aquabot_common/cmake/aquabot_commonConfig.cmake
[1.706s] -- Up-to-date symlink: /home/t-lemmel/Aquabot_Tom/install/aquabot_common/share/aquabot_common/cmake/aquabot_commonConfig-version.cmake
[1.707s] -- Up-to-date symlink: /home/t-lemmel/Aquabot_Tom/install/aquabot_common/share/aquabot_common/package.xml
[2.461s] Invoked command in '/home/t-lemmel/Aquabot_Tom/build/aquabot_common' returned '0': CMAKE_PREFIX_PATH=${CMAKE_PREFIX_PATH}:/opt/ros/humble PS1_ori=\[\e]0;\u@\h: \w\a\]${debian_chroot:+($debian_chroot)}\[\033[01;32m\]\u@\h\[\033[00m\]:\[\033[01;34m\]\w\[\033[00m\]\$ /usr/bin/cmake --install /home/t-lemmel/Aquabot_Tom/build/aquabot_common
